ARM GAS  C:\Users\Austina\AppData\Local\Temp\ccOgDnSY.s 			page 1


   1              		.syntax unified
   2              		.cpu cortex-m0plus
   3              		.fpu softvfp
   4              		.eabi_attribute 20, 1
   5              		.eabi_attribute 21, 1
   6              		.eabi_attribute 23, 3
   7              		.eabi_attribute 24, 1
   8              		.eabi_attribute 25, 1
   9              		.eabi_attribute 26, 1
  10              		.eabi_attribute 30, 1
  11              		.eabi_attribute 34, 0
  12              		.eabi_attribute 18, 4
  13              		.thumb
  14              		.syntax unified
  15              		.file	"main_cm0p.c"
  16              		.text
  17              	.Ltext0:
  18              		.cfi_sections	.debug_frame
  19              		.section	.text.main,"ax",%progbits
  20              		.align	2
  21              		.global	main
  22              		.code	16
  23              		.thumb_func
  24              		.type	main, %function
  25              	main:
  26              	.LFB530:
  27              		.file 1 "main_cm0p.c"
   1:main_cm0p.c   **** /* ========================================
   2:main_cm0p.c   ****  *
   3:main_cm0p.c   ****  * Copyright YOUR COMPANY, THE YEAR
   4:main_cm0p.c   ****  * All Rights Reserved
   5:main_cm0p.c   ****  * UNPUBLISHED, LICENSED SOFTWARE.
   6:main_cm0p.c   ****  *
   7:main_cm0p.c   ****  * CONFIDENTIAL AND PROPRIETARY INFORMATION
   8:main_cm0p.c   ****  * WHICH IS THE PROPERTY OF your company.
   9:main_cm0p.c   ****  *
  10:main_cm0p.c   ****  * ========================================
  11:main_cm0p.c   **** */
  12:main_cm0p.c   **** #include "project.h"
  13:main_cm0p.c   **** 
  14:main_cm0p.c   **** int main(void)
  15:main_cm0p.c   **** {
  28              		.loc 1 15 0
  29              		.cfi_startproc
  30              		@ Volatile: function does not return.
  31              		@ args = 0, pretend = 0, frame = 0
  32              		@ frame_needed = 0, uses_anonymous_args = 0
  33 0000 10B5     		push	{r4, lr}
  34              		.cfi_def_cfa_offset 8
  35              		.cfi_offset 4, -8
  36              		.cfi_offset 14, -4
  37              	.LBB4:
  38              	.LBB5:
  39              		.file 2 "Generated_Source\\PSoC6\\pdl\\cmsis/include/cmsis_gcc.h"
   1:Generated_Source\PSoC6\pdl\cmsis/include/cmsis_gcc.h **** /**************************************************************************//**
   2:Generated_Source\PSoC6\pdl\cmsis/include/cmsis_gcc.h ****  * @file     cmsis_gcc.h
   3:Generated_Source\PSoC6\pdl\cmsis/include/cmsis_gcc.h ****  * @brief    CMSIS compiler GCC header file
ARM GAS  C:\Users\Austina\AppData\Local\Temp\ccOgDnSY.s 			page 2


   4:Generated_Source\PSoC6\pdl\cmsis/include/cmsis_gcc.h ****  * @version  V5.0.1
   5:Generated_Source\PSoC6\pdl\cmsis/include/cmsis_gcc.h ****  * @date     02. February 2017
   6:Generated_Source\PSoC6\pdl\cmsis/include/cmsis_gcc.h ****  ******************************************************************************/
   7:Generated_Source\PSoC6\pdl\cmsis/include/cmsis_gcc.h **** /*
   8:Generated_Source\PSoC6\pdl\cmsis/include/cmsis_gcc.h ****  * Copyright (c) 2009-2017 ARM Limited. All rights reserved.
   9:Generated_Source\PSoC6\pdl\cmsis/include/cmsis_gcc.h ****  *
  10:Generated_Source\PSoC6\pdl\cmsis/include/cmsis_gcc.h ****  * SPDX-License-Identifier: Apache-2.0
  11:Generated_Source\PSoC6\pdl\cmsis/include/cmsis_gcc.h ****  *
  12:Generated_Source\PSoC6\pdl\cmsis/include/cmsis_gcc.h ****  * Licensed under the Apache License, Version 2.0 (the License); you may
  13:Generated_Source\PSoC6\pdl\cmsis/include/cmsis_gcc.h ****  * not use this file except in compliance with the License.
  14:Generated_Source\PSoC6\pdl\cmsis/include/cmsis_gcc.h ****  * You may obtain a copy of the License at
  15:Generated_Source\PSoC6\pdl\cmsis/include/cmsis_gcc.h ****  *
  16:Generated_Source\PSoC6\pdl\cmsis/include/cmsis_gcc.h ****  * www.apache.org/licenses/LICENSE-2.0
  17:Generated_Source\PSoC6\pdl\cmsis/include/cmsis_gcc.h ****  *
  18:Generated_Source\PSoC6\pdl\cmsis/include/cmsis_gcc.h ****  * Unless required by applicable law or agreed to in writing, software
  19:Generated_Source\PSoC6\pdl\cmsis/include/cmsis_gcc.h ****  * distributed under the License is distributed on an AS IS BASIS, WITHOUT
  20:Generated_Source\PSoC6\pdl\cmsis/include/cmsis_gcc.h ****  * WARRANTIES OR CONDITIONS OF ANY KIND, either express or implied.
  21:Generated_Source\PSoC6\pdl\cmsis/include/cmsis_gcc.h ****  * See the License for the specific language governing permissions and
  22:Generated_Source\PSoC6\pdl\cmsis/include/cmsis_gcc.h ****  * limitations under the License.
  23:Generated_Source\PSoC6\pdl\cmsis/include/cmsis_gcc.h ****  */
  24:Generated_Source\PSoC6\pdl\cmsis/include/cmsis_gcc.h **** 
  25:Generated_Source\PSoC6\pdl\cmsis/include/cmsis_gcc.h **** #ifndef __CMSIS_GCC_H
  26:Generated_Source\PSoC6\pdl\cmsis/include/cmsis_gcc.h **** #define __CMSIS_GCC_H
  27:Generated_Source\PSoC6\pdl\cmsis/include/cmsis_gcc.h **** 
  28:Generated_Source\PSoC6\pdl\cmsis/include/cmsis_gcc.h **** /* ignore some GCC warnings */
  29:Generated_Source\PSoC6\pdl\cmsis/include/cmsis_gcc.h **** #pragma GCC diagnostic push
  30:Generated_Source\PSoC6\pdl\cmsis/include/cmsis_gcc.h **** #pragma GCC diagnostic ignored "-Wsign-conversion"
  31:Generated_Source\PSoC6\pdl\cmsis/include/cmsis_gcc.h **** #pragma GCC diagnostic ignored "-Wconversion"
  32:Generated_Source\PSoC6\pdl\cmsis/include/cmsis_gcc.h **** #pragma GCC diagnostic ignored "-Wunused-parameter"
  33:Generated_Source\PSoC6\pdl\cmsis/include/cmsis_gcc.h **** 
  34:Generated_Source\PSoC6\pdl\cmsis/include/cmsis_gcc.h **** /* CMSIS compiler specific defines */
  35:Generated_Source\PSoC6\pdl\cmsis/include/cmsis_gcc.h **** #ifndef   __ASM
  36:Generated_Source\PSoC6\pdl\cmsis/include/cmsis_gcc.h ****   #define __ASM                     __asm
  37:Generated_Source\PSoC6\pdl\cmsis/include/cmsis_gcc.h **** #endif
  38:Generated_Source\PSoC6\pdl\cmsis/include/cmsis_gcc.h **** #ifndef   __INLINE
  39:Generated_Source\PSoC6\pdl\cmsis/include/cmsis_gcc.h ****   #define __INLINE                  inline
  40:Generated_Source\PSoC6\pdl\cmsis/include/cmsis_gcc.h **** #endif
  41:Generated_Source\PSoC6\pdl\cmsis/include/cmsis_gcc.h **** #ifndef   __STATIC_INLINE
  42:Generated_Source\PSoC6\pdl\cmsis/include/cmsis_gcc.h ****   #define __STATIC_INLINE           static inline
  43:Generated_Source\PSoC6\pdl\cmsis/include/cmsis_gcc.h **** #endif
  44:Generated_Source\PSoC6\pdl\cmsis/include/cmsis_gcc.h **** #ifndef   __NO_RETURN
  45:Generated_Source\PSoC6\pdl\cmsis/include/cmsis_gcc.h ****   #define __NO_RETURN               __attribute__((noreturn))
  46:Generated_Source\PSoC6\pdl\cmsis/include/cmsis_gcc.h **** #endif
  47:Generated_Source\PSoC6\pdl\cmsis/include/cmsis_gcc.h **** #ifndef   __USED
  48:Generated_Source\PSoC6\pdl\cmsis/include/cmsis_gcc.h ****   #define __USED                    __attribute__((used))
  49:Generated_Source\PSoC6\pdl\cmsis/include/cmsis_gcc.h **** #endif
  50:Generated_Source\PSoC6\pdl\cmsis/include/cmsis_gcc.h **** #ifndef   __WEAK
  51:Generated_Source\PSoC6\pdl\cmsis/include/cmsis_gcc.h ****   #define __WEAK                    __attribute__((weak))
  52:Generated_Source\PSoC6\pdl\cmsis/include/cmsis_gcc.h **** #endif
  53:Generated_Source\PSoC6\pdl\cmsis/include/cmsis_gcc.h **** #ifndef   __UNALIGNED_UINT32
  54:Generated_Source\PSoC6\pdl\cmsis/include/cmsis_gcc.h **** #pragma GCC diagnostic push
  55:Generated_Source\PSoC6\pdl\cmsis/include/cmsis_gcc.h **** #pragma GCC diagnostic ignored "-Wpacked"
  56:Generated_Source\PSoC6\pdl\cmsis/include/cmsis_gcc.h **** #pragma GCC diagnostic ignored "-Wattributes"
  57:Generated_Source\PSoC6\pdl\cmsis/include/cmsis_gcc.h ****   struct __attribute__((packed)) T_UINT32 { uint32_t v; };
  58:Generated_Source\PSoC6\pdl\cmsis/include/cmsis_gcc.h **** #pragma GCC diagnostic pop
  59:Generated_Source\PSoC6\pdl\cmsis/include/cmsis_gcc.h ****   #define __UNALIGNED_UINT32(x)     (((struct T_UINT32 *)(x))->v)
  60:Generated_Source\PSoC6\pdl\cmsis/include/cmsis_gcc.h **** #endif
ARM GAS  C:\Users\Austina\AppData\Local\Temp\ccOgDnSY.s 			page 3


  61:Generated_Source\PSoC6\pdl\cmsis/include/cmsis_gcc.h **** #ifndef   __ALIGNED
  62:Generated_Source\PSoC6\pdl\cmsis/include/cmsis_gcc.h ****   #define __ALIGNED(x)              __attribute__((aligned(x)))
  63:Generated_Source\PSoC6\pdl\cmsis/include/cmsis_gcc.h **** #endif
  64:Generated_Source\PSoC6\pdl\cmsis/include/cmsis_gcc.h **** #ifndef   __PACKED
  65:Generated_Source\PSoC6\pdl\cmsis/include/cmsis_gcc.h ****   #define __PACKED                  __attribute__((packed, aligned(1)))
  66:Generated_Source\PSoC6\pdl\cmsis/include/cmsis_gcc.h **** #endif
  67:Generated_Source\PSoC6\pdl\cmsis/include/cmsis_gcc.h **** #ifndef   __PACKED_STRUCT
  68:Generated_Source\PSoC6\pdl\cmsis/include/cmsis_gcc.h ****   #define __PACKED_STRUCT           struct __attribute__((packed, aligned(1)))
  69:Generated_Source\PSoC6\pdl\cmsis/include/cmsis_gcc.h **** #endif
  70:Generated_Source\PSoC6\pdl\cmsis/include/cmsis_gcc.h **** 
  71:Generated_Source\PSoC6\pdl\cmsis/include/cmsis_gcc.h **** 
  72:Generated_Source\PSoC6\pdl\cmsis/include/cmsis_gcc.h **** /* ###########################  Core Function Access  ########################### */
  73:Generated_Source\PSoC6\pdl\cmsis/include/cmsis_gcc.h **** /** \ingroup  CMSIS_Core_FunctionInterface
  74:Generated_Source\PSoC6\pdl\cmsis/include/cmsis_gcc.h ****     \defgroup CMSIS_Core_RegAccFunctions CMSIS Core Register Access Functions
  75:Generated_Source\PSoC6\pdl\cmsis/include/cmsis_gcc.h ****   @{
  76:Generated_Source\PSoC6\pdl\cmsis/include/cmsis_gcc.h ****  */
  77:Generated_Source\PSoC6\pdl\cmsis/include/cmsis_gcc.h **** 
  78:Generated_Source\PSoC6\pdl\cmsis/include/cmsis_gcc.h **** /**
  79:Generated_Source\PSoC6\pdl\cmsis/include/cmsis_gcc.h ****   \brief   Enable IRQ Interrupts
  80:Generated_Source\PSoC6\pdl\cmsis/include/cmsis_gcc.h ****   \details Enables IRQ interrupts by clearing the I-bit in the CPSR.
  81:Generated_Source\PSoC6\pdl\cmsis/include/cmsis_gcc.h ****            Can only be executed in Privileged modes.
  82:Generated_Source\PSoC6\pdl\cmsis/include/cmsis_gcc.h ****  */
  83:Generated_Source\PSoC6\pdl\cmsis/include/cmsis_gcc.h **** __attribute__((always_inline)) __STATIC_INLINE void __enable_irq(void)
  84:Generated_Source\PSoC6\pdl\cmsis/include/cmsis_gcc.h **** {
  85:Generated_Source\PSoC6\pdl\cmsis/include/cmsis_gcc.h ****   __ASM volatile ("cpsie i" : : : "memory");
  40              		.loc 2 85 0
  41              		.syntax divided
  42              	@ 85 "Generated_Source\PSoC6\pdl\cmsis/include/cmsis_gcc.h" 1
  43 0002 62B6     		cpsie i
  44              	@ 0 "" 2
  45              		.thumb
  46              		.syntax unified
  47              	.LBE5:
  48              	.LBE4:
  16:main_cm0p.c   ****     __enable_irq(); /* Enable global interrupts. */
  17:main_cm0p.c   ****     /* Enable CM4.  CY_CORTEX_M4_APPL_ADDR must be updated if CM4 memory layout is changed. */
  18:main_cm0p.c   ****     Cy_SysEnableCM4(CY_CORTEX_M4_APPL_ADDR); 
  49              		.loc 1 18 0
  50 0004 0148     		ldr	r0, .L3
  51 0006 FFF7FEFF 		bl	Cy_SysEnableCM4
  52              	.LVL0:
  53              	.L2:
  54 000a FEE7     		b	.L2
  55              	.L4:
  56              		.align	2
  57              	.L3:
  58 000c 00000810 		.word	268959744
  59              		.cfi_endproc
  60              	.LFE530:
  61              		.size	main, .-main
  62              		.text
  63              	.Letext0:
  64              		.file 3 "c:\\program files (x86)\\cypress\\psoc creator\\4.2\\psoc creator\\import\\gnu\\arm\\5.4.
  65              		.file 4 "c:\\program files (x86)\\cypress\\psoc creator\\4.2\\psoc creator\\import\\gnu\\arm\\5.4.
  66              		.file 5 "Generated_Source\\PSoC6\\pdl\\drivers/peripheral/tcpwm/cy_tcpwm_pwm.h"
  67              		.file 6 "Generated_Source\\PSoC6\\pdl\\drivers/peripheral/scb/cy_scb_uart.h"
  68              		.file 7 "Generated_Source\\PSoC6/PWM.h"
ARM GAS  C:\Users\Austina\AppData\Local\Temp\ccOgDnSY.s 			page 4


  69              		.file 8 "Generated_Source\\PSoC6/PWM_1.h"
  70              		.file 9 "Generated_Source\\PSoC6/PWM_2.h"
  71              		.file 10 "Generated_Source\\PSoC6/UART_1.h"
  72              		.file 11 "./system_psoc63.h"
  73              		.section	.debug_info,"",%progbits
  74              	.Ldebug_info0:
  75 0000 61030000 		.4byte	0x361
  76 0004 0400     		.2byte	0x4
  77 0006 00000000 		.4byte	.Ldebug_abbrev0
  78 000a 04       		.byte	0x4
  79 000b 01       		.uleb128 0x1
  80 000c AA000000 		.4byte	.LASF65
  81 0010 0C       		.byte	0xc
  82 0011 2C040000 		.4byte	.LASF66
  83 0015 7C030000 		.4byte	.LASF67
  84 0019 00000000 		.4byte	.Ldebug_ranges0+0
  85 001d 00000000 		.4byte	0
  86 0021 00000000 		.4byte	.Ldebug_line0
  87 0025 02       		.uleb128 0x2
  88 0026 02       		.byte	0x2
  89 0027 05       		.byte	0x5
  90 0028 7F000000 		.4byte	.LASF0
  91 002c 02       		.uleb128 0x2
  92 002d 01       		.byte	0x1
  93 002e 08       		.byte	0x8
  94 002f 8C020000 		.4byte	.LASF1
  95 0033 02       		.uleb128 0x2
  96 0034 01       		.byte	0x1
  97 0035 06       		.byte	0x6
  98 0036 B5020000 		.4byte	.LASF2
  99 003a 02       		.uleb128 0x2
 100 003b 02       		.byte	0x2
 101 003c 07       		.byte	0x7
 102 003d 09030000 		.4byte	.LASF3
 103 0041 02       		.uleb128 0x2
 104 0042 04       		.byte	0x4
 105 0043 05       		.byte	0x5
 106 0044 80010000 		.4byte	.LASF4
 107 0048 03       		.uleb128 0x3
 108 0049 63010000 		.4byte	.LASF9
 109 004d 03       		.byte	0x3
 110 004e 41       		.byte	0x41
 111 004f 53000000 		.4byte	0x53
 112 0053 02       		.uleb128 0x2
 113 0054 04       		.byte	0x4
 114 0055 07       		.byte	0x7
 115 0056 55030000 		.4byte	.LASF5
 116 005a 02       		.uleb128 0x2
 117 005b 08       		.byte	0x8
 118 005c 05       		.byte	0x5
 119 005d 2A020000 		.4byte	.LASF6
 120 0061 02       		.uleb128 0x2
 121 0062 08       		.byte	0x8
 122 0063 07       		.byte	0x7
 123 0064 C1020000 		.4byte	.LASF7
 124 0068 04       		.uleb128 0x4
 125 0069 04       		.byte	0x4
ARM GAS  C:\Users\Austina\AppData\Local\Temp\ccOgDnSY.s 			page 5


 126 006a 05       		.byte	0x5
 127 006b 696E7400 		.ascii	"int\000"
 128 006f 02       		.uleb128 0x2
 129 0070 04       		.byte	0x4
 130 0071 07       		.byte	0x7
 131 0072 E1020000 		.4byte	.LASF8
 132 0076 03       		.uleb128 0x3
 133 0077 D8020000 		.4byte	.LASF10
 134 007b 04       		.byte	0x4
 135 007c 30       		.byte	0x30
 136 007d 48000000 		.4byte	0x48
 137 0081 02       		.uleb128 0x2
 138 0082 04       		.byte	0x4
 139 0083 07       		.byte	0x7
 140 0084 89000000 		.4byte	.LASF11
 141 0088 05       		.uleb128 0x5
 142 0089 76000000 		.4byte	0x76
 143 008d 02       		.uleb128 0x2
 144 008e 08       		.byte	0x8
 145 008f 04       		.byte	0x4
 146 0090 68020000 		.4byte	.LASF12
 147 0094 02       		.uleb128 0x2
 148 0095 01       		.byte	0x1
 149 0096 08       		.byte	0x8
 150 0097 22030000 		.4byte	.LASF13
 151 009b 02       		.uleb128 0x2
 152 009c 04       		.byte	0x4
 153 009d 04       		.byte	0x4
 154 009e 04020000 		.4byte	.LASF14
 155 00a2 02       		.uleb128 0x2
 156 00a3 08       		.byte	0x8
 157 00a4 04       		.byte	0x4
 158 00a5 67030000 		.4byte	.LASF15
 159 00a9 06       		.uleb128 0x6
 160 00aa 04       		.byte	0x4
 161 00ab 02       		.uleb128 0x2
 162 00ac 01       		.byte	0x1
 163 00ad 02       		.byte	0x2
 164 00ae 3F030000 		.4byte	.LASF16
 165 00b2 07       		.uleb128 0x7
 166 00b3 46010000 		.4byte	.LASF44
 167 00b7 64       		.byte	0x64
 168 00b8 05       		.byte	0x5
 169 00b9 2B       		.byte	0x2b
 170 00ba EB010000 		.4byte	0x1eb
 171 00be 08       		.uleb128 0x8
 172 00bf 24040000 		.4byte	.LASF17
 173 00c3 05       		.byte	0x5
 174 00c4 2D       		.byte	0x2d
 175 00c5 76000000 		.4byte	0x76
 176 00c9 00       		.byte	0
 177 00ca 08       		.uleb128 0x8
 178 00cb 0C000000 		.4byte	.LASF18
 179 00cf 05       		.byte	0x5
 180 00d0 2F       		.byte	0x2f
 181 00d1 76000000 		.4byte	0x76
 182 00d5 04       		.byte	0x4
ARM GAS  C:\Users\Austina\AppData\Local\Temp\ccOgDnSY.s 			page 6


 183 00d6 08       		.uleb128 0x8
 184 00d7 89010000 		.4byte	.LASF19
 185 00db 05       		.byte	0x5
 186 00dc 30       		.byte	0x30
 187 00dd 76000000 		.4byte	0x76
 188 00e1 08       		.byte	0x8
 189 00e2 08       		.uleb128 0x8
 190 00e3 30030000 		.4byte	.LASF20
 191 00e7 05       		.byte	0x5
 192 00e8 31       		.byte	0x31
 193 00e9 76000000 		.4byte	0x76
 194 00ed 0C       		.byte	0xc
 195 00ee 08       		.uleb128 0x8
 196 00ef 38020000 		.4byte	.LASF21
 197 00f3 05       		.byte	0x5
 198 00f4 32       		.byte	0x32
 199 00f5 76000000 		.4byte	0x76
 200 00f9 10       		.byte	0x10
 201 00fa 08       		.uleb128 0x8
 202 00fb 0A020000 		.4byte	.LASF22
 203 00ff 05       		.byte	0x5
 204 0100 33       		.byte	0x33
 205 0101 76000000 		.4byte	0x76
 206 0105 14       		.byte	0x14
 207 0106 08       		.uleb128 0x8
 208 0107 12020000 		.4byte	.LASF23
 209 010b 05       		.byte	0x5
 210 010c 34       		.byte	0x34
 211 010d 76000000 		.4byte	0x76
 212 0111 18       		.byte	0x18
 213 0112 08       		.uleb128 0x8
 214 0113 A4020000 		.4byte	.LASF24
 215 0117 05       		.byte	0x5
 216 0118 35       		.byte	0x35
 217 0119 AB000000 		.4byte	0xab
 218 011d 1C       		.byte	0x1c
 219 011e 08       		.uleb128 0x8
 220 011f 2A000000 		.4byte	.LASF25
 221 0123 05       		.byte	0x5
 222 0124 36       		.byte	0x36
 223 0125 76000000 		.4byte	0x76
 224 0129 20       		.byte	0x20
 225 012a 08       		.uleb128 0x8
 226 012b 33000000 		.4byte	.LASF26
 227 012f 05       		.byte	0x5
 228 0130 37       		.byte	0x37
 229 0131 76000000 		.4byte	0x76
 230 0135 24       		.byte	0x24
 231 0136 08       		.uleb128 0x8
 232 0137 96010000 		.4byte	.LASF27
 233 013b 05       		.byte	0x5
 234 013c 38       		.byte	0x38
 235 013d AB000000 		.4byte	0xab
 236 0141 28       		.byte	0x28
 237 0142 08       		.uleb128 0x8
 238 0143 DC010000 		.4byte	.LASF28
 239 0147 05       		.byte	0x5
ARM GAS  C:\Users\Austina\AppData\Local\Temp\ccOgDnSY.s 			page 7


 240 0148 3A       		.byte	0x3a
 241 0149 76000000 		.4byte	0x76
 242 014d 2C       		.byte	0x2c
 243 014e 08       		.uleb128 0x8
 244 014f 4E020000 		.4byte	.LASF29
 245 0153 05       		.byte	0x5
 246 0154 3B       		.byte	0x3b
 247 0155 76000000 		.4byte	0x76
 248 0159 30       		.byte	0x30
 249 015a 08       		.uleb128 0x8
 250 015b FB020000 		.4byte	.LASF30
 251 015f 05       		.byte	0x5
 252 0160 3C       		.byte	0x3c
 253 0161 76000000 		.4byte	0x76
 254 0165 34       		.byte	0x34
 255 0166 08       		.uleb128 0x8
 256 0167 ED010000 		.4byte	.LASF31
 257 016b 05       		.byte	0x5
 258 016c 3D       		.byte	0x3d
 259 016d 76000000 		.4byte	0x76
 260 0171 38       		.byte	0x38
 261 0172 08       		.uleb128 0x8
 262 0173 6E030000 		.4byte	.LASF32
 263 0177 05       		.byte	0x5
 264 0178 3E       		.byte	0x3e
 265 0179 76000000 		.4byte	0x76
 266 017d 3C       		.byte	0x3c
 267 017e 08       		.uleb128 0x8
 268 017f E7030000 		.4byte	.LASF33
 269 0183 05       		.byte	0x5
 270 0184 40       		.byte	0x40
 271 0185 76000000 		.4byte	0x76
 272 0189 40       		.byte	0x40
 273 018a 08       		.uleb128 0x8
 274 018b 1A020000 		.4byte	.LASF34
 275 018f 05       		.byte	0x5
 276 0190 41       		.byte	0x41
 277 0191 76000000 		.4byte	0x76
 278 0195 44       		.byte	0x44
 279 0196 08       		.uleb128 0x8
 280 0197 00000000 		.4byte	.LASF35
 281 019b 05       		.byte	0x5
 282 019c 43       		.byte	0x43
 283 019d 76000000 		.4byte	0x76
 284 01a1 48       		.byte	0x48
 285 01a2 08       		.uleb128 0x8
 286 01a3 74020000 		.4byte	.LASF36
 287 01a7 05       		.byte	0x5
 288 01a8 44       		.byte	0x44
 289 01a9 76000000 		.4byte	0x76
 290 01ad 4C       		.byte	0x4c
 291 01ae 08       		.uleb128 0x8
 292 01af D4030000 		.4byte	.LASF37
 293 01b3 05       		.byte	0x5
 294 01b4 46       		.byte	0x46
 295 01b5 76000000 		.4byte	0x76
 296 01b9 50       		.byte	0x50
ARM GAS  C:\Users\Austina\AppData\Local\Temp\ccOgDnSY.s 			page 8


 297 01ba 08       		.uleb128 0x8
 298 01bb C4010000 		.4byte	.LASF38
 299 01bf 05       		.byte	0x5
 300 01c0 47       		.byte	0x47
 301 01c1 76000000 		.4byte	0x76
 302 01c5 54       		.byte	0x54
 303 01c6 08       		.uleb128 0x8
 304 01c7 D2010000 		.4byte	.LASF39
 305 01cb 05       		.byte	0x5
 306 01cc 49       		.byte	0x49
 307 01cd 76000000 		.4byte	0x76
 308 01d1 58       		.byte	0x58
 309 01d2 08       		.uleb128 0x8
 310 01d3 1B000000 		.4byte	.LASF40
 311 01d7 05       		.byte	0x5
 312 01d8 4A       		.byte	0x4a
 313 01d9 76000000 		.4byte	0x76
 314 01dd 5C       		.byte	0x5c
 315 01de 08       		.uleb128 0x8
 316 01df 38040000 		.4byte	.LASF41
 317 01e3 05       		.byte	0x5
 318 01e4 4C       		.byte	0x4c
 319 01e5 76000000 		.4byte	0x76
 320 01e9 60       		.byte	0x60
 321 01ea 00       		.byte	0
 322 01eb 03       		.uleb128 0x3
 323 01ec 3C000000 		.4byte	.LASF42
 324 01f0 05       		.byte	0x5
 325 01f1 4D       		.byte	0x4d
 326 01f2 B2000000 		.4byte	0xb2
 327 01f6 09       		.uleb128 0x9
 328 01f7 04       		.byte	0x4
 329 01f8 FC010000 		.4byte	0x1fc
 330 01fc 0A       		.uleb128 0xa
 331 01fd 07020000 		.4byte	0x207
 332 0201 0B       		.uleb128 0xb
 333 0202 76000000 		.4byte	0x76
 334 0206 00       		.byte	0
 335 0207 0C       		.uleb128 0xc
 336 0208 60000000 		.4byte	.LASF43
 337 020c 06       		.byte	0x6
 338 020d AB01     		.2byte	0x1ab
 339 020f F6010000 		.4byte	0x1f6
 340 0213 0D       		.uleb128 0xd
 341 0214 92000000 		.4byte	.LASF45
 342 0218 38       		.byte	0x38
 343 0219 06       		.byte	0x6
 344 021a 4702     		.2byte	0x247
 345 021c D7020000 		.4byte	0x2d7
 346 0220 0E       		.uleb128 0xe
 347 0221 6E010000 		.4byte	.LASF46
 348 0225 06       		.byte	0x6
 349 0226 4A02     		.2byte	0x24a
 350 0228 88000000 		.4byte	0x88
 351 022c 00       		.byte	0
 352 022d 0E       		.uleb128 0xe
 353 022e 83020000 		.4byte	.LASF47
ARM GAS  C:\Users\Austina\AppData\Local\Temp\ccOgDnSY.s 			page 9


 354 0232 06       		.byte	0x6
 355 0233 4B02     		.2byte	0x24b
 356 0235 88000000 		.4byte	0x88
 357 0239 04       		.byte	0x4
 358 023a 0E       		.uleb128 0xe
 359 023b 9A020000 		.4byte	.LASF48
 360 023f 06       		.byte	0x6
 361 0240 4D02     		.2byte	0x24d
 362 0242 A9000000 		.4byte	0xa9
 363 0246 08       		.byte	0x8
 364 0247 0E       		.uleb128 0xe
 365 0248 40020000 		.4byte	.LASF49
 366 024c 06       		.byte	0x6
 367 024d 4E02     		.2byte	0x24e
 368 024f 76000000 		.4byte	0x76
 369 0253 0C       		.byte	0xc
 370 0254 0E       		.uleb128 0xe
 371 0255 F6010000 		.4byte	.LASF50
 372 0259 06       		.byte	0x6
 373 025a 4F02     		.2byte	0x24f
 374 025c 88000000 		.4byte	0x88
 375 0260 10       		.byte	0x10
 376 0261 0E       		.uleb128 0xe
 377 0262 0B040000 		.4byte	.LASF51
 378 0266 06       		.byte	0x6
 379 0267 5002     		.2byte	0x250
 380 0269 88000000 		.4byte	0x88
 381 026d 14       		.byte	0x14
 382 026e 0E       		.uleb128 0xe
 383 026f 1C030000 		.4byte	.LASF52
 384 0273 06       		.byte	0x6
 385 0274 5202     		.2byte	0x252
 386 0276 A9000000 		.4byte	0xa9
 387 027a 18       		.byte	0x18
 388 027b 0E       		.uleb128 0xe
 389 027c 56000000 		.4byte	.LASF53
 390 0280 06       		.byte	0x6
 391 0281 5302     		.2byte	0x253
 392 0283 76000000 		.4byte	0x76
 393 0287 1C       		.byte	0x1c
 394 0288 0E       		.uleb128 0xe
 395 0289 77010000 		.4byte	.LASF54
 396 028d 06       		.byte	0x6
 397 028e 5402     		.2byte	0x254
 398 0290 88000000 		.4byte	0x88
 399 0294 20       		.byte	0x20
 400 0295 0E       		.uleb128 0xe
 401 0296 CE030000 		.4byte	.LASF55
 402 029a 06       		.byte	0x6
 403 029b 5602     		.2byte	0x256
 404 029d A9000000 		.4byte	0xa9
 405 02a1 24       		.byte	0x24
 406 02a2 0E       		.uleb128 0xe
 407 02a3 3C010000 		.4byte	.LASF56
 408 02a7 06       		.byte	0x6
 409 02a8 5702     		.2byte	0x257
 410 02aa 76000000 		.4byte	0x76
ARM GAS  C:\Users\Austina\AppData\Local\Temp\ccOgDnSY.s 			page 10


 411 02ae 28       		.byte	0x28
 412 02af 0E       		.uleb128 0xe
 413 02b0 43040000 		.4byte	.LASF57
 414 02b4 06       		.byte	0x6
 415 02b5 5802     		.2byte	0x258
 416 02b7 88000000 		.4byte	0x88
 417 02bb 2C       		.byte	0x2c
 418 02bc 0E       		.uleb128 0xe
 419 02bd 27030000 		.4byte	.LASF58
 420 02c1 06       		.byte	0x6
 421 02c2 5D02     		.2byte	0x25d
 422 02c4 07020000 		.4byte	0x207
 423 02c8 30       		.byte	0x30
 424 02c9 0E       		.uleb128 0xe
 425 02ca DF030000 		.4byte	.LASF59
 426 02ce 06       		.byte	0x6
 427 02cf 6002     		.2byte	0x260
 428 02d1 76000000 		.4byte	0x76
 429 02d5 34       		.byte	0x34
 430 02d6 00       		.byte	0
 431 02d7 0C       		.uleb128 0xc
 432 02d8 F1030000 		.4byte	.LASF60
 433 02dc 06       		.byte	0x6
 434 02dd 6302     		.2byte	0x263
 435 02df 13020000 		.4byte	0x213
 436 02e3 0F       		.uleb128 0xf
 437 02e4 5B020000 		.4byte	.LASF68
 438 02e8 02       		.byte	0x2
 439 02e9 53       		.byte	0x53
 440 02ea 03       		.byte	0x3
 441 02eb 10       		.uleb128 0x10
 442 02ec 5E010000 		.4byte	.LASF69
 443 02f0 01       		.byte	0x1
 444 02f1 0E       		.byte	0xe
 445 02f2 68000000 		.4byte	0x68
 446 02f6 00000000 		.4byte	.LFB530
 447 02fa 10000000 		.4byte	.LFE530-.LFB530
 448 02fe 01       		.uleb128 0x1
 449 02ff 9C       		.byte	0x9c
 450 0300 27030000 		.4byte	0x327
 451 0304 11       		.uleb128 0x11
 452 0305 E3020000 		.4byte	0x2e3
 453 0309 02000000 		.4byte	.LBB4
 454 030d 02000000 		.4byte	.LBE4-.LBB4
 455 0311 01       		.byte	0x1
 456 0312 10       		.byte	0x10
 457 0313 12       		.uleb128 0x12
 458 0314 0A000000 		.4byte	.LVL0
 459 0318 58030000 		.4byte	0x358
 460 031c 13       		.uleb128 0x13
 461 031d 01       		.uleb128 0x1
 462 031e 50       		.byte	0x50
 463 031f 05       		.uleb128 0x5
 464 0320 0C       		.byte	0xc
 465 0321 00000810 		.4byte	0x10080000
 466 0325 00       		.byte	0
 467 0326 00       		.byte	0
ARM GAS  C:\Users\Austina\AppData\Local\Temp\ccOgDnSY.s 			page 11


 468 0327 14       		.uleb128 0x14
 469 0328 19040000 		.4byte	.LASF61
 470 032c 07       		.byte	0x7
 471 032d 1F       		.byte	0x1f
 472 032e 32030000 		.4byte	0x332
 473 0332 15       		.uleb128 0x15
 474 0333 EB010000 		.4byte	0x1eb
 475 0337 14       		.uleb128 0x14
 476 0338 B7010000 		.4byte	.LASF62
 477 033c 08       		.byte	0x8
 478 033d 1F       		.byte	0x1f
 479 033e 32030000 		.4byte	0x332
 480 0342 14       		.uleb128 0x14
 481 0343 EE020000 		.4byte	.LASF63
 482 0347 09       		.byte	0x9
 483 0348 1F       		.byte	0x1f
 484 0349 32030000 		.4byte	0x332
 485 034d 14       		.uleb128 0x14
 486 034e A8010000 		.4byte	.LASF64
 487 0352 0A       		.byte	0xa
 488 0353 87       		.byte	0x87
 489 0354 D7020000 		.4byte	0x2d7
 490 0358 16       		.uleb128 0x16
 491 0359 45030000 		.4byte	.LASF70
 492 035d 45030000 		.4byte	.LASF70
 493 0361 0B       		.byte	0xb
 494 0362 FE01     		.2byte	0x1fe
 495 0364 00       		.byte	0
 496              		.section	.debug_abbrev,"",%progbits
 497              	.Ldebug_abbrev0:
 498 0000 01       		.uleb128 0x1
 499 0001 11       		.uleb128 0x11
 500 0002 01       		.byte	0x1
 501 0003 25       		.uleb128 0x25
 502 0004 0E       		.uleb128 0xe
 503 0005 13       		.uleb128 0x13
 504 0006 0B       		.uleb128 0xb
 505 0007 03       		.uleb128 0x3
 506 0008 0E       		.uleb128 0xe
 507 0009 1B       		.uleb128 0x1b
 508 000a 0E       		.uleb128 0xe
 509 000b 55       		.uleb128 0x55
 510 000c 17       		.uleb128 0x17
 511 000d 11       		.uleb128 0x11
 512 000e 01       		.uleb128 0x1
 513 000f 10       		.uleb128 0x10
 514 0010 17       		.uleb128 0x17
 515 0011 00       		.byte	0
 516 0012 00       		.byte	0
 517 0013 02       		.uleb128 0x2
 518 0014 24       		.uleb128 0x24
 519 0015 00       		.byte	0
 520 0016 0B       		.uleb128 0xb
 521 0017 0B       		.uleb128 0xb
 522 0018 3E       		.uleb128 0x3e
 523 0019 0B       		.uleb128 0xb
 524 001a 03       		.uleb128 0x3
ARM GAS  C:\Users\Austina\AppData\Local\Temp\ccOgDnSY.s 			page 12


 525 001b 0E       		.uleb128 0xe
 526 001c 00       		.byte	0
 527 001d 00       		.byte	0
 528 001e 03       		.uleb128 0x3
 529 001f 16       		.uleb128 0x16
 530 0020 00       		.byte	0
 531 0021 03       		.uleb128 0x3
 532 0022 0E       		.uleb128 0xe
 533 0023 3A       		.uleb128 0x3a
 534 0024 0B       		.uleb128 0xb
 535 0025 3B       		.uleb128 0x3b
 536 0026 0B       		.uleb128 0xb
 537 0027 49       		.uleb128 0x49
 538 0028 13       		.uleb128 0x13
 539 0029 00       		.byte	0
 540 002a 00       		.byte	0
 541 002b 04       		.uleb128 0x4
 542 002c 24       		.uleb128 0x24
 543 002d 00       		.byte	0
 544 002e 0B       		.uleb128 0xb
 545 002f 0B       		.uleb128 0xb
 546 0030 3E       		.uleb128 0x3e
 547 0031 0B       		.uleb128 0xb
 548 0032 03       		.uleb128 0x3
 549 0033 08       		.uleb128 0x8
 550 0034 00       		.byte	0
 551 0035 00       		.byte	0
 552 0036 05       		.uleb128 0x5
 553 0037 35       		.uleb128 0x35
 554 0038 00       		.byte	0
 555 0039 49       		.uleb128 0x49
 556 003a 13       		.uleb128 0x13
 557 003b 00       		.byte	0
 558 003c 00       		.byte	0
 559 003d 06       		.uleb128 0x6
 560 003e 0F       		.uleb128 0xf
 561 003f 00       		.byte	0
 562 0040 0B       		.uleb128 0xb
 563 0041 0B       		.uleb128 0xb
 564 0042 00       		.byte	0
 565 0043 00       		.byte	0
 566 0044 07       		.uleb128 0x7
 567 0045 13       		.uleb128 0x13
 568 0046 01       		.byte	0x1
 569 0047 03       		.uleb128 0x3
 570 0048 0E       		.uleb128 0xe
 571 0049 0B       		.uleb128 0xb
 572 004a 0B       		.uleb128 0xb
 573 004b 3A       		.uleb128 0x3a
 574 004c 0B       		.uleb128 0xb
 575 004d 3B       		.uleb128 0x3b
 576 004e 0B       		.uleb128 0xb
 577 004f 01       		.uleb128 0x1
 578 0050 13       		.uleb128 0x13
 579 0051 00       		.byte	0
 580 0052 00       		.byte	0
 581 0053 08       		.uleb128 0x8
ARM GAS  C:\Users\Austina\AppData\Local\Temp\ccOgDnSY.s 			page 13


 582 0054 0D       		.uleb128 0xd
 583 0055 00       		.byte	0
 584 0056 03       		.uleb128 0x3
 585 0057 0E       		.uleb128 0xe
 586 0058 3A       		.uleb128 0x3a
 587 0059 0B       		.uleb128 0xb
 588 005a 3B       		.uleb128 0x3b
 589 005b 0B       		.uleb128 0xb
 590 005c 49       		.uleb128 0x49
 591 005d 13       		.uleb128 0x13
 592 005e 38       		.uleb128 0x38
 593 005f 0B       		.uleb128 0xb
 594 0060 00       		.byte	0
 595 0061 00       		.byte	0
 596 0062 09       		.uleb128 0x9
 597 0063 0F       		.uleb128 0xf
 598 0064 00       		.byte	0
 599 0065 0B       		.uleb128 0xb
 600 0066 0B       		.uleb128 0xb
 601 0067 49       		.uleb128 0x49
 602 0068 13       		.uleb128 0x13
 603 0069 00       		.byte	0
 604 006a 00       		.byte	0
 605 006b 0A       		.uleb128 0xa
 606 006c 15       		.uleb128 0x15
 607 006d 01       		.byte	0x1
 608 006e 27       		.uleb128 0x27
 609 006f 19       		.uleb128 0x19
 610 0070 01       		.uleb128 0x1
 611 0071 13       		.uleb128 0x13
 612 0072 00       		.byte	0
 613 0073 00       		.byte	0
 614 0074 0B       		.uleb128 0xb
 615 0075 05       		.uleb128 0x5
 616 0076 00       		.byte	0
 617 0077 49       		.uleb128 0x49
 618 0078 13       		.uleb128 0x13
 619 0079 00       		.byte	0
 620 007a 00       		.byte	0
 621 007b 0C       		.uleb128 0xc
 622 007c 16       		.uleb128 0x16
 623 007d 00       		.byte	0
 624 007e 03       		.uleb128 0x3
 625 007f 0E       		.uleb128 0xe
 626 0080 3A       		.uleb128 0x3a
 627 0081 0B       		.uleb128 0xb
 628 0082 3B       		.uleb128 0x3b
 629 0083 05       		.uleb128 0x5
 630 0084 49       		.uleb128 0x49
 631 0085 13       		.uleb128 0x13
 632 0086 00       		.byte	0
 633 0087 00       		.byte	0
 634 0088 0D       		.uleb128 0xd
 635 0089 13       		.uleb128 0x13
 636 008a 01       		.byte	0x1
 637 008b 03       		.uleb128 0x3
 638 008c 0E       		.uleb128 0xe
ARM GAS  C:\Users\Austina\AppData\Local\Temp\ccOgDnSY.s 			page 14


 639 008d 0B       		.uleb128 0xb
 640 008e 0B       		.uleb128 0xb
 641 008f 3A       		.uleb128 0x3a
 642 0090 0B       		.uleb128 0xb
 643 0091 3B       		.uleb128 0x3b
 644 0092 05       		.uleb128 0x5
 645 0093 01       		.uleb128 0x1
 646 0094 13       		.uleb128 0x13
 647 0095 00       		.byte	0
 648 0096 00       		.byte	0
 649 0097 0E       		.uleb128 0xe
 650 0098 0D       		.uleb128 0xd
 651 0099 00       		.byte	0
 652 009a 03       		.uleb128 0x3
 653 009b 0E       		.uleb128 0xe
 654 009c 3A       		.uleb128 0x3a
 655 009d 0B       		.uleb128 0xb
 656 009e 3B       		.uleb128 0x3b
 657 009f 05       		.uleb128 0x5
 658 00a0 49       		.uleb128 0x49
 659 00a1 13       		.uleb128 0x13
 660 00a2 38       		.uleb128 0x38
 661 00a3 0B       		.uleb128 0xb
 662 00a4 00       		.byte	0
 663 00a5 00       		.byte	0
 664 00a6 0F       		.uleb128 0xf
 665 00a7 2E       		.uleb128 0x2e
 666 00a8 00       		.byte	0
 667 00a9 03       		.uleb128 0x3
 668 00aa 0E       		.uleb128 0xe
 669 00ab 3A       		.uleb128 0x3a
 670 00ac 0B       		.uleb128 0xb
 671 00ad 3B       		.uleb128 0x3b
 672 00ae 0B       		.uleb128 0xb
 673 00af 27       		.uleb128 0x27
 674 00b0 19       		.uleb128 0x19
 675 00b1 20       		.uleb128 0x20
 676 00b2 0B       		.uleb128 0xb
 677 00b3 00       		.byte	0
 678 00b4 00       		.byte	0
 679 00b5 10       		.uleb128 0x10
 680 00b6 2E       		.uleb128 0x2e
 681 00b7 01       		.byte	0x1
 682 00b8 3F       		.uleb128 0x3f
 683 00b9 19       		.uleb128 0x19
 684 00ba 03       		.uleb128 0x3
 685 00bb 0E       		.uleb128 0xe
 686 00bc 3A       		.uleb128 0x3a
 687 00bd 0B       		.uleb128 0xb
 688 00be 3B       		.uleb128 0x3b
 689 00bf 0B       		.uleb128 0xb
 690 00c0 27       		.uleb128 0x27
 691 00c1 19       		.uleb128 0x19
 692 00c2 49       		.uleb128 0x49
 693 00c3 13       		.uleb128 0x13
 694 00c4 8701     		.uleb128 0x87
 695 00c6 19       		.uleb128 0x19
ARM GAS  C:\Users\Austina\AppData\Local\Temp\ccOgDnSY.s 			page 15


 696 00c7 11       		.uleb128 0x11
 697 00c8 01       		.uleb128 0x1
 698 00c9 12       		.uleb128 0x12
 699 00ca 06       		.uleb128 0x6
 700 00cb 40       		.uleb128 0x40
 701 00cc 18       		.uleb128 0x18
 702 00cd 9742     		.uleb128 0x2117
 703 00cf 19       		.uleb128 0x19
 704 00d0 01       		.uleb128 0x1
 705 00d1 13       		.uleb128 0x13
 706 00d2 00       		.byte	0
 707 00d3 00       		.byte	0
 708 00d4 11       		.uleb128 0x11
 709 00d5 1D       		.uleb128 0x1d
 710 00d6 00       		.byte	0
 711 00d7 31       		.uleb128 0x31
 712 00d8 13       		.uleb128 0x13
 713 00d9 11       		.uleb128 0x11
 714 00da 01       		.uleb128 0x1
 715 00db 12       		.uleb128 0x12
 716 00dc 06       		.uleb128 0x6
 717 00dd 58       		.uleb128 0x58
 718 00de 0B       		.uleb128 0xb
 719 00df 59       		.uleb128 0x59
 720 00e0 0B       		.uleb128 0xb
 721 00e1 00       		.byte	0
 722 00e2 00       		.byte	0
 723 00e3 12       		.uleb128 0x12
 724 00e4 898201   		.uleb128 0x4109
 725 00e7 01       		.byte	0x1
 726 00e8 11       		.uleb128 0x11
 727 00e9 01       		.uleb128 0x1
 728 00ea 31       		.uleb128 0x31
 729 00eb 13       		.uleb128 0x13
 730 00ec 00       		.byte	0
 731 00ed 00       		.byte	0
 732 00ee 13       		.uleb128 0x13
 733 00ef 8A8201   		.uleb128 0x410a
 734 00f2 00       		.byte	0
 735 00f3 02       		.uleb128 0x2
 736 00f4 18       		.uleb128 0x18
 737 00f5 9142     		.uleb128 0x2111
 738 00f7 18       		.uleb128 0x18
 739 00f8 00       		.byte	0
 740 00f9 00       		.byte	0
 741 00fa 14       		.uleb128 0x14
 742 00fb 34       		.uleb128 0x34
 743 00fc 00       		.byte	0
 744 00fd 03       		.uleb128 0x3
 745 00fe 0E       		.uleb128 0xe
 746 00ff 3A       		.uleb128 0x3a
 747 0100 0B       		.uleb128 0xb
 748 0101 3B       		.uleb128 0x3b
 749 0102 0B       		.uleb128 0xb
 750 0103 49       		.uleb128 0x49
 751 0104 13       		.uleb128 0x13
 752 0105 3F       		.uleb128 0x3f
ARM GAS  C:\Users\Austina\AppData\Local\Temp\ccOgDnSY.s 			page 16


 753 0106 19       		.uleb128 0x19
 754 0107 3C       		.uleb128 0x3c
 755 0108 19       		.uleb128 0x19
 756 0109 00       		.byte	0
 757 010a 00       		.byte	0
 758 010b 15       		.uleb128 0x15
 759 010c 26       		.uleb128 0x26
 760 010d 00       		.byte	0
 761 010e 49       		.uleb128 0x49
 762 010f 13       		.uleb128 0x13
 763 0110 00       		.byte	0
 764 0111 00       		.byte	0
 765 0112 16       		.uleb128 0x16
 766 0113 2E       		.uleb128 0x2e
 767 0114 00       		.byte	0
 768 0115 3F       		.uleb128 0x3f
 769 0116 19       		.uleb128 0x19
 770 0117 3C       		.uleb128 0x3c
 771 0118 19       		.uleb128 0x19
 772 0119 6E       		.uleb128 0x6e
 773 011a 0E       		.uleb128 0xe
 774 011b 03       		.uleb128 0x3
 775 011c 0E       		.uleb128 0xe
 776 011d 3A       		.uleb128 0x3a
 777 011e 0B       		.uleb128 0xb
 778 011f 3B       		.uleb128 0x3b
 779 0120 05       		.uleb128 0x5
 780 0121 00       		.byte	0
 781 0122 00       		.byte	0
 782 0123 00       		.byte	0
 783              		.section	.debug_aranges,"",%progbits
 784 0000 1C000000 		.4byte	0x1c
 785 0004 0200     		.2byte	0x2
 786 0006 00000000 		.4byte	.Ldebug_info0
 787 000a 04       		.byte	0x4
 788 000b 00       		.byte	0
 789 000c 0000     		.2byte	0
 790 000e 0000     		.2byte	0
 791 0010 00000000 		.4byte	.LFB530
 792 0014 10000000 		.4byte	.LFE530-.LFB530
 793 0018 00000000 		.4byte	0
 794 001c 00000000 		.4byte	0
 795              		.section	.debug_ranges,"",%progbits
 796              	.Ldebug_ranges0:
 797 0000 00000000 		.4byte	.LFB530
 798 0004 10000000 		.4byte	.LFE530
 799 0008 00000000 		.4byte	0
 800 000c 00000000 		.4byte	0
 801              		.section	.debug_line,"",%progbits
 802              	.Ldebug_line0:
 803 0000 58020000 		.section	.debug_str,"MS",%progbits,1
 803      02003702 
 803      00000201 
 803      FB0E0D00 
 803      01010101 
 804              	.LASF35:
 805 0000 72656C6F 		.ascii	"reloadInput\000"
ARM GAS  C:\Users\Austina\AppData\Local\Temp\ccOgDnSY.s 			page 17


 805      6164496E 
 805      70757400 
 806              	.LASF18:
 807 000c 636C6F63 		.ascii	"clockPrescaler\000"
 807      6B507265 
 807      7363616C 
 807      657200
 808              	.LASF40:
 809 001b 636F756E 		.ascii	"countInputMode\000"
 809      74496E70 
 809      75744D6F 
 809      646500
 810              	.LASF25:
 811 002a 636F6D70 		.ascii	"compare0\000"
 811      61726530 
 811      00
 812              	.LASF26:
 813 0033 636F6D70 		.ascii	"compare1\000"
 813      61726531 
 813      00
 814              	.LASF42:
 815 003c 63795F73 		.ascii	"cy_stc_tcpwm_pwm_config_t\000"
 815      74635F74 
 815      6370776D 
 815      5F70776D 
 815      5F636F6E 
 816              	.LASF53:
 817 0056 72784275 		.ascii	"rxBufSize\000"
 817      6653697A 
 817      6500
 818              	.LASF43:
 819 0060 63795F63 		.ascii	"cy_cb_scb_uart_handle_events_t\000"
 819      625F7363 
 819      625F7561 
 819      72745F68 
 819      616E646C 
 820              	.LASF0:
 821 007f 73686F72 		.ascii	"short int\000"
 821      7420696E 
 821      7400
 822              	.LASF11:
 823 0089 73697A65 		.ascii	"sizetype\000"
 823      74797065 
 823      00
 824              	.LASF45:
 825 0092 63795F73 		.ascii	"cy_stc_scb_uart_context\000"
 825      74635F73 
 825      63625F75 
 825      6172745F 
 825      636F6E74 
 826              	.LASF65:
 827 00aa 474E5520 		.ascii	"GNU C11 5.4.1 20160609 (release) [ARM/embedded-5-br"
 827      43313120 
 827      352E342E 
 827      31203230 
 827      31363036 
 828 00dd 616E6368 		.ascii	"anch revision 237715] -mcpu=cortex-m0plus -mthumb -"
ARM GAS  C:\Users\Austina\AppData\Local\Temp\ccOgDnSY.s 			page 18


 828      20726576 
 828      6973696F 
 828      6E203233 
 828      37373135 
 829 0110 67202D4F 		.ascii	"g -Og -ffunction-sections -ffat-lto-objects\000"
 829      67202D66 
 829      66756E63 
 829      74696F6E 
 829      2D736563 
 830              	.LASF56:
 831 013c 74784275 		.ascii	"txBufSize\000"
 831      6653697A 
 831      6500
 832              	.LASF44:
 833 0146 63795F73 		.ascii	"cy_stc_tcpwm_pwm_config\000"
 833      74635F74 
 833      6370776D 
 833      5F70776D 
 833      5F636F6E 
 834              	.LASF69:
 835 015e 6D61696E 		.ascii	"main\000"
 835      00
 836              	.LASF9:
 837 0163 5F5F7569 		.ascii	"__uint32_t\000"
 837      6E743332 
 837      5F7400
 838              	.LASF46:
 839 016e 74785374 		.ascii	"txStatus\000"
 839      61747573 
 839      00
 840              	.LASF54:
 841 0177 72784275 		.ascii	"rxBufIdx\000"
 841      66496478 
 841      00
 842              	.LASF4:
 843 0180 6C6F6E67 		.ascii	"long int\000"
 843      20696E74 
 843      00
 844              	.LASF19:
 845 0189 70776D41 		.ascii	"pwmAlignment\000"
 845      6C69676E 
 845      6D656E74 
 845      00
 846              	.LASF27:
 847 0196 656E6162 		.ascii	"enableCompareSwap\000"
 847      6C65436F 
 847      6D706172 
 847      65537761 
 847      7000
 848              	.LASF64:
 849 01a8 55415254 		.ascii	"UART_1_context\000"
 849      5F315F63 
 849      6F6E7465 
 849      787400
 850              	.LASF62:
 851 01b7 50574D5F 		.ascii	"PWM_1_config\000"
 851      315F636F 
ARM GAS  C:\Users\Austina\AppData\Local\Temp\ccOgDnSY.s 			page 19


 851      6E666967 
 851      00
 852              	.LASF38:
 853 01c4 6B696C6C 		.ascii	"killInputMode\000"
 853      496E7075 
 853      744D6F64 
 853      6500
 854              	.LASF39:
 855 01d2 6B696C6C 		.ascii	"killInput\000"
 855      496E7075 
 855      7400
 856              	.LASF28:
 857 01dc 696E7465 		.ascii	"interruptSources\000"
 857      72727570 
 857      74536F75 
 857      72636573 
 857      00
 858              	.LASF31:
 859 01ed 6B696C6C 		.ascii	"killMode\000"
 859      4D6F6465 
 859      00
 860              	.LASF50:
 861 01f6 72785269 		.ascii	"rxRingBufHead\000"
 861      6E674275 
 861      66486561 
 861      6400
 862              	.LASF14:
 863 0204 666C6F61 		.ascii	"float\000"
 863      7400
 864              	.LASF22:
 865 020a 70657269 		.ascii	"period0\000"
 865      6F643000 
 866              	.LASF23:
 867 0212 70657269 		.ascii	"period1\000"
 867      6F643100 
 868              	.LASF34:
 869 021a 72656C6F 		.ascii	"reloadInputMode\000"
 869      6164496E 
 869      7075744D 
 869      6F646500 
 870              	.LASF6:
 871 022a 6C6F6E67 		.ascii	"long long int\000"
 871      206C6F6E 
 871      6720696E 
 871      7400
 872              	.LASF21:
 873 0238 72756E4D 		.ascii	"runMode\000"
 873      6F646500 
 874              	.LASF49:
 875 0240 72785269 		.ascii	"rxRingBufSize\000"
 875      6E674275 
 875      6653697A 
 875      6500
 876              	.LASF29:
 877 024e 696E7665 		.ascii	"invertPWMOut\000"
 877      72745057 
 877      4D4F7574 
ARM GAS  C:\Users\Austina\AppData\Local\Temp\ccOgDnSY.s 			page 20


 877      00
 878              	.LASF68:
 879 025b 5F5F656E 		.ascii	"__enable_irq\000"
 879      61626C65 
 879      5F697271 
 879      00
 880              	.LASF12:
 881 0268 6C6F6E67 		.ascii	"long double\000"
 881      20646F75 
 881      626C6500 
 882              	.LASF36:
 883 0274 73746172 		.ascii	"startInputMode\000"
 883      74496E70 
 883      75744D6F 
 883      646500
 884              	.LASF47:
 885 0283 72785374 		.ascii	"rxStatus\000"
 885      61747573 
 885      00
 886              	.LASF1:
 887 028c 756E7369 		.ascii	"unsigned char\000"
 887      676E6564 
 887      20636861 
 887      7200
 888              	.LASF48:
 889 029a 72785269 		.ascii	"rxRingBuf\000"
 889      6E674275 
 889      6600
 890              	.LASF24:
 891 02a4 656E6162 		.ascii	"enablePeriodSwap\000"
 891      6C655065 
 891      72696F64 
 891      53776170 
 891      00
 892              	.LASF2:
 893 02b5 7369676E 		.ascii	"signed char\000"
 893      65642063 
 893      68617200 
 894              	.LASF7:
 895 02c1 6C6F6E67 		.ascii	"long long unsigned int\000"
 895      206C6F6E 
 895      6720756E 
 895      7369676E 
 895      65642069 
 896              	.LASF10:
 897 02d8 75696E74 		.ascii	"uint32_t\000"
 897      33325F74 
 897      00
 898              	.LASF8:
 899 02e1 756E7369 		.ascii	"unsigned int\000"
 899      676E6564 
 899      20696E74 
 899      00
 900              	.LASF63:
 901 02ee 50574D5F 		.ascii	"PWM_2_config\000"
 901      325F636F 
 901      6E666967 
ARM GAS  C:\Users\Austina\AppData\Local\Temp\ccOgDnSY.s 			page 21


 901      00
 902              	.LASF30:
 903 02fb 696E7665 		.ascii	"invertPWMOutN\000"
 903      72745057 
 903      4D4F7574 
 903      4E00
 904              	.LASF3:
 905 0309 73686F72 		.ascii	"short unsigned int\000"
 905      7420756E 
 905      7369676E 
 905      65642069 
 905      6E7400
 906              	.LASF52:
 907 031c 72784275 		.ascii	"rxBuf\000"
 907      6600
 908              	.LASF13:
 909 0322 63686172 		.ascii	"char\000"
 909      00
 910              	.LASF58:
 911 0327 63624576 		.ascii	"cbEvents\000"
 911      656E7473 
 911      00
 912              	.LASF20:
 913 0330 64656164 		.ascii	"deadTimeClocks\000"
 913      54696D65 
 913      436C6F63 
 913      6B7300
 914              	.LASF16:
 915 033f 5F426F6F 		.ascii	"_Bool\000"
 915      6C00
 916              	.LASF70:
 917 0345 43795F53 		.ascii	"Cy_SysEnableCM4\000"
 917      7973456E 
 917      61626C65 
 917      434D3400 
 918              	.LASF5:
 919 0355 6C6F6E67 		.ascii	"long unsigned int\000"
 919      20756E73 
 919      69676E65 
 919      6420696E 
 919      7400
 920              	.LASF15:
 921 0367 646F7562 		.ascii	"double\000"
 921      6C6500
 922              	.LASF32:
 923 036e 73776170 		.ascii	"swapInputMode\000"
 923      496E7075 
 923      744D6F64 
 923      6500
 924              	.LASF67:
 925 037c 433A5C41 		.ascii	"C:\\Alen\\GitHub_Denzerek\\BLEControlledArm\\BLE_AR"
 925      6C656E5C 
 925      47697448 
 925      75625F44 
 925      656E7A65 
 926 03ab 4D5F576F 		.ascii	"M_Workspace\\CapSensing_basic.cydsn\000"
 926      726B7370 
ARM GAS  C:\Users\Austina\AppData\Local\Temp\ccOgDnSY.s 			page 22


 926      6163655C 
 926      43617053 
 926      656E7369 
 927              	.LASF55:
 928 03ce 74784275 		.ascii	"txBuf\000"
 928      6600
 929              	.LASF37:
 930 03d4 73746172 		.ascii	"startInput\000"
 930      74496E70 
 930      757400
 931              	.LASF59:
 932 03df 696E6974 		.ascii	"initKey\000"
 932      4B657900 
 933              	.LASF33:
 934 03e7 73776170 		.ascii	"swapInput\000"
 934      496E7075 
 934      7400
 935              	.LASF60:
 936 03f1 63795F73 		.ascii	"cy_stc_scb_uart_context_t\000"
 936      74635F73 
 936      63625F75 
 936      6172745F 
 936      636F6E74 
 937              	.LASF51:
 938 040b 72785269 		.ascii	"rxRingBufTail\000"
 938      6E674275 
 938      66546169 
 938      6C00
 939              	.LASF61:
 940 0419 50574D5F 		.ascii	"PWM_config\000"
 940      636F6E66 
 940      696700
 941              	.LASF17:
 942 0424 70776D4D 		.ascii	"pwmMode\000"
 942      6F646500 
 943              	.LASF66:
 944 042c 6D61696E 		.ascii	"main_cm0p.c\000"
 944      5F636D30 
 944      702E6300 
 945              	.LASF41:
 946 0438 636F756E 		.ascii	"countInput\000"
 946      74496E70 
 946      757400
 947              	.LASF57:
 948 0443 74784C65 		.ascii	"txLeftToTransmit\000"
 948      6674546F 
 948      5472616E 
 948      736D6974 
 948      00
 949              		.ident	"GCC: (GNU Tools for ARM Embedded Processors) 5.4.1 20160609 (release) [ARM/embedded-5-bran
