ARM GAS  C:\Users\Austina\AppData\Local\Temp\ccfxif1d.s 			page 1


   1              		.syntax unified
   2              		.cpu cortex-m0plus
   3              		.fpu softvfp
   4              		.eabi_attribute 20, 1
   5              		.eabi_attribute 21, 1
   6              		.eabi_attribute 23, 3
   7              		.eabi_attribute 24, 1
   8              		.eabi_attribute 25, 1
   9              		.eabi_attribute 26, 1
  10              		.eabi_attribute 30, 1
  11              		.eabi_attribute 34, 0
  12              		.eabi_attribute 18, 4
  13              		.thumb
  14              		.syntax unified
  15              		.file	"retarget.c"
  16              		.text
  17              	.Ltext0:
  18              		.cfi_sections	.debug_frame
  19              		.syntax divided
  20              		.global _printf_float
  21              		.global _scanf_float
  22              		.thumb
  23              		.syntax unified
  24              		.section	.text._write,"ax",%progbits
  25              		.align	2
  26              		.weak	_write
  27              		.code	16
  28              		.thumb_func
  29              		.type	_write, %function
  30              	_write:
  31              	.LFB531:
  32              		.file 1 "Generated_Source\\PSoC6\\pdl\\utilities\\retarget_io\\retarget.c"
   1:Generated_Source\PSoC6\pdl\utilities\retarget_io/retarget.c **** /***************************************************************************//**
   2:Generated_Source\PSoC6\pdl\utilities\retarget_io/retarget.c **** * \file retarget.c
   3:Generated_Source\PSoC6\pdl\utilities\retarget_io/retarget.c **** * \version 1.10
   4:Generated_Source\PSoC6\pdl\utilities\retarget_io/retarget.c **** *
   5:Generated_Source\PSoC6\pdl\utilities\retarget_io/retarget.c **** * \brief
   6:Generated_Source\PSoC6\pdl\utilities\retarget_io/retarget.c **** * 'Retarget' layer for target-dependent low level function.
   7:Generated_Source\PSoC6\pdl\utilities\retarget_io/retarget.c **** *
   8:Generated_Source\PSoC6\pdl\utilities\retarget_io/retarget.c **** ********************************************************************************
   9:Generated_Source\PSoC6\pdl\utilities\retarget_io/retarget.c **** * \copyright
  10:Generated_Source\PSoC6\pdl\utilities\retarget_io/retarget.c **** * Copyright 2016-2018, Cypress Semiconductor Corporation. All rights reserved.
  11:Generated_Source\PSoC6\pdl\utilities\retarget_io/retarget.c **** * You may use this file only in accordance with the license, terms, conditions,
  12:Generated_Source\PSoC6\pdl\utilities\retarget_io/retarget.c **** * disclaimers, and limitations in the end user license agreement accompanying
  13:Generated_Source\PSoC6\pdl\utilities\retarget_io/retarget.c **** * the software package with which this file was provided.
  14:Generated_Source\PSoC6\pdl\utilities\retarget_io/retarget.c **** *******************************************************************************/
  15:Generated_Source\PSoC6\pdl\utilities\retarget_io/retarget.c **** 
  16:Generated_Source\PSoC6\pdl\utilities\retarget_io/retarget.c **** #include <stdio.h>
  17:Generated_Source\PSoC6\pdl\utilities\retarget_io/retarget.c **** #include "stdio_user.h"
  18:Generated_Source\PSoC6\pdl\utilities\retarget_io/retarget.c **** 
  19:Generated_Source\PSoC6\pdl\utilities\retarget_io/retarget.c **** #if defined(__cplusplus)
  20:Generated_Source\PSoC6\pdl\utilities\retarget_io/retarget.c **** extern "C" {
  21:Generated_Source\PSoC6\pdl\utilities\retarget_io/retarget.c **** #endif
  22:Generated_Source\PSoC6\pdl\utilities\retarget_io/retarget.c **** 
  23:Generated_Source\PSoC6\pdl\utilities\retarget_io/retarget.c **** #ifdef IO_STDOUT_ENABLE
  24:Generated_Source\PSoC6\pdl\utilities\retarget_io/retarget.c **** 
  25:Generated_Source\PSoC6\pdl\utilities\retarget_io/retarget.c **** #if defined(__ARMCC_VERSION) /* ARM-MDK */
ARM GAS  C:\Users\Austina\AppData\Local\Temp\ccfxif1d.s 			page 2


  26:Generated_Source\PSoC6\pdl\utilities\retarget_io/retarget.c ****     /***************************************************************************
  27:Generated_Source\PSoC6\pdl\utilities\retarget_io/retarget.c ****     * Function Name: fputc
  28:Generated_Source\PSoC6\pdl\utilities\retarget_io/retarget.c ****     ***************************************************************************/
  29:Generated_Source\PSoC6\pdl\utilities\retarget_io/retarget.c ****     __attribute__((weak)) int fputc(int ch, FILE *f)
  30:Generated_Source\PSoC6\pdl\utilities\retarget_io/retarget.c ****     {
  31:Generated_Source\PSoC6\pdl\utilities\retarget_io/retarget.c ****         (void)f;
  32:Generated_Source\PSoC6\pdl\utilities\retarget_io/retarget.c ****     #if (STDOUT_CR_LF != 0)
  33:Generated_Source\PSoC6\pdl\utilities\retarget_io/retarget.c ****         if ((char)ch == '\n')
  34:Generated_Source\PSoC6\pdl\utilities\retarget_io/retarget.c ****         {
  35:Generated_Source\PSoC6\pdl\utilities\retarget_io/retarget.c ****             STDIO_PutChar('\r');
  36:Generated_Source\PSoC6\pdl\utilities\retarget_io/retarget.c ****         }
  37:Generated_Source\PSoC6\pdl\utilities\retarget_io/retarget.c ****     #endif /* STDOUT_CR_LF != 0 */
  38:Generated_Source\PSoC6\pdl\utilities\retarget_io/retarget.c ****         STDIO_PutChar(ch);
  39:Generated_Source\PSoC6\pdl\utilities\retarget_io/retarget.c ****         return (ch);
  40:Generated_Source\PSoC6\pdl\utilities\retarget_io/retarget.c ****     }
  41:Generated_Source\PSoC6\pdl\utilities\retarget_io/retarget.c **** #elif defined (__ICCARM__) /* IAR */
  42:Generated_Source\PSoC6\pdl\utilities\retarget_io/retarget.c ****     #include <yfuns.h>
  43:Generated_Source\PSoC6\pdl\utilities\retarget_io/retarget.c **** 
  44:Generated_Source\PSoC6\pdl\utilities\retarget_io/retarget.c ****     /***************************************************************************
  45:Generated_Source\PSoC6\pdl\utilities\retarget_io/retarget.c ****     * Function Name: __write
  46:Generated_Source\PSoC6\pdl\utilities\retarget_io/retarget.c ****     ***************************************************************************/
  47:Generated_Source\PSoC6\pdl\utilities\retarget_io/retarget.c ****     __weak size_t __write(int handle, const unsigned char * buffer, size_t size)
  48:Generated_Source\PSoC6\pdl\utilities\retarget_io/retarget.c ****     {
  49:Generated_Source\PSoC6\pdl\utilities\retarget_io/retarget.c ****         size_t nChars = 0;
  50:Generated_Source\PSoC6\pdl\utilities\retarget_io/retarget.c ****         /* This template only writes to "standard out", for all other file
  51:Generated_Source\PSoC6\pdl\utilities\retarget_io/retarget.c ****         * handles it returns failure. */
  52:Generated_Source\PSoC6\pdl\utilities\retarget_io/retarget.c ****         if (handle != _LLIO_STDOUT)
  53:Generated_Source\PSoC6\pdl\utilities\retarget_io/retarget.c ****         {
  54:Generated_Source\PSoC6\pdl\utilities\retarget_io/retarget.c ****             return (_LLIO_ERROR);
  55:Generated_Source\PSoC6\pdl\utilities\retarget_io/retarget.c ****         }
  56:Generated_Source\PSoC6\pdl\utilities\retarget_io/retarget.c ****         if (buffer != NULL)
  57:Generated_Source\PSoC6\pdl\utilities\retarget_io/retarget.c ****         {
  58:Generated_Source\PSoC6\pdl\utilities\retarget_io/retarget.c ****             for (/* Empty */; nChars < size; ++nChars)
  59:Generated_Source\PSoC6\pdl\utilities\retarget_io/retarget.c ****             {
  60:Generated_Source\PSoC6\pdl\utilities\retarget_io/retarget.c ****             #if (STDOUT_CR_LF != 0)
  61:Generated_Source\PSoC6\pdl\utilities\retarget_io/retarget.c ****                 if(*buffer == '\n')
  62:Generated_Source\PSoC6\pdl\utilities\retarget_io/retarget.c ****                 {
  63:Generated_Source\PSoC6\pdl\utilities\retarget_io/retarget.c ****                     STDIO_PutChar('\r');
  64:Generated_Source\PSoC6\pdl\utilities\retarget_io/retarget.c ****                 }
  65:Generated_Source\PSoC6\pdl\utilities\retarget_io/retarget.c ****             #endif /* STDOUT_CR_LF != 0 */
  66:Generated_Source\PSoC6\pdl\utilities\retarget_io/retarget.c ****                 STDIO_PutChar(*buffer);
  67:Generated_Source\PSoC6\pdl\utilities\retarget_io/retarget.c ****                 ++buffer;
  68:Generated_Source\PSoC6\pdl\utilities\retarget_io/retarget.c ****             }
  69:Generated_Source\PSoC6\pdl\utilities\retarget_io/retarget.c ****         }
  70:Generated_Source\PSoC6\pdl\utilities\retarget_io/retarget.c ****         return (nChars);
  71:Generated_Source\PSoC6\pdl\utilities\retarget_io/retarget.c ****     }
  72:Generated_Source\PSoC6\pdl\utilities\retarget_io/retarget.c **** #else /* (__GNUC__)  GCC */    
  73:Generated_Source\PSoC6\pdl\utilities\retarget_io/retarget.c ****     /* Add an explicit reference to the floating point printf library to allow
  74:Generated_Source\PSoC6\pdl\utilities\retarget_io/retarget.c ****     the usage of floating point conversion specifier. */
  75:Generated_Source\PSoC6\pdl\utilities\retarget_io/retarget.c ****     __asm (".global _printf_float");
  76:Generated_Source\PSoC6\pdl\utilities\retarget_io/retarget.c ****     /***************************************************************************
  77:Generated_Source\PSoC6\pdl\utilities\retarget_io/retarget.c ****     * Function Name: _write
  78:Generated_Source\PSoC6\pdl\utilities\retarget_io/retarget.c ****     ***************************************************************************/
  79:Generated_Source\PSoC6\pdl\utilities\retarget_io/retarget.c ****     __attribute__((weak)) int _write (int fd, const char *ptr, int len)
  80:Generated_Source\PSoC6\pdl\utilities\retarget_io/retarget.c ****     {
  33              		.loc 1 80 0
  34              		.cfi_startproc
ARM GAS  C:\Users\Austina\AppData\Local\Temp\ccfxif1d.s 			page 3


  35              		@ args = 0, pretend = 0, frame = 0
  36              		@ frame_needed = 0, uses_anonymous_args = 0
  37              	.LVL0:
  38 0000 70B5     		push	{r4, r5, r6, lr}
  39              		.cfi_def_cfa_offset 16
  40              		.cfi_offset 4, -16
  41              		.cfi_offset 5, -12
  42              		.cfi_offset 6, -8
  43              		.cfi_offset 14, -4
  44 0002 0D00     		movs	r5, r1
  45 0004 1600     		movs	r6, r2
  46              	.LVL1:
  81:Generated_Source\PSoC6\pdl\utilities\retarget_io/retarget.c ****         int nChars = 0;
  82:Generated_Source\PSoC6\pdl\utilities\retarget_io/retarget.c ****         (void)fd;
  83:Generated_Source\PSoC6\pdl\utilities\retarget_io/retarget.c ****         if (ptr != NULL)
  47              		.loc 1 83 0
  48 0006 0029     		cmp	r1, #0
  49 0008 07D1     		bne	.L5
  81:Generated_Source\PSoC6\pdl\utilities\retarget_io/retarget.c ****         int nChars = 0;
  50              		.loc 1 81 0
  51 000a 0024     		movs	r4, #0
  52 000c 08E0     		b	.L3
  53              	.LVL2:
  54              	.L4:
  84:Generated_Source\PSoC6\pdl\utilities\retarget_io/retarget.c ****         {
  85:Generated_Source\PSoC6\pdl\utilities\retarget_io/retarget.c ****             for (/* Empty */; nChars < len; ++nChars)
  86:Generated_Source\PSoC6\pdl\utilities\retarget_io/retarget.c ****             {
  87:Generated_Source\PSoC6\pdl\utilities\retarget_io/retarget.c ****             #if (STDOUT_CR_LF != 0)
  88:Generated_Source\PSoC6\pdl\utilities\retarget_io/retarget.c ****                 if(*ptr == '\n')
  89:Generated_Source\PSoC6\pdl\utilities\retarget_io/retarget.c ****                 {
  90:Generated_Source\PSoC6\pdl\utilities\retarget_io/retarget.c ****                     STDIO_PutChar('\r');
  91:Generated_Source\PSoC6\pdl\utilities\retarget_io/retarget.c ****                 }
  92:Generated_Source\PSoC6\pdl\utilities\retarget_io/retarget.c ****             #endif /* STDOUT_CR_LF != 0 */
  93:Generated_Source\PSoC6\pdl\utilities\retarget_io/retarget.c ****                 STDIO_PutChar((uint32_t)*ptr);
  55              		.loc 1 93 0 discriminator 2
  56 000e 2878     		ldrb	r0, [r5]
  57 0010 FFF7FEFF 		bl	STDIO_PutChar
  58              	.LVL3:
  94:Generated_Source\PSoC6\pdl\utilities\retarget_io/retarget.c ****                 ++ptr;
  59              		.loc 1 94 0 discriminator 2
  60 0014 0135     		adds	r5, r5, #1
  61              	.LVL4:
  85:Generated_Source\PSoC6\pdl\utilities\retarget_io/retarget.c ****             {
  62              		.loc 1 85 0 discriminator 2
  63 0016 0134     		adds	r4, r4, #1
  64              	.LVL5:
  65 0018 00E0     		b	.L2
  66              	.LVL6:
  67              	.L5:
  68 001a 0024     		movs	r4, #0
  69              	.LVL7:
  70              	.L2:
  85:Generated_Source\PSoC6\pdl\utilities\retarget_io/retarget.c ****             {
  71              		.loc 1 85 0 is_stmt 0 discriminator 1
  72 001c B442     		cmp	r4, r6
  73 001e F6DB     		blt	.L4
  74              	.LVL8:
ARM GAS  C:\Users\Austina\AppData\Local\Temp\ccfxif1d.s 			page 4


  75              	.L3:
  95:Generated_Source\PSoC6\pdl\utilities\retarget_io/retarget.c ****             }
  96:Generated_Source\PSoC6\pdl\utilities\retarget_io/retarget.c ****         }
  97:Generated_Source\PSoC6\pdl\utilities\retarget_io/retarget.c ****         return (nChars);
  98:Generated_Source\PSoC6\pdl\utilities\retarget_io/retarget.c ****     }
  76              		.loc 1 98 0 is_stmt 1
  77 0020 2000     		movs	r0, r4
  78              		@ sp needed
  79              	.LVL9:
  80              	.LVL10:
  81              	.LVL11:
  82 0022 70BD     		pop	{r4, r5, r6, pc}
  83              		.cfi_endproc
  84              	.LFE531:
  85              		.size	_write, .-_write
  86              		.section	.text._read,"ax",%progbits
  87              		.align	2
  88              		.weak	_read
  89              		.code	16
  90              		.thumb_func
  91              		.type	_read, %function
  92              	_read:
  93              	.LFB532:
  99:Generated_Source\PSoC6\pdl\utilities\retarget_io/retarget.c **** #endif
 100:Generated_Source\PSoC6\pdl\utilities\retarget_io/retarget.c **** 
 101:Generated_Source\PSoC6\pdl\utilities\retarget_io/retarget.c **** #endif /* IO_STDOUT_ENABLE */
 102:Generated_Source\PSoC6\pdl\utilities\retarget_io/retarget.c **** 
 103:Generated_Source\PSoC6\pdl\utilities\retarget_io/retarget.c **** #if defined(IO_STDIN_ENABLE)
 104:Generated_Source\PSoC6\pdl\utilities\retarget_io/retarget.c **** 
 105:Generated_Source\PSoC6\pdl\utilities\retarget_io/retarget.c **** #if defined(__ARMCC_VERSION) /* ARM-MDK */
 106:Generated_Source\PSoC6\pdl\utilities\retarget_io/retarget.c ****     /***************************************************************************
 107:Generated_Source\PSoC6\pdl\utilities\retarget_io/retarget.c ****     * Function Name: fgetc
 108:Generated_Source\PSoC6\pdl\utilities\retarget_io/retarget.c ****     ***************************************************************************/
 109:Generated_Source\PSoC6\pdl\utilities\retarget_io/retarget.c ****     __attribute__((weak)) int fgetc(FILE *f) 
 110:Generated_Source\PSoC6\pdl\utilities\retarget_io/retarget.c ****     {
 111:Generated_Source\PSoC6\pdl\utilities\retarget_io/retarget.c ****         (void)f;
 112:Generated_Source\PSoC6\pdl\utilities\retarget_io/retarget.c ****         return (STDIO_GetChar());
 113:Generated_Source\PSoC6\pdl\utilities\retarget_io/retarget.c ****     }
 114:Generated_Source\PSoC6\pdl\utilities\retarget_io/retarget.c **** #elif defined (__ICCARM__) /* IAR */
 115:Generated_Source\PSoC6\pdl\utilities\retarget_io/retarget.c ****     __weak size_t __read(int handle, unsigned char * buffer, size_t size)
 116:Generated_Source\PSoC6\pdl\utilities\retarget_io/retarget.c ****     {
 117:Generated_Source\PSoC6\pdl\utilities\retarget_io/retarget.c ****         /* This template only reads from "standard in", for all other file
 118:Generated_Source\PSoC6\pdl\utilities\retarget_io/retarget.c ****         handles it returns failure. */
 119:Generated_Source\PSoC6\pdl\utilities\retarget_io/retarget.c ****         if ((handle != _LLIO_STDIN) || (buffer == NULL))
 120:Generated_Source\PSoC6\pdl\utilities\retarget_io/retarget.c ****         {
 121:Generated_Source\PSoC6\pdl\utilities\retarget_io/retarget.c ****             return (_LLIO_ERROR);
 122:Generated_Source\PSoC6\pdl\utilities\retarget_io/retarget.c ****         }
 123:Generated_Source\PSoC6\pdl\utilities\retarget_io/retarget.c ****         else
 124:Generated_Source\PSoC6\pdl\utilities\retarget_io/retarget.c ****         {
 125:Generated_Source\PSoC6\pdl\utilities\retarget_io/retarget.c ****             *buffer = STDIO_GetChar();
 126:Generated_Source\PSoC6\pdl\utilities\retarget_io/retarget.c ****             return (1);
 127:Generated_Source\PSoC6\pdl\utilities\retarget_io/retarget.c ****         }
 128:Generated_Source\PSoC6\pdl\utilities\retarget_io/retarget.c ****     }
 129:Generated_Source\PSoC6\pdl\utilities\retarget_io/retarget.c **** #else /* (__GNUC__)  GCC */
 130:Generated_Source\PSoC6\pdl\utilities\retarget_io/retarget.c ****     /* Add an explicit reference to the floating point scanf library to allow
 131:Generated_Source\PSoC6\pdl\utilities\retarget_io/retarget.c ****     the usage of floating point conversion specifier. */
 132:Generated_Source\PSoC6\pdl\utilities\retarget_io/retarget.c ****     __asm (".global _scanf_float");
ARM GAS  C:\Users\Austina\AppData\Local\Temp\ccfxif1d.s 			page 5


 133:Generated_Source\PSoC6\pdl\utilities\retarget_io/retarget.c ****     __attribute__((weak)) int _read (int fd, char *ptr, int len)
 134:Generated_Source\PSoC6\pdl\utilities\retarget_io/retarget.c ****     {
  94              		.loc 1 134 0
  95              		.cfi_startproc
  96              		@ args = 0, pretend = 0, frame = 0
  97              		@ frame_needed = 0, uses_anonymous_args = 0
  98              	.LVL12:
  99 0000 70B5     		push	{r4, r5, r6, lr}
 100              		.cfi_def_cfa_offset 16
 101              		.cfi_offset 4, -16
 102              		.cfi_offset 5, -12
 103              		.cfi_offset 6, -8
 104              		.cfi_offset 14, -4
 105 0002 0D00     		movs	r5, r1
 106 0004 1600     		movs	r6, r2
 107              	.LVL13:
 135:Generated_Source\PSoC6\pdl\utilities\retarget_io/retarget.c ****         int nChars = 0;
 136:Generated_Source\PSoC6\pdl\utilities\retarget_io/retarget.c ****         (void)fd;
 137:Generated_Source\PSoC6\pdl\utilities\retarget_io/retarget.c ****         if (ptr != NULL)
 108              		.loc 1 137 0
 109 0006 0029     		cmp	r1, #0
 110 0008 0AD1     		bne	.L10
 135:Generated_Source\PSoC6\pdl\utilities\retarget_io/retarget.c ****         int nChars = 0;
 111              		.loc 1 135 0
 112 000a 0024     		movs	r4, #0
 113 000c 0BE0     		b	.L8
 114              	.LVL14:
 115              	.L9:
 138:Generated_Source\PSoC6\pdl\utilities\retarget_io/retarget.c ****         {
 139:Generated_Source\PSoC6\pdl\utilities\retarget_io/retarget.c ****             for(/* Empty */;nChars < len;++ptr)
 140:Generated_Source\PSoC6\pdl\utilities\retarget_io/retarget.c ****             {
 141:Generated_Source\PSoC6\pdl\utilities\retarget_io/retarget.c ****                 *ptr = (char)STDIO_GetChar();
 116              		.loc 1 141 0
 117 000e FFF7FEFF 		bl	STDIO_GetChar
 118              	.LVL15:
 119 0012 C0B2     		uxtb	r0, r0
 120 0014 2870     		strb	r0, [r5]
 142:Generated_Source\PSoC6\pdl\utilities\retarget_io/retarget.c ****                 ++nChars;
 121              		.loc 1 142 0
 122 0016 0134     		adds	r4, r4, #1
 123              	.LVL16:
 143:Generated_Source\PSoC6\pdl\utilities\retarget_io/retarget.c ****                 if(*ptr == '\n')
 124              		.loc 1 143 0
 125 0018 0A28     		cmp	r0, #10
 126 001a 04D0     		beq	.L8
 139:Generated_Source\PSoC6\pdl\utilities\retarget_io/retarget.c ****             {
 127              		.loc 1 139 0
 128 001c 0135     		adds	r5, r5, #1
 129              	.LVL17:
 130 001e 00E0     		b	.L7
 131              	.LVL18:
 132              	.L10:
 133 0020 0024     		movs	r4, #0
 134              	.LVL19:
 135              	.L7:
 139:Generated_Source\PSoC6\pdl\utilities\retarget_io/retarget.c ****             {
 136              		.loc 1 139 0 is_stmt 0 discriminator 1
ARM GAS  C:\Users\Austina\AppData\Local\Temp\ccfxif1d.s 			page 6


 137 0022 B442     		cmp	r4, r6
 138 0024 F3DB     		blt	.L9
 139              	.LVL20:
 140              	.L8:
 144:Generated_Source\PSoC6\pdl\utilities\retarget_io/retarget.c ****                 {
 145:Generated_Source\PSoC6\pdl\utilities\retarget_io/retarget.c ****                     break;
 146:Generated_Source\PSoC6\pdl\utilities\retarget_io/retarget.c ****                 }
 147:Generated_Source\PSoC6\pdl\utilities\retarget_io/retarget.c ****             }
 148:Generated_Source\PSoC6\pdl\utilities\retarget_io/retarget.c ****         }
 149:Generated_Source\PSoC6\pdl\utilities\retarget_io/retarget.c ****         return (nChars);
 150:Generated_Source\PSoC6\pdl\utilities\retarget_io/retarget.c ****     }
 141              		.loc 1 150 0 is_stmt 1
 142 0026 2000     		movs	r0, r4
 143              		@ sp needed
 144              	.LVL21:
 145              	.LVL22:
 146              	.LVL23:
 147 0028 70BD     		pop	{r4, r5, r6, pc}
 148              		.cfi_endproc
 149              	.LFE532:
 150              		.size	_read, .-_read
 151 002a C046     		.text
 152              	.Letext0:
 153              		.file 2 "c:\\program files (x86)\\cypress\\psoc creator\\4.2\\psoc creator\\import\\gnu\\arm\\5.4.
 154              		.file 3 "c:\\program files (x86)\\cypress\\psoc creator\\4.2\\psoc creator\\import\\gnu\\arm\\5.4.
 155              		.file 4 "Generated_Source\\PSoC6\\pdl\\drivers/peripheral/tcpwm/cy_tcpwm_pwm.h"
 156              		.file 5 "Generated_Source\\PSoC6\\pdl\\drivers/peripheral/scb/cy_scb_uart.h"
 157              		.file 6 "Generated_Source\\PSoC6/PWM.h"
 158              		.file 7 "Generated_Source\\PSoC6/PWM_1.h"
 159              		.file 8 "Generated_Source\\PSoC6/PWM_2.h"
 160              		.file 9 "Generated_Source\\PSoC6/UART_1.h"
 161              		.file 10 "./stdio_user.h"
 162              		.section	.debug_info,"",%progbits
 163              	.Ldebug_info0:
 164 0000 F4030000 		.4byte	0x3f4
 165 0004 0400     		.2byte	0x4
 166 0006 00000000 		.4byte	.Ldebug_abbrev0
 167 000a 04       		.byte	0x4
 168 000b 01       		.uleb128 0x1
 169 000c B8000000 		.4byte	.LASF70
 170 0010 0C       		.byte	0xc
 171 0011 56040000 		.4byte	.LASF71
 172 0015 94030000 		.4byte	.LASF72
 173 0019 00000000 		.4byte	.Ldebug_ranges0+0
 174 001d 00000000 		.4byte	0
 175 0021 00000000 		.4byte	.Ldebug_line0
 176 0025 02       		.uleb128 0x2
 177 0026 01       		.byte	0x1
 178 0027 06       		.byte	0x6
 179 0028 CC020000 		.4byte	.LASF0
 180 002c 02       		.uleb128 0x2
 181 002d 01       		.byte	0x1
 182 002e 08       		.byte	0x8
 183 002f 9D020000 		.4byte	.LASF1
 184 0033 02       		.uleb128 0x2
 185 0034 02       		.byte	0x2
 186 0035 05       		.byte	0x5
ARM GAS  C:\Users\Austina\AppData\Local\Temp\ccfxif1d.s 			page 7


 187 0036 7F000000 		.4byte	.LASF2
 188 003a 02       		.uleb128 0x2
 189 003b 02       		.byte	0x2
 190 003c 07       		.byte	0x7
 191 003d 20030000 		.4byte	.LASF3
 192 0041 02       		.uleb128 0x2
 193 0042 04       		.byte	0x4
 194 0043 05       		.byte	0x5
 195 0044 90010000 		.4byte	.LASF4
 196 0048 03       		.uleb128 0x3
 197 0049 6C010000 		.4byte	.LASF12
 198 004d 02       		.byte	0x2
 199 004e 41       		.byte	0x41
 200 004f 53000000 		.4byte	0x53
 201 0053 02       		.uleb128 0x2
 202 0054 04       		.byte	0x4
 203 0055 07       		.byte	0x7
 204 0056 6D030000 		.4byte	.LASF5
 205 005a 02       		.uleb128 0x2
 206 005b 08       		.byte	0x8
 207 005c 05       		.byte	0x5
 208 005d 30020000 		.4byte	.LASF6
 209 0061 02       		.uleb128 0x2
 210 0062 08       		.byte	0x8
 211 0063 07       		.byte	0x7
 212 0064 D8020000 		.4byte	.LASF7
 213 0068 04       		.uleb128 0x4
 214 0069 04       		.byte	0x4
 215 006a 05       		.byte	0x5
 216 006b 696E7400 		.ascii	"int\000"
 217 006f 02       		.uleb128 0x2
 218 0070 04       		.byte	0x4
 219 0071 07       		.byte	0x7
 220 0072 F8020000 		.4byte	.LASF8
 221 0076 02       		.uleb128 0x2
 222 0077 08       		.byte	0x8
 223 0078 04       		.byte	0x4
 224 0079 79020000 		.4byte	.LASF9
 225 007d 05       		.uleb128 0x5
 226 007e 04       		.byte	0x4
 227 007f 02       		.uleb128 0x2
 228 0080 04       		.byte	0x4
 229 0081 07       		.byte	0x7
 230 0082 97000000 		.4byte	.LASF10
 231 0086 06       		.uleb128 0x6
 232 0087 04       		.byte	0x4
 233 0088 8C000000 		.4byte	0x8c
 234 008c 02       		.uleb128 0x2
 235 008d 01       		.byte	0x1
 236 008e 08       		.byte	0x8
 237 008f 39030000 		.4byte	.LASF11
 238 0093 06       		.uleb128 0x6
 239 0094 04       		.byte	0x4
 240 0095 99000000 		.4byte	0x99
 241 0099 07       		.uleb128 0x7
 242 009a 8C000000 		.4byte	0x8c
 243 009e 03       		.uleb128 0x3
ARM GAS  C:\Users\Austina\AppData\Local\Temp\ccfxif1d.s 			page 8


 244 009f EF020000 		.4byte	.LASF13
 245 00a3 03       		.byte	0x3
 246 00a4 30       		.byte	0x30
 247 00a5 48000000 		.4byte	0x48
 248 00a9 08       		.uleb128 0x8
 249 00aa 9E000000 		.4byte	0x9e
 250 00ae 02       		.uleb128 0x2
 251 00af 04       		.byte	0x4
 252 00b0 04       		.byte	0x4
 253 00b1 0A020000 		.4byte	.LASF14
 254 00b5 02       		.uleb128 0x2
 255 00b6 08       		.byte	0x8
 256 00b7 04       		.byte	0x4
 257 00b8 7F030000 		.4byte	.LASF15
 258 00bc 02       		.uleb128 0x2
 259 00bd 01       		.byte	0x1
 260 00be 02       		.byte	0x2
 261 00bf 56030000 		.4byte	.LASF16
 262 00c3 09       		.uleb128 0x9
 263 00c4 54010000 		.4byte	.LASF44
 264 00c8 64       		.byte	0x64
 265 00c9 04       		.byte	0x4
 266 00ca 2B       		.byte	0x2b
 267 00cb FC010000 		.4byte	0x1fc
 268 00cf 0A       		.uleb128 0xa
 269 00d0 32040000 		.4byte	.LASF17
 270 00d4 04       		.byte	0x4
 271 00d5 2D       		.byte	0x2d
 272 00d6 9E000000 		.4byte	0x9e
 273 00da 00       		.byte	0
 274 00db 0A       		.uleb128 0xa
 275 00dc 0C000000 		.4byte	.LASF18
 276 00e0 04       		.byte	0x4
 277 00e1 2F       		.byte	0x2f
 278 00e2 9E000000 		.4byte	0x9e
 279 00e6 04       		.byte	0x4
 280 00e7 0A       		.uleb128 0xa
 281 00e8 99010000 		.4byte	.LASF19
 282 00ec 04       		.byte	0x4
 283 00ed 30       		.byte	0x30
 284 00ee 9E000000 		.4byte	0x9e
 285 00f2 08       		.byte	0x8
 286 00f3 0A       		.uleb128 0xa
 287 00f4 47030000 		.4byte	.LASF20
 288 00f8 04       		.byte	0x4
 289 00f9 31       		.byte	0x31
 290 00fa 9E000000 		.4byte	0x9e
 291 00fe 0C       		.byte	0xc
 292 00ff 0A       		.uleb128 0xa
 293 0100 3E020000 		.4byte	.LASF21
 294 0104 04       		.byte	0x4
 295 0105 32       		.byte	0x32
 296 0106 9E000000 		.4byte	0x9e
 297 010a 10       		.byte	0x10
 298 010b 0A       		.uleb128 0xa
 299 010c 10020000 		.4byte	.LASF22
 300 0110 04       		.byte	0x4
ARM GAS  C:\Users\Austina\AppData\Local\Temp\ccfxif1d.s 			page 9


 301 0111 33       		.byte	0x33
 302 0112 9E000000 		.4byte	0x9e
 303 0116 14       		.byte	0x14
 304 0117 0A       		.uleb128 0xa
 305 0118 18020000 		.4byte	.LASF23
 306 011c 04       		.byte	0x4
 307 011d 34       		.byte	0x34
 308 011e 9E000000 		.4byte	0x9e
 309 0122 18       		.byte	0x18
 310 0123 0A       		.uleb128 0xa
 311 0124 BB020000 		.4byte	.LASF24
 312 0128 04       		.byte	0x4
 313 0129 35       		.byte	0x35
 314 012a BC000000 		.4byte	0xbc
 315 012e 1C       		.byte	0x1c
 316 012f 0A       		.uleb128 0xa
 317 0130 2A000000 		.4byte	.LASF25
 318 0134 04       		.byte	0x4
 319 0135 36       		.byte	0x36
 320 0136 9E000000 		.4byte	0x9e
 321 013a 20       		.byte	0x20
 322 013b 0A       		.uleb128 0xa
 323 013c 33000000 		.4byte	.LASF26
 324 0140 04       		.byte	0x4
 325 0141 37       		.byte	0x37
 326 0142 9E000000 		.4byte	0x9e
 327 0146 24       		.byte	0x24
 328 0147 0A       		.uleb128 0xa
 329 0148 A6010000 		.4byte	.LASF27
 330 014c 04       		.byte	0x4
 331 014d 38       		.byte	0x38
 332 014e BC000000 		.4byte	0xbc
 333 0152 28       		.byte	0x28
 334 0153 0A       		.uleb128 0xa
 335 0154 5C030000 		.4byte	.LASF28
 336 0158 04       		.byte	0x4
 337 0159 3A       		.byte	0x3a
 338 015a 9E000000 		.4byte	0x9e
 339 015e 2C       		.byte	0x2c
 340 015f 0A       		.uleb128 0xa
 341 0160 6C020000 		.4byte	.LASF29
 342 0164 04       		.byte	0x4
 343 0165 3B       		.byte	0x3b
 344 0166 9E000000 		.4byte	0x9e
 345 016a 30       		.byte	0x30
 346 016b 0A       		.uleb128 0xa
 347 016c 12030000 		.4byte	.LASF30
 348 0170 04       		.byte	0x4
 349 0171 3C       		.byte	0x3c
 350 0172 9E000000 		.4byte	0x9e
 351 0176 34       		.byte	0x34
 352 0177 0A       		.uleb128 0xa
 353 0178 EC010000 		.4byte	.LASF31
 354 017c 04       		.byte	0x4
 355 017d 3D       		.byte	0x3d
 356 017e 9E000000 		.4byte	0x9e
 357 0182 38       		.byte	0x38
ARM GAS  C:\Users\Austina\AppData\Local\Temp\ccfxif1d.s 			page 10


 358 0183 0A       		.uleb128 0xa
 359 0184 86030000 		.4byte	.LASF32
 360 0188 04       		.byte	0x4
 361 0189 3E       		.byte	0x3e
 362 018a 9E000000 		.4byte	0x9e
 363 018e 3C       		.byte	0x3c
 364 018f 0A       		.uleb128 0xa
 365 0190 4A010000 		.4byte	.LASF33
 366 0194 04       		.byte	0x4
 367 0195 40       		.byte	0x40
 368 0196 9E000000 		.4byte	0x9e
 369 019a 40       		.byte	0x40
 370 019b 0A       		.uleb128 0xa
 371 019c 20020000 		.4byte	.LASF34
 372 01a0 04       		.byte	0x4
 373 01a1 41       		.byte	0x41
 374 01a2 9E000000 		.4byte	0x9e
 375 01a6 44       		.byte	0x44
 376 01a7 0A       		.uleb128 0xa
 377 01a8 00000000 		.4byte	.LASF35
 378 01ac 04       		.byte	0x4
 379 01ad 43       		.byte	0x43
 380 01ae 9E000000 		.4byte	0x9e
 381 01b2 48       		.byte	0x48
 382 01b3 0A       		.uleb128 0xa
 383 01b4 85020000 		.4byte	.LASF36
 384 01b8 04       		.byte	0x4
 385 01b9 44       		.byte	0x44
 386 01ba 9E000000 		.4byte	0x9e
 387 01be 4C       		.byte	0x4c
 388 01bf 0A       		.uleb128 0xa
 389 01c0 EC030000 		.4byte	.LASF37
 390 01c4 04       		.byte	0x4
 391 01c5 46       		.byte	0x46
 392 01c6 9E000000 		.4byte	0x9e
 393 01ca 50       		.byte	0x50
 394 01cb 0A       		.uleb128 0xa
 395 01cc D4010000 		.4byte	.LASF38
 396 01d0 04       		.byte	0x4
 397 01d1 47       		.byte	0x47
 398 01d2 9E000000 		.4byte	0x9e
 399 01d6 54       		.byte	0x54
 400 01d7 0A       		.uleb128 0xa
 401 01d8 E2010000 		.4byte	.LASF39
 402 01dc 04       		.byte	0x4
 403 01dd 49       		.byte	0x49
 404 01de 9E000000 		.4byte	0x9e
 405 01e2 58       		.byte	0x58
 406 01e3 0A       		.uleb128 0xa
 407 01e4 1B000000 		.4byte	.LASF40
 408 01e8 04       		.byte	0x4
 409 01e9 4A       		.byte	0x4a
 410 01ea 9E000000 		.4byte	0x9e
 411 01ee 5C       		.byte	0x5c
 412 01ef 0A       		.uleb128 0xa
 413 01f0 3A040000 		.4byte	.LASF41
 414 01f4 04       		.byte	0x4
ARM GAS  C:\Users\Austina\AppData\Local\Temp\ccfxif1d.s 			page 11


 415 01f5 4C       		.byte	0x4c
 416 01f6 9E000000 		.4byte	0x9e
 417 01fa 60       		.byte	0x60
 418 01fb 00       		.byte	0
 419 01fc 03       		.uleb128 0x3
 420 01fd 3C000000 		.4byte	.LASF42
 421 0201 04       		.byte	0x4
 422 0202 4D       		.byte	0x4d
 423 0203 C3000000 		.4byte	0xc3
 424 0207 06       		.uleb128 0x6
 425 0208 04       		.byte	0x4
 426 0209 0D020000 		.4byte	0x20d
 427 020d 0B       		.uleb128 0xb
 428 020e 18020000 		.4byte	0x218
 429 0212 0C       		.uleb128 0xc
 430 0213 9E000000 		.4byte	0x9e
 431 0217 00       		.byte	0
 432 0218 0D       		.uleb128 0xd
 433 0219 60000000 		.4byte	.LASF43
 434 021d 05       		.byte	0x5
 435 021e AB01     		.2byte	0x1ab
 436 0220 07020000 		.4byte	0x207
 437 0224 0E       		.uleb128 0xe
 438 0225 A0000000 		.4byte	.LASF45
 439 0229 38       		.byte	0x38
 440 022a 05       		.byte	0x5
 441 022b 4702     		.2byte	0x247
 442 022d E8020000 		.4byte	0x2e8
 443 0231 0F       		.uleb128 0xf
 444 0232 77010000 		.4byte	.LASF46
 445 0236 05       		.byte	0x5
 446 0237 4A02     		.2byte	0x24a
 447 0239 A9000000 		.4byte	0xa9
 448 023d 00       		.byte	0
 449 023e 0F       		.uleb128 0xf
 450 023f 94020000 		.4byte	.LASF47
 451 0243 05       		.byte	0x5
 452 0244 4B02     		.2byte	0x24b
 453 0246 A9000000 		.4byte	0xa9
 454 024a 04       		.byte	0x4
 455 024b 0F       		.uleb128 0xf
 456 024c AB020000 		.4byte	.LASF48
 457 0250 05       		.byte	0x5
 458 0251 4D02     		.2byte	0x24d
 459 0253 7D000000 		.4byte	0x7d
 460 0257 08       		.byte	0x8
 461 0258 0F       		.uleb128 0xf
 462 0259 46020000 		.4byte	.LASF49
 463 025d 05       		.byte	0x5
 464 025e 4E02     		.2byte	0x24e
 465 0260 9E000000 		.4byte	0x9e
 466 0264 0C       		.byte	0xc
 467 0265 0F       		.uleb128 0xf
 468 0266 FC010000 		.4byte	.LASF50
 469 026a 05       		.byte	0x5
 470 026b 4F02     		.2byte	0x24f
 471 026d A9000000 		.4byte	0xa9
ARM GAS  C:\Users\Austina\AppData\Local\Temp\ccfxif1d.s 			page 12


 472 0271 10       		.byte	0x10
 473 0272 0F       		.uleb128 0xf
 474 0273 19040000 		.4byte	.LASF51
 475 0277 05       		.byte	0x5
 476 0278 5002     		.2byte	0x250
 477 027a A9000000 		.4byte	0xa9
 478 027e 14       		.byte	0x14
 479 027f 0F       		.uleb128 0xf
 480 0280 33030000 		.4byte	.LASF52
 481 0284 05       		.byte	0x5
 482 0285 5202     		.2byte	0x252
 483 0287 7D000000 		.4byte	0x7d
 484 028b 18       		.byte	0x18
 485 028c 0F       		.uleb128 0xf
 486 028d 56000000 		.4byte	.LASF53
 487 0291 05       		.byte	0x5
 488 0292 5302     		.2byte	0x253
 489 0294 9E000000 		.4byte	0x9e
 490 0298 1C       		.byte	0x1c
 491 0299 0F       		.uleb128 0xf
 492 029a 87010000 		.4byte	.LASF54
 493 029e 05       		.byte	0x5
 494 029f 5402     		.2byte	0x254
 495 02a1 A9000000 		.4byte	0xa9
 496 02a5 20       		.byte	0x20
 497 02a6 0F       		.uleb128 0xf
 498 02a7 E6030000 		.4byte	.LASF55
 499 02ab 05       		.byte	0x5
 500 02ac 5602     		.2byte	0x256
 501 02ae 7D000000 		.4byte	0x7d
 502 02b2 24       		.byte	0x24
 503 02b3 0F       		.uleb128 0xf
 504 02b4 54020000 		.4byte	.LASF56
 505 02b8 05       		.byte	0x5
 506 02b9 5702     		.2byte	0x257
 507 02bb 9E000000 		.4byte	0x9e
 508 02bf 28       		.byte	0x28
 509 02c0 0F       		.uleb128 0xf
 510 02c1 45040000 		.4byte	.LASF57
 511 02c5 05       		.byte	0x5
 512 02c6 5802     		.2byte	0x258
 513 02c8 A9000000 		.4byte	0xa9
 514 02cc 2C       		.byte	0x2c
 515 02cd 0F       		.uleb128 0xf
 516 02ce 3E030000 		.4byte	.LASF58
 517 02d2 05       		.byte	0x5
 518 02d3 5D02     		.2byte	0x25d
 519 02d5 18020000 		.4byte	0x218
 520 02d9 30       		.byte	0x30
 521 02da 0F       		.uleb128 0xf
 522 02db F7030000 		.4byte	.LASF59
 523 02df 05       		.byte	0x5
 524 02e0 6002     		.2byte	0x260
 525 02e2 9E000000 		.4byte	0x9e
 526 02e6 34       		.byte	0x34
 527 02e7 00       		.byte	0
 528 02e8 0D       		.uleb128 0xd
ARM GAS  C:\Users\Austina\AppData\Local\Temp\ccfxif1d.s 			page 13


 529 02e9 FF030000 		.4byte	.LASF60
 530 02ed 05       		.byte	0x5
 531 02ee 6302     		.2byte	0x263
 532 02f0 24020000 		.4byte	0x224
 533 02f4 10       		.uleb128 0x10
 534 02f5 F5010000 		.4byte	.LASF61
 535 02f9 01       		.byte	0x1
 536 02fa 4F       		.byte	0x4f
 537 02fb 68000000 		.4byte	0x68
 538 02ff 00000000 		.4byte	.LFB531
 539 0303 24000000 		.4byte	.LFE531-.LFB531
 540 0307 01       		.uleb128 0x1
 541 0308 9C       		.byte	0x9c
 542 0309 52030000 		.4byte	0x352
 543 030d 11       		.uleb128 0x11
 544 030e 666400   		.ascii	"fd\000"
 545 0311 01       		.byte	0x1
 546 0312 4F       		.byte	0x4f
 547 0313 68000000 		.4byte	0x68
 548 0317 00000000 		.4byte	.LLST0
 549 031b 11       		.uleb128 0x11
 550 031c 70747200 		.ascii	"ptr\000"
 551 0320 01       		.byte	0x1
 552 0321 4F       		.byte	0x4f
 553 0322 93000000 		.4byte	0x93
 554 0326 3A000000 		.4byte	.LLST1
 555 032a 11       		.uleb128 0x11
 556 032b 6C656E00 		.ascii	"len\000"
 557 032f 01       		.byte	0x1
 558 0330 4F       		.byte	0x4f
 559 0331 68000000 		.4byte	0x68
 560 0335 6E000000 		.4byte	.LLST2
 561 0339 12       		.uleb128 0x12
 562 033a 80010000 		.4byte	.LASF63
 563 033e 01       		.byte	0x1
 564 033f 51       		.byte	0x51
 565 0340 68000000 		.4byte	0x68
 566 0344 B0000000 		.4byte	.LLST3
 567 0348 13       		.uleb128 0x13
 568 0349 14000000 		.4byte	.LVL3
 569 034d E1030000 		.4byte	0x3e1
 570 0351 00       		.byte	0
 571 0352 10       		.uleb128 0x10
 572 0353 B5020000 		.4byte	.LASF62
 573 0357 01       		.byte	0x1
 574 0358 85       		.byte	0x85
 575 0359 68000000 		.4byte	0x68
 576 035d 00000000 		.4byte	.LFB532
 577 0361 2A000000 		.4byte	.LFE532-.LFB532
 578 0365 01       		.uleb128 0x1
 579 0366 9C       		.byte	0x9c
 580 0367 B0030000 		.4byte	0x3b0
 581 036b 11       		.uleb128 0x11
 582 036c 666400   		.ascii	"fd\000"
 583 036f 01       		.byte	0x1
 584 0370 85       		.byte	0x85
 585 0371 68000000 		.4byte	0x68
ARM GAS  C:\Users\Austina\AppData\Local\Temp\ccfxif1d.s 			page 14


 586 0375 F1000000 		.4byte	.LLST4
 587 0379 11       		.uleb128 0x11
 588 037a 70747200 		.ascii	"ptr\000"
 589 037e 01       		.byte	0x1
 590 037f 85       		.byte	0x85
 591 0380 86000000 		.4byte	0x86
 592 0384 2B010000 		.4byte	.LLST5
 593 0388 11       		.uleb128 0x11
 594 0389 6C656E00 		.ascii	"len\000"
 595 038d 01       		.byte	0x1
 596 038e 85       		.byte	0x85
 597 038f 68000000 		.4byte	0x68
 598 0393 5F010000 		.4byte	.LLST6
 599 0397 12       		.uleb128 0x12
 600 0398 80010000 		.4byte	.LASF63
 601 039c 01       		.byte	0x1
 602 039d 87       		.byte	0x87
 603 039e 68000000 		.4byte	0x68
 604 03a2 A1010000 		.4byte	.LLST7
 605 03a6 13       		.uleb128 0x13
 606 03a7 12000000 		.4byte	.LVL15
 607 03ab EC030000 		.4byte	0x3ec
 608 03af 00       		.byte	0
 609 03b0 14       		.uleb128 0x14
 610 03b1 27040000 		.4byte	.LASF64
 611 03b5 06       		.byte	0x6
 612 03b6 1F       		.byte	0x1f
 613 03b7 BB030000 		.4byte	0x3bb
 614 03bb 07       		.uleb128 0x7
 615 03bc FC010000 		.4byte	0x1fc
 616 03c0 14       		.uleb128 0x14
 617 03c1 C7010000 		.4byte	.LASF65
 618 03c5 07       		.byte	0x7
 619 03c6 1F       		.byte	0x1f
 620 03c7 BB030000 		.4byte	0x3bb
 621 03cb 14       		.uleb128 0x14
 622 03cc 05030000 		.4byte	.LASF66
 623 03d0 08       		.byte	0x8
 624 03d1 1F       		.byte	0x1f
 625 03d2 BB030000 		.4byte	0x3bb
 626 03d6 14       		.uleb128 0x14
 627 03d7 B8010000 		.4byte	.LASF67
 628 03db 09       		.byte	0x9
 629 03dc 87       		.byte	0x87
 630 03dd E8020000 		.4byte	0x2e8
 631 03e1 15       		.uleb128 0x15
 632 03e2 5E020000 		.4byte	.LASF68
 633 03e6 5E020000 		.4byte	.LASF68
 634 03ea 0A       		.byte	0xa
 635 03eb AE       		.byte	0xae
 636 03ec 15       		.uleb128 0x15
 637 03ed 89000000 		.4byte	.LASF69
 638 03f1 89000000 		.4byte	.LASF69
 639 03f5 0A       		.byte	0xa
 640 03f6 B2       		.byte	0xb2
 641 03f7 00       		.byte	0
 642              		.section	.debug_abbrev,"",%progbits
ARM GAS  C:\Users\Austina\AppData\Local\Temp\ccfxif1d.s 			page 15


 643              	.Ldebug_abbrev0:
 644 0000 01       		.uleb128 0x1
 645 0001 11       		.uleb128 0x11
 646 0002 01       		.byte	0x1
 647 0003 25       		.uleb128 0x25
 648 0004 0E       		.uleb128 0xe
 649 0005 13       		.uleb128 0x13
 650 0006 0B       		.uleb128 0xb
 651 0007 03       		.uleb128 0x3
 652 0008 0E       		.uleb128 0xe
 653 0009 1B       		.uleb128 0x1b
 654 000a 0E       		.uleb128 0xe
 655 000b 55       		.uleb128 0x55
 656 000c 17       		.uleb128 0x17
 657 000d 11       		.uleb128 0x11
 658 000e 01       		.uleb128 0x1
 659 000f 10       		.uleb128 0x10
 660 0010 17       		.uleb128 0x17
 661 0011 00       		.byte	0
 662 0012 00       		.byte	0
 663 0013 02       		.uleb128 0x2
 664 0014 24       		.uleb128 0x24
 665 0015 00       		.byte	0
 666 0016 0B       		.uleb128 0xb
 667 0017 0B       		.uleb128 0xb
 668 0018 3E       		.uleb128 0x3e
 669 0019 0B       		.uleb128 0xb
 670 001a 03       		.uleb128 0x3
 671 001b 0E       		.uleb128 0xe
 672 001c 00       		.byte	0
 673 001d 00       		.byte	0
 674 001e 03       		.uleb128 0x3
 675 001f 16       		.uleb128 0x16
 676 0020 00       		.byte	0
 677 0021 03       		.uleb128 0x3
 678 0022 0E       		.uleb128 0xe
 679 0023 3A       		.uleb128 0x3a
 680 0024 0B       		.uleb128 0xb
 681 0025 3B       		.uleb128 0x3b
 682 0026 0B       		.uleb128 0xb
 683 0027 49       		.uleb128 0x49
 684 0028 13       		.uleb128 0x13
 685 0029 00       		.byte	0
 686 002a 00       		.byte	0
 687 002b 04       		.uleb128 0x4
 688 002c 24       		.uleb128 0x24
 689 002d 00       		.byte	0
 690 002e 0B       		.uleb128 0xb
 691 002f 0B       		.uleb128 0xb
 692 0030 3E       		.uleb128 0x3e
 693 0031 0B       		.uleb128 0xb
 694 0032 03       		.uleb128 0x3
 695 0033 08       		.uleb128 0x8
 696 0034 00       		.byte	0
 697 0035 00       		.byte	0
 698 0036 05       		.uleb128 0x5
 699 0037 0F       		.uleb128 0xf
ARM GAS  C:\Users\Austina\AppData\Local\Temp\ccfxif1d.s 			page 16


 700 0038 00       		.byte	0
 701 0039 0B       		.uleb128 0xb
 702 003a 0B       		.uleb128 0xb
 703 003b 00       		.byte	0
 704 003c 00       		.byte	0
 705 003d 06       		.uleb128 0x6
 706 003e 0F       		.uleb128 0xf
 707 003f 00       		.byte	0
 708 0040 0B       		.uleb128 0xb
 709 0041 0B       		.uleb128 0xb
 710 0042 49       		.uleb128 0x49
 711 0043 13       		.uleb128 0x13
 712 0044 00       		.byte	0
 713 0045 00       		.byte	0
 714 0046 07       		.uleb128 0x7
 715 0047 26       		.uleb128 0x26
 716 0048 00       		.byte	0
 717 0049 49       		.uleb128 0x49
 718 004a 13       		.uleb128 0x13
 719 004b 00       		.byte	0
 720 004c 00       		.byte	0
 721 004d 08       		.uleb128 0x8
 722 004e 35       		.uleb128 0x35
 723 004f 00       		.byte	0
 724 0050 49       		.uleb128 0x49
 725 0051 13       		.uleb128 0x13
 726 0052 00       		.byte	0
 727 0053 00       		.byte	0
 728 0054 09       		.uleb128 0x9
 729 0055 13       		.uleb128 0x13
 730 0056 01       		.byte	0x1
 731 0057 03       		.uleb128 0x3
 732 0058 0E       		.uleb128 0xe
 733 0059 0B       		.uleb128 0xb
 734 005a 0B       		.uleb128 0xb
 735 005b 3A       		.uleb128 0x3a
 736 005c 0B       		.uleb128 0xb
 737 005d 3B       		.uleb128 0x3b
 738 005e 0B       		.uleb128 0xb
 739 005f 01       		.uleb128 0x1
 740 0060 13       		.uleb128 0x13
 741 0061 00       		.byte	0
 742 0062 00       		.byte	0
 743 0063 0A       		.uleb128 0xa
 744 0064 0D       		.uleb128 0xd
 745 0065 00       		.byte	0
 746 0066 03       		.uleb128 0x3
 747 0067 0E       		.uleb128 0xe
 748 0068 3A       		.uleb128 0x3a
 749 0069 0B       		.uleb128 0xb
 750 006a 3B       		.uleb128 0x3b
 751 006b 0B       		.uleb128 0xb
 752 006c 49       		.uleb128 0x49
 753 006d 13       		.uleb128 0x13
 754 006e 38       		.uleb128 0x38
 755 006f 0B       		.uleb128 0xb
 756 0070 00       		.byte	0
ARM GAS  C:\Users\Austina\AppData\Local\Temp\ccfxif1d.s 			page 17


 757 0071 00       		.byte	0
 758 0072 0B       		.uleb128 0xb
 759 0073 15       		.uleb128 0x15
 760 0074 01       		.byte	0x1
 761 0075 27       		.uleb128 0x27
 762 0076 19       		.uleb128 0x19
 763 0077 01       		.uleb128 0x1
 764 0078 13       		.uleb128 0x13
 765 0079 00       		.byte	0
 766 007a 00       		.byte	0
 767 007b 0C       		.uleb128 0xc
 768 007c 05       		.uleb128 0x5
 769 007d 00       		.byte	0
 770 007e 49       		.uleb128 0x49
 771 007f 13       		.uleb128 0x13
 772 0080 00       		.byte	0
 773 0081 00       		.byte	0
 774 0082 0D       		.uleb128 0xd
 775 0083 16       		.uleb128 0x16
 776 0084 00       		.byte	0
 777 0085 03       		.uleb128 0x3
 778 0086 0E       		.uleb128 0xe
 779 0087 3A       		.uleb128 0x3a
 780 0088 0B       		.uleb128 0xb
 781 0089 3B       		.uleb128 0x3b
 782 008a 05       		.uleb128 0x5
 783 008b 49       		.uleb128 0x49
 784 008c 13       		.uleb128 0x13
 785 008d 00       		.byte	0
 786 008e 00       		.byte	0
 787 008f 0E       		.uleb128 0xe
 788 0090 13       		.uleb128 0x13
 789 0091 01       		.byte	0x1
 790 0092 03       		.uleb128 0x3
 791 0093 0E       		.uleb128 0xe
 792 0094 0B       		.uleb128 0xb
 793 0095 0B       		.uleb128 0xb
 794 0096 3A       		.uleb128 0x3a
 795 0097 0B       		.uleb128 0xb
 796 0098 3B       		.uleb128 0x3b
 797 0099 05       		.uleb128 0x5
 798 009a 01       		.uleb128 0x1
 799 009b 13       		.uleb128 0x13
 800 009c 00       		.byte	0
 801 009d 00       		.byte	0
 802 009e 0F       		.uleb128 0xf
 803 009f 0D       		.uleb128 0xd
 804 00a0 00       		.byte	0
 805 00a1 03       		.uleb128 0x3
 806 00a2 0E       		.uleb128 0xe
 807 00a3 3A       		.uleb128 0x3a
 808 00a4 0B       		.uleb128 0xb
 809 00a5 3B       		.uleb128 0x3b
 810 00a6 05       		.uleb128 0x5
 811 00a7 49       		.uleb128 0x49
 812 00a8 13       		.uleb128 0x13
 813 00a9 38       		.uleb128 0x38
ARM GAS  C:\Users\Austina\AppData\Local\Temp\ccfxif1d.s 			page 18


 814 00aa 0B       		.uleb128 0xb
 815 00ab 00       		.byte	0
 816 00ac 00       		.byte	0
 817 00ad 10       		.uleb128 0x10
 818 00ae 2E       		.uleb128 0x2e
 819 00af 01       		.byte	0x1
 820 00b0 3F       		.uleb128 0x3f
 821 00b1 19       		.uleb128 0x19
 822 00b2 03       		.uleb128 0x3
 823 00b3 0E       		.uleb128 0xe
 824 00b4 3A       		.uleb128 0x3a
 825 00b5 0B       		.uleb128 0xb
 826 00b6 3B       		.uleb128 0x3b
 827 00b7 0B       		.uleb128 0xb
 828 00b8 27       		.uleb128 0x27
 829 00b9 19       		.uleb128 0x19
 830 00ba 49       		.uleb128 0x49
 831 00bb 13       		.uleb128 0x13
 832 00bc 11       		.uleb128 0x11
 833 00bd 01       		.uleb128 0x1
 834 00be 12       		.uleb128 0x12
 835 00bf 06       		.uleb128 0x6
 836 00c0 40       		.uleb128 0x40
 837 00c1 18       		.uleb128 0x18
 838 00c2 9742     		.uleb128 0x2117
 839 00c4 19       		.uleb128 0x19
 840 00c5 01       		.uleb128 0x1
 841 00c6 13       		.uleb128 0x13
 842 00c7 00       		.byte	0
 843 00c8 00       		.byte	0
 844 00c9 11       		.uleb128 0x11
 845 00ca 05       		.uleb128 0x5
 846 00cb 00       		.byte	0
 847 00cc 03       		.uleb128 0x3
 848 00cd 08       		.uleb128 0x8
 849 00ce 3A       		.uleb128 0x3a
 850 00cf 0B       		.uleb128 0xb
 851 00d0 3B       		.uleb128 0x3b
 852 00d1 0B       		.uleb128 0xb
 853 00d2 49       		.uleb128 0x49
 854 00d3 13       		.uleb128 0x13
 855 00d4 02       		.uleb128 0x2
 856 00d5 17       		.uleb128 0x17
 857 00d6 00       		.byte	0
 858 00d7 00       		.byte	0
 859 00d8 12       		.uleb128 0x12
 860 00d9 34       		.uleb128 0x34
 861 00da 00       		.byte	0
 862 00db 03       		.uleb128 0x3
 863 00dc 0E       		.uleb128 0xe
 864 00dd 3A       		.uleb128 0x3a
 865 00de 0B       		.uleb128 0xb
 866 00df 3B       		.uleb128 0x3b
 867 00e0 0B       		.uleb128 0xb
 868 00e1 49       		.uleb128 0x49
 869 00e2 13       		.uleb128 0x13
 870 00e3 02       		.uleb128 0x2
ARM GAS  C:\Users\Austina\AppData\Local\Temp\ccfxif1d.s 			page 19


 871 00e4 17       		.uleb128 0x17
 872 00e5 00       		.byte	0
 873 00e6 00       		.byte	0
 874 00e7 13       		.uleb128 0x13
 875 00e8 898201   		.uleb128 0x4109
 876 00eb 00       		.byte	0
 877 00ec 11       		.uleb128 0x11
 878 00ed 01       		.uleb128 0x1
 879 00ee 31       		.uleb128 0x31
 880 00ef 13       		.uleb128 0x13
 881 00f0 00       		.byte	0
 882 00f1 00       		.byte	0
 883 00f2 14       		.uleb128 0x14
 884 00f3 34       		.uleb128 0x34
 885 00f4 00       		.byte	0
 886 00f5 03       		.uleb128 0x3
 887 00f6 0E       		.uleb128 0xe
 888 00f7 3A       		.uleb128 0x3a
 889 00f8 0B       		.uleb128 0xb
 890 00f9 3B       		.uleb128 0x3b
 891 00fa 0B       		.uleb128 0xb
 892 00fb 49       		.uleb128 0x49
 893 00fc 13       		.uleb128 0x13
 894 00fd 3F       		.uleb128 0x3f
 895 00fe 19       		.uleb128 0x19
 896 00ff 3C       		.uleb128 0x3c
 897 0100 19       		.uleb128 0x19
 898 0101 00       		.byte	0
 899 0102 00       		.byte	0
 900 0103 15       		.uleb128 0x15
 901 0104 2E       		.uleb128 0x2e
 902 0105 00       		.byte	0
 903 0106 3F       		.uleb128 0x3f
 904 0107 19       		.uleb128 0x19
 905 0108 3C       		.uleb128 0x3c
 906 0109 19       		.uleb128 0x19
 907 010a 6E       		.uleb128 0x6e
 908 010b 0E       		.uleb128 0xe
 909 010c 03       		.uleb128 0x3
 910 010d 0E       		.uleb128 0xe
 911 010e 3A       		.uleb128 0x3a
 912 010f 0B       		.uleb128 0xb
 913 0110 3B       		.uleb128 0x3b
 914 0111 0B       		.uleb128 0xb
 915 0112 00       		.byte	0
 916 0113 00       		.byte	0
 917 0114 00       		.byte	0
 918              		.section	.debug_loc,"",%progbits
 919              	.Ldebug_loc0:
 920              	.LLST0:
 921 0000 00000000 		.4byte	.LVL0
 922 0004 0E000000 		.4byte	.LVL2
 923 0008 0100     		.2byte	0x1
 924 000a 50       		.byte	0x50
 925 000b 0E000000 		.4byte	.LVL2
 926 000f 1A000000 		.4byte	.LVL6
 927 0013 0400     		.2byte	0x4
ARM GAS  C:\Users\Austina\AppData\Local\Temp\ccfxif1d.s 			page 20


 928 0015 F3       		.byte	0xf3
 929 0016 01       		.uleb128 0x1
 930 0017 50       		.byte	0x50
 931 0018 9F       		.byte	0x9f
 932 0019 1A000000 		.4byte	.LVL6
 933 001d 1C000000 		.4byte	.LVL7
 934 0021 0100     		.2byte	0x1
 935 0023 50       		.byte	0x50
 936 0024 1C000000 		.4byte	.LVL7
 937 0028 24000000 		.4byte	.LFE531
 938 002c 0400     		.2byte	0x4
 939 002e F3       		.byte	0xf3
 940 002f 01       		.uleb128 0x1
 941 0030 50       		.byte	0x50
 942 0031 9F       		.byte	0x9f
 943 0032 00000000 		.4byte	0
 944 0036 00000000 		.4byte	0
 945              	.LLST1:
 946 003a 00000000 		.4byte	.LVL0
 947 003e 0E000000 		.4byte	.LVL2
 948 0042 0100     		.2byte	0x1
 949 0044 51       		.byte	0x51
 950 0045 0E000000 		.4byte	.LVL2
 951 0049 1A000000 		.4byte	.LVL6
 952 004d 0100     		.2byte	0x1
 953 004f 55       		.byte	0x55
 954 0050 1A000000 		.4byte	.LVL6
 955 0054 1C000000 		.4byte	.LVL7
 956 0058 0100     		.2byte	0x1
 957 005a 51       		.byte	0x51
 958 005b 1C000000 		.4byte	.LVL7
 959 005f 22000000 		.4byte	.LVL10
 960 0063 0100     		.2byte	0x1
 961 0065 55       		.byte	0x55
 962 0066 00000000 		.4byte	0
 963 006a 00000000 		.4byte	0
 964              	.LLST2:
 965 006e 00000000 		.4byte	.LVL0
 966 0072 0E000000 		.4byte	.LVL2
 967 0076 0100     		.2byte	0x1
 968 0078 52       		.byte	0x52
 969 0079 0E000000 		.4byte	.LVL2
 970 007d 1A000000 		.4byte	.LVL6
 971 0081 0100     		.2byte	0x1
 972 0083 56       		.byte	0x56
 973 0084 1A000000 		.4byte	.LVL6
 974 0088 1C000000 		.4byte	.LVL7
 975 008c 0100     		.2byte	0x1
 976 008e 52       		.byte	0x52
 977 008f 1C000000 		.4byte	.LVL7
 978 0093 22000000 		.4byte	.LVL11
 979 0097 0100     		.2byte	0x1
 980 0099 56       		.byte	0x56
 981 009a 22000000 		.4byte	.LVL11
 982 009e 24000000 		.4byte	.LFE531
 983 00a2 0400     		.2byte	0x4
 984 00a4 F3       		.byte	0xf3
ARM GAS  C:\Users\Austina\AppData\Local\Temp\ccfxif1d.s 			page 21


 985 00a5 01       		.uleb128 0x1
 986 00a6 52       		.byte	0x52
 987 00a7 9F       		.byte	0x9f
 988 00a8 00000000 		.4byte	0
 989 00ac 00000000 		.4byte	0
 990              	.LLST3:
 991 00b0 06000000 		.4byte	.LVL1
 992 00b4 0E000000 		.4byte	.LVL2
 993 00b8 0200     		.2byte	0x2
 994 00ba 30       		.byte	0x30
 995 00bb 9F       		.byte	0x9f
 996 00bc 0E000000 		.4byte	.LVL2
 997 00c0 1A000000 		.4byte	.LVL6
 998 00c4 0100     		.2byte	0x1
 999 00c6 54       		.byte	0x54
 1000 00c7 1A000000 		.4byte	.LVL6
 1001 00cb 1C000000 		.4byte	.LVL7
 1002 00cf 0200     		.2byte	0x2
 1003 00d1 30       		.byte	0x30
 1004 00d2 9F       		.byte	0x9f
 1005 00d3 1C000000 		.4byte	.LVL7
 1006 00d7 22000000 		.4byte	.LVL9
 1007 00db 0100     		.2byte	0x1
 1008 00dd 54       		.byte	0x54
 1009 00de 22000000 		.4byte	.LVL9
 1010 00e2 24000000 		.4byte	.LFE531
 1011 00e6 0100     		.2byte	0x1
 1012 00e8 50       		.byte	0x50
 1013 00e9 00000000 		.4byte	0
 1014 00ed 00000000 		.4byte	0
 1015              	.LLST4:
 1016 00f1 00000000 		.4byte	.LVL12
 1017 00f5 0E000000 		.4byte	.LVL14
 1018 00f9 0100     		.2byte	0x1
 1019 00fb 50       		.byte	0x50
 1020 00fc 0E000000 		.4byte	.LVL14
 1021 0100 20000000 		.4byte	.LVL18
 1022 0104 0400     		.2byte	0x4
 1023 0106 F3       		.byte	0xf3
 1024 0107 01       		.uleb128 0x1
 1025 0108 50       		.byte	0x50
 1026 0109 9F       		.byte	0x9f
 1027 010a 20000000 		.4byte	.LVL18
 1028 010e 22000000 		.4byte	.LVL19
 1029 0112 0100     		.2byte	0x1
 1030 0114 50       		.byte	0x50
 1031 0115 22000000 		.4byte	.LVL19
 1032 0119 2A000000 		.4byte	.LFE532
 1033 011d 0400     		.2byte	0x4
 1034 011f F3       		.byte	0xf3
 1035 0120 01       		.uleb128 0x1
 1036 0121 50       		.byte	0x50
 1037 0122 9F       		.byte	0x9f
 1038 0123 00000000 		.4byte	0
 1039 0127 00000000 		.4byte	0
 1040              	.LLST5:
 1041 012b 00000000 		.4byte	.LVL12
ARM GAS  C:\Users\Austina\AppData\Local\Temp\ccfxif1d.s 			page 22


 1042 012f 0E000000 		.4byte	.LVL14
 1043 0133 0100     		.2byte	0x1
 1044 0135 51       		.byte	0x51
 1045 0136 0E000000 		.4byte	.LVL14
 1046 013a 20000000 		.4byte	.LVL18
 1047 013e 0100     		.2byte	0x1
 1048 0140 55       		.byte	0x55
 1049 0141 20000000 		.4byte	.LVL18
 1050 0145 22000000 		.4byte	.LVL19
 1051 0149 0100     		.2byte	0x1
 1052 014b 51       		.byte	0x51
 1053 014c 22000000 		.4byte	.LVL19
 1054 0150 28000000 		.4byte	.LVL22
 1055 0154 0100     		.2byte	0x1
 1056 0156 55       		.byte	0x55
 1057 0157 00000000 		.4byte	0
 1058 015b 00000000 		.4byte	0
 1059              	.LLST6:
 1060 015f 00000000 		.4byte	.LVL12
 1061 0163 0E000000 		.4byte	.LVL14
 1062 0167 0100     		.2byte	0x1
 1063 0169 52       		.byte	0x52
 1064 016a 0E000000 		.4byte	.LVL14
 1065 016e 20000000 		.4byte	.LVL18
 1066 0172 0100     		.2byte	0x1
 1067 0174 56       		.byte	0x56
 1068 0175 20000000 		.4byte	.LVL18
 1069 0179 22000000 		.4byte	.LVL19
 1070 017d 0100     		.2byte	0x1
 1071 017f 52       		.byte	0x52
 1072 0180 22000000 		.4byte	.LVL19
 1073 0184 28000000 		.4byte	.LVL23
 1074 0188 0100     		.2byte	0x1
 1075 018a 56       		.byte	0x56
 1076 018b 28000000 		.4byte	.LVL23
 1077 018f 2A000000 		.4byte	.LFE532
 1078 0193 0400     		.2byte	0x4
 1079 0195 F3       		.byte	0xf3
 1080 0196 01       		.uleb128 0x1
 1081 0197 52       		.byte	0x52
 1082 0198 9F       		.byte	0x9f
 1083 0199 00000000 		.4byte	0
 1084 019d 00000000 		.4byte	0
 1085              	.LLST7:
 1086 01a1 06000000 		.4byte	.LVL13
 1087 01a5 0E000000 		.4byte	.LVL14
 1088 01a9 0200     		.2byte	0x2
 1089 01ab 30       		.byte	0x30
 1090 01ac 9F       		.byte	0x9f
 1091 01ad 0E000000 		.4byte	.LVL14
 1092 01b1 20000000 		.4byte	.LVL18
 1093 01b5 0100     		.2byte	0x1
 1094 01b7 54       		.byte	0x54
 1095 01b8 20000000 		.4byte	.LVL18
 1096 01bc 22000000 		.4byte	.LVL19
 1097 01c0 0200     		.2byte	0x2
 1098 01c2 30       		.byte	0x30
ARM GAS  C:\Users\Austina\AppData\Local\Temp\ccfxif1d.s 			page 23


 1099 01c3 9F       		.byte	0x9f
 1100 01c4 22000000 		.4byte	.LVL19
 1101 01c8 28000000 		.4byte	.LVL21
 1102 01cc 0100     		.2byte	0x1
 1103 01ce 54       		.byte	0x54
 1104 01cf 28000000 		.4byte	.LVL21
 1105 01d3 2A000000 		.4byte	.LFE532
 1106 01d7 0100     		.2byte	0x1
 1107 01d9 50       		.byte	0x50
 1108 01da 00000000 		.4byte	0
 1109 01de 00000000 		.4byte	0
 1110              		.section	.debug_aranges,"",%progbits
 1111 0000 24000000 		.4byte	0x24
 1112 0004 0200     		.2byte	0x2
 1113 0006 00000000 		.4byte	.Ldebug_info0
 1114 000a 04       		.byte	0x4
 1115 000b 00       		.byte	0
 1116 000c 0000     		.2byte	0
 1117 000e 0000     		.2byte	0
 1118 0010 00000000 		.4byte	.LFB531
 1119 0014 24000000 		.4byte	.LFE531-.LFB531
 1120 0018 00000000 		.4byte	.LFB532
 1121 001c 2A000000 		.4byte	.LFE532-.LFB532
 1122 0020 00000000 		.4byte	0
 1123 0024 00000000 		.4byte	0
 1124              		.section	.debug_ranges,"",%progbits
 1125              	.Ldebug_ranges0:
 1126 0000 00000000 		.4byte	.LFB531
 1127 0004 24000000 		.4byte	.LFE531
 1128 0008 00000000 		.4byte	.LFB532
 1129 000c 2A000000 		.4byte	.LFE532
 1130 0010 00000000 		.4byte	0
 1131 0014 00000000 		.4byte	0
 1132              		.section	.debug_line,"",%progbits
 1133              	.Ldebug_line0:
 1134 0000 81020000 		.section	.debug_str,"MS",%progbits,1
 1134      02002C02 
 1134      00000201 
 1134      FB0E0D00 
 1134      01010101 
 1135              	.LASF35:
 1136 0000 72656C6F 		.ascii	"reloadInput\000"
 1136      6164496E 
 1136      70757400 
 1137              	.LASF18:
 1138 000c 636C6F63 		.ascii	"clockPrescaler\000"
 1138      6B507265 
 1138      7363616C 
 1138      657200
 1139              	.LASF40:
 1140 001b 636F756E 		.ascii	"countInputMode\000"
 1140      74496E70 
 1140      75744D6F 
 1140      646500
 1141              	.LASF25:
 1142 002a 636F6D70 		.ascii	"compare0\000"
 1142      61726530 
ARM GAS  C:\Users\Austina\AppData\Local\Temp\ccfxif1d.s 			page 24


 1142      00
 1143              	.LASF26:
 1144 0033 636F6D70 		.ascii	"compare1\000"
 1144      61726531 
 1144      00
 1145              	.LASF42:
 1146 003c 63795F73 		.ascii	"cy_stc_tcpwm_pwm_config_t\000"
 1146      74635F74 
 1146      6370776D 
 1146      5F70776D 
 1146      5F636F6E 
 1147              	.LASF53:
 1148 0056 72784275 		.ascii	"rxBufSize\000"
 1148      6653697A 
 1148      6500
 1149              	.LASF43:
 1150 0060 63795F63 		.ascii	"cy_cb_scb_uart_handle_events_t\000"
 1150      625F7363 
 1150      625F7561 
 1150      72745F68 
 1150      616E646C 
 1151              	.LASF2:
 1152 007f 73686F72 		.ascii	"short int\000"
 1152      7420696E 
 1152      7400
 1153              	.LASF69:
 1154 0089 53544449 		.ascii	"STDIO_GetChar\000"
 1154      4F5F4765 
 1154      74436861 
 1154      7200
 1155              	.LASF10:
 1156 0097 73697A65 		.ascii	"sizetype\000"
 1156      74797065 
 1156      00
 1157              	.LASF45:
 1158 00a0 63795F73 		.ascii	"cy_stc_scb_uart_context\000"
 1158      74635F73 
 1158      63625F75 
 1158      6172745F 
 1158      636F6E74 
 1159              	.LASF70:
 1160 00b8 474E5520 		.ascii	"GNU C11 5.4.1 20160609 (release) [ARM/embedded-5-br"
 1160      43313120 
 1160      352E342E 
 1160      31203230 
 1160      31363036 
 1161 00eb 616E6368 		.ascii	"anch revision 237715] -mcpu=cortex-m0plus -mthumb -"
 1161      20726576 
 1161      6973696F 
 1161      6E203233 
 1161      37373135 
 1162 011e 67202D4F 		.ascii	"g -Og -ffunction-sections -ffat-lto-objects\000"
 1162      67202D66 
 1162      66756E63 
 1162      74696F6E 
 1162      2D736563 
 1163              	.LASF33:
ARM GAS  C:\Users\Austina\AppData\Local\Temp\ccfxif1d.s 			page 25


 1164 014a 73776170 		.ascii	"swapInput\000"
 1164      496E7075 
 1164      7400
 1165              	.LASF44:
 1166 0154 63795F73 		.ascii	"cy_stc_tcpwm_pwm_config\000"
 1166      74635F74 
 1166      6370776D 
 1166      5F70776D 
 1166      5F636F6E 
 1167              	.LASF12:
 1168 016c 5F5F7569 		.ascii	"__uint32_t\000"
 1168      6E743332 
 1168      5F7400
 1169              	.LASF46:
 1170 0177 74785374 		.ascii	"txStatus\000"
 1170      61747573 
 1170      00
 1171              	.LASF63:
 1172 0180 6E436861 		.ascii	"nChars\000"
 1172      727300
 1173              	.LASF54:
 1174 0187 72784275 		.ascii	"rxBufIdx\000"
 1174      66496478 
 1174      00
 1175              	.LASF4:
 1176 0190 6C6F6E67 		.ascii	"long int\000"
 1176      20696E74 
 1176      00
 1177              	.LASF19:
 1178 0199 70776D41 		.ascii	"pwmAlignment\000"
 1178      6C69676E 
 1178      6D656E74 
 1178      00
 1179              	.LASF27:
 1180 01a6 656E6162 		.ascii	"enableCompareSwap\000"
 1180      6C65436F 
 1180      6D706172 
 1180      65537761 
 1180      7000
 1181              	.LASF67:
 1182 01b8 55415254 		.ascii	"UART_1_context\000"
 1182      5F315F63 
 1182      6F6E7465 
 1182      787400
 1183              	.LASF65:
 1184 01c7 50574D5F 		.ascii	"PWM_1_config\000"
 1184      315F636F 
 1184      6E666967 
 1184      00
 1185              	.LASF38:
 1186 01d4 6B696C6C 		.ascii	"killInputMode\000"
 1186      496E7075 
 1186      744D6F64 
 1186      6500
 1187              	.LASF39:
 1188 01e2 6B696C6C 		.ascii	"killInput\000"
 1188      496E7075 
ARM GAS  C:\Users\Austina\AppData\Local\Temp\ccfxif1d.s 			page 26


 1188      7400
 1189              	.LASF31:
 1190 01ec 6B696C6C 		.ascii	"killMode\000"
 1190      4D6F6465 
 1190      00
 1191              	.LASF61:
 1192 01f5 5F777269 		.ascii	"_write\000"
 1192      746500
 1193              	.LASF50:
 1194 01fc 72785269 		.ascii	"rxRingBufHead\000"
 1194      6E674275 
 1194      66486561 
 1194      6400
 1195              	.LASF14:
 1196 020a 666C6F61 		.ascii	"float\000"
 1196      7400
 1197              	.LASF22:
 1198 0210 70657269 		.ascii	"period0\000"
 1198      6F643000 
 1199              	.LASF23:
 1200 0218 70657269 		.ascii	"period1\000"
 1200      6F643100 
 1201              	.LASF34:
 1202 0220 72656C6F 		.ascii	"reloadInputMode\000"
 1202      6164496E 
 1202      7075744D 
 1202      6F646500 
 1203              	.LASF6:
 1204 0230 6C6F6E67 		.ascii	"long long int\000"
 1204      206C6F6E 
 1204      6720696E 
 1204      7400
 1205              	.LASF21:
 1206 023e 72756E4D 		.ascii	"runMode\000"
 1206      6F646500 
 1207              	.LASF49:
 1208 0246 72785269 		.ascii	"rxRingBufSize\000"
 1208      6E674275 
 1208      6653697A 
 1208      6500
 1209              	.LASF56:
 1210 0254 74784275 		.ascii	"txBufSize\000"
 1210      6653697A 
 1210      6500
 1211              	.LASF68:
 1212 025e 53544449 		.ascii	"STDIO_PutChar\000"
 1212      4F5F5075 
 1212      74436861 
 1212      7200
 1213              	.LASF29:
 1214 026c 696E7665 		.ascii	"invertPWMOut\000"
 1214      72745057 
 1214      4D4F7574 
 1214      00
 1215              	.LASF9:
 1216 0279 6C6F6E67 		.ascii	"long double\000"
 1216      20646F75 
ARM GAS  C:\Users\Austina\AppData\Local\Temp\ccfxif1d.s 			page 27


 1216      626C6500 
 1217              	.LASF36:
 1218 0285 73746172 		.ascii	"startInputMode\000"
 1218      74496E70 
 1218      75744D6F 
 1218      646500
 1219              	.LASF47:
 1220 0294 72785374 		.ascii	"rxStatus\000"
 1220      61747573 
 1220      00
 1221              	.LASF1:
 1222 029d 756E7369 		.ascii	"unsigned char\000"
 1222      676E6564 
 1222      20636861 
 1222      7200
 1223              	.LASF48:
 1224 02ab 72785269 		.ascii	"rxRingBuf\000"
 1224      6E674275 
 1224      6600
 1225              	.LASF62:
 1226 02b5 5F726561 		.ascii	"_read\000"
 1226      6400
 1227              	.LASF24:
 1228 02bb 656E6162 		.ascii	"enablePeriodSwap\000"
 1228      6C655065 
 1228      72696F64 
 1228      53776170 
 1228      00
 1229              	.LASF0:
 1230 02cc 7369676E 		.ascii	"signed char\000"
 1230      65642063 
 1230      68617200 
 1231              	.LASF7:
 1232 02d8 6C6F6E67 		.ascii	"long long unsigned int\000"
 1232      206C6F6E 
 1232      6720756E 
 1232      7369676E 
 1232      65642069 
 1233              	.LASF13:
 1234 02ef 75696E74 		.ascii	"uint32_t\000"
 1234      33325F74 
 1234      00
 1235              	.LASF8:
 1236 02f8 756E7369 		.ascii	"unsigned int\000"
 1236      676E6564 
 1236      20696E74 
 1236      00
 1237              	.LASF66:
 1238 0305 50574D5F 		.ascii	"PWM_2_config\000"
 1238      325F636F 
 1238      6E666967 
 1238      00
 1239              	.LASF30:
 1240 0312 696E7665 		.ascii	"invertPWMOutN\000"
 1240      72745057 
 1240      4D4F7574 
 1240      4E00
ARM GAS  C:\Users\Austina\AppData\Local\Temp\ccfxif1d.s 			page 28


 1241              	.LASF3:
 1242 0320 73686F72 		.ascii	"short unsigned int\000"
 1242      7420756E 
 1242      7369676E 
 1242      65642069 
 1242      6E7400
 1243              	.LASF52:
 1244 0333 72784275 		.ascii	"rxBuf\000"
 1244      6600
 1245              	.LASF11:
 1246 0339 63686172 		.ascii	"char\000"
 1246      00
 1247              	.LASF58:
 1248 033e 63624576 		.ascii	"cbEvents\000"
 1248      656E7473 
 1248      00
 1249              	.LASF20:
 1250 0347 64656164 		.ascii	"deadTimeClocks\000"
 1250      54696D65 
 1250      436C6F63 
 1250      6B7300
 1251              	.LASF16:
 1252 0356 5F426F6F 		.ascii	"_Bool\000"
 1252      6C00
 1253              	.LASF28:
 1254 035c 696E7465 		.ascii	"interruptSources\000"
 1254      72727570 
 1254      74536F75 
 1254      72636573 
 1254      00
 1255              	.LASF5:
 1256 036d 6C6F6E67 		.ascii	"long unsigned int\000"
 1256      20756E73 
 1256      69676E65 
 1256      6420696E 
 1256      7400
 1257              	.LASF15:
 1258 037f 646F7562 		.ascii	"double\000"
 1258      6C6500
 1259              	.LASF32:
 1260 0386 73776170 		.ascii	"swapInputMode\000"
 1260      496E7075 
 1260      744D6F64 
 1260      6500
 1261              	.LASF72:
 1262 0394 433A5C41 		.ascii	"C:\\Alen\\GitHub_Denzerek\\BLEControlledArm\\BLE_AR"
 1262      6C656E5C 
 1262      47697448 
 1262      75625F44 
 1262      656E7A65 
 1263 03c3 4D5F576F 		.ascii	"M_Workspace\\CapSensing_basic.cydsn\000"
 1263      726B7370 
 1263      6163655C 
 1263      43617053 
 1263      656E7369 
 1264              	.LASF55:
 1265 03e6 74784275 		.ascii	"txBuf\000"
ARM GAS  C:\Users\Austina\AppData\Local\Temp\ccfxif1d.s 			page 29


 1265      6600
 1266              	.LASF37:
 1267 03ec 73746172 		.ascii	"startInput\000"
 1267      74496E70 
 1267      757400
 1268              	.LASF59:
 1269 03f7 696E6974 		.ascii	"initKey\000"
 1269      4B657900 
 1270              	.LASF60:
 1271 03ff 63795F73 		.ascii	"cy_stc_scb_uart_context_t\000"
 1271      74635F73 
 1271      63625F75 
 1271      6172745F 
 1271      636F6E74 
 1272              	.LASF51:
 1273 0419 72785269 		.ascii	"rxRingBufTail\000"
 1273      6E674275 
 1273      66546169 
 1273      6C00
 1274              	.LASF64:
 1275 0427 50574D5F 		.ascii	"PWM_config\000"
 1275      636F6E66 
 1275      696700
 1276              	.LASF17:
 1277 0432 70776D4D 		.ascii	"pwmMode\000"
 1277      6F646500 
 1278              	.LASF41:
 1279 043a 636F756E 		.ascii	"countInput\000"
 1279      74496E70 
 1279      757400
 1280              	.LASF57:
 1281 0445 74784C65 		.ascii	"txLeftToTransmit\000"
 1281      6674546F 
 1281      5472616E 
 1281      736D6974 
 1281      00
 1282              	.LASF71:
 1283 0456 47656E65 		.ascii	"Generated_Source\\PSoC6\\pdl\\utilities\\retarget_i"
 1283      72617465 
 1283      645F536F 
 1283      75726365 
 1283      5C50536F 
 1284 0485 6F5C7265 		.ascii	"o\\retarget.c\000"
 1284      74617267 
 1284      65742E63 
 1284      00
 1285              		.ident	"GCC: (GNU Tools for ARM Embedded Processors) 5.4.1 20160609 (release) [ARM/embedded-5-bran
