ARM GAS  C:\Users\Austina\AppData\Local\Temp\ccFM3Mi6.s 			page 1


   1              		.syntax unified
   2              		.cpu cortex-m4
   3              		.eabi_attribute 27, 1
   4              		.fpu fpv4-sp-d16
   5              		.eabi_attribute 20, 1
   6              		.eabi_attribute 21, 1
   7              		.eabi_attribute 23, 3
   8              		.eabi_attribute 24, 1
   9              		.eabi_attribute 25, 1
  10              		.eabi_attribute 26, 1
  11              		.eabi_attribute 30, 1
  12              		.eabi_attribute 34, 1
  13              		.eabi_attribute 18, 4
  14              		.thumb
  15              		.syntax unified
  16              		.file	"BLE_custom_config.c"
  17              		.text
  18              	.Ltext0:
  19              		.cfi_sections	.debug_frame
  20              		.global	cy_ble_customConfig
  21              		.section	.rodata
  22              		.align	2
  23              		.type	cy_ble_customs, %object
  24              		.size	cy_ble_customs, 26
  25              	cy_ble_customs:
  26 0000 1000     		.short	16
  27 0002 1200     		.short	18
  28 0004 1300     		.short	19
  29 0006 1400     		.short	20
  30 0008 1600     		.short	22
  31 000a 1700     		.short	23
  32 000c 1800     		.short	24
  33 000e 1A00     		.short	26
  34 0010 1B00     		.short	27
  35 0012 0000     		.short	0
  36 0014 1D00     		.short	29
  37 0016 1E00     		.short	30
  38 0018 0000     		.short	0
  39              		.data
  40              		.align	2
  41              		.type	cy_ble_customConfig, %object
  42              		.size	cy_ble_customConfig, 4
  43              	cy_ble_customConfig:
  44 0000 00000000 		.word	cy_ble_customs
  45              		.text
  46              	.Letext0:
  47              		.file 1 "c:\\program files (x86)\\cypress\\psoc creator\\4.4\\psoc creator\\import\\gnu\\arm\\5.4.
  48              		.file 2 "c:\\program files (x86)\\cypress\\psoc creator\\4.4\\psoc creator\\import\\gnu\\arm\\5.4.
  49              		.file 3 "Generated_Source\\PSoC6\\pdl\\drivers/peripheral/device/cy_device.h"
  50              		.file 4 "Generated_Source\\PSoC6\\pdl\\middleware/ble/cy_ble_stack_host_main.h"
  51              		.file 5 "Generated_Source\\PSoC6\\pdl\\middleware/ble/cy_ble_stack_gatt.h"
  52              		.file 6 "Generated_Source\\PSoC6\\pdl\\middleware/ble/cy_ble_gap.h"
  53              		.file 7 "Generated_Source\\PSoC6\\pdl\\middleware/ble/cy_ble_custom.h"
  54              		.file 8 "Generated_Source\\PSoC6\\pdl\\cmsis/include/core_cm4.h"
  55              		.file 9 "Generated_Source\\PSoC6\\BLE_custom_config.c"
  56              		.section	.debug_info,"",%progbits
  57              	.Ldebug_info0:
ARM GAS  C:\Users\Austina\AppData\Local\Temp\ccFM3Mi6.s 			page 2


  58 0000 19070000 		.4byte	0x719
  59 0004 0400     		.2byte	0x4
  60 0006 00000000 		.4byte	.Ldebug_abbrev0
  61 000a 04       		.byte	0x4
  62 000b 01       		.uleb128 0x1
  63 000c FB050000 		.4byte	.LASF145
  64 0010 0C       		.byte	0xc
  65 0011 F5030000 		.4byte	.LASF146
  66 0015 BE060000 		.4byte	.LASF147
  67 0019 00000000 		.4byte	.Ldebug_line0
  68 001d 02       		.uleb128 0x2
  69 001e 04       		.byte	0x4
  70 001f 05       		.byte	0x5
  71 0020 696E7400 		.ascii	"int\000"
  72 0024 03       		.uleb128 0x3
  73 0025 04       		.byte	0x4
  74 0026 07       		.byte	0x7
  75 0027 60030000 		.4byte	.LASF0
  76 002b 03       		.uleb128 0x3
  77 002c 08       		.byte	0x8
  78 002d 05       		.byte	0x5
  79 002e 60010000 		.4byte	.LASF1
  80 0032 03       		.uleb128 0x3
  81 0033 08       		.byte	0x8
  82 0034 04       		.byte	0x4
  83 0035 53080000 		.4byte	.LASF2
  84 0039 03       		.uleb128 0x3
  85 003a 01       		.byte	0x1
  86 003b 06       		.byte	0x6
  87 003c 6E010000 		.4byte	.LASF3
  88 0040 04       		.uleb128 0x4
  89 0041 86000000 		.4byte	.LASF5
  90 0045 01       		.byte	0x1
  91 0046 1D       		.byte	0x1d
  92 0047 4B000000 		.4byte	0x4b
  93 004b 03       		.uleb128 0x3
  94 004c 01       		.byte	0x1
  95 004d 08       		.byte	0x8
  96 004e 8E070000 		.4byte	.LASF4
  97 0052 04       		.uleb128 0x4
  98 0053 F7020000 		.4byte	.LASF6
  99 0057 01       		.byte	0x1
 100 0058 29       		.byte	0x29
 101 0059 5D000000 		.4byte	0x5d
 102 005d 03       		.uleb128 0x3
 103 005e 02       		.byte	0x2
 104 005f 05       		.byte	0x5
 105 0060 B0070000 		.4byte	.LASF7
 106 0064 04       		.uleb128 0x4
 107 0065 7E080000 		.4byte	.LASF8
 108 0069 01       		.byte	0x1
 109 006a 2B       		.byte	0x2b
 110 006b 6F000000 		.4byte	0x6f
 111 006f 03       		.uleb128 0x3
 112 0070 02       		.byte	0x2
 113 0071 07       		.byte	0x7
 114 0072 F0080000 		.4byte	.LASF9
ARM GAS  C:\Users\Austina\AppData\Local\Temp\ccFM3Mi6.s 			page 3


 115 0076 04       		.uleb128 0x4
 116 0077 B5080000 		.4byte	.LASF10
 117 007b 01       		.byte	0x1
 118 007c 3F       		.byte	0x3f
 119 007d 81000000 		.4byte	0x81
 120 0081 03       		.uleb128 0x3
 121 0082 04       		.byte	0x4
 122 0083 05       		.byte	0x5
 123 0084 E2010000 		.4byte	.LASF11
 124 0088 04       		.uleb128 0x4
 125 0089 CD020000 		.4byte	.LASF12
 126 008d 01       		.byte	0x1
 127 008e 41       		.byte	0x41
 128 008f 93000000 		.4byte	0x93
 129 0093 03       		.uleb128 0x3
 130 0094 04       		.byte	0x4
 131 0095 07       		.byte	0x7
 132 0096 CF030000 		.4byte	.LASF13
 133 009a 03       		.uleb128 0x3
 134 009b 08       		.byte	0x8
 135 009c 07       		.byte	0x7
 136 009d E8000000 		.4byte	.LASF14
 137 00a1 03       		.uleb128 0x3
 138 00a2 04       		.byte	0x4
 139 00a3 07       		.byte	0x7
 140 00a4 25050000 		.4byte	.LASF15
 141 00a8 03       		.uleb128 0x3
 142 00a9 01       		.byte	0x1
 143 00aa 08       		.byte	0x8
 144 00ab 5F080000 		.4byte	.LASF16
 145 00af 04       		.uleb128 0x4
 146 00b0 B4090000 		.4byte	.LASF17
 147 00b4 02       		.byte	0x2
 148 00b5 18       		.byte	0x18
 149 00b6 40000000 		.4byte	0x40
 150 00ba 04       		.uleb128 0x4
 151 00bb 58010000 		.4byte	.LASF18
 152 00bf 02       		.byte	0x2
 153 00c0 20       		.byte	0x20
 154 00c1 52000000 		.4byte	0x52
 155 00c5 04       		.uleb128 0x4
 156 00c6 B4030000 		.4byte	.LASF19
 157 00ca 02       		.byte	0x2
 158 00cb 24       		.byte	0x24
 159 00cc 64000000 		.4byte	0x64
 160 00d0 04       		.uleb128 0x4
 161 00d1 86070000 		.4byte	.LASF20
 162 00d5 02       		.byte	0x2
 163 00d6 2C       		.byte	0x2c
 164 00d7 76000000 		.4byte	0x76
 165 00db 04       		.uleb128 0x4
 166 00dc 4A080000 		.4byte	.LASF21
 167 00e0 02       		.byte	0x2
 168 00e1 30       		.byte	0x30
 169 00e2 88000000 		.4byte	0x88
 170 00e6 05       		.uleb128 0x5
 171 00e7 B8       		.byte	0xb8
ARM GAS  C:\Users\Austina\AppData\Local\Temp\ccFM3Mi6.s 			page 4


 172 00e8 03       		.byte	0x3
 173 00e9 34       		.byte	0x34
 174 00ea F7040000 		.4byte	0x4f7
 175 00ee 06       		.uleb128 0x6
 176 00ef CF000000 		.4byte	.LASF22
 177 00f3 03       		.byte	0x3
 178 00f4 37       		.byte	0x37
 179 00f5 DB000000 		.4byte	0xdb
 180 00f9 00       		.byte	0
 181 00fa 06       		.uleb128 0x6
 182 00fb C2020000 		.4byte	.LASF23
 183 00ff 03       		.byte	0x3
 184 0100 38       		.byte	0x38
 185 0101 DB000000 		.4byte	0xdb
 186 0105 04       		.byte	0x4
 187 0106 06       		.uleb128 0x6
 188 0107 26020000 		.4byte	.LASF24
 189 010b 03       		.byte	0x3
 190 010c 39       		.byte	0x39
 191 010d DB000000 		.4byte	0xdb
 192 0111 08       		.byte	0x8
 193 0112 06       		.uleb128 0x6
 194 0113 4E070000 		.4byte	.LASF25
 195 0117 03       		.byte	0x3
 196 0118 3A       		.byte	0x3a
 197 0119 DB000000 		.4byte	0xdb
 198 011d 0C       		.byte	0xc
 199 011e 06       		.uleb128 0x6
 200 011f 8F010000 		.4byte	.LASF26
 201 0123 03       		.byte	0x3
 202 0124 3B       		.byte	0x3b
 203 0125 DB000000 		.4byte	0xdb
 204 0129 10       		.byte	0x10
 205 012a 06       		.uleb128 0x6
 206 012b D8010000 		.4byte	.LASF27
 207 012f 03       		.byte	0x3
 208 0130 3C       		.byte	0x3c
 209 0131 DB000000 		.4byte	0xdb
 210 0135 14       		.byte	0x14
 211 0136 06       		.uleb128 0x6
 212 0137 EC030000 		.4byte	.LASF28
 213 013b 03       		.byte	0x3
 214 013c 3D       		.byte	0x3d
 215 013d DB000000 		.4byte	0xdb
 216 0141 18       		.byte	0x18
 217 0142 06       		.uleb128 0x6
 218 0143 67000000 		.4byte	.LASF29
 219 0147 03       		.byte	0x3
 220 0148 3E       		.byte	0x3e
 221 0149 DB000000 		.4byte	0xdb
 222 014d 1C       		.byte	0x1c
 223 014e 06       		.uleb128 0x6
 224 014f 420A0000 		.4byte	.LASF30
 225 0153 03       		.byte	0x3
 226 0154 3F       		.byte	0x3f
 227 0155 DB000000 		.4byte	0xdb
 228 0159 20       		.byte	0x20
ARM GAS  C:\Users\Austina\AppData\Local\Temp\ccFM3Mi6.s 			page 5


 229 015a 06       		.uleb128 0x6
 230 015b E3050000 		.4byte	.LASF31
 231 015f 03       		.byte	0x3
 232 0160 40       		.byte	0x40
 233 0161 DB000000 		.4byte	0xdb
 234 0165 24       		.byte	0x24
 235 0166 06       		.uleb128 0x6
 236 0167 DA040000 		.4byte	.LASF32
 237 016b 03       		.byte	0x3
 238 016c 43       		.byte	0x43
 239 016d AF000000 		.4byte	0xaf
 240 0171 28       		.byte	0x28
 241 0172 06       		.uleb128 0x6
 242 0173 4D000000 		.4byte	.LASF33
 243 0177 03       		.byte	0x3
 244 0178 44       		.byte	0x44
 245 0179 AF000000 		.4byte	0xaf
 246 017d 29       		.byte	0x29
 247 017e 06       		.uleb128 0x6
 248 017f 380A0000 		.4byte	.LASF34
 249 0183 03       		.byte	0x3
 250 0184 45       		.byte	0x45
 251 0185 AF000000 		.4byte	0xaf
 252 0189 2A       		.byte	0x2a
 253 018a 06       		.uleb128 0x6
 254 018b D5050000 		.4byte	.LASF35
 255 018f 03       		.byte	0x3
 256 0190 46       		.byte	0x46
 257 0191 AF000000 		.4byte	0xaf
 258 0195 2B       		.byte	0x2b
 259 0196 06       		.uleb128 0x6
 260 0197 6A040000 		.4byte	.LASF36
 261 019b 03       		.byte	0x3
 262 019c 47       		.byte	0x47
 263 019d AF000000 		.4byte	0xaf
 264 01a1 2C       		.byte	0x2c
 265 01a2 06       		.uleb128 0x6
 266 01a3 CF080000 		.4byte	.LASF37
 267 01a7 03       		.byte	0x3
 268 01a8 48       		.byte	0x48
 269 01a9 AF000000 		.4byte	0xaf
 270 01ad 2D       		.byte	0x2d
 271 01ae 06       		.uleb128 0x6
 272 01af 98010000 		.4byte	.LASF38
 273 01b3 03       		.byte	0x3
 274 01b4 49       		.byte	0x49
 275 01b5 AF000000 		.4byte	0xaf
 276 01b9 2E       		.byte	0x2e
 277 01ba 06       		.uleb128 0x6
 278 01bb 04050000 		.4byte	.LASF39
 279 01bf 03       		.byte	0x3
 280 01c0 4A       		.byte	0x4a
 281 01c1 AF000000 		.4byte	0xaf
 282 01c5 2F       		.byte	0x2f
 283 01c6 06       		.uleb128 0x6
 284 01c7 64080000 		.4byte	.LASF40
 285 01cb 03       		.byte	0x3
ARM GAS  C:\Users\Austina\AppData\Local\Temp\ccFM3Mi6.s 			page 6


 286 01cc 4B       		.byte	0x4b
 287 01cd AF000000 		.4byte	0xaf
 288 01d1 30       		.byte	0x30
 289 01d2 06       		.uleb128 0x6
 290 01d3 E1030000 		.4byte	.LASF41
 291 01d7 03       		.byte	0x3
 292 01d8 4E       		.byte	0x4e
 293 01d9 AF000000 		.4byte	0xaf
 294 01dd 31       		.byte	0x31
 295 01de 06       		.uleb128 0x6
 296 01df 78000000 		.4byte	.LASF42
 297 01e3 03       		.byte	0x3
 298 01e4 4F       		.byte	0x4f
 299 01e5 AF000000 		.4byte	0xaf
 300 01e9 32       		.byte	0x32
 301 01ea 06       		.uleb128 0x6
 302 01eb 54030000 		.4byte	.LASF43
 303 01ef 03       		.byte	0x3
 304 01f0 50       		.byte	0x50
 305 01f1 AF000000 		.4byte	0xaf
 306 01f5 33       		.byte	0x33
 307 01f6 06       		.uleb128 0x6
 308 01f7 39050000 		.4byte	.LASF44
 309 01fb 03       		.byte	0x3
 310 01fc 51       		.byte	0x51
 311 01fd AF000000 		.4byte	0xaf
 312 0201 34       		.byte	0x34
 313 0202 06       		.uleb128 0x6
 314 0203 1A090000 		.4byte	.LASF45
 315 0207 03       		.byte	0x3
 316 0208 52       		.byte	0x52
 317 0209 BA000000 		.4byte	0xba
 318 020d 36       		.byte	0x36
 319 020e 06       		.uleb128 0x6
 320 020f 40020000 		.4byte	.LASF46
 321 0213 03       		.byte	0x3
 322 0214 53       		.byte	0x53
 323 0215 BA000000 		.4byte	0xba
 324 0219 38       		.byte	0x38
 325 021a 06       		.uleb128 0x6
 326 021b 69090000 		.4byte	.LASF47
 327 021f 03       		.byte	0x3
 328 0220 54       		.byte	0x54
 329 0221 BA000000 		.4byte	0xba
 330 0225 3A       		.byte	0x3a
 331 0226 06       		.uleb128 0x6
 332 0227 290A0000 		.4byte	.LASF48
 333 022b 03       		.byte	0x3
 334 022c 55       		.byte	0x55
 335 022d AF000000 		.4byte	0xaf
 336 0231 3C       		.byte	0x3c
 337 0232 06       		.uleb128 0x6
 338 0233 67020000 		.4byte	.LASF49
 339 0237 03       		.byte	0x3
 340 0238 56       		.byte	0x56
 341 0239 AF000000 		.4byte	0xaf
 342 023d 3D       		.byte	0x3d
ARM GAS  C:\Users\Austina\AppData\Local\Temp\ccFM3Mi6.s 			page 7


 343 023e 06       		.uleb128 0x6
 344 023f 2C080000 		.4byte	.LASF50
 345 0243 03       		.byte	0x3
 346 0244 57       		.byte	0x57
 347 0245 AF000000 		.4byte	0xaf
 348 0249 3E       		.byte	0x3e
 349 024a 06       		.uleb128 0x6
 350 024b 5B000000 		.4byte	.LASF51
 351 024f 03       		.byte	0x3
 352 0250 58       		.byte	0x58
 353 0251 AF000000 		.4byte	0xaf
 354 0255 3F       		.byte	0x3f
 355 0256 06       		.uleb128 0x6
 356 0257 EE050000 		.4byte	.LASF52
 357 025b 03       		.byte	0x3
 358 025c 59       		.byte	0x59
 359 025d AF000000 		.4byte	0xaf
 360 0261 40       		.byte	0x40
 361 0262 06       		.uleb128 0x6
 362 0263 E7020000 		.4byte	.LASF53
 363 0267 03       		.byte	0x3
 364 0268 5A       		.byte	0x5a
 365 0269 AF000000 		.4byte	0xaf
 366 026d 41       		.byte	0x41
 367 026e 06       		.uleb128 0x6
 368 026f 86040000 		.4byte	.LASF54
 369 0273 03       		.byte	0x3
 370 0274 5B       		.byte	0x5b
 371 0275 AF000000 		.4byte	0xaf
 372 0279 42       		.byte	0x42
 373 027a 06       		.uleb128 0x6
 374 027b B3050000 		.4byte	.LASF55
 375 027f 03       		.byte	0x3
 376 0280 5C       		.byte	0x5c
 377 0281 AF000000 		.4byte	0xaf
 378 0285 43       		.byte	0x43
 379 0286 06       		.uleb128 0x6
 380 0287 2F020000 		.4byte	.LASF56
 381 028b 03       		.byte	0x3
 382 028c 5D       		.byte	0x5d
 383 028d AF000000 		.4byte	0xaf
 384 0291 44       		.byte	0x44
 385 0292 06       		.uleb128 0x6
 386 0293 00000000 		.4byte	.LASF57
 387 0297 03       		.byte	0x3
 388 0298 5E       		.byte	0x5e
 389 0299 DB000000 		.4byte	0xdb
 390 029d 48       		.byte	0x48
 391 029e 06       		.uleb128 0x6
 392 029f 02020000 		.4byte	.LASF58
 393 02a3 03       		.byte	0x3
 394 02a4 5F       		.byte	0x5f
 395 02a5 DB000000 		.4byte	0xdb
 396 02a9 4C       		.byte	0x4c
 397 02aa 06       		.uleb128 0x6
 398 02ab B80A0000 		.4byte	.LASF59
 399 02af 03       		.byte	0x3
ARM GAS  C:\Users\Austina\AppData\Local\Temp\ccFM3Mi6.s 			page 8


 400 02b0 60       		.byte	0x60
 401 02b1 AF000000 		.4byte	0xaf
 402 02b5 50       		.byte	0x50
 403 02b6 06       		.uleb128 0x6
 404 02b7 32010000 		.4byte	.LASF60
 405 02bb 03       		.byte	0x3
 406 02bc 61       		.byte	0x61
 407 02bd AF000000 		.4byte	0xaf
 408 02c1 51       		.byte	0x51
 409 02c2 06       		.uleb128 0x6
 410 02c3 AE060000 		.4byte	.LASF61
 411 02c7 03       		.byte	0x3
 412 02c8 62       		.byte	0x62
 413 02c9 AF000000 		.4byte	0xaf
 414 02cd 52       		.byte	0x52
 415 02ce 06       		.uleb128 0x6
 416 02cf 600A0000 		.4byte	.LASF62
 417 02d3 03       		.byte	0x3
 418 02d4 63       		.byte	0x63
 419 02d5 AF000000 		.4byte	0xaf
 420 02d9 53       		.byte	0x53
 421 02da 06       		.uleb128 0x6
 422 02db 3A080000 		.4byte	.LASF63
 423 02df 03       		.byte	0x3
 424 02e0 64       		.byte	0x64
 425 02e1 AF000000 		.4byte	0xaf
 426 02e5 54       		.byte	0x54
 427 02e6 06       		.uleb128 0x6
 428 02e7 44010000 		.4byte	.LASF64
 429 02eb 03       		.byte	0x3
 430 02ec 65       		.byte	0x65
 431 02ed AF000000 		.4byte	0xaf
 432 02f1 55       		.byte	0x55
 433 02f2 06       		.uleb128 0x6
 434 02f3 DC080000 		.4byte	.LASF65
 435 02f7 03       		.byte	0x3
 436 02f8 66       		.byte	0x66
 437 02f9 AF000000 		.4byte	0xaf
 438 02fd 56       		.byte	0x56
 439 02fe 06       		.uleb128 0x6
 440 02ff E8070000 		.4byte	.LASF66
 441 0303 03       		.byte	0x3
 442 0304 67       		.byte	0x67
 443 0305 AF000000 		.4byte	0xaf
 444 0309 57       		.byte	0x57
 445 030a 06       		.uleb128 0x6
 446 030b 12000000 		.4byte	.LASF67
 447 030f 03       		.byte	0x3
 448 0310 68       		.byte	0x68
 449 0311 AF000000 		.4byte	0xaf
 450 0315 58       		.byte	0x58
 451 0316 06       		.uleb128 0x6
 452 0317 9C070000 		.4byte	.LASF68
 453 031b 03       		.byte	0x3
 454 031c 69       		.byte	0x69
 455 031d AF000000 		.4byte	0xaf
 456 0321 59       		.byte	0x59
ARM GAS  C:\Users\Austina\AppData\Local\Temp\ccFM3Mi6.s 			page 9


 457 0322 06       		.uleb128 0x6
 458 0323 2E050000 		.4byte	.LASF69
 459 0327 03       		.byte	0x3
 460 0328 6E       		.byte	0x6e
 461 0329 C5000000 		.4byte	0xc5
 462 032d 5A       		.byte	0x5a
 463 032e 06       		.uleb128 0x6
 464 032f 03090000 		.4byte	.LASF70
 465 0333 03       		.byte	0x3
 466 0334 6F       		.byte	0x6f
 467 0335 C5000000 		.4byte	0xc5
 468 0339 5C       		.byte	0x5c
 469 033a 06       		.uleb128 0x6
 470 033b D9000000 		.4byte	.LASF71
 471 033f 03       		.byte	0x3
 472 0340 70       		.byte	0x70
 473 0341 AF000000 		.4byte	0xaf
 474 0345 5E       		.byte	0x5e
 475 0346 06       		.uleb128 0x6
 476 0347 38070000 		.4byte	.LASF72
 477 034b 03       		.byte	0x3
 478 034c 71       		.byte	0x71
 479 034d AF000000 		.4byte	0xaf
 480 0351 5F       		.byte	0x5f
 481 0352 06       		.uleb128 0x6
 482 0353 A2050000 		.4byte	.LASF73
 483 0357 03       		.byte	0x3
 484 0358 72       		.byte	0x72
 485 0359 AF000000 		.4byte	0xaf
 486 035d 60       		.byte	0x60
 487 035e 06       		.uleb128 0x6
 488 035f 11070000 		.4byte	.LASF74
 489 0363 03       		.byte	0x3
 490 0364 73       		.byte	0x73
 491 0365 DB000000 		.4byte	0xdb
 492 0369 64       		.byte	0x64
 493 036a 06       		.uleb128 0x6
 494 036b FF000000 		.4byte	.LASF75
 495 036f 03       		.byte	0x3
 496 0370 76       		.byte	0x76
 497 0371 C5000000 		.4byte	0xc5
 498 0375 68       		.byte	0x68
 499 0376 06       		.uleb128 0x6
 500 0377 BD030000 		.4byte	.LASF76
 501 037b 03       		.byte	0x3
 502 037c 77       		.byte	0x77
 503 037d C5000000 		.4byte	0xc5
 504 0381 6A       		.byte	0x6a
 505 0382 06       		.uleb128 0x6
 506 0383 20040000 		.4byte	.LASF77
 507 0387 03       		.byte	0x3
 508 0388 78       		.byte	0x78
 509 0389 C5000000 		.4byte	0xc5
 510 038d 6C       		.byte	0x6c
 511 038e 06       		.uleb128 0x6
 512 038f 5D040000 		.4byte	.LASF78
 513 0393 03       		.byte	0x3
ARM GAS  C:\Users\Austina\AppData\Local\Temp\ccFM3Mi6.s 			page 10


 514 0394 79       		.byte	0x79
 515 0395 C5000000 		.4byte	0xc5
 516 0399 6E       		.byte	0x6e
 517 039a 06       		.uleb128 0x6
 518 039b D4070000 		.4byte	.LASF79
 519 039f 03       		.byte	0x3
 520 03a0 7B       		.byte	0x7b
 521 03a1 AF000000 		.4byte	0xaf
 522 03a5 70       		.byte	0x70
 523 03a6 06       		.uleb128 0x6
 524 03a7 7A010000 		.4byte	.LASF80
 525 03ab 03       		.byte	0x3
 526 03ac 7C       		.byte	0x7c
 527 03ad AF000000 		.4byte	0xaf
 528 03b1 71       		.byte	0x71
 529 03b2 06       		.uleb128 0x6
 530 03b3 4A0A0000 		.4byte	.LASF81
 531 03b7 03       		.byte	0x3
 532 03b8 7D       		.byte	0x7d
 533 03b9 AF000000 		.4byte	0xaf
 534 03bd 72       		.byte	0x72
 535 03be 06       		.uleb128 0x6
 536 03bf 69050000 		.4byte	.LASF82
 537 03c3 03       		.byte	0x3
 538 03c4 7E       		.byte	0x7e
 539 03c5 AF000000 		.4byte	0xaf
 540 03c9 73       		.byte	0x73
 541 03ca 06       		.uleb128 0x6
 542 03cb 72020000 		.4byte	.LASF83
 543 03cf 03       		.byte	0x3
 544 03d0 80       		.byte	0x80
 545 03d1 C5000000 		.4byte	0xc5
 546 03d5 74       		.byte	0x74
 547 03d6 06       		.uleb128 0x6
 548 03d7 A2080000 		.4byte	.LASF84
 549 03db 03       		.byte	0x3
 550 03dc 81       		.byte	0x81
 551 03dd C5000000 		.4byte	0xc5
 552 03e1 76       		.byte	0x76
 553 03e2 06       		.uleb128 0x6
 554 03e3 52020000 		.4byte	.LASF85
 555 03e7 03       		.byte	0x3
 556 03e8 82       		.byte	0x82
 557 03e9 C5000000 		.4byte	0xc5
 558 03ed 78       		.byte	0x78
 559 03ee 06       		.uleb128 0x6
 560 03ef 90000000 		.4byte	.LASF86
 561 03f3 03       		.byte	0x3
 562 03f4 83       		.byte	0x83
 563 03f5 C5000000 		.4byte	0xc5
 564 03f9 7A       		.byte	0x7a
 565 03fa 06       		.uleb128 0x6
 566 03fb D1090000 		.4byte	.LASF87
 567 03ff 03       		.byte	0x3
 568 0400 86       		.byte	0x86
 569 0401 AF000000 		.4byte	0xaf
 570 0405 7C       		.byte	0x7c
ARM GAS  C:\Users\Austina\AppData\Local\Temp\ccFM3Mi6.s 			page 11


 571 0406 06       		.uleb128 0x6
 572 0407 27090000 		.4byte	.LASF88
 573 040b 03       		.byte	0x3
 574 040c 87       		.byte	0x87
 575 040d AF000000 		.4byte	0xaf
 576 0411 7D       		.byte	0x7d
 577 0412 06       		.uleb128 0x6
 578 0413 26000000 		.4byte	.LASF89
 579 0417 03       		.byte	0x3
 580 0418 88       		.byte	0x88
 581 0419 AF000000 		.4byte	0xaf
 582 041d 7E       		.byte	0x7e
 583 041e 06       		.uleb128 0x6
 584 041f AE020000 		.4byte	.LASF90
 585 0423 03       		.byte	0x3
 586 0424 89       		.byte	0x89
 587 0425 AF000000 		.4byte	0xaf
 588 0429 7F       		.byte	0x7f
 589 042a 06       		.uleb128 0x6
 590 042b 40030000 		.4byte	.LASF91
 591 042f 03       		.byte	0x3
 592 0430 8A       		.byte	0x8a
 593 0431 AF000000 		.4byte	0xaf
 594 0435 80       		.byte	0x80
 595 0436 06       		.uleb128 0x6
 596 0437 BD040000 		.4byte	.LASF92
 597 043b 03       		.byte	0x3
 598 043c 8D       		.byte	0x8d
 599 043d DB000000 		.4byte	0xdb
 600 0441 84       		.byte	0x84
 601 0442 06       		.uleb128 0x6
 602 0443 EB010000 		.4byte	.LASF93
 603 0447 03       		.byte	0x3
 604 0448 8E       		.byte	0x8e
 605 0449 DB000000 		.4byte	0xdb
 606 044d 88       		.byte	0x88
 607 044e 06       		.uleb128 0x6
 608 044f BC090000 		.4byte	.LASF94
 609 0453 03       		.byte	0x3
 610 0454 8F       		.byte	0x8f
 611 0455 DB000000 		.4byte	0xdb
 612 0459 8C       		.byte	0x8c
 613 045a 06       		.uleb128 0x6
 614 045b 10050000 		.4byte	.LASF95
 615 045f 03       		.byte	0x3
 616 0460 90       		.byte	0x90
 617 0461 DB000000 		.4byte	0xdb
 618 0465 90       		.byte	0x90
 619 0466 06       		.uleb128 0x6
 620 0467 01030000 		.4byte	.LASF96
 621 046b 03       		.byte	0x3
 622 046c 91       		.byte	0x91
 623 046d DB000000 		.4byte	0xdb
 624 0471 94       		.byte	0x94
 625 0472 06       		.uleb128 0x6
 626 0473 A7040000 		.4byte	.LASF97
 627 0477 03       		.byte	0x3
ARM GAS  C:\Users\Austina\AppData\Local\Temp\ccFM3Mi6.s 			page 12


 628 0478 92       		.byte	0x92
 629 0479 DB000000 		.4byte	0xdb
 630 047d 98       		.byte	0x98
 631 047e 06       		.uleb128 0x6
 632 047f 0A0A0000 		.4byte	.LASF98
 633 0483 03       		.byte	0x3
 634 0484 93       		.byte	0x93
 635 0485 DB000000 		.4byte	0xdb
 636 0489 9C       		.byte	0x9c
 637 048a 06       		.uleb128 0x6
 638 048b 0F010000 		.4byte	.LASF99
 639 048f 03       		.byte	0x3
 640 0490 94       		.byte	0x94
 641 0491 DB000000 		.4byte	0xdb
 642 0495 A0       		.byte	0xa0
 643 0496 06       		.uleb128 0x6
 644 0497 A3010000 		.4byte	.LASF100
 645 049b 03       		.byte	0x3
 646 049c 95       		.byte	0x95
 647 049d C5000000 		.4byte	0xc5
 648 04a1 A4       		.byte	0xa4
 649 04a2 06       		.uleb128 0x6
 650 04a3 92040000 		.4byte	.LASF101
 651 04a7 03       		.byte	0x3
 652 04a8 96       		.byte	0x96
 653 04a9 C5000000 		.4byte	0xc5
 654 04ad A6       		.byte	0xa6
 655 04ae 06       		.uleb128 0x6
 656 04af 2C070000 		.4byte	.LASF102
 657 04b3 03       		.byte	0x3
 658 04b4 97       		.byte	0x97
 659 04b5 C5000000 		.4byte	0xc5
 660 04b9 A8       		.byte	0xa8
 661 04ba 06       		.uleb128 0x6
 662 04bb 70080000 		.4byte	.LASF103
 663 04bf 03       		.byte	0x3
 664 04c0 98       		.byte	0x98
 665 04c1 C5000000 		.4byte	0xc5
 666 04c5 AA       		.byte	0xaa
 667 04c6 06       		.uleb128 0x6
 668 04c7 2F040000 		.4byte	.LASF104
 669 04cb 03       		.byte	0x3
 670 04cc 99       		.byte	0x99
 671 04cd C5000000 		.4byte	0xc5
 672 04d1 AC       		.byte	0xac
 673 04d2 06       		.uleb128 0x6
 674 04d3 80050000 		.4byte	.LASF105
 675 04d7 03       		.byte	0x3
 676 04d8 9A       		.byte	0x9a
 677 04d9 C5000000 		.4byte	0xc5
 678 04dd AE       		.byte	0xae
 679 04de 06       		.uleb128 0x6
 680 04df 0C090000 		.4byte	.LASF106
 681 04e3 03       		.byte	0x3
 682 04e4 9D       		.byte	0x9d
 683 04e5 C5000000 		.4byte	0xc5
 684 04e9 B0       		.byte	0xb0
ARM GAS  C:\Users\Austina\AppData\Local\Temp\ccFM3Mi6.s 			page 13


 685 04ea 06       		.uleb128 0x6
 686 04eb 39000000 		.4byte	.LASF107
 687 04ef 03       		.byte	0x3
 688 04f0 9E       		.byte	0x9e
 689 04f1 DB000000 		.4byte	0xdb
 690 04f5 B4       		.byte	0xb4
 691 04f6 00       		.byte	0
 692 04f7 04       		.uleb128 0x4
 693 04f8 76040000 		.4byte	.LASF108
 694 04fc 03       		.byte	0x3
 695 04fd 9F       		.byte	0x9f
 696 04fe E6000000 		.4byte	0xe6
 697 0502 03       		.uleb128 0x3
 698 0503 04       		.byte	0x4
 699 0504 04       		.byte	0x4
 700 0505 0B070000 		.4byte	.LASF109
 701 0509 03       		.uleb128 0x3
 702 050a 08       		.byte	0x8
 703 050b 04       		.byte	0x4
 704 050c 4B020000 		.4byte	.LASF110
 705 0510 07       		.uleb128 0x7
 706 0511 02       		.byte	0x2
 707 0512 04       		.byte	0x4
 708 0513 6401     		.2byte	0x164
 709 0515 34050000 		.4byte	0x534
 710 0519 08       		.uleb128 0x8
 711 051a 200A0000 		.4byte	.LASF111
 712 051e 04       		.byte	0x4
 713 051f 6E01     		.2byte	0x16e
 714 0521 AF000000 		.4byte	0xaf
 715 0525 00       		.byte	0
 716 0526 08       		.uleb128 0x8
 717 0527 D4040000 		.4byte	.LASF112
 718 052b 04       		.byte	0x4
 719 052c 7201     		.2byte	0x172
 720 052e AF000000 		.4byte	0xaf
 721 0532 01       		.byte	0x1
 722 0533 00       		.byte	0
 723 0534 09       		.uleb128 0x9
 724 0535 A5000000 		.4byte	.LASF113
 725 0539 04       		.byte	0x4
 726 053a 7401     		.2byte	0x174
 727 053c 10050000 		.4byte	0x510
 728 0540 09       		.uleb128 0x9
 729 0541 E7040000 		.4byte	.LASF114
 730 0545 05       		.byte	0x5
 731 0546 7F01     		.2byte	0x17f
 732 0548 C5000000 		.4byte	0xc5
 733 054c 0A       		.uleb128 0xa
 734 054d 01       		.byte	0x1
 735 054e 4B000000 		.4byte	0x4b
 736 0552 06       		.byte	0x6
 737 0553 7E       		.byte	0x7e
 738 0554 71050000 		.4byte	0x571
 739 0558 0B       		.uleb128 0xb
 740 0559 9B090000 		.4byte	.LASF115
 741 055d 00       		.byte	0
ARM GAS  C:\Users\Austina\AppData\Local\Temp\ccFM3Mi6.s 			page 14


 742 055e 0B       		.uleb128 0xb
 743 055f 4A050000 		.4byte	.LASF116
 744 0563 01       		.byte	0x1
 745 0564 0B       		.uleb128 0xb
 746 0565 7E090000 		.4byte	.LASF117
 747 0569 02       		.byte	0x2
 748 056a 0B       		.uleb128 0xb
 749 056b B8010000 		.4byte	.LASF118
 750 056f 03       		.byte	0x3
 751 0570 00       		.byte	0
 752 0571 04       		.uleb128 0x4
 753 0572 10020000 		.4byte	.LASF119
 754 0576 06       		.byte	0x6
 755 0577 83       		.byte	0x83
 756 0578 4C050000 		.4byte	0x54c
 757 057c 0A       		.uleb128 0xa
 758 057d 01       		.byte	0x1
 759 057e 4B000000 		.4byte	0x4b
 760 0582 06       		.byte	0x6
 761 0583 87       		.byte	0x87
 762 0584 B9050000 		.4byte	0x5b9
 763 0588 0B       		.uleb128 0xb
 764 0589 38090000 		.4byte	.LASF120
 765 058d 00       		.byte	0
 766 058e 0B       		.uleb128 0xb
 767 058f 870A0000 		.4byte	.LASF121
 768 0593 01       		.byte	0x1
 769 0594 0B       		.uleb128 0xb
 770 0595 6D030000 		.4byte	.LASF122
 771 0599 02       		.byte	0x2
 772 059a 0B       		.uleb128 0xb
 773 059b 16030000 		.4byte	.LASF123
 774 059f 03       		.byte	0x3
 775 05a0 0B       		.uleb128 0xb
 776 05a1 84020000 		.4byte	.LASF124
 777 05a5 04       		.byte	0x4
 778 05a6 0B       		.uleb128 0xb
 779 05a7 56070000 		.4byte	.LASF125
 780 05ab 05       		.byte	0x5
 781 05ac 0B       		.uleb128 0xb
 782 05ad 89030000 		.4byte	.LASF126
 783 05b1 06       		.byte	0x6
 784 05b2 0B       		.uleb128 0xb
 785 05b3 E6090000 		.4byte	.LASF127
 786 05b7 07       		.byte	0x7
 787 05b8 00       		.byte	0
 788 05b9 04       		.uleb128 0x4
 789 05ba BE050000 		.4byte	.LASF128
 790 05be 06       		.byte	0x6
 791 05bf 90       		.byte	0x90
 792 05c0 7C050000 		.4byte	0x57c
 793 05c4 03       		.uleb128 0x3
 794 05c5 01       		.byte	0x1
 795 05c6 02       		.byte	0x2
 796 05c7 80070000 		.4byte	.LASF129
 797 05cb 05       		.uleb128 0x5
 798 05cc 06       		.byte	0x6
ARM GAS  C:\Users\Austina\AppData\Local\Temp\ccFM3Mi6.s 			page 15


 799 05cd 07       		.byte	0x7
 800 05ce 3B       		.byte	0x3b
 801 05cf EC050000 		.4byte	0x5ec
 802 05d3 06       		.uleb128 0x6
 803 05d4 720A0000 		.4byte	.LASF130
 804 05d8 07       		.byte	0x7
 805 05d9 3E       		.byte	0x3e
 806 05da 40050000 		.4byte	0x540
 807 05de 00       		.byte	0
 808 05df 06       		.uleb128 0x6
 809 05e0 C90A0000 		.4byte	.LASF131
 810 05e4 07       		.byte	0x7
 811 05e5 41       		.byte	0x41
 812 05e6 EC050000 		.4byte	0x5ec
 813 05ea 02       		.byte	0x2
 814 05eb 00       		.byte	0
 815 05ec 0C       		.uleb128 0xc
 816 05ed 40050000 		.4byte	0x540
 817 05f1 FC050000 		.4byte	0x5fc
 818 05f5 0D       		.uleb128 0xd
 819 05f6 A1000000 		.4byte	0xa1
 820 05fa 01       		.byte	0x1
 821 05fb 00       		.byte	0
 822 05fc 04       		.uleb128 0x4
 823 05fd BA070000 		.4byte	.LASF132
 824 0601 07       		.byte	0x7
 825 0602 43       		.byte	0x43
 826 0603 CB050000 		.4byte	0x5cb
 827 0607 05       		.uleb128 0x5
 828 0608 1A       		.byte	0x1a
 829 0609 07       		.byte	0x7
 830 060a 46       		.byte	0x46
 831 060b 28060000 		.4byte	0x628
 832 060f 06       		.uleb128 0x6
 833 0610 BE000000 		.4byte	.LASF133
 834 0614 07       		.byte	0x7
 835 0615 49       		.byte	0x49
 836 0616 40050000 		.4byte	0x540
 837 061a 00       		.byte	0
 838 061b 06       		.uleb128 0x6
 839 061c D8020000 		.4byte	.LASF134
 840 0620 07       		.byte	0x7
 841 0621 4C       		.byte	0x4c
 842 0622 28060000 		.4byte	0x628
 843 0626 02       		.byte	0x2
 844 0627 00       		.byte	0
 845 0628 0C       		.uleb128 0xc
 846 0629 FC050000 		.4byte	0x5fc
 847 062d 38060000 		.4byte	0x638
 848 0631 0D       		.uleb128 0xd
 849 0632 A1000000 		.4byte	0xa1
 850 0636 03       		.byte	0x3
 851 0637 00       		.byte	0
 852 0638 04       		.uleb128 0x4
 853 0639 17080000 		.4byte	.LASF135
 854 063d 07       		.byte	0x7
 855 063e 4E       		.byte	0x4e
ARM GAS  C:\Users\Austina\AppData\Local\Temp\ccFM3Mi6.s 			page 16


 856 063f 07060000 		.4byte	0x607
 857 0643 05       		.uleb128 0x5
 858 0644 04       		.byte	0x4
 859 0645 07       		.byte	0x7
 860 0646 90       		.byte	0x90
 861 0647 58060000 		.4byte	0x658
 862 064b 06       		.uleb128 0x6
 863 064c 70000000 		.4byte	.LASF136
 864 0650 07       		.byte	0x7
 865 0651 94       		.byte	0x94
 866 0652 58060000 		.4byte	0x658
 867 0656 00       		.byte	0
 868 0657 00       		.byte	0
 869 0658 0E       		.uleb128 0xe
 870 0659 04       		.byte	0x4
 871 065a 5E060000 		.4byte	0x65e
 872 065e 0F       		.uleb128 0xf
 873 065f 38060000 		.4byte	0x638
 874 0663 04       		.uleb128 0x4
 875 0664 FC070000 		.4byte	.LASF137
 876 0668 07       		.byte	0x7
 877 0669 9B       		.byte	0x9b
 878 066a 43060000 		.4byte	0x643
 879 066e 0C       		.uleb128 0xc
 880 066f 5E060000 		.4byte	0x65e
 881 0673 7E060000 		.4byte	0x67e
 882 0677 0D       		.uleb128 0xd
 883 0678 A1000000 		.4byte	0xa1
 884 067c 00       		.byte	0
 885 067d 00       		.byte	0
 886 067e 10       		.uleb128 0x10
 887 067f 4E040000 		.4byte	.LASF148
 888 0683 09       		.byte	0x9
 889 0684 1A       		.byte	0x1a
 890 0685 8F060000 		.4byte	0x68f
 891 0689 05       		.uleb128 0x5
 892 068a 03       		.byte	0x3
 893 068b 00000000 		.4byte	cy_ble_customs
 894 068f 0F       		.uleb128 0xf
 895 0690 6E060000 		.4byte	0x66e
 896 0694 11       		.uleb128 0x11
 897 0695 22070000 		.4byte	.LASF138
 898 0699 03       		.byte	0x3
 899 069a A7       		.byte	0xa7
 900 069b 9F060000 		.4byte	0x69f
 901 069f 0E       		.uleb128 0xe
 902 06a0 04       		.byte	0x4
 903 06a1 A5060000 		.4byte	0x6a5
 904 06a5 0F       		.uleb128 0xf
 905 06a6 F7040000 		.4byte	0x4f7
 906 06aa 12       		.uleb128 0x12
 907 06ab 25010000 		.4byte	.LASF139
 908 06af 08       		.byte	0x8
 909 06b0 F907     		.2byte	0x7f9
 910 06b2 B6060000 		.4byte	0x6b6
 911 06b6 13       		.uleb128 0x13
 912 06b7 D0000000 		.4byte	0xd0
ARM GAS  C:\Users\Austina\AppData\Local\Temp\ccFM3Mi6.s 			page 17


 913 06bb 12       		.uleb128 0x12
 914 06bc BF080000 		.4byte	.LASF140
 915 06c0 06       		.byte	0x6
 916 06c1 2202     		.2byte	0x222
 917 06c3 71050000 		.4byte	0x571
 918 06c7 0C       		.uleb128 0xc
 919 06c8 34050000 		.4byte	0x534
 920 06cc D7060000 		.4byte	0x6d7
 921 06d0 0D       		.uleb128 0xd
 922 06d1 A1000000 		.4byte	0xa1
 923 06d5 00       		.byte	0
 924 06d6 00       		.byte	0
 925 06d7 12       		.uleb128 0x12
 926 06d8 57090000 		.4byte	.LASF141
 927 06dc 06       		.byte	0x6
 928 06dd 2C02     		.2byte	0x22c
 929 06df C7060000 		.4byte	0x6c7
 930 06e3 0C       		.uleb128 0xc
 931 06e4 B9050000 		.4byte	0x5b9
 932 06e8 F3060000 		.4byte	0x6f3
 933 06ec 0D       		.uleb128 0xd
 934 06ed A1000000 		.4byte	0xa1
 935 06f1 00       		.byte	0
 936 06f2 00       		.byte	0
 937 06f3 12       		.uleb128 0x12
 938 06f4 3D040000 		.4byte	.LASF142
 939 06f8 06       		.byte	0x6
 940 06f9 2D02     		.2byte	0x22d
 941 06fb E3060000 		.4byte	0x6e3
 942 06ff 12       		.uleb128 0x12
 943 0700 89080000 		.4byte	.LASF143
 944 0704 06       		.byte	0x6
 945 0705 5202     		.2byte	0x252
 946 0707 AF000000 		.4byte	0xaf
 947 070b 14       		.uleb128 0x14
 948 070c 8E050000 		.4byte	.LASF144
 949 0710 09       		.byte	0x9
 950 0711 5E       		.byte	0x5e
 951 0712 63060000 		.4byte	0x663
 952 0716 05       		.uleb128 0x5
 953 0717 03       		.byte	0x3
 954 0718 00000000 		.4byte	cy_ble_customConfig
 955 071c 00       		.byte	0
 956              		.section	.debug_abbrev,"",%progbits
 957              	.Ldebug_abbrev0:
 958 0000 01       		.uleb128 0x1
 959 0001 11       		.uleb128 0x11
 960 0002 01       		.byte	0x1
 961 0003 25       		.uleb128 0x25
 962 0004 0E       		.uleb128 0xe
 963 0005 13       		.uleb128 0x13
 964 0006 0B       		.uleb128 0xb
 965 0007 03       		.uleb128 0x3
 966 0008 0E       		.uleb128 0xe
 967 0009 1B       		.uleb128 0x1b
 968 000a 0E       		.uleb128 0xe
 969 000b 10       		.uleb128 0x10
ARM GAS  C:\Users\Austina\AppData\Local\Temp\ccFM3Mi6.s 			page 18


 970 000c 17       		.uleb128 0x17
 971 000d 00       		.byte	0
 972 000e 00       		.byte	0
 973 000f 02       		.uleb128 0x2
 974 0010 24       		.uleb128 0x24
 975 0011 00       		.byte	0
 976 0012 0B       		.uleb128 0xb
 977 0013 0B       		.uleb128 0xb
 978 0014 3E       		.uleb128 0x3e
 979 0015 0B       		.uleb128 0xb
 980 0016 03       		.uleb128 0x3
 981 0017 08       		.uleb128 0x8
 982 0018 00       		.byte	0
 983 0019 00       		.byte	0
 984 001a 03       		.uleb128 0x3
 985 001b 24       		.uleb128 0x24
 986 001c 00       		.byte	0
 987 001d 0B       		.uleb128 0xb
 988 001e 0B       		.uleb128 0xb
 989 001f 3E       		.uleb128 0x3e
 990 0020 0B       		.uleb128 0xb
 991 0021 03       		.uleb128 0x3
 992 0022 0E       		.uleb128 0xe
 993 0023 00       		.byte	0
 994 0024 00       		.byte	0
 995 0025 04       		.uleb128 0x4
 996 0026 16       		.uleb128 0x16
 997 0027 00       		.byte	0
 998 0028 03       		.uleb128 0x3
 999 0029 0E       		.uleb128 0xe
 1000 002a 3A       		.uleb128 0x3a
 1001 002b 0B       		.uleb128 0xb
 1002 002c 3B       		.uleb128 0x3b
 1003 002d 0B       		.uleb128 0xb
 1004 002e 49       		.uleb128 0x49
 1005 002f 13       		.uleb128 0x13
 1006 0030 00       		.byte	0
 1007 0031 00       		.byte	0
 1008 0032 05       		.uleb128 0x5
 1009 0033 13       		.uleb128 0x13
 1010 0034 01       		.byte	0x1
 1011 0035 0B       		.uleb128 0xb
 1012 0036 0B       		.uleb128 0xb
 1013 0037 3A       		.uleb128 0x3a
 1014 0038 0B       		.uleb128 0xb
 1015 0039 3B       		.uleb128 0x3b
 1016 003a 0B       		.uleb128 0xb
 1017 003b 01       		.uleb128 0x1
 1018 003c 13       		.uleb128 0x13
 1019 003d 00       		.byte	0
 1020 003e 00       		.byte	0
 1021 003f 06       		.uleb128 0x6
 1022 0040 0D       		.uleb128 0xd
 1023 0041 00       		.byte	0
 1024 0042 03       		.uleb128 0x3
 1025 0043 0E       		.uleb128 0xe
 1026 0044 3A       		.uleb128 0x3a
ARM GAS  C:\Users\Austina\AppData\Local\Temp\ccFM3Mi6.s 			page 19


 1027 0045 0B       		.uleb128 0xb
 1028 0046 3B       		.uleb128 0x3b
 1029 0047 0B       		.uleb128 0xb
 1030 0048 49       		.uleb128 0x49
 1031 0049 13       		.uleb128 0x13
 1032 004a 38       		.uleb128 0x38
 1033 004b 0B       		.uleb128 0xb
 1034 004c 00       		.byte	0
 1035 004d 00       		.byte	0
 1036 004e 07       		.uleb128 0x7
 1037 004f 13       		.uleb128 0x13
 1038 0050 01       		.byte	0x1
 1039 0051 0B       		.uleb128 0xb
 1040 0052 0B       		.uleb128 0xb
 1041 0053 3A       		.uleb128 0x3a
 1042 0054 0B       		.uleb128 0xb
 1043 0055 3B       		.uleb128 0x3b
 1044 0056 05       		.uleb128 0x5
 1045 0057 01       		.uleb128 0x1
 1046 0058 13       		.uleb128 0x13
 1047 0059 00       		.byte	0
 1048 005a 00       		.byte	0
 1049 005b 08       		.uleb128 0x8
 1050 005c 0D       		.uleb128 0xd
 1051 005d 00       		.byte	0
 1052 005e 03       		.uleb128 0x3
 1053 005f 0E       		.uleb128 0xe
 1054 0060 3A       		.uleb128 0x3a
 1055 0061 0B       		.uleb128 0xb
 1056 0062 3B       		.uleb128 0x3b
 1057 0063 05       		.uleb128 0x5
 1058 0064 49       		.uleb128 0x49
 1059 0065 13       		.uleb128 0x13
 1060 0066 38       		.uleb128 0x38
 1061 0067 0B       		.uleb128 0xb
 1062 0068 00       		.byte	0
 1063 0069 00       		.byte	0
 1064 006a 09       		.uleb128 0x9
 1065 006b 16       		.uleb128 0x16
 1066 006c 00       		.byte	0
 1067 006d 03       		.uleb128 0x3
 1068 006e 0E       		.uleb128 0xe
 1069 006f 3A       		.uleb128 0x3a
 1070 0070 0B       		.uleb128 0xb
 1071 0071 3B       		.uleb128 0x3b
 1072 0072 05       		.uleb128 0x5
 1073 0073 49       		.uleb128 0x49
 1074 0074 13       		.uleb128 0x13
 1075 0075 00       		.byte	0
 1076 0076 00       		.byte	0
 1077 0077 0A       		.uleb128 0xa
 1078 0078 04       		.uleb128 0x4
 1079 0079 01       		.byte	0x1
 1080 007a 0B       		.uleb128 0xb
 1081 007b 0B       		.uleb128 0xb
 1082 007c 49       		.uleb128 0x49
 1083 007d 13       		.uleb128 0x13
ARM GAS  C:\Users\Austina\AppData\Local\Temp\ccFM3Mi6.s 			page 20


 1084 007e 3A       		.uleb128 0x3a
 1085 007f 0B       		.uleb128 0xb
 1086 0080 3B       		.uleb128 0x3b
 1087 0081 0B       		.uleb128 0xb
 1088 0082 01       		.uleb128 0x1
 1089 0083 13       		.uleb128 0x13
 1090 0084 00       		.byte	0
 1091 0085 00       		.byte	0
 1092 0086 0B       		.uleb128 0xb
 1093 0087 28       		.uleb128 0x28
 1094 0088 00       		.byte	0
 1095 0089 03       		.uleb128 0x3
 1096 008a 0E       		.uleb128 0xe
 1097 008b 1C       		.uleb128 0x1c
 1098 008c 0B       		.uleb128 0xb
 1099 008d 00       		.byte	0
 1100 008e 00       		.byte	0
 1101 008f 0C       		.uleb128 0xc
 1102 0090 01       		.uleb128 0x1
 1103 0091 01       		.byte	0x1
 1104 0092 49       		.uleb128 0x49
 1105 0093 13       		.uleb128 0x13
 1106 0094 01       		.uleb128 0x1
 1107 0095 13       		.uleb128 0x13
 1108 0096 00       		.byte	0
 1109 0097 00       		.byte	0
 1110 0098 0D       		.uleb128 0xd
 1111 0099 21       		.uleb128 0x21
 1112 009a 00       		.byte	0
 1113 009b 49       		.uleb128 0x49
 1114 009c 13       		.uleb128 0x13
 1115 009d 2F       		.uleb128 0x2f
 1116 009e 0B       		.uleb128 0xb
 1117 009f 00       		.byte	0
 1118 00a0 00       		.byte	0
 1119 00a1 0E       		.uleb128 0xe
 1120 00a2 0F       		.uleb128 0xf
 1121 00a3 00       		.byte	0
 1122 00a4 0B       		.uleb128 0xb
 1123 00a5 0B       		.uleb128 0xb
 1124 00a6 49       		.uleb128 0x49
 1125 00a7 13       		.uleb128 0x13
 1126 00a8 00       		.byte	0
 1127 00a9 00       		.byte	0
 1128 00aa 0F       		.uleb128 0xf
 1129 00ab 26       		.uleb128 0x26
 1130 00ac 00       		.byte	0
 1131 00ad 49       		.uleb128 0x49
 1132 00ae 13       		.uleb128 0x13
 1133 00af 00       		.byte	0
 1134 00b0 00       		.byte	0
 1135 00b1 10       		.uleb128 0x10
 1136 00b2 34       		.uleb128 0x34
 1137 00b3 00       		.byte	0
 1138 00b4 03       		.uleb128 0x3
 1139 00b5 0E       		.uleb128 0xe
 1140 00b6 3A       		.uleb128 0x3a
ARM GAS  C:\Users\Austina\AppData\Local\Temp\ccFM3Mi6.s 			page 21


 1141 00b7 0B       		.uleb128 0xb
 1142 00b8 3B       		.uleb128 0x3b
 1143 00b9 0B       		.uleb128 0xb
 1144 00ba 49       		.uleb128 0x49
 1145 00bb 13       		.uleb128 0x13
 1146 00bc 02       		.uleb128 0x2
 1147 00bd 18       		.uleb128 0x18
 1148 00be 00       		.byte	0
 1149 00bf 00       		.byte	0
 1150 00c0 11       		.uleb128 0x11
 1151 00c1 34       		.uleb128 0x34
 1152 00c2 00       		.byte	0
 1153 00c3 03       		.uleb128 0x3
 1154 00c4 0E       		.uleb128 0xe
 1155 00c5 3A       		.uleb128 0x3a
 1156 00c6 0B       		.uleb128 0xb
 1157 00c7 3B       		.uleb128 0x3b
 1158 00c8 0B       		.uleb128 0xb
 1159 00c9 49       		.uleb128 0x49
 1160 00ca 13       		.uleb128 0x13
 1161 00cb 3F       		.uleb128 0x3f
 1162 00cc 19       		.uleb128 0x19
 1163 00cd 3C       		.uleb128 0x3c
 1164 00ce 19       		.uleb128 0x19
 1165 00cf 00       		.byte	0
 1166 00d0 00       		.byte	0
 1167 00d1 12       		.uleb128 0x12
 1168 00d2 34       		.uleb128 0x34
 1169 00d3 00       		.byte	0
 1170 00d4 03       		.uleb128 0x3
 1171 00d5 0E       		.uleb128 0xe
 1172 00d6 3A       		.uleb128 0x3a
 1173 00d7 0B       		.uleb128 0xb
 1174 00d8 3B       		.uleb128 0x3b
 1175 00d9 05       		.uleb128 0x5
 1176 00da 49       		.uleb128 0x49
 1177 00db 13       		.uleb128 0x13
 1178 00dc 3F       		.uleb128 0x3f
 1179 00dd 19       		.uleb128 0x19
 1180 00de 3C       		.uleb128 0x3c
 1181 00df 19       		.uleb128 0x19
 1182 00e0 00       		.byte	0
 1183 00e1 00       		.byte	0
 1184 00e2 13       		.uleb128 0x13
 1185 00e3 35       		.uleb128 0x35
 1186 00e4 00       		.byte	0
 1187 00e5 49       		.uleb128 0x49
 1188 00e6 13       		.uleb128 0x13
 1189 00e7 00       		.byte	0
 1190 00e8 00       		.byte	0
 1191 00e9 14       		.uleb128 0x14
 1192 00ea 34       		.uleb128 0x34
 1193 00eb 00       		.byte	0
 1194 00ec 03       		.uleb128 0x3
 1195 00ed 0E       		.uleb128 0xe
 1196 00ee 3A       		.uleb128 0x3a
 1197 00ef 0B       		.uleb128 0xb
ARM GAS  C:\Users\Austina\AppData\Local\Temp\ccFM3Mi6.s 			page 22


 1198 00f0 3B       		.uleb128 0x3b
 1199 00f1 0B       		.uleb128 0xb
 1200 00f2 49       		.uleb128 0x49
 1201 00f3 13       		.uleb128 0x13
 1202 00f4 3F       		.uleb128 0x3f
 1203 00f5 19       		.uleb128 0x19
 1204 00f6 02       		.uleb128 0x2
 1205 00f7 18       		.uleb128 0x18
 1206 00f8 00       		.byte	0
 1207 00f9 00       		.byte	0
 1208 00fa 00       		.byte	0
 1209              		.section	.debug_aranges,"",%progbits
 1210 0000 14000000 		.4byte	0x14
 1211 0004 0200     		.2byte	0x2
 1212 0006 00000000 		.4byte	.Ldebug_info0
 1213 000a 04       		.byte	0x4
 1214 000b 00       		.byte	0
 1215 000c 0000     		.2byte	0
 1216 000e 0000     		.2byte	0
 1217 0010 00000000 		.4byte	0
 1218 0014 00000000 		.4byte	0
 1219              		.section	.debug_line,"",%progbits
 1220              	.Ldebug_line0:
 1221 0000 3F020000 		.section	.debug_str,"MS",%progbits,1
 1221      02003902 
 1221      00000201 
 1221      FB0E0D00 
 1221      01010101 
 1222              	.LASF57:
 1223 0000 70726F74 		.ascii	"protBusMasterMask\000"
 1223      4275734D 
 1223      61737465 
 1223      724D6173 
 1223      6B00
 1224              	.LASF67:
 1225 0012 666C6173 		.ascii	"flashCtlMainWs3Freq\000"
 1225      6843746C 
 1225      4D61696E 
 1225      57733346 
 1225      72657100 
 1226              	.LASF89:
 1227 0026 6770696F 		.ascii	"gpioPrtCfgInOffset\000"
 1227      50727443 
 1227      6667496E 
 1227      4F666673 
 1227      657400
 1228              	.LASF107:
 1229 0039 6970634C 		.ascii	"ipcLockStatusOffset\000"
 1229      6F636B53 
 1229      74617475 
 1229      734F6666 
 1229      73657400 
 1230              	.LASF33:
 1231 004d 63727970 		.ascii	"cryptoVersion\000"
 1231      746F5665 
 1231      7273696F 
 1231      6E00
ARM GAS  C:\Users\Austina\AppData\Local\Temp\ccFM3Mi6.s 			page 23


 1232              	.LASF51:
 1233 005b 70657269 		.ascii	"periClockNr\000"
 1233      436C6F63 
 1233      6B4E7200 
 1234              	.LASF29:
 1235 0067 70617373 		.ascii	"passBase\000"
 1235      42617365 
 1235      00
 1236              	.LASF136:
 1237 0070 63757374 		.ascii	"customs\000"
 1237      6F6D7300 
 1238              	.LASF42:
 1239 0078 63707573 		.ascii	"cpussIpcIrqNr\000"
 1239      73497063 
 1239      4972714E 
 1239      7200
 1240              	.LASF5:
 1241 0086 5F5F7569 		.ascii	"__uint8_t\000"
 1241      6E74385F 
 1241      7400
 1242              	.LASF86:
 1243 0090 70657269 		.ascii	"periDiv24_5CtlOffset\000"
 1243      44697632 
 1243      345F3543 
 1243      746C4F66 
 1243      66736574 
 1244              	.LASF113:
 1245 00a5 63795F73 		.ascii	"cy_stc_ble_conn_handle_t\000"
 1245      74635F62 
 1245      6C655F63 
 1245      6F6E6E5F 
 1245      68616E64 
 1246              	.LASF133:
 1247 00be 63757374 		.ascii	"customServHandle\000"
 1247      6F6D5365 
 1247      72764861 
 1247      6E646C65 
 1247      00
 1248              	.LASF22:
 1249 00cf 63707573 		.ascii	"cpussBase\000"
 1249      73426173 
 1249      6500
 1250              	.LASF71:
 1251 00d9 64774368 		.ascii	"dwChCtlPrioPos\000"
 1251      43746C50 
 1251      72696F50 
 1251      6F7300
 1252              	.LASF14:
 1253 00e8 6C6F6E67 		.ascii	"long long unsigned int\000"
 1253      206C6F6E 
 1253      6720756E 
 1253      7369676E 
 1253      65642069 
 1254              	.LASF75:
 1255 00ff 70657269 		.ascii	"periTrCmdOffset\000"
 1255      5472436D 
 1255      644F6666 
ARM GAS  C:\Users\Austina\AppData\Local\Temp\ccFM3Mi6.s 			page 24


 1255      73657400 
 1256              	.LASF99:
 1257 010f 63707573 		.ascii	"cpussSysTickCtlOffset\000"
 1257      73537973 
 1257      5469636B 
 1257      43746C4F 
 1257      66667365 
 1258              	.LASF139:
 1259 0125 49544D5F 		.ascii	"ITM_RxBuffer\000"
 1259      52784275 
 1259      66666572 
 1259      00
 1260              	.LASF60:
 1261 0132 666C6173 		.ascii	"flashPipeRequired\000"
 1261      68506970 
 1261      65526571 
 1261      75697265 
 1261      6400
 1262              	.LASF64:
 1263 0144 666C6173 		.ascii	"flashCtlMainWs0Freq\000"
 1263      6843746C 
 1263      4D61696E 
 1263      57733046 
 1263      72657100 
 1264              	.LASF18:
 1265 0158 696E7431 		.ascii	"int16_t\000"
 1265      365F7400 
 1266              	.LASF1:
 1267 0160 6C6F6E67 		.ascii	"long long int\000"
 1267      206C6F6E 
 1267      6720696E 
 1267      7400
 1268              	.LASF3:
 1269 016e 7369676E 		.ascii	"signed char\000"
 1269      65642063 
 1269      68617200 
 1270              	.LASF80:
 1271 017a 70657269 		.ascii	"periDivCmdTypeSelPos\000"
 1271      44697643 
 1271      6D645479 
 1271      70655365 
 1271      6C506F73 
 1272              	.LASF26:
 1273 018f 70726F74 		.ascii	"protBase\000"
 1273      42617365 
 1273      00
 1274              	.LASF38:
 1275 0198 69706356 		.ascii	"ipcVersion\000"
 1275      65727369 
 1275      6F6E00
 1276              	.LASF100:
 1277 01a3 63707573 		.ascii	"cpussCm0NmiCtlOffset\000"
 1277      73436D30 
 1277      4E6D6943 
 1277      746C4F66 
 1277      66736574 
 1278              	.LASF118:
ARM GAS  C:\Users\Austina\AppData\Local\Temp\ccFM3Mi6.s 			page 25


 1279 01b8 43595F42 		.ascii	"CY_BLE_ADV_STATE_STOP_INITIATED\000"
 1279      4C455F41 
 1279      44565F53 
 1279      54415445 
 1279      5F53544F 
 1280              	.LASF27:
 1281 01d8 6873696F 		.ascii	"hsiomBase\000"
 1281      6D426173 
 1281      6500
 1282              	.LASF11:
 1283 01e2 6C6F6E67 		.ascii	"long int\000"
 1283      20696E74 
 1283      00
 1284              	.LASF93:
 1285 01eb 63707573 		.ascii	"cpussCm4ClockCtlOffset\000"
 1285      73436D34 
 1285      436C6F63 
 1285      6B43746C 
 1285      4F666673 
 1286              	.LASF58:
 1287 0202 63727970 		.ascii	"cryptoMemSize\000"
 1287      746F4D65 
 1287      6D53697A 
 1287      6500
 1288              	.LASF119:
 1289 0210 63795F65 		.ascii	"cy_en_ble_adv_state_t\000"
 1289      6E5F626C 
 1289      655F6164 
 1289      765F7374 
 1289      6174655F 
 1290              	.LASF24:
 1291 0226 70657269 		.ascii	"periBase\000"
 1291      42617365 
 1291      00
 1292              	.LASF56:
 1293 022f 73797350 		.ascii	"sysPmSimoPresent\000"
 1293      6D53696D 
 1293      6F507265 
 1293      73656E74 
 1293      00
 1294              	.LASF46:
 1295 0240 63707573 		.ascii	"cpussFmIrq\000"
 1295      73466D49 
 1295      727100
 1296              	.LASF110:
 1297 024b 646F7562 		.ascii	"double\000"
 1297      6C6500
 1298              	.LASF85:
 1299 0252 70657269 		.ascii	"periDiv16_5CtlOffset\000"
 1299      44697631 
 1299      365F3543 
 1299      746C4F66 
 1299      66736574 
 1300              	.LASF49:
 1301 0267 73727373 		.ascii	"srssNumPll\000"
 1301      4E756D50 
 1301      6C6C00
ARM GAS  C:\Users\Austina\AppData\Local\Temp\ccFM3Mi6.s 			page 26


 1302              	.LASF83:
 1303 0272 70657269 		.ascii	"periDiv8CtlOffset\000"
 1303      44697638 
 1303      43746C4F 
 1303      66667365 
 1303      7400
 1304              	.LASF124:
 1305 0284 43595F42 		.ascii	"CY_BLE_CONN_STATE_CLIENT_INCL_DISCOVERING\000"
 1305      4C455F43 
 1305      4F4E4E5F 
 1305      53544154 
 1305      455F434C 
 1306              	.LASF90:
 1307 02ae 6770696F 		.ascii	"gpioPrtCfgOutOffset\000"
 1307      50727443 
 1307      66674F75 
 1307      744F6666 
 1307      73657400 
 1308              	.LASF23:
 1309 02c2 666C6173 		.ascii	"flashcBase\000"
 1309      68634261 
 1309      736500
 1310              	.LASF12:
 1311 02cd 5F5F7569 		.ascii	"__uint32_t\000"
 1311      6E743332 
 1311      5F7400
 1312              	.LASF134:
 1313 02d8 63757374 		.ascii	"customServInfo\000"
 1313      6F6D5365 
 1313      7276496E 
 1313      666F00
 1314              	.LASF53:
 1315 02e7 70617373 		.ascii	"passSarChannels\000"
 1315      53617243 
 1315      68616E6E 
 1315      656C7300 
 1316              	.LASF6:
 1317 02f7 5F5F696E 		.ascii	"__int16_t\000"
 1317      7431365F 
 1317      7400
 1318              	.LASF96:
 1319 0301 63707573 		.ascii	"cpussCm4PwrCtlOffset\000"
 1319      73436D34 
 1319      50777243 
 1319      746C4F66 
 1319      66736574 
 1320              	.LASF123:
 1321 0316 43595F42 		.ascii	"CY_BLE_CONN_STATE_CLIENT_SRVC_DISCOVERING\000"
 1321      4C455F43 
 1321      4F4E4E5F 
 1321      53544154 
 1321      455F434C 
 1322              	.LASF91:
 1323 0340 6770696F 		.ascii	"gpioPrtCfgSioOffset\000"
 1323      50727443 
 1323      66675369 
 1323      6F4F6666 
ARM GAS  C:\Users\Austina\AppData\Local\Temp\ccFM3Mi6.s 			page 27


 1323      73657400 
 1324              	.LASF43:
 1325 0354 63707573 		.ascii	"cpussDwChNr\000"
 1325      73447743 
 1325      684E7200 
 1326              	.LASF0:
 1327 0360 756E7369 		.ascii	"unsigned int\000"
 1327      676E6564 
 1327      20696E74 
 1327      00
 1328              	.LASF122:
 1329 036d 43595F42 		.ascii	"CY_BLE_CONN_STATE_CONNECTED\000"
 1329      4C455F43 
 1329      4F4E4E5F 
 1329      53544154 
 1329      455F434F 
 1330              	.LASF126:
 1331 0389 43595F42 		.ascii	"CY_BLE_CONN_STATE_CLIENT_DESCR_DISCOVERING\000"
 1331      4C455F43 
 1331      4F4E4E5F 
 1331      53544154 
 1331      455F434C 
 1332              	.LASF19:
 1333 03b4 75696E74 		.ascii	"uint16_t\000"
 1333      31365F74 
 1333      00
 1334              	.LASF76:
 1335 03bd 70657269 		.ascii	"periTrCmdGrSelMsk\000"
 1335      5472436D 
 1335      64477253 
 1335      656C4D73 
 1335      6B00
 1336              	.LASF13:
 1337 03cf 6C6F6E67 		.ascii	"long unsigned int\000"
 1337      20756E73 
 1337      69676E65 
 1337      6420696E 
 1337      7400
 1338              	.LASF41:
 1339 03e1 63707573 		.ascii	"cpussIpcNr\000"
 1339      73497063 
 1339      4E7200
 1340              	.LASF28:
 1341 03ec 6770696F 		.ascii	"gpioBase\000"
 1341      42617365 
 1341      00
 1342              	.LASF146:
 1343 03f5 47656E65 		.ascii	"Generated_Source\\PSoC6\\BLE_custom_config.c\000"
 1343      72617465 
 1343      645F536F 
 1343      75726365 
 1343      5C50536F 
 1344              	.LASF77:
 1345 0420 70657269 		.ascii	"periTrGrOffset\000"
 1345      54724772 
 1345      4F666673 
 1345      657400
ARM GAS  C:\Users\Austina\AppData\Local\Temp\ccFM3Mi6.s 			page 28


 1346              	.LASF104:
 1347 042f 63707573 		.ascii	"cpussRam1Ctl0\000"
 1347      7352616D 
 1347      3143746C 
 1347      3000
 1348              	.LASF142:
 1349 043d 63795F62 		.ascii	"cy_ble_connState\000"
 1349      6C655F63 
 1349      6F6E6E53 
 1349      74617465 
 1349      00
 1350              	.LASF148:
 1351 044e 63795F62 		.ascii	"cy_ble_customs\000"
 1351      6C655F63 
 1351      7573746F 
 1351      6D7300
 1352              	.LASF78:
 1353 045d 70657269 		.ascii	"periTrGrSize\000"
 1353      54724772 
 1353      53697A65 
 1353      00
 1354              	.LASF36:
 1355 046a 6770696F 		.ascii	"gpioVersion\000"
 1355      56657273 
 1355      696F6E00 
 1356              	.LASF108:
 1357 0476 63795F73 		.ascii	"cy_stc_device_t\000"
 1357      74635F64 
 1357      65766963 
 1357      655F7400 
 1358              	.LASF54:
 1359 0486 65704D6F 		.ascii	"epMonitorNr\000"
 1359      6E69746F 
 1359      724E7200 
 1360              	.LASF101:
 1361 0492 63707573 		.ascii	"cpussCm4NmiCtlOffset\000"
 1361      73436D34 
 1361      4E6D6943 
 1361      746C4F66 
 1361      66736574 
 1362              	.LASF97:
 1363 04a7 63707573 		.ascii	"cpussTrimRamCtlOffset\000"
 1363      73547269 
 1363      6D52616D 
 1363      43746C4F 
 1363      66667365 
 1364              	.LASF92:
 1365 04bd 63707573 		.ascii	"cpussCm0ClockCtlOffset\000"
 1365      73436D30 
 1365      436C6F63 
 1365      6B43746C 
 1365      4F666673 
 1366              	.LASF112:
 1367 04d4 61747449 		.ascii	"attId\000"
 1367      6400
 1368              	.LASF32:
 1369 04da 63707573 		.ascii	"cpussVersion\000"
ARM GAS  C:\Users\Austina\AppData\Local\Temp\ccFM3Mi6.s 			page 29


 1369      73566572 
 1369      73696F6E 
 1369      00
 1370              	.LASF114:
 1371 04e7 63795F62 		.ascii	"cy_ble_gatt_db_attr_handle_t\000"
 1371      6C655F67 
 1371      6174745F 
 1371      64625F61 
 1371      7474725F 
 1372              	.LASF39:
 1373 0504 70657269 		.ascii	"periVersion\000"
 1373      56657273 
 1373      696F6E00 
 1374              	.LASF95:
 1375 0510 63707573 		.ascii	"cpussCm0StatusOffset\000"
 1375      73436D30 
 1375      53746174 
 1375      75734F66 
 1375      66736574 
 1376              	.LASF15:
 1377 0525 73697A65 		.ascii	"sizetype\000"
 1377      74797065 
 1377      00
 1378              	.LASF69:
 1379 052e 64774368 		.ascii	"dwChOffset\000"
 1379      4F666673 
 1379      657400
 1380              	.LASF44:
 1381 0539 63707573 		.ascii	"cpussFlashPaSize\000"
 1381      73466C61 
 1381      73685061 
 1381      53697A65 
 1381      00
 1382              	.LASF116:
 1383 054a 43595F42 		.ascii	"CY_BLE_ADV_STATE_ADV_INITIATED\000"
 1383      4C455F41 
 1383      44565F53 
 1383      54415445 
 1383      5F414456 
 1384              	.LASF82:
 1385 0569 70657269 		.ascii	"periDivCmdPaTypeSelPos\000"
 1385      44697643 
 1385      6D645061 
 1385      54797065 
 1385      53656C50 
 1386              	.LASF105:
 1387 0580 63707573 		.ascii	"cpussRam2Ctl0\000"
 1387      7352616D 
 1387      3243746C 
 1387      3000
 1388              	.LASF144:
 1389 058e 63795F62 		.ascii	"cy_ble_customConfig\000"
 1389      6C655F63 
 1389      7573746F 
 1389      6D436F6E 
 1389      66696700 
 1390              	.LASF73:
ARM GAS  C:\Users\Austina\AppData\Local\Temp\ccFM3Mi6.s 			page 30


 1391 05a2 64775374 		.ascii	"dwStatusChIdxPos\000"
 1391      61747573 
 1391      43684964 
 1391      78506F73 
 1391      00
 1392              	.LASF55:
 1393 05b3 75646250 		.ascii	"udbPresent\000"
 1393      72657365 
 1393      6E7400
 1394              	.LASF128:
 1395 05be 63795F65 		.ascii	"cy_en_ble_conn_state_t\000"
 1395      6E5F626C 
 1395      655F636F 
 1395      6E6E5F73 
 1395      74617465 
 1396              	.LASF35:
 1397 05d5 666C6173 		.ascii	"flashcVersion\000"
 1397      68635665 
 1397      7273696F 
 1397      6E00
 1398              	.LASF31:
 1399 05e3 63727970 		.ascii	"cryptoBase\000"
 1399      746F4261 
 1399      736500
 1400              	.LASF52:
 1401 05ee 736D6966 		.ascii	"smifDeviceNr\000"
 1401      44657669 
 1401      63654E72 
 1401      00
 1402              	.LASF145:
 1403 05fb 474E5520 		.ascii	"GNU C11 5.4.1 20160609 (release) [ARM/embedded-5-br"
 1403      43313120 
 1403      352E342E 
 1403      31203230 
 1403      31363036 
 1404 062e 616E6368 		.ascii	"anch revision 237715] -mcpu=cortex-m4 -mfloat-abi=s"
 1404      20726576 
 1404      6973696F 
 1404      6E203233 
 1404      37373135 
 1405 0661 6F667466 		.ascii	"oftfp -mfpu=fpv4-sp-d16 -mthumb -g -Og -ffunction-s"
 1405      70202D6D 
 1405      6670753D 
 1405      66707634 
 1405      2D73702D 
 1406 0694 65637469 		.ascii	"ections -ffat-lto-objects\000"
 1406      6F6E7320 
 1406      2D666661 
 1406      742D6C74 
 1406      6F2D6F62 
 1407              	.LASF61:
 1408 06ae 666C6173 		.ascii	"flashWriteDelay\000"
 1408      68577269 
 1408      74654465 
 1408      6C617900 
 1409              	.LASF147:
 1410 06be 433A5C41 		.ascii	"C:\\Alen\\GitHub_Denzerek\\BLEControlledArm\\BLE_AR"
ARM GAS  C:\Users\Austina\AppData\Local\Temp\ccFM3Mi6.s 			page 31


 1410      6C656E5C 
 1410      47697448 
 1410      75625F44 
 1410      656E7A65 
 1411 06ed 4D5F576F 		.ascii	"M_Workspace\\BLERobotARM.cydsn\000"
 1411      726B7370 
 1411      6163655C 
 1411      424C4552 
 1411      6F626F74 
 1412              	.LASF109:
 1413 070b 666C6F61 		.ascii	"float\000"
 1413      7400
 1414              	.LASF74:
 1415 0711 64775374 		.ascii	"dwStatusChIdxMsk\000"
 1415      61747573 
 1415      43684964 
 1415      784D736B 
 1415      00
 1416              	.LASF138:
 1417 0722 63795F64 		.ascii	"cy_device\000"
 1417      65766963 
 1417      6500
 1418              	.LASF102:
 1419 072c 63707573 		.ascii	"cpussRomCtl\000"
 1419      73526F6D 
 1419      43746C00 
 1420              	.LASF72:
 1421 0738 64774368 		.ascii	"dwChCtlPreemptablePos\000"
 1421      43746C50 
 1421      7265656D 
 1421      70746162 
 1421      6C65506F 
 1422              	.LASF25:
 1423 074e 75646242 		.ascii	"udbBase\000"
 1423      61736500 
 1424              	.LASF125:
 1425 0756 43595F42 		.ascii	"CY_BLE_CONN_STATE_CLIENT_CHAR_DISCOVERING\000"
 1425      4C455F43 
 1425      4F4E4E5F 
 1425      53544154 
 1425      455F434C 
 1426              	.LASF129:
 1427 0780 5F426F6F 		.ascii	"_Bool\000"
 1427      6C00
 1428              	.LASF20:
 1429 0786 696E7433 		.ascii	"int32_t\000"
 1429      325F7400 
 1430              	.LASF4:
 1431 078e 756E7369 		.ascii	"unsigned char\000"
 1431      676E6564 
 1431      20636861 
 1431      7200
 1432              	.LASF68:
 1433 079c 666C6173 		.ascii	"flashCtlMainWs4Freq\000"
 1433      6843746C 
 1433      4D61696E 
 1433      57733446 
ARM GAS  C:\Users\Austina\AppData\Local\Temp\ccFM3Mi6.s 			page 32


 1433      72657100 
 1434              	.LASF7:
 1435 07b0 73686F72 		.ascii	"short int\000"
 1435      7420696E 
 1435      7400
 1436              	.LASF132:
 1437 07ba 63795F73 		.ascii	"cy_stc_ble_customs_info_t\000"
 1437      74635F62 
 1437      6C655F63 
 1437      7573746F 
 1437      6D735F69 
 1438              	.LASF79:
 1439 07d4 70657269 		.ascii	"periDivCmdDivSelMsk\000"
 1439      44697643 
 1439      6D644469 
 1439      7653656C 
 1439      4D736B00 
 1440              	.LASF66:
 1441 07e8 666C6173 		.ascii	"flashCtlMainWs2Freq\000"
 1441      6843746C 
 1441      4D61696E 
 1441      57733246 
 1441      72657100 
 1442              	.LASF137:
 1443 07fc 63795F73 		.ascii	"cy_stc_ble_custom_config_t\000"
 1443      74635F62 
 1443      6C655F63 
 1443      7573746F 
 1443      6D5F636F 
 1444              	.LASF135:
 1445 0817 63795F73 		.ascii	"cy_stc_ble_customs_t\000"
 1445      74635F62 
 1445      6C655F63 
 1445      7573746F 
 1445      6D735F74 
 1446              	.LASF50:
 1447 082c 73727373 		.ascii	"srssNumHfroot\000"
 1447      4E756D48 
 1447      66726F6F 
 1447      7400
 1448              	.LASF63:
 1449 083a 666C6173 		.ascii	"flashEraseDelay\000"
 1449      68457261 
 1449      73654465 
 1449      6C617900 
 1450              	.LASF21:
 1451 084a 75696E74 		.ascii	"uint32_t\000"
 1451      33325F74 
 1451      00
 1452              	.LASF2:
 1453 0853 6C6F6E67 		.ascii	"long double\000"
 1453      20646F75 
 1453      626C6500 
 1454              	.LASF16:
 1455 085f 63686172 		.ascii	"char\000"
 1455      00
 1456              	.LASF40:
ARM GAS  C:\Users\Austina\AppData\Local\Temp\ccFM3Mi6.s 			page 33


 1457 0864 70726F74 		.ascii	"protVersion\000"
 1457      56657273 
 1457      696F6E00 
 1458              	.LASF103:
 1459 0870 63707573 		.ascii	"cpussRam0Ctl0\000"
 1459      7352616D 
 1459      3043746C 
 1459      3000
 1460              	.LASF8:
 1461 087e 5F5F7569 		.ascii	"__uint16_t\000"
 1461      6E743136 
 1461      5F7400
 1462              	.LASF143:
 1463 0889 63795F62 		.ascii	"cy_ble_pendingFlashWrite\000"
 1463      6C655F70 
 1463      656E6469 
 1463      6E67466C 
 1463      61736857 
 1464              	.LASF84:
 1465 08a2 70657269 		.ascii	"periDiv16CtlOffset\000"
 1465      44697631 
 1465      3643746C 
 1465      4F666673 
 1465      657400
 1466              	.LASF10:
 1467 08b5 5F5F696E 		.ascii	"__int32_t\000"
 1467      7433325F 
 1467      7400
 1468              	.LASF140:
 1469 08bf 63795F62 		.ascii	"cy_ble_advState\000"
 1469      6C655F61 
 1469      64765374 
 1469      61746500 
 1470              	.LASF37:
 1471 08cf 6873696F 		.ascii	"hsiomVersion\000"
 1471      6D566572 
 1471      73696F6E 
 1471      00
 1472              	.LASF65:
 1473 08dc 666C6173 		.ascii	"flashCtlMainWs1Freq\000"
 1473      6843746C 
 1473      4D61696E 
 1473      57733146 
 1473      72657100 
 1474              	.LASF9:
 1475 08f0 73686F72 		.ascii	"short unsigned int\000"
 1475      7420756E 
 1475      7369676E 
 1475      65642069 
 1475      6E7400
 1476              	.LASF70:
 1477 0903 64774368 		.ascii	"dwChSize\000"
 1477      53697A65 
 1477      00
 1478              	.LASF106:
 1479 090c 69706353 		.ascii	"ipcStructSize\000"
 1479      74727563 
ARM GAS  C:\Users\Austina\AppData\Local\Temp\ccFM3Mi6.s 			page 34


 1479      7453697A 
 1479      6500
 1480              	.LASF45:
 1481 091a 63707573 		.ascii	"cpussIpc0Irq\000"
 1481      73497063 
 1481      30497271 
 1481      00
 1482              	.LASF88:
 1483 0927 6770696F 		.ascii	"gpioPrtCfgOffset\000"
 1483      50727443 
 1483      66674F66 
 1483      66736574 
 1483      00
 1484              	.LASF120:
 1485 0938 43595F42 		.ascii	"CY_BLE_CONN_STATE_DISCONNECTED\000"
 1485      4C455F43 
 1485      4F4E4E5F 
 1485      53544154 
 1485      455F4449 
 1486              	.LASF141:
 1487 0957 63795F62 		.ascii	"cy_ble_connHandle\000"
 1487      6C655F63 
 1487      6F6E6E48 
 1487      616E646C 
 1487      6500
 1488              	.LASF47:
 1489 0969 63707573 		.ascii	"cpussNotConnectedIrq\000"
 1489      734E6F74 
 1489      436F6E6E 
 1489      65637465 
 1489      64497271 
 1490              	.LASF117:
 1491 097e 43595F42 		.ascii	"CY_BLE_ADV_STATE_ADVERTISING\000"
 1491      4C455F41 
 1491      44565F53 
 1491      54415445 
 1491      5F414456 
 1492              	.LASF115:
 1493 099b 43595F42 		.ascii	"CY_BLE_ADV_STATE_STOPPED\000"
 1493      4C455F41 
 1493      44565F53 
 1493      54415445 
 1493      5F53544F 
 1494              	.LASF17:
 1495 09b4 75696E74 		.ascii	"uint8_t\000"
 1495      385F7400 
 1496              	.LASF94:
 1497 09bc 63707573 		.ascii	"cpussCm4StatusOffset\000"
 1497      73436D34 
 1497      53746174 
 1497      75734F66 
 1497      66736574 
 1498              	.LASF87:
 1499 09d1 6770696F 		.ascii	"gpioPrtIntrCfgOffset\000"
 1499      50727449 
 1499      6E747243 
 1499      66674F66 
ARM GAS  C:\Users\Austina\AppData\Local\Temp\ccFM3Mi6.s 			page 35


 1499      66736574 
 1500              	.LASF127:
 1501 09e6 43595F42 		.ascii	"CY_BLE_CONN_STATE_CLIENT_DISCOVERED\000"
 1501      4C455F43 
 1501      4F4E4E5F 
 1501      53544154 
 1501      455F434C 
 1502              	.LASF98:
 1503 0a0a 63707573 		.ascii	"cpussTrimRomCtlOffset\000"
 1503      73547269 
 1503      6D526F6D 
 1503      43746C4F 
 1503      66667365 
 1504              	.LASF111:
 1505 0a20 62644861 		.ascii	"bdHandle\000"
 1505      6E646C65 
 1505      00
 1506              	.LASF48:
 1507 0a29 73727373 		.ascii	"srssNumClkpath\000"
 1507      4E756D43 
 1507      6C6B7061 
 1507      746800
 1508              	.LASF34:
 1509 0a38 64775665 		.ascii	"dwVersion\000"
 1509      7273696F 
 1509      6E00
 1510              	.LASF30:
 1511 0a42 69706342 		.ascii	"ipcBase\000"
 1511      61736500 
 1512              	.LASF81:
 1513 0a4a 70657269 		.ascii	"periDivCmdPaDivSelPos\000"
 1513      44697643 
 1513      6D645061 
 1513      44697653 
 1513      656C506F 
 1514              	.LASF62:
 1515 0a60 666C6173 		.ascii	"flashProgramDelay\000"
 1515      6850726F 
 1515      6772616D 
 1515      44656C61 
 1515      7900
 1516              	.LASF130:
 1517 0a72 63757374 		.ascii	"customServCharHandle\000"
 1517      6F6D5365 
 1517      72764368 
 1517      61724861 
 1517      6E646C65 
 1518              	.LASF121:
 1519 0a87 43595F42 		.ascii	"CY_BLE_CONN_STATE_CLIENT_DISCONNECTED_DISCOVERED\000"
 1519      4C455F43 
 1519      4F4E4E5F 
 1519      53544154 
 1519      455F434C 
 1520              	.LASF59:
 1521 0ab8 666C6173 		.ascii	"flashRwwRequired\000"
 1521      68527777 
 1521      52657175 
ARM GAS  C:\Users\Austina\AppData\Local\Temp\ccFM3Mi6.s 			page 36


 1521      69726564 
 1521      00
 1522              	.LASF131:
 1523 0ac9 63757374 		.ascii	"customServCharDesc\000"
 1523      6F6D5365 
 1523      72764368 
 1523      61724465 
 1523      736300
 1524              		.ident	"GCC: (GNU Tools for ARM Embedded Processors) 5.4.1 20160609 (release) [ARM/embedded-5-bran
