--------------- Build Started: 10/14/2021 07:03:23 Project: CapSense_Basic, Configuration: ARM GCC 5.4-2016-q2-update Debug ---------------
The code generation step is up to date.
The compile step is up to date, no work needs to be done.
The link step is up to date, no work needs to be done.
arm-none-eabi-gcc.exe -mcpu=cortex-m4 -mfloat-abi=softfp -mfpu=fpv4-sp-d16 -mthumb -I. -IGenerated_Source\PSoC6 -IGenerated_Source\PSoC6\pdl\cmsis/include/ -IGenerated_Source\PSoC6\pdl\devices/psoc6/include/ -IGenerated_Source\PSoC6\pdl\devices/psoc6/include/ip/ -IGenerated_Source\PSoC6\pdl\drivers/peripheral/ -IGenerated_Source\PSoC6\pdl\drivers/peripheral/device/ -IGenerated_Source\PSoC6\pdl\drivers/peripheral/efuse/ -IGenerated_Source\PSoC6\pdl\drivers/peripheral/flash/ -IGenerated_Source\PSoC6\pdl\drivers/peripheral/gpio/ -IGenerated_Source\PSoC6\pdl\drivers/peripheral/ipc/ -IGenerated_Source\PSoC6\pdl\drivers/peripheral/lvd/ -IGenerated_Source\PSoC6\pdl\drivers/peripheral/profile/ -IGenerated_Source\PSoC6\pdl\drivers/peripheral/prot/ -IGenerated_Source\PSoC6\pdl\drivers/peripheral/sysanalog/ -IGenerated_Source\PSoC6\pdl\drivers/peripheral/sysclk/ -IGenerated_Source\PSoC6\pdl\drivers/peripheral/sysint/ -IGenerated_Source\PSoC6\pdl\drivers/peripheral/syslib/ -IGenerated_Source\PSoC6\pdl\drivers/peripheral/syspm/ -IGenerated_Source\PSoC6\pdl\drivers/peripheral/systick/ -IGenerated_Source\PSoC6\pdl\drivers/peripheral/tcpwm/ -IGenerated_Source\PSoC6\pdl\drivers/peripheral/trigmux/ -IGenerated_Source\PSoC6\pdl\drivers/peripheral/wdt/ -IGenerated_Source\PSoC6\pdl\middleware/ -Wa,-alh=.\CortexM4\ARM_GCC_541\Debug/main_cm4.lst -g -D DEBUG -D CY_CORE_ID=0 -D CY_PSOC_CREATOR_USED=1 -D CY8C6347BZI_BLD53 -Wall -ffunction-sections -ffat-lto-objects -Og -c main_cm4.c -o .\CortexM4\ARM_GCC_541\Debug\main_cm4.o
In file included from Generated_Source\PSoC6/project.h:105:0,
                 from main_cm4.c:12:
Generated_Source\PSoC6/PWM.h:82:32: warning: initialization makes integer from pointer without a cast [-Wint-conversion]
 #define PWM_HW                 (PWM_TCPWM__HW)
                                ^
main_cm4.c:37:10: note: in expansion of macro 'PWM_HW'
     {RED,PWM_HW,PWM_CNT_NUM},
          ^
Generated_Source\PSoC6/PWM.h:82:32: note: (near initialization for 'ledSelect[0].type.CTRL')
 #define PWM_HW                 (PWM_TCPWM__HW)
                                ^
main_cm4.c:37:10: note: in expansion of macro 'PWM_HW'
     {RED,PWM_HW,PWM_CNT_NUM},
          ^
main_cm4.c:37:5: warning: missing braces around initializer [-Wmissing-braces]
     {RED,PWM_HW,PWM_CNT_NUM},
     ^
main_cm4.c:37:5: note: (near initialization for 'ledSelect[0]')
In file included from Generated_Source\PSoC6/project.h:104:0,
                 from main_cm4.c:12:
Generated_Source\PSoC6/PWM_1.h:82:34: warning: initialization makes integer from pointer without a cast [-Wint-conversion]
 #define PWM_1_HW                 (PWM_1_TCPWM__HW)
                                  ^
main_cm4.c:38:12: note: in expansion of macro 'PWM_1_HW'
     {GREEN,PWM_1_HW,PWM_1_CNT_NUM},
            ^
Generated_Source\PSoC6/PWM_1.h:82:34: note: (near initialization for 'ledSelect[1].type.CTRL')
 #define PWM_1_HW                 (PWM_1_TCPWM__HW)
                                  ^
main_cm4.c:38:12: note: in expansion of macro 'PWM_1_HW'
     {GREEN,PWM_1_HW,PWM_1_CNT_NUM},
            ^
main_cm4.c:38:5: warning: missing braces around initializer [-Wmissing-braces]
     {GREEN,PWM_1_HW,PWM_1_CNT_NUM},
     ^
main_cm4.c:38:5: note: (near initialization for 'ledSelect[1]')
In file included from Generated_Source\PSoC6/project.h:121:0,
                 from main_cm4.c:12:
Generated_Source\PSoC6/PWM_2.h:82:34: warning: initialization makes integer from pointer without a cast [-Wint-conversion]
 #define PWM_2_HW                 (PWM_2_TCPWM__HW)
                                  ^
main_cm4.c:39:11: note: in expansion of macro 'PWM_2_HW'
     {BLUE,PWM_2_HW,PWM_2_CNT_NUM}
           ^
Generated_Source\PSoC6/PWM_2.h:82:34: note: (near initialization for 'ledSelect[2].type.CTRL')
 #define PWM_2_HW                 (PWM_2_TCPWM__HW)
                                  ^
main_cm4.c:39:11: note: in expansion of macro 'PWM_2_HW'
     {BLUE,PWM_2_HW,PWM_2_CNT_NUM}
           ^
main_cm4.c:39:5: warning: missing braces around initializer [-Wmissing-braces]
     {BLUE,PWM_2_HW,PWM_2_CNT_NUM}
     ^
main_cm4.c:39:5: note: (near initialization for 'ledSelect[2]')
main_cm4.c:36:36: warning: missing braces around initializer [-Wmissing-braces]
 ledSelect_s ledSelect[MAX_COLOR] = {
                                    ^
main_cm4.c:36:36: note: (near initialization for 'ledSelect')
arm-none-eabi-gcc.exe -Wl,--start-group -o C:\Alen\GitHub_Denzerek\BLEControlledArm\BLE_ARM_Workspace\CapSense_Basic.cydsn\CortexM4\ARM_GCC_541\Debug\CapSense_Basic_link.elf .\CortexM4\ARM_GCC_541\Debug\startup_psoc6_01_cm4.o .\CortexM4\ARM_GCC_541\Debug\main_cm4.o .\CortexM4\ARM_GCC_541\Debug\system_psoc6_cm4.o .\CortexM4\ARM_GCC_541\Debug\cyfitter_sysint_cfg.o .\CortexM4\ARM_GCC_541\Debug\cymetadata.o .\CortexM4\ARM_GCC_541\Debug\PWM.o .\CortexM4\ARM_GCC_541\Debug\CapSense_Control.o .\CortexM4\ARM_GCC_541\Debug\CapSense_Processing.o .\CortexM4\ARM_GCC_541\Debug\CapSense_Structure.o .\CortexM4\ARM_GCC_541\Debug\CapSense_Tuner.o .\CortexM4\ARM_GCC_541\Debug\CapSense_Filter.o .\CortexM4\ARM_GCC_541\Debug\CapSense_Sensing.o .\CortexM4\ARM_GCC_541\Debug\CapSense_INT.o .\CortexM4\ARM_GCC_541\Debug\CapSense_SensingCSD_LL.o .\CortexM4\ARM_GCC_541\Debug\CapSense_SensingCSX_LL.o .\CortexM4\ARM_GCC_541\Debug\CapSense_Centroid_LL.o .\CortexM4\ARM_GCC_541\Debug\CapSense_Gesture.o .\CortexM4\ARM_GCC_541\Debug\cy_efuse.o .\CortexM4\ARM_GCC_541\Debug\cy_flash.o .\CortexM4\ARM_GCC_541\Debug\cy_gpio.o .\CortexM4\ARM_GCC_541\Debug\cy_ipc_drv.o .\CortexM4\ARM_GCC_541\Debug\cy_ipc_sema.o .\CortexM4\ARM_GCC_541\Debug\cy_ipc_pipe.o .\CortexM4\ARM_GCC_541\Debug\cy_lvd.o .\CortexM4\ARM_GCC_541\Debug\cy_profile.o .\CortexM4\ARM_GCC_541\Debug\cy_prot.o .\CortexM4\ARM_GCC_541\Debug\cy_sysanalog.o .\CortexM4\ARM_GCC_541\Debug\cy_sysclk.o .\CortexM4\ARM_GCC_541\Debug\cy_sysint.o .\CortexM4\ARM_GCC_541\Debug\cy_syslib.o .\CortexM4\ARM_GCC_541\Debug\cy_syslib_gcc.o .\CortexM4\ARM_GCC_541\Debug\cy_syspm.o .\CortexM4\ARM_GCC_541\Debug\cy_systick.o .\CortexM4\ARM_GCC_541\Debug\cy_tcpwm_counter.o .\CortexM4\ARM_GCC_541\Debug\cy_tcpwm_pwm.o .\CortexM4\ARM_GCC_541\Debug\cy_tcpwm_quaddec.o .\CortexM4\ARM_GCC_541\Debug\cy_trigmux.o .\CortexM4\ARM_GCC_541\Debug\cy_wdt.o .\CortexM4\ARM_GCC_541\Debug\cy_device.o .\CortexM4\ARM_GCC_541\Debug\cy_ble_clk.o .\CortexM4\ARM_GCC_541\Debug\PWM_1.o .\CortexM4\ARM_GCC_541\Debug\PWM_2.o .\CortexM4\ARM_GCC_541\Debug\CapSense_TMG.o "C:\Program Files (x86)\Cypress\PSoC Creator\4.4\PSoC Creator\psoc\content\CyComponentLibrary\CyComponentLibrary.cylib\CapSense_TMG_v2_0\Library\Ballistic_GCC_M4.a" "C:\Program Files (x86)\Cypress\PSoC Creator\4.4\PSoC Creator\psoc\content\CyComponentLibrary\CyComponentLibrary.cylib\CapSense_TMG_v2_0\Library\Gestures_GCC_M4.a" "C:\Program Files (x86)\Cypress\PSoC Creator\4.4\PSoC Creator\psoc\content\CyComponentLibrary\CyComponentLibrary.cylib\CapSense_v3_0\Library\CapSense_Library_GCC_M4.a" -mcpu=cortex-m4 -mfloat-abi=softfp -mfpu=fpv4-sp-d16 -mthumb -L Generated_Source\PSoC6 -Wl,-Map,.\CortexM4\ARM_GCC_541\Debug/CapSense_Basic.map -T cy8c6xx7_cm4_dual.ld -specs=nano.specs -Wl,--gc-sections -g -ffunction-sections -Og -ffat-lto-objects -Wl,--end-group
"C:\Program Files (x86)\Cypress\PDL\3.1.5\tools\win\elf\cymcuelftool.exe" --sign C:\Alen\GitHub_Denzerek\BLEControlledArm\BLE_ARM_Workspace\CapSense_Basic.cydsn\CortexM4\ARM_GCC_541\Debug\CapSense_Basic_link.elf --output C:\Alen\GitHub_Denzerek\BLEControlledArm\BLE_ARM_Workspace\CapSense_Basic.cydsn\CortexM4\ARM_GCC_541\Debug\CapSense_Basic_signed.elf --hex C:\Alen\GitHub_Denzerek\BLEControlledArm\BLE_ARM_Workspace\CapSense_Basic.cydsn\CortexM4\ARM_GCC_541\Debug\CapSense_Basic_signed.hex
No ELF section .cychecksum found, creating one
Application checksum calculated and stored in ELF section .cychecksum
Checksum calculated and stored in ELF section .cymeta
"C:\Program Files (x86)\Cypress\PDL\3.1.5\tools\win\elf\cymcuelftool.exe" --merge C:\Alen\GitHub_Denzerek\BLEControlledArm\BLE_ARM_Workspace\CapSense_Basic.cydsn\CortexM4\ARM_GCC_541\Debug\CapSense_Basic_signed.elf C:\Alen\GitHub_Denzerek\BLEControlledArm\BLE_ARM_Workspace\CapSense_Basic.cydsn\CortexM0p\ARM_GCC_541\Debug\CapSense_Basic.elf --output C:\Alen\GitHub_Denzerek\BLEControlledArm\BLE_ARM_Workspace\CapSense_Basic.cydsn\CortexM4\ARM_GCC_541\Debug\CapSense_Basic.elf --hex C:\Alen\GitHub_Denzerek\BLEControlledArm\BLE_ARM_Workspace\CapSense_Basic.cydsn\CortexM4\ARM_GCC_541\Debug\CapSense_Basic.hex
Application checksum calculated and stored in ELF section .cychecksum
Checksum calculated and stored in ELF section .cymeta
"C:\Program Files (x86)\Cypress\PDL\3.1.5\tools\win\elf\cymcuelftool.exe" -A C:\Alen\GitHub_Denzerek\BLEControlledArm\BLE_ARM_Workspace\CapSense_Basic.cydsn\CortexM4\ARM_GCC_541\Debug\CapSense_Basic.elf
code:38200	sram:9828
--------------- Build Succeeded: 10/14/2021 07:03:25 ---------------
