ARM GAS  C:\Users\Austina\AppData\Local\Temp\cckpZe2E.s 			page 1


   1              		.syntax unified
   2              		.cpu cortex-m0plus
   3              		.fpu softvfp
   4              		.eabi_attribute 20, 1
   5              		.eabi_attribute 21, 1
   6              		.eabi_attribute 23, 3
   7              		.eabi_attribute 24, 1
   8              		.eabi_attribute 25, 1
   9              		.eabi_attribute 26, 1
  10              		.eabi_attribute 30, 1
  11              		.eabi_attribute 34, 0
  12              		.eabi_attribute 18, 4
  13              		.thumb
  14              		.syntax unified
  15              		.file	"main_cm0p.c"
  16              		.text
  17              	.Ltext0:
  18              		.cfi_sections	.debug_frame
  19              		.section	.text.main,"ax",%progbits
  20              		.align	2
  21              		.global	main
  22              		.code	16
  23              		.thumb_func
  24              		.type	main, %function
  25              	main:
  26              	.LFB486:
  27              		.file 1 "main_cm0p.c"
   1:main_cm0p.c   **** /* ========================================
   2:main_cm0p.c   ****  *
   3:main_cm0p.c   ****  * Copyright YOUR COMPANY, THE YEAR
   4:main_cm0p.c   ****  * All Rights Reserved
   5:main_cm0p.c   ****  * UNPUBLISHED, LICENSED SOFTWARE.
   6:main_cm0p.c   ****  *
   7:main_cm0p.c   ****  * CONFIDENTIAL AND PROPRIETARY INFORMATION
   8:main_cm0p.c   ****  * WHICH IS THE PROPERTY OF your company.
   9:main_cm0p.c   ****  *
  10:main_cm0p.c   ****  * ========================================
  11:main_cm0p.c   **** */
  12:main_cm0p.c   **** #include "project.h"
  13:main_cm0p.c   **** 
  14:main_cm0p.c   **** int main(void)
  15:main_cm0p.c   **** {
  28              		.loc 1 15 0
  29              		.cfi_startproc
  30              		@ Volatile: function does not return.
  31              		@ args = 0, pretend = 0, frame = 0
  32              		@ frame_needed = 0, uses_anonymous_args = 0
  33 0000 10B5     		push	{r4, lr}
  34              		.cfi_def_cfa_offset 8
  35              		.cfi_offset 4, -8
  36              		.cfi_offset 14, -4
  37              	.LBB4:
  38              	.LBB5:
  39              		.file 2 "Generated_Source\\PSoC6\\pdl\\cmsis/include/cmsis_gcc.h"
   1:Generated_Source\PSoC6\pdl\cmsis/include/cmsis_gcc.h **** /**************************************************************************//**
   2:Generated_Source\PSoC6\pdl\cmsis/include/cmsis_gcc.h ****  * @file     cmsis_gcc.h
   3:Generated_Source\PSoC6\pdl\cmsis/include/cmsis_gcc.h ****  * @brief    CMSIS compiler GCC header file
ARM GAS  C:\Users\Austina\AppData\Local\Temp\cckpZe2E.s 			page 2


   4:Generated_Source\PSoC6\pdl\cmsis/include/cmsis_gcc.h ****  * @version  V5.0.1
   5:Generated_Source\PSoC6\pdl\cmsis/include/cmsis_gcc.h ****  * @date     02. February 2017
   6:Generated_Source\PSoC6\pdl\cmsis/include/cmsis_gcc.h ****  ******************************************************************************/
   7:Generated_Source\PSoC6\pdl\cmsis/include/cmsis_gcc.h **** /*
   8:Generated_Source\PSoC6\pdl\cmsis/include/cmsis_gcc.h ****  * Copyright (c) 2009-2017 ARM Limited. All rights reserved.
   9:Generated_Source\PSoC6\pdl\cmsis/include/cmsis_gcc.h ****  *
  10:Generated_Source\PSoC6\pdl\cmsis/include/cmsis_gcc.h ****  * SPDX-License-Identifier: Apache-2.0
  11:Generated_Source\PSoC6\pdl\cmsis/include/cmsis_gcc.h ****  *
  12:Generated_Source\PSoC6\pdl\cmsis/include/cmsis_gcc.h ****  * Licensed under the Apache License, Version 2.0 (the License); you may
  13:Generated_Source\PSoC6\pdl\cmsis/include/cmsis_gcc.h ****  * not use this file except in compliance with the License.
  14:Generated_Source\PSoC6\pdl\cmsis/include/cmsis_gcc.h ****  * You may obtain a copy of the License at
  15:Generated_Source\PSoC6\pdl\cmsis/include/cmsis_gcc.h ****  *
  16:Generated_Source\PSoC6\pdl\cmsis/include/cmsis_gcc.h ****  * www.apache.org/licenses/LICENSE-2.0
  17:Generated_Source\PSoC6\pdl\cmsis/include/cmsis_gcc.h ****  *
  18:Generated_Source\PSoC6\pdl\cmsis/include/cmsis_gcc.h ****  * Unless required by applicable law or agreed to in writing, software
  19:Generated_Source\PSoC6\pdl\cmsis/include/cmsis_gcc.h ****  * distributed under the License is distributed on an AS IS BASIS, WITHOUT
  20:Generated_Source\PSoC6\pdl\cmsis/include/cmsis_gcc.h ****  * WARRANTIES OR CONDITIONS OF ANY KIND, either express or implied.
  21:Generated_Source\PSoC6\pdl\cmsis/include/cmsis_gcc.h ****  * See the License for the specific language governing permissions and
  22:Generated_Source\PSoC6\pdl\cmsis/include/cmsis_gcc.h ****  * limitations under the License.
  23:Generated_Source\PSoC6\pdl\cmsis/include/cmsis_gcc.h ****  */
  24:Generated_Source\PSoC6\pdl\cmsis/include/cmsis_gcc.h **** 
  25:Generated_Source\PSoC6\pdl\cmsis/include/cmsis_gcc.h **** #ifndef __CMSIS_GCC_H
  26:Generated_Source\PSoC6\pdl\cmsis/include/cmsis_gcc.h **** #define __CMSIS_GCC_H
  27:Generated_Source\PSoC6\pdl\cmsis/include/cmsis_gcc.h **** 
  28:Generated_Source\PSoC6\pdl\cmsis/include/cmsis_gcc.h **** /* ignore some GCC warnings */
  29:Generated_Source\PSoC6\pdl\cmsis/include/cmsis_gcc.h **** #pragma GCC diagnostic push
  30:Generated_Source\PSoC6\pdl\cmsis/include/cmsis_gcc.h **** #pragma GCC diagnostic ignored "-Wsign-conversion"
  31:Generated_Source\PSoC6\pdl\cmsis/include/cmsis_gcc.h **** #pragma GCC diagnostic ignored "-Wconversion"
  32:Generated_Source\PSoC6\pdl\cmsis/include/cmsis_gcc.h **** #pragma GCC diagnostic ignored "-Wunused-parameter"
  33:Generated_Source\PSoC6\pdl\cmsis/include/cmsis_gcc.h **** 
  34:Generated_Source\PSoC6\pdl\cmsis/include/cmsis_gcc.h **** /* CMSIS compiler specific defines */
  35:Generated_Source\PSoC6\pdl\cmsis/include/cmsis_gcc.h **** #ifndef   __ASM
  36:Generated_Source\PSoC6\pdl\cmsis/include/cmsis_gcc.h ****   #define __ASM                     __asm
  37:Generated_Source\PSoC6\pdl\cmsis/include/cmsis_gcc.h **** #endif
  38:Generated_Source\PSoC6\pdl\cmsis/include/cmsis_gcc.h **** #ifndef   __INLINE
  39:Generated_Source\PSoC6\pdl\cmsis/include/cmsis_gcc.h ****   #define __INLINE                  inline
  40:Generated_Source\PSoC6\pdl\cmsis/include/cmsis_gcc.h **** #endif
  41:Generated_Source\PSoC6\pdl\cmsis/include/cmsis_gcc.h **** #ifndef   __STATIC_INLINE
  42:Generated_Source\PSoC6\pdl\cmsis/include/cmsis_gcc.h ****   #define __STATIC_INLINE           static inline
  43:Generated_Source\PSoC6\pdl\cmsis/include/cmsis_gcc.h **** #endif
  44:Generated_Source\PSoC6\pdl\cmsis/include/cmsis_gcc.h **** #ifndef   __NO_RETURN
  45:Generated_Source\PSoC6\pdl\cmsis/include/cmsis_gcc.h ****   #define __NO_RETURN               __attribute__((noreturn))
  46:Generated_Source\PSoC6\pdl\cmsis/include/cmsis_gcc.h **** #endif
  47:Generated_Source\PSoC6\pdl\cmsis/include/cmsis_gcc.h **** #ifndef   __USED
  48:Generated_Source\PSoC6\pdl\cmsis/include/cmsis_gcc.h ****   #define __USED                    __attribute__((used))
  49:Generated_Source\PSoC6\pdl\cmsis/include/cmsis_gcc.h **** #endif
  50:Generated_Source\PSoC6\pdl\cmsis/include/cmsis_gcc.h **** #ifndef   __WEAK
  51:Generated_Source\PSoC6\pdl\cmsis/include/cmsis_gcc.h ****   #define __WEAK                    __attribute__((weak))
  52:Generated_Source\PSoC6\pdl\cmsis/include/cmsis_gcc.h **** #endif
  53:Generated_Source\PSoC6\pdl\cmsis/include/cmsis_gcc.h **** #ifndef   __UNALIGNED_UINT32
  54:Generated_Source\PSoC6\pdl\cmsis/include/cmsis_gcc.h **** #pragma GCC diagnostic push
  55:Generated_Source\PSoC6\pdl\cmsis/include/cmsis_gcc.h **** #pragma GCC diagnostic ignored "-Wpacked"
  56:Generated_Source\PSoC6\pdl\cmsis/include/cmsis_gcc.h **** #pragma GCC diagnostic ignored "-Wattributes"
  57:Generated_Source\PSoC6\pdl\cmsis/include/cmsis_gcc.h ****   struct __attribute__((packed)) T_UINT32 { uint32_t v; };
  58:Generated_Source\PSoC6\pdl\cmsis/include/cmsis_gcc.h **** #pragma GCC diagnostic pop
  59:Generated_Source\PSoC6\pdl\cmsis/include/cmsis_gcc.h ****   #define __UNALIGNED_UINT32(x)     (((struct T_UINT32 *)(x))->v)
  60:Generated_Source\PSoC6\pdl\cmsis/include/cmsis_gcc.h **** #endif
ARM GAS  C:\Users\Austina\AppData\Local\Temp\cckpZe2E.s 			page 3


  61:Generated_Source\PSoC6\pdl\cmsis/include/cmsis_gcc.h **** #ifndef   __ALIGNED
  62:Generated_Source\PSoC6\pdl\cmsis/include/cmsis_gcc.h ****   #define __ALIGNED(x)              __attribute__((aligned(x)))
  63:Generated_Source\PSoC6\pdl\cmsis/include/cmsis_gcc.h **** #endif
  64:Generated_Source\PSoC6\pdl\cmsis/include/cmsis_gcc.h **** #ifndef   __PACKED
  65:Generated_Source\PSoC6\pdl\cmsis/include/cmsis_gcc.h ****   #define __PACKED                  __attribute__((packed, aligned(1)))
  66:Generated_Source\PSoC6\pdl\cmsis/include/cmsis_gcc.h **** #endif
  67:Generated_Source\PSoC6\pdl\cmsis/include/cmsis_gcc.h **** #ifndef   __PACKED_STRUCT
  68:Generated_Source\PSoC6\pdl\cmsis/include/cmsis_gcc.h ****   #define __PACKED_STRUCT           struct __attribute__((packed, aligned(1)))
  69:Generated_Source\PSoC6\pdl\cmsis/include/cmsis_gcc.h **** #endif
  70:Generated_Source\PSoC6\pdl\cmsis/include/cmsis_gcc.h **** 
  71:Generated_Source\PSoC6\pdl\cmsis/include/cmsis_gcc.h **** 
  72:Generated_Source\PSoC6\pdl\cmsis/include/cmsis_gcc.h **** /* ###########################  Core Function Access  ########################### */
  73:Generated_Source\PSoC6\pdl\cmsis/include/cmsis_gcc.h **** /** \ingroup  CMSIS_Core_FunctionInterface
  74:Generated_Source\PSoC6\pdl\cmsis/include/cmsis_gcc.h ****     \defgroup CMSIS_Core_RegAccFunctions CMSIS Core Register Access Functions
  75:Generated_Source\PSoC6\pdl\cmsis/include/cmsis_gcc.h ****   @{
  76:Generated_Source\PSoC6\pdl\cmsis/include/cmsis_gcc.h ****  */
  77:Generated_Source\PSoC6\pdl\cmsis/include/cmsis_gcc.h **** 
  78:Generated_Source\PSoC6\pdl\cmsis/include/cmsis_gcc.h **** /**
  79:Generated_Source\PSoC6\pdl\cmsis/include/cmsis_gcc.h ****   \brief   Enable IRQ Interrupts
  80:Generated_Source\PSoC6\pdl\cmsis/include/cmsis_gcc.h ****   \details Enables IRQ interrupts by clearing the I-bit in the CPSR.
  81:Generated_Source\PSoC6\pdl\cmsis/include/cmsis_gcc.h ****            Can only be executed in Privileged modes.
  82:Generated_Source\PSoC6\pdl\cmsis/include/cmsis_gcc.h ****  */
  83:Generated_Source\PSoC6\pdl\cmsis/include/cmsis_gcc.h **** __attribute__((always_inline)) __STATIC_INLINE void __enable_irq(void)
  84:Generated_Source\PSoC6\pdl\cmsis/include/cmsis_gcc.h **** {
  85:Generated_Source\PSoC6\pdl\cmsis/include/cmsis_gcc.h ****   __ASM volatile ("cpsie i" : : : "memory");
  40              		.loc 2 85 0
  41              		.syntax divided
  42              	@ 85 "Generated_Source\PSoC6\pdl\cmsis/include/cmsis_gcc.h" 1
  43 0002 62B6     		cpsie i
  44              	@ 0 "" 2
  45              		.thumb
  46              		.syntax unified
  47              	.LBE5:
  48              	.LBE4:
  16:main_cm0p.c   ****     __enable_irq(); /* Enable global interrupts. */
  17:main_cm0p.c   ****     /* Enable CM4.  CY_CORTEX_M4_APPL_ADDR must be updated if CM4 memory layout is changed. */
  18:main_cm0p.c   ****     Cy_SysEnableCM4(CY_CORTEX_M4_APPL_ADDR);
  49              		.loc 1 18 0
  50 0004 0148     		ldr	r0, .L3
  51 0006 FFF7FEFF 		bl	Cy_SysEnableCM4
  52              	.LVL0:
  53              	.L2:
  54 000a FEE7     		b	.L2
  55              	.L4:
  56              		.align	2
  57              	.L3:
  58 000c 00000810 		.word	268959744
  59              		.cfi_endproc
  60              	.LFE486:
  61              		.size	main, .-main
  62              		.text
  63              	.Letext0:
  64              		.file 3 "c:\\program files (x86)\\cypress\\psoc creator\\4.2\\psoc creator\\import\\gnu\\arm\\5.4.
  65              		.file 4 "c:\\program files (x86)\\cypress\\psoc creator\\4.2\\psoc creator\\import\\gnu\\arm\\5.4.
  66              		.file 5 "Generated_Source\\PSoC6\\pdl\\drivers/peripheral/tcpwm/cy_tcpwm_pwm.h"
  67              		.file 6 "Generated_Source\\PSoC6\\pdl\\drivers/peripheral/scb/cy_scb_i2c.h"
  68              		.file 7 "Generated_Source\\PSoC6\\pdl\\drivers/peripheral/scb/cy_scb_uart.h"
ARM GAS  C:\Users\Austina\AppData\Local\Temp\cckpZe2E.s 			page 4


  69              		.file 8 "Generated_Source\\PSoC6/I2C_1.h"
  70              		.file 9 "Generated_Source\\PSoC6/UART_1.h"
  71              		.file 10 "Generated_Source\\PSoC6/PWM_1.h"
  72              		.file 11 "./system_psoc63.h"
  73              		.section	.debug_info,"",%progbits
  74              	.Ldebug_info0:
  75 0000 F5040000 		.4byte	0x4f5
  76 0004 0400     		.2byte	0x4
  77 0006 00000000 		.4byte	.Ldebug_abbrev0
  78 000a 04       		.byte	0x4
  79 000b 01       		.uleb128 0x1
  80 000c 3A010000 		.4byte	.LASF93
  81 0010 0C       		.byte	0xc
  82 0011 9A050000 		.4byte	.LASF94
  83 0015 BC000000 		.4byte	.LASF95
  84 0019 00000000 		.4byte	.Ldebug_ranges0+0
  85 001d 00000000 		.4byte	0
  86 0021 00000000 		.4byte	.Ldebug_line0
  87 0025 02       		.uleb128 0x2
  88 0026 02       		.byte	0x2
  89 0027 05       		.byte	0x5
  90 0028 B2000000 		.4byte	.LASF0
  91 002c 02       		.uleb128 0x2
  92 002d 01       		.byte	0x1
  93 002e 08       		.byte	0x8
  94 002f 9E030000 		.4byte	.LASF1
  95 0033 02       		.uleb128 0x2
  96 0034 01       		.byte	0x1
  97 0035 06       		.byte	0x6
  98 0036 C7030000 		.4byte	.LASF2
  99 003a 03       		.uleb128 0x3
 100 003b 27030000 		.4byte	.LASF5
 101 003f 03       		.byte	0x3
 102 0040 1D       		.byte	0x1d
 103 0041 2C000000 		.4byte	0x2c
 104 0045 02       		.uleb128 0x2
 105 0046 02       		.byte	0x2
 106 0047 07       		.byte	0x7
 107 0048 71040000 		.4byte	.LASF3
 108 004c 02       		.uleb128 0x2
 109 004d 04       		.byte	0x4
 110 004e 05       		.byte	0x5
 111 004f 17020000 		.4byte	.LASF4
 112 0053 03       		.uleb128 0x3
 113 0054 FA010000 		.4byte	.LASF6
 114 0058 03       		.byte	0x3
 115 0059 41       		.byte	0x41
 116 005a 5E000000 		.4byte	0x5e
 117 005e 02       		.uleb128 0x2
 118 005f 04       		.byte	0x4
 119 0060 07       		.byte	0x7
 120 0061 47040000 		.4byte	.LASF7
 121 0065 02       		.uleb128 0x2
 122 0066 08       		.byte	0x8
 123 0067 05       		.byte	0x5
 124 0068 C5020000 		.4byte	.LASF8
 125 006c 02       		.uleb128 0x2
ARM GAS  C:\Users\Austina\AppData\Local\Temp\cckpZe2E.s 			page 5


 126 006d 08       		.byte	0x8
 127 006e 07       		.byte	0x7
 128 006f E4030000 		.4byte	.LASF9
 129 0073 04       		.uleb128 0x4
 130 0074 04       		.byte	0x4
 131 0075 05       		.byte	0x5
 132 0076 696E7400 		.ascii	"int\000"
 133 007a 02       		.uleb128 0x2
 134 007b 04       		.byte	0x4
 135 007c 07       		.byte	0x7
 136 007d 22040000 		.4byte	.LASF10
 137 0081 03       		.uleb128 0x3
 138 0082 5B020000 		.4byte	.LASF11
 139 0086 04       		.byte	0x4
 140 0087 18       		.byte	0x18
 141 0088 3A000000 		.4byte	0x3a
 142 008c 03       		.uleb128 0x3
 143 008d FB030000 		.4byte	.LASF12
 144 0091 04       		.byte	0x4
 145 0092 30       		.byte	0x30
 146 0093 53000000 		.4byte	0x53
 147 0097 02       		.uleb128 0x2
 148 0098 04       		.byte	0x4
 149 0099 07       		.byte	0x7
 150 009a 0C010000 		.4byte	.LASF13
 151 009e 05       		.uleb128 0x5
 152 009f 8C000000 		.4byte	0x8c
 153 00a3 02       		.uleb128 0x2
 154 00a4 08       		.byte	0x8
 155 00a5 04       		.byte	0x4
 156 00a6 7A030000 		.4byte	.LASF14
 157 00aa 02       		.uleb128 0x2
 158 00ab 01       		.byte	0x1
 159 00ac 08       		.byte	0x8
 160 00ad E9020000 		.4byte	.LASF15
 161 00b1 02       		.uleb128 0x2
 162 00b2 04       		.byte	0x4
 163 00b3 04       		.byte	0x4
 164 00b4 95020000 		.4byte	.LASF16
 165 00b8 02       		.uleb128 0x2
 166 00b9 08       		.byte	0x8
 167 00ba 04       		.byte	0x4
 168 00bb F0040000 		.4byte	.LASF17
 169 00bf 06       		.uleb128 0x6
 170 00c0 04       		.byte	0x4
 171 00c1 02       		.uleb128 0x2
 172 00c2 01       		.byte	0x1
 173 00c3 02       		.byte	0x2
 174 00c4 CB040000 		.4byte	.LASF18
 175 00c8 07       		.uleb128 0x7
 176 00c9 DD010000 		.4byte	.LASF50
 177 00cd 64       		.byte	0x64
 178 00ce 05       		.byte	0x5
 179 00cf 2B       		.byte	0x2b
 180 00d0 01020000 		.4byte	0x201
 181 00d4 08       		.uleb128 0x8
 182 00d5 92050000 		.4byte	.LASF19
ARM GAS  C:\Users\Austina\AppData\Local\Temp\cckpZe2E.s 			page 6


 183 00d9 05       		.byte	0x5
 184 00da 2D       		.byte	0x2d
 185 00db 8C000000 		.4byte	0x8c
 186 00df 00       		.byte	0
 187 00e0 08       		.uleb128 0x8
 188 00e1 2B000000 		.4byte	.LASF20
 189 00e5 05       		.byte	0x5
 190 00e6 2F       		.byte	0x2f
 191 00e7 8C000000 		.4byte	0x8c
 192 00eb 04       		.byte	0x4
 193 00ec 08       		.uleb128 0x8
 194 00ed 20020000 		.4byte	.LASF21
 195 00f1 05       		.byte	0x5
 196 00f2 30       		.byte	0x30
 197 00f3 8C000000 		.4byte	0x8c
 198 00f7 08       		.byte	0x8
 199 00f8 08       		.uleb128 0x8
 200 00f9 AF040000 		.4byte	.LASF22
 201 00fd 05       		.byte	0x5
 202 00fe 31       		.byte	0x31
 203 00ff 8C000000 		.4byte	0x8c
 204 0103 0C       		.byte	0xc
 205 0104 08       		.uleb128 0x8
 206 0105 E1020000 		.4byte	.LASF23
 207 0109 05       		.byte	0x5
 208 010a 32       		.byte	0x32
 209 010b 8C000000 		.4byte	0x8c
 210 010f 10       		.byte	0x10
 211 0110 08       		.uleb128 0x8
 212 0111 A5020000 		.4byte	.LASF24
 213 0115 05       		.byte	0x5
 214 0116 33       		.byte	0x33
 215 0117 8C000000 		.4byte	0x8c
 216 011b 14       		.byte	0x14
 217 011c 08       		.uleb128 0x8
 218 011d AD020000 		.4byte	.LASF25
 219 0121 05       		.byte	0x5
 220 0122 34       		.byte	0x34
 221 0123 8C000000 		.4byte	0x8c
 222 0127 18       		.byte	0x18
 223 0128 08       		.uleb128 0x8
 224 0129 B6030000 		.4byte	.LASF26
 225 012d 05       		.byte	0x5
 226 012e 35       		.byte	0x35
 227 012f C1000000 		.4byte	0xc1
 228 0133 1C       		.byte	0x1c
 229 0134 08       		.uleb128 0x8
 230 0135 49000000 		.4byte	.LASF27
 231 0139 05       		.byte	0x5
 232 013a 36       		.byte	0x36
 233 013b 8C000000 		.4byte	0x8c
 234 013f 20       		.byte	0x20
 235 0140 08       		.uleb128 0x8
 236 0141 52000000 		.4byte	.LASF28
 237 0145 05       		.byte	0x5
 238 0146 37       		.byte	0x37
 239 0147 8C000000 		.4byte	0x8c
ARM GAS  C:\Users\Austina\AppData\Local\Temp\cckpZe2E.s 			page 7


 240 014b 24       		.byte	0x24
 241 014c 08       		.uleb128 0x8
 242 014d 2D020000 		.4byte	.LASF29
 243 0151 05       		.byte	0x5
 244 0152 38       		.byte	0x38
 245 0153 C1000000 		.4byte	0xc1
 246 0157 28       		.byte	0x28
 247 0158 08       		.uleb128 0x8
 248 0159 6D020000 		.4byte	.LASF30
 249 015d 05       		.byte	0x5
 250 015e 3A       		.byte	0x3a
 251 015f 8C000000 		.4byte	0x8c
 252 0163 2C       		.byte	0x2c
 253 0164 08       		.uleb128 0x8
 254 0165 1A030000 		.4byte	.LASF31
 255 0169 05       		.byte	0x5
 256 016a 3B       		.byte	0x3b
 257 016b 8C000000 		.4byte	0x8c
 258 016f 30       		.byte	0x30
 259 0170 08       		.uleb128 0x8
 260 0171 59040000 		.4byte	.LASF32
 261 0175 05       		.byte	0x5
 262 0176 3C       		.byte	0x3c
 263 0177 8C000000 		.4byte	0x8c
 264 017b 34       		.byte	0x34
 265 017c 08       		.uleb128 0x8
 266 017d 7E020000 		.4byte	.LASF33
 267 0181 05       		.byte	0x5
 268 0182 3D       		.byte	0x3d
 269 0183 8C000000 		.4byte	0x8c
 270 0187 38       		.byte	0x38
 271 0188 08       		.uleb128 0x8
 272 0189 03050000 		.4byte	.LASF34
 273 018d 05       		.byte	0x5
 274 018e 3E       		.byte	0x3e
 275 018f 8C000000 		.4byte	0x8c
 276 0193 3C       		.byte	0x3c
 277 0194 08       		.uleb128 0x8
 278 0195 60050000 		.4byte	.LASF35
 279 0199 05       		.byte	0x5
 280 019a 40       		.byte	0x40
 281 019b 8C000000 		.4byte	0x8c
 282 019f 40       		.byte	0x40
 283 01a0 08       		.uleb128 0x8
 284 01a1 B5020000 		.4byte	.LASF36
 285 01a5 05       		.byte	0x5
 286 01a6 41       		.byte	0x41
 287 01a7 8C000000 		.4byte	0x8c
 288 01ab 44       		.byte	0x44
 289 01ac 08       		.uleb128 0x8
 290 01ad 00000000 		.4byte	.LASF37
 291 01b1 05       		.byte	0x5
 292 01b2 43       		.byte	0x43
 293 01b3 8C000000 		.4byte	0x8c
 294 01b7 48       		.byte	0x48
 295 01b8 08       		.uleb128 0x8
 296 01b9 86030000 		.4byte	.LASF38
ARM GAS  C:\Users\Austina\AppData\Local\Temp\cckpZe2E.s 			page 8


 297 01bd 05       		.byte	0x5
 298 01be 44       		.byte	0x44
 299 01bf 8C000000 		.4byte	0x8c
 300 01c3 4C       		.byte	0x4c
 301 01c4 08       		.uleb128 0x8
 302 01c5 37050000 		.4byte	.LASF39
 303 01c9 05       		.byte	0x5
 304 01ca 46       		.byte	0x46
 305 01cb 8C000000 		.4byte	0x8c
 306 01cf 50       		.byte	0x50
 307 01d0 08       		.uleb128 0x8
 308 01d1 D9050000 		.4byte	.LASF40
 309 01d5 05       		.byte	0x5
 310 01d6 47       		.byte	0x47
 311 01d7 8C000000 		.4byte	0x8c
 312 01db 54       		.byte	0x54
 313 01dc 08       		.uleb128 0x8
 314 01dd 63020000 		.4byte	.LASF41
 315 01e1 05       		.byte	0x5
 316 01e2 49       		.byte	0x49
 317 01e3 8C000000 		.4byte	0x8c
 318 01e7 58       		.byte	0x58
 319 01e8 08       		.uleb128 0x8
 320 01e9 3A000000 		.4byte	.LASF42
 321 01ed 05       		.byte	0x5
 322 01ee 4A       		.byte	0x4a
 323 01ef 8C000000 		.4byte	0x8c
 324 01f3 5C       		.byte	0x5c
 325 01f4 08       		.uleb128 0x8
 326 01f5 A6050000 		.4byte	.LASF43
 327 01f9 05       		.byte	0x5
 328 01fa 4C       		.byte	0x4c
 329 01fb 8C000000 		.4byte	0x8c
 330 01ff 60       		.byte	0x60
 331 0200 00       		.byte	0
 332 0201 03       		.uleb128 0x3
 333 0202 5B000000 		.4byte	.LASF44
 334 0206 05       		.byte	0x5
 335 0207 4D       		.byte	0x4d
 336 0208 C8000000 		.4byte	0xc8
 337 020c 09       		.uleb128 0x9
 338 020d 01       		.byte	0x1
 339 020e 2C000000 		.4byte	0x2c
 340 0212 06       		.byte	0x6
 341 0213 DE01     		.2byte	0x1de
 342 0215 26020000 		.4byte	0x226
 343 0219 0A       		.uleb128 0xa
 344 021a 11050000 		.4byte	.LASF45
 345 021e 00       		.byte	0
 346 021f 0A       		.uleb128 0xa
 347 0220 E1040000 		.4byte	.LASF46
 348 0224 01       		.byte	0x1
 349 0225 00       		.byte	0
 350 0226 0B       		.uleb128 0xb
 351 0227 2F040000 		.4byte	.LASF47
 352 022b 06       		.byte	0x6
 353 022c E101     		.2byte	0x1e1
ARM GAS  C:\Users\Austina\AppData\Local\Temp\cckpZe2E.s 			page 9


 354 022e 0C020000 		.4byte	0x20c
 355 0232 0B       		.uleb128 0xb
 356 0233 04040000 		.4byte	.LASF48
 357 0237 06       		.byte	0x6
 358 0238 F301     		.2byte	0x1f3
 359 023a 3E020000 		.4byte	0x23e
 360 023e 0C       		.uleb128 0xc
 361 023f 04       		.byte	0x4
 362 0240 44020000 		.4byte	0x244
 363 0244 0D       		.uleb128 0xd
 364 0245 4F020000 		.4byte	0x24f
 365 0249 0E       		.uleb128 0xe
 366 024a 8C000000 		.4byte	0x8c
 367 024e 00       		.byte	0
 368 024f 0B       		.uleb128 0xb
 369 0250 8A040000 		.4byte	.LASF49
 370 0254 06       		.byte	0x6
 371 0255 FE01     		.2byte	0x1fe
 372 0257 5B020000 		.4byte	0x25b
 373 025b 0C       		.uleb128 0xc
 374 025c 04       		.byte	0x4
 375 025d 61020000 		.4byte	0x261
 376 0261 0F       		.uleb128 0xf
 377 0262 26020000 		.4byte	0x226
 378 0266 70020000 		.4byte	0x270
 379 026a 0E       		.uleb128 0xe
 380 026b 8C000000 		.4byte	0x8c
 381 026f 00       		.byte	0
 382 0270 10       		.uleb128 0x10
 383 0271 E7050000 		.4byte	.LASF51
 384 0275 4C       		.byte	0x4c
 385 0276 06       		.byte	0x6
 386 0277 6502     		.2byte	0x265
 387 0279 8F030000 		.4byte	0x38f
 388 027d 11       		.uleb128 0x11
 389 027e 42050000 		.4byte	.LASF52
 390 0282 06       		.byte	0x6
 391 0283 6802     		.2byte	0x268
 392 0285 C1000000 		.4byte	0xc1
 393 0289 00       		.byte	0
 394 028a 11       		.uleb128 0x11
 395 028b 9B020000 		.4byte	.LASF53
 396 028f 06       		.byte	0x6
 397 0290 6902     		.2byte	0x269
 398 0292 C1000000 		.4byte	0xc1
 399 0296 01       		.byte	0x1
 400 0297 11       		.uleb128 0x11
 401 0298 8D000000 		.4byte	.LASF54
 402 029c 06       		.byte	0x6
 403 029d 6B02     		.2byte	0x26b
 404 029f 9E000000 		.4byte	0x9e
 405 02a3 04       		.byte	0x4
 406 02a4 11       		.uleb128 0x11
 407 02a5 15010000 		.4byte	.LASF55
 408 02a9 06       		.byte	0x6
 409 02aa 6D02     		.2byte	0x26d
 410 02ac 9E000000 		.4byte	0x9e
ARM GAS  C:\Users\Austina\AppData\Local\Temp\cckpZe2E.s 			page 10


 411 02b0 08       		.byte	0x8
 412 02b1 11       		.uleb128 0x11
 413 02b2 54050000 		.4byte	.LASF56
 414 02b6 06       		.byte	0x6
 415 02b7 6E02     		.2byte	0x26e
 416 02b9 C1000000 		.4byte	0xc1
 417 02bd 0C       		.byte	0xc
 418 02be 11       		.uleb128 0x11
 419 02bf 0E030000 		.4byte	.LASF57
 420 02c3 06       		.byte	0x6
 421 02c4 6F02     		.2byte	0x26f
 422 02c6 C1000000 		.4byte	0xc1
 423 02ca 0D       		.byte	0xd
 424 02cb 11       		.uleb128 0x11
 425 02cc BE040000 		.4byte	.LASF58
 426 02d0 06       		.byte	0x6
 427 02d1 7102     		.2byte	0x271
 428 02d3 8F030000 		.4byte	0x38f
 429 02d7 10       		.byte	0x10
 430 02d8 11       		.uleb128 0x11
 431 02d9 D3030000 		.4byte	.LASF59
 432 02dd 06       		.byte	0x6
 433 02de 7202     		.2byte	0x272
 434 02e0 8C000000 		.4byte	0x8c
 435 02e4 14       		.byte	0x14
 436 02e5 11       		.uleb128 0x11
 437 02e6 1B000000 		.4byte	.LASF60
 438 02ea 06       		.byte	0x6
 439 02eb 7302     		.2byte	0x273
 440 02ed 9E000000 		.4byte	0x9e
 441 02f1 18       		.byte	0x18
 442 02f2 11       		.uleb128 0x11
 443 02f3 0C000000 		.4byte	.LASF61
 444 02f7 06       		.byte	0x6
 445 02f8 7402     		.2byte	0x274
 446 02fa 9E000000 		.4byte	0x9e
 447 02fe 1C       		.byte	0x1c
 448 02ff 11       		.uleb128 0x11
 449 0300 F7040000 		.4byte	.LASF62
 450 0304 06       		.byte	0x6
 451 0305 7602     		.2byte	0x276
 452 0307 9E000000 		.4byte	0x9e
 453 030b 20       		.byte	0x20
 454 030c 11       		.uleb128 0x11
 455 030d C9050000 		.4byte	.LASF63
 456 0311 06       		.byte	0x6
 457 0312 7702     		.2byte	0x277
 458 0314 95030000 		.4byte	0x395
 459 0318 24       		.byte	0x24
 460 0319 11       		.uleb128 0x11
 461 031a FE050000 		.4byte	.LASF64
 462 031e 06       		.byte	0x6
 463 031f 7902     		.2byte	0x279
 464 0321 8F030000 		.4byte	0x38f
 465 0325 28       		.byte	0x28
 466 0326 11       		.uleb128 0x11
 467 0327 4F030000 		.4byte	.LASF65
ARM GAS  C:\Users\Austina\AppData\Local\Temp\cckpZe2E.s 			page 11


 468 032b 06       		.byte	0x6
 469 032c 7A02     		.2byte	0x27a
 470 032e 8C000000 		.4byte	0x8c
 471 0332 2C       		.byte	0x2c
 472 0333 11       		.uleb128 0x11
 473 0334 20050000 		.4byte	.LASF66
 474 0338 06       		.byte	0x6
 475 0339 7B02     		.2byte	0x27b
 476 033b 9E000000 		.4byte	0x9e
 477 033f 30       		.byte	0x30
 478 0340 11       		.uleb128 0x11
 479 0341 CC010000 		.4byte	.LASF67
 480 0345 06       		.byte	0x6
 481 0346 7C02     		.2byte	0x27c
 482 0348 9E000000 		.4byte	0x9e
 483 034c 34       		.byte	0x34
 484 034d 11       		.uleb128 0x11
 485 034e 75000000 		.4byte	.LASF68
 486 0352 06       		.byte	0x6
 487 0353 7E02     		.2byte	0x27e
 488 0355 8F030000 		.4byte	0x38f
 489 0359 38       		.byte	0x38
 490 035a 11       		.uleb128 0x11
 491 035b EE020000 		.4byte	.LASF69
 492 035f 06       		.byte	0x6
 493 0360 7F02     		.2byte	0x27f
 494 0362 8C000000 		.4byte	0x8c
 495 0366 3C       		.byte	0x3c
 496 0367 11       		.uleb128 0x11
 497 0368 3E030000 		.4byte	.LASF70
 498 036c 06       		.byte	0x6
 499 036d 8002     		.2byte	0x280
 500 036f 9E000000 		.4byte	0x9e
 501 0373 40       		.byte	0x40
 502 0374 11       		.uleb128 0x11
 503 0375 A6040000 		.4byte	.LASF71
 504 0379 06       		.byte	0x6
 505 037a 8602     		.2byte	0x286
 506 037c 32020000 		.4byte	0x232
 507 0380 44       		.byte	0x44
 508 0381 11       		.uleb128 0x11
 509 0382 C2050000 		.4byte	.LASF72
 510 0386 06       		.byte	0x6
 511 0387 8D02     		.2byte	0x28d
 512 0389 4F020000 		.4byte	0x24f
 513 038d 48       		.byte	0x48
 514 038e 00       		.byte	0
 515 038f 0C       		.uleb128 0xc
 516 0390 04       		.byte	0x4
 517 0391 81000000 		.4byte	0x81
 518 0395 05       		.uleb128 0x5
 519 0396 C1000000 		.4byte	0xc1
 520 039a 0B       		.uleb128 0xb
 521 039b 61030000 		.4byte	.LASF73
 522 039f 06       		.byte	0x6
 523 03a0 9002     		.2byte	0x290
 524 03a2 70020000 		.4byte	0x270
ARM GAS  C:\Users\Austina\AppData\Local\Temp\cckpZe2E.s 			page 12


 525 03a6 0B       		.uleb128 0xb
 526 03a7 93000000 		.4byte	.LASF74
 527 03ab 07       		.byte	0x7
 528 03ac AB01     		.2byte	0x1ab
 529 03ae 3E020000 		.4byte	0x23e
 530 03b2 10       		.uleb128 0x10
 531 03b3 22010000 		.4byte	.LASF75
 532 03b7 38       		.byte	0x38
 533 03b8 07       		.byte	0x7
 534 03b9 4702     		.2byte	0x247
 535 03bb 76040000 		.4byte	0x476
 536 03bf 11       		.uleb128 0x11
 537 03c0 05020000 		.4byte	.LASF76
 538 03c4 07       		.byte	0x7
 539 03c5 4A02     		.2byte	0x24a
 540 03c7 9E000000 		.4byte	0x9e
 541 03cb 00       		.byte	0
 542 03cc 11       		.uleb128 0x11
 543 03cd 95030000 		.4byte	.LASF77
 544 03d1 07       		.byte	0x7
 545 03d2 4B02     		.2byte	0x24b
 546 03d4 9E000000 		.4byte	0x9e
 547 03d8 04       		.byte	0x4
 548 03d9 11       		.uleb128 0x11
 549 03da AC030000 		.4byte	.LASF78
 550 03de 07       		.byte	0x7
 551 03df 4D02     		.2byte	0x24d
 552 03e1 BF000000 		.4byte	0xbf
 553 03e5 08       		.byte	0x8
 554 03e6 11       		.uleb128 0x11
 555 03e7 00030000 		.4byte	.LASF79
 556 03eb 07       		.byte	0x7
 557 03ec 4E02     		.2byte	0x24e
 558 03ee 8C000000 		.4byte	0x8c
 559 03f2 0C       		.byte	0xc
 560 03f3 11       		.uleb128 0x11
 561 03f4 87020000 		.4byte	.LASF80
 562 03f8 07       		.byte	0x7
 563 03f9 4F02     		.2byte	0x24f
 564 03fb 9E000000 		.4byte	0x9e
 565 03ff 10       		.byte	0x10
 566 0400 11       		.uleb128 0x11
 567 0401 84050000 		.4byte	.LASF81
 568 0405 07       		.byte	0x7
 569 0406 5002     		.2byte	0x250
 570 0408 9E000000 		.4byte	0x9e
 571 040c 14       		.byte	0x14
 572 040d 11       		.uleb128 0x11
 573 040e 84040000 		.4byte	.LASF82
 574 0412 07       		.byte	0x7
 575 0413 5202     		.2byte	0x252
 576 0415 BF000000 		.4byte	0xbf
 577 0419 18       		.byte	0x18
 578 041a 11       		.uleb128 0x11
 579 041b 83000000 		.4byte	.LASF83
 580 041f 07       		.byte	0x7
 581 0420 5302     		.2byte	0x253
ARM GAS  C:\Users\Austina\AppData\Local\Temp\cckpZe2E.s 			page 13


 582 0422 8C000000 		.4byte	0x8c
 583 0426 1C       		.byte	0x1c
 584 0427 11       		.uleb128 0x11
 585 0428 0E020000 		.4byte	.LASF84
 586 042c 07       		.byte	0x7
 587 042d 5402     		.2byte	0x254
 588 042f 9E000000 		.4byte	0x9e
 589 0433 20       		.byte	0x20
 590 0434 11       		.uleb128 0x11
 591 0435 31050000 		.4byte	.LASF85
 592 0439 07       		.byte	0x7
 593 043a 5602     		.2byte	0x256
 594 043c BF000000 		.4byte	0xbf
 595 0440 24       		.byte	0x24
 596 0441 11       		.uleb128 0x11
 597 0442 67040000 		.4byte	.LASF86
 598 0446 07       		.byte	0x7
 599 0447 5702     		.2byte	0x257
 600 0449 8C000000 		.4byte	0x8c
 601 044d 28       		.byte	0x28
 602 044e 11       		.uleb128 0x11
 603 044f B1050000 		.4byte	.LASF87
 604 0453 07       		.byte	0x7
 605 0454 5802     		.2byte	0x258
 606 0456 9E000000 		.4byte	0x9e
 607 045a 2C       		.byte	0x2c
 608 045b 11       		.uleb128 0x11
 609 045c A6040000 		.4byte	.LASF71
 610 0460 07       		.byte	0x7
 611 0461 5D02     		.2byte	0x25d
 612 0463 A6030000 		.4byte	0x3a6
 613 0467 30       		.byte	0x30
 614 0468 11       		.uleb128 0x11
 615 0469 4C050000 		.4byte	.LASF88
 616 046d 07       		.byte	0x7
 617 046e 6002     		.2byte	0x260
 618 0470 8C000000 		.4byte	0x8c
 619 0474 34       		.byte	0x34
 620 0475 00       		.byte	0
 621 0476 0B       		.uleb128 0xb
 622 0477 6A050000 		.4byte	.LASF89
 623 047b 07       		.byte	0x7
 624 047c 6302     		.2byte	0x263
 625 047e B2030000 		.4byte	0x3b2
 626 0482 12       		.uleb128 0x12
 627 0483 31030000 		.4byte	.LASF96
 628 0487 02       		.byte	0x2
 629 0488 53       		.byte	0x53
 630 0489 03       		.byte	0x3
 631 048a 13       		.uleb128 0x13
 632 048b F5010000 		.4byte	.LASF97
 633 048f 01       		.byte	0x1
 634 0490 0E       		.byte	0xe
 635 0491 73000000 		.4byte	0x73
 636 0495 00000000 		.4byte	.LFB486
 637 0499 10000000 		.4byte	.LFE486-.LFB486
 638 049d 01       		.uleb128 0x1
ARM GAS  C:\Users\Austina\AppData\Local\Temp\cckpZe2E.s 			page 14


 639 049e 9C       		.byte	0x9c
 640 049f C6040000 		.4byte	0x4c6
 641 04a3 14       		.uleb128 0x14
 642 04a4 82040000 		.4byte	0x482
 643 04a8 02000000 		.4byte	.LBB4
 644 04ac 02000000 		.4byte	.LBE4-.LBB4
 645 04b0 01       		.byte	0x1
 646 04b1 10       		.byte	0x10
 647 04b2 15       		.uleb128 0x15
 648 04b3 0A000000 		.4byte	.LVL0
 649 04b7 EC040000 		.4byte	0x4ec
 650 04bb 16       		.uleb128 0x16
 651 04bc 01       		.uleb128 0x1
 652 04bd 50       		.byte	0x50
 653 04be 05       		.uleb128 0x5
 654 04bf 0C       		.byte	0xc
 655 04c0 00000810 		.4byte	0x10080000
 656 04c4 00       		.byte	0
 657 04c5 00       		.byte	0
 658 04c6 17       		.uleb128 0x17
 659 04c7 D3020000 		.4byte	.LASF90
 660 04cb 08       		.byte	0x8
 661 04cc 7F       		.byte	0x7f
 662 04cd 9A030000 		.4byte	0x39a
 663 04d1 17       		.uleb128 0x17
 664 04d2 3F020000 		.4byte	.LASF91
 665 04d6 09       		.byte	0x9
 666 04d7 87       		.byte	0x87
 667 04d8 76040000 		.4byte	0x476
 668 04dc 17       		.uleb128 0x17
 669 04dd 4E020000 		.4byte	.LASF92
 670 04e1 0A       		.byte	0xa
 671 04e2 1F       		.byte	0x1f
 672 04e3 E7040000 		.4byte	0x4e7
 673 04e7 18       		.uleb128 0x18
 674 04e8 01020000 		.4byte	0x201
 675 04ec 19       		.uleb128 0x19
 676 04ed D1040000 		.4byte	.LASF98
 677 04f1 D1040000 		.4byte	.LASF98
 678 04f5 0B       		.byte	0xb
 679 04f6 FE01     		.2byte	0x1fe
 680 04f8 00       		.byte	0
 681              		.section	.debug_abbrev,"",%progbits
 682              	.Ldebug_abbrev0:
 683 0000 01       		.uleb128 0x1
 684 0001 11       		.uleb128 0x11
 685 0002 01       		.byte	0x1
 686 0003 25       		.uleb128 0x25
 687 0004 0E       		.uleb128 0xe
 688 0005 13       		.uleb128 0x13
 689 0006 0B       		.uleb128 0xb
 690 0007 03       		.uleb128 0x3
 691 0008 0E       		.uleb128 0xe
 692 0009 1B       		.uleb128 0x1b
 693 000a 0E       		.uleb128 0xe
 694 000b 55       		.uleb128 0x55
 695 000c 17       		.uleb128 0x17
ARM GAS  C:\Users\Austina\AppData\Local\Temp\cckpZe2E.s 			page 15


 696 000d 11       		.uleb128 0x11
 697 000e 01       		.uleb128 0x1
 698 000f 10       		.uleb128 0x10
 699 0010 17       		.uleb128 0x17
 700 0011 00       		.byte	0
 701 0012 00       		.byte	0
 702 0013 02       		.uleb128 0x2
 703 0014 24       		.uleb128 0x24
 704 0015 00       		.byte	0
 705 0016 0B       		.uleb128 0xb
 706 0017 0B       		.uleb128 0xb
 707 0018 3E       		.uleb128 0x3e
 708 0019 0B       		.uleb128 0xb
 709 001a 03       		.uleb128 0x3
 710 001b 0E       		.uleb128 0xe
 711 001c 00       		.byte	0
 712 001d 00       		.byte	0
 713 001e 03       		.uleb128 0x3
 714 001f 16       		.uleb128 0x16
 715 0020 00       		.byte	0
 716 0021 03       		.uleb128 0x3
 717 0022 0E       		.uleb128 0xe
 718 0023 3A       		.uleb128 0x3a
 719 0024 0B       		.uleb128 0xb
 720 0025 3B       		.uleb128 0x3b
 721 0026 0B       		.uleb128 0xb
 722 0027 49       		.uleb128 0x49
 723 0028 13       		.uleb128 0x13
 724 0029 00       		.byte	0
 725 002a 00       		.byte	0
 726 002b 04       		.uleb128 0x4
 727 002c 24       		.uleb128 0x24
 728 002d 00       		.byte	0
 729 002e 0B       		.uleb128 0xb
 730 002f 0B       		.uleb128 0xb
 731 0030 3E       		.uleb128 0x3e
 732 0031 0B       		.uleb128 0xb
 733 0032 03       		.uleb128 0x3
 734 0033 08       		.uleb128 0x8
 735 0034 00       		.byte	0
 736 0035 00       		.byte	0
 737 0036 05       		.uleb128 0x5
 738 0037 35       		.uleb128 0x35
 739 0038 00       		.byte	0
 740 0039 49       		.uleb128 0x49
 741 003a 13       		.uleb128 0x13
 742 003b 00       		.byte	0
 743 003c 00       		.byte	0
 744 003d 06       		.uleb128 0x6
 745 003e 0F       		.uleb128 0xf
 746 003f 00       		.byte	0
 747 0040 0B       		.uleb128 0xb
 748 0041 0B       		.uleb128 0xb
 749 0042 00       		.byte	0
 750 0043 00       		.byte	0
 751 0044 07       		.uleb128 0x7
 752 0045 13       		.uleb128 0x13
ARM GAS  C:\Users\Austina\AppData\Local\Temp\cckpZe2E.s 			page 16


 753 0046 01       		.byte	0x1
 754 0047 03       		.uleb128 0x3
 755 0048 0E       		.uleb128 0xe
 756 0049 0B       		.uleb128 0xb
 757 004a 0B       		.uleb128 0xb
 758 004b 3A       		.uleb128 0x3a
 759 004c 0B       		.uleb128 0xb
 760 004d 3B       		.uleb128 0x3b
 761 004e 0B       		.uleb128 0xb
 762 004f 01       		.uleb128 0x1
 763 0050 13       		.uleb128 0x13
 764 0051 00       		.byte	0
 765 0052 00       		.byte	0
 766 0053 08       		.uleb128 0x8
 767 0054 0D       		.uleb128 0xd
 768 0055 00       		.byte	0
 769 0056 03       		.uleb128 0x3
 770 0057 0E       		.uleb128 0xe
 771 0058 3A       		.uleb128 0x3a
 772 0059 0B       		.uleb128 0xb
 773 005a 3B       		.uleb128 0x3b
 774 005b 0B       		.uleb128 0xb
 775 005c 49       		.uleb128 0x49
 776 005d 13       		.uleb128 0x13
 777 005e 38       		.uleb128 0x38
 778 005f 0B       		.uleb128 0xb
 779 0060 00       		.byte	0
 780 0061 00       		.byte	0
 781 0062 09       		.uleb128 0x9
 782 0063 04       		.uleb128 0x4
 783 0064 01       		.byte	0x1
 784 0065 0B       		.uleb128 0xb
 785 0066 0B       		.uleb128 0xb
 786 0067 49       		.uleb128 0x49
 787 0068 13       		.uleb128 0x13
 788 0069 3A       		.uleb128 0x3a
 789 006a 0B       		.uleb128 0xb
 790 006b 3B       		.uleb128 0x3b
 791 006c 05       		.uleb128 0x5
 792 006d 01       		.uleb128 0x1
 793 006e 13       		.uleb128 0x13
 794 006f 00       		.byte	0
 795 0070 00       		.byte	0
 796 0071 0A       		.uleb128 0xa
 797 0072 28       		.uleb128 0x28
 798 0073 00       		.byte	0
 799 0074 03       		.uleb128 0x3
 800 0075 0E       		.uleb128 0xe
 801 0076 1C       		.uleb128 0x1c
 802 0077 0B       		.uleb128 0xb
 803 0078 00       		.byte	0
 804 0079 00       		.byte	0
 805 007a 0B       		.uleb128 0xb
 806 007b 16       		.uleb128 0x16
 807 007c 00       		.byte	0
 808 007d 03       		.uleb128 0x3
 809 007e 0E       		.uleb128 0xe
ARM GAS  C:\Users\Austina\AppData\Local\Temp\cckpZe2E.s 			page 17


 810 007f 3A       		.uleb128 0x3a
 811 0080 0B       		.uleb128 0xb
 812 0081 3B       		.uleb128 0x3b
 813 0082 05       		.uleb128 0x5
 814 0083 49       		.uleb128 0x49
 815 0084 13       		.uleb128 0x13
 816 0085 00       		.byte	0
 817 0086 00       		.byte	0
 818 0087 0C       		.uleb128 0xc
 819 0088 0F       		.uleb128 0xf
 820 0089 00       		.byte	0
 821 008a 0B       		.uleb128 0xb
 822 008b 0B       		.uleb128 0xb
 823 008c 49       		.uleb128 0x49
 824 008d 13       		.uleb128 0x13
 825 008e 00       		.byte	0
 826 008f 00       		.byte	0
 827 0090 0D       		.uleb128 0xd
 828 0091 15       		.uleb128 0x15
 829 0092 01       		.byte	0x1
 830 0093 27       		.uleb128 0x27
 831 0094 19       		.uleb128 0x19
 832 0095 01       		.uleb128 0x1
 833 0096 13       		.uleb128 0x13
 834 0097 00       		.byte	0
 835 0098 00       		.byte	0
 836 0099 0E       		.uleb128 0xe
 837 009a 05       		.uleb128 0x5
 838 009b 00       		.byte	0
 839 009c 49       		.uleb128 0x49
 840 009d 13       		.uleb128 0x13
 841 009e 00       		.byte	0
 842 009f 00       		.byte	0
 843 00a0 0F       		.uleb128 0xf
 844 00a1 15       		.uleb128 0x15
 845 00a2 01       		.byte	0x1
 846 00a3 27       		.uleb128 0x27
 847 00a4 19       		.uleb128 0x19
 848 00a5 49       		.uleb128 0x49
 849 00a6 13       		.uleb128 0x13
 850 00a7 01       		.uleb128 0x1
 851 00a8 13       		.uleb128 0x13
 852 00a9 00       		.byte	0
 853 00aa 00       		.byte	0
 854 00ab 10       		.uleb128 0x10
 855 00ac 13       		.uleb128 0x13
 856 00ad 01       		.byte	0x1
 857 00ae 03       		.uleb128 0x3
 858 00af 0E       		.uleb128 0xe
 859 00b0 0B       		.uleb128 0xb
 860 00b1 0B       		.uleb128 0xb
 861 00b2 3A       		.uleb128 0x3a
 862 00b3 0B       		.uleb128 0xb
 863 00b4 3B       		.uleb128 0x3b
 864 00b5 05       		.uleb128 0x5
 865 00b6 01       		.uleb128 0x1
 866 00b7 13       		.uleb128 0x13
ARM GAS  C:\Users\Austina\AppData\Local\Temp\cckpZe2E.s 			page 18


 867 00b8 00       		.byte	0
 868 00b9 00       		.byte	0
 869 00ba 11       		.uleb128 0x11
 870 00bb 0D       		.uleb128 0xd
 871 00bc 00       		.byte	0
 872 00bd 03       		.uleb128 0x3
 873 00be 0E       		.uleb128 0xe
 874 00bf 3A       		.uleb128 0x3a
 875 00c0 0B       		.uleb128 0xb
 876 00c1 3B       		.uleb128 0x3b
 877 00c2 05       		.uleb128 0x5
 878 00c3 49       		.uleb128 0x49
 879 00c4 13       		.uleb128 0x13
 880 00c5 38       		.uleb128 0x38
 881 00c6 0B       		.uleb128 0xb
 882 00c7 00       		.byte	0
 883 00c8 00       		.byte	0
 884 00c9 12       		.uleb128 0x12
 885 00ca 2E       		.uleb128 0x2e
 886 00cb 00       		.byte	0
 887 00cc 03       		.uleb128 0x3
 888 00cd 0E       		.uleb128 0xe
 889 00ce 3A       		.uleb128 0x3a
 890 00cf 0B       		.uleb128 0xb
 891 00d0 3B       		.uleb128 0x3b
 892 00d1 0B       		.uleb128 0xb
 893 00d2 27       		.uleb128 0x27
 894 00d3 19       		.uleb128 0x19
 895 00d4 20       		.uleb128 0x20
 896 00d5 0B       		.uleb128 0xb
 897 00d6 00       		.byte	0
 898 00d7 00       		.byte	0
 899 00d8 13       		.uleb128 0x13
 900 00d9 2E       		.uleb128 0x2e
 901 00da 01       		.byte	0x1
 902 00db 3F       		.uleb128 0x3f
 903 00dc 19       		.uleb128 0x19
 904 00dd 03       		.uleb128 0x3
 905 00de 0E       		.uleb128 0xe
 906 00df 3A       		.uleb128 0x3a
 907 00e0 0B       		.uleb128 0xb
 908 00e1 3B       		.uleb128 0x3b
 909 00e2 0B       		.uleb128 0xb
 910 00e3 27       		.uleb128 0x27
 911 00e4 19       		.uleb128 0x19
 912 00e5 49       		.uleb128 0x49
 913 00e6 13       		.uleb128 0x13
 914 00e7 8701     		.uleb128 0x87
 915 00e9 19       		.uleb128 0x19
 916 00ea 11       		.uleb128 0x11
 917 00eb 01       		.uleb128 0x1
 918 00ec 12       		.uleb128 0x12
 919 00ed 06       		.uleb128 0x6
 920 00ee 40       		.uleb128 0x40
 921 00ef 18       		.uleb128 0x18
 922 00f0 9742     		.uleb128 0x2117
 923 00f2 19       		.uleb128 0x19
ARM GAS  C:\Users\Austina\AppData\Local\Temp\cckpZe2E.s 			page 19


 924 00f3 01       		.uleb128 0x1
 925 00f4 13       		.uleb128 0x13
 926 00f5 00       		.byte	0
 927 00f6 00       		.byte	0
 928 00f7 14       		.uleb128 0x14
 929 00f8 1D       		.uleb128 0x1d
 930 00f9 00       		.byte	0
 931 00fa 31       		.uleb128 0x31
 932 00fb 13       		.uleb128 0x13
 933 00fc 11       		.uleb128 0x11
 934 00fd 01       		.uleb128 0x1
 935 00fe 12       		.uleb128 0x12
 936 00ff 06       		.uleb128 0x6
 937 0100 58       		.uleb128 0x58
 938 0101 0B       		.uleb128 0xb
 939 0102 59       		.uleb128 0x59
 940 0103 0B       		.uleb128 0xb
 941 0104 00       		.byte	0
 942 0105 00       		.byte	0
 943 0106 15       		.uleb128 0x15
 944 0107 898201   		.uleb128 0x4109
 945 010a 01       		.byte	0x1
 946 010b 11       		.uleb128 0x11
 947 010c 01       		.uleb128 0x1
 948 010d 31       		.uleb128 0x31
 949 010e 13       		.uleb128 0x13
 950 010f 00       		.byte	0
 951 0110 00       		.byte	0
 952 0111 16       		.uleb128 0x16
 953 0112 8A8201   		.uleb128 0x410a
 954 0115 00       		.byte	0
 955 0116 02       		.uleb128 0x2
 956 0117 18       		.uleb128 0x18
 957 0118 9142     		.uleb128 0x2111
 958 011a 18       		.uleb128 0x18
 959 011b 00       		.byte	0
 960 011c 00       		.byte	0
 961 011d 17       		.uleb128 0x17
 962 011e 34       		.uleb128 0x34
 963 011f 00       		.byte	0
 964 0120 03       		.uleb128 0x3
 965 0121 0E       		.uleb128 0xe
 966 0122 3A       		.uleb128 0x3a
 967 0123 0B       		.uleb128 0xb
 968 0124 3B       		.uleb128 0x3b
 969 0125 0B       		.uleb128 0xb
 970 0126 49       		.uleb128 0x49
 971 0127 13       		.uleb128 0x13
 972 0128 3F       		.uleb128 0x3f
 973 0129 19       		.uleb128 0x19
 974 012a 3C       		.uleb128 0x3c
 975 012b 19       		.uleb128 0x19
 976 012c 00       		.byte	0
 977 012d 00       		.byte	0
 978 012e 18       		.uleb128 0x18
 979 012f 26       		.uleb128 0x26
 980 0130 00       		.byte	0
ARM GAS  C:\Users\Austina\AppData\Local\Temp\cckpZe2E.s 			page 20


 981 0131 49       		.uleb128 0x49
 982 0132 13       		.uleb128 0x13
 983 0133 00       		.byte	0
 984 0134 00       		.byte	0
 985 0135 19       		.uleb128 0x19
 986 0136 2E       		.uleb128 0x2e
 987 0137 00       		.byte	0
 988 0138 3F       		.uleb128 0x3f
 989 0139 19       		.uleb128 0x19
 990 013a 3C       		.uleb128 0x3c
 991 013b 19       		.uleb128 0x19
 992 013c 6E       		.uleb128 0x6e
 993 013d 0E       		.uleb128 0xe
 994 013e 03       		.uleb128 0x3
 995 013f 0E       		.uleb128 0xe
 996 0140 3A       		.uleb128 0x3a
 997 0141 0B       		.uleb128 0xb
 998 0142 3B       		.uleb128 0x3b
 999 0143 05       		.uleb128 0x5
 1000 0144 00       		.byte	0
 1001 0145 00       		.byte	0
 1002 0146 00       		.byte	0
 1003              		.section	.debug_aranges,"",%progbits
 1004 0000 1C000000 		.4byte	0x1c
 1005 0004 0200     		.2byte	0x2
 1006 0006 00000000 		.4byte	.Ldebug_info0
 1007 000a 04       		.byte	0x4
 1008 000b 00       		.byte	0
 1009 000c 0000     		.2byte	0
 1010 000e 0000     		.2byte	0
 1011 0010 00000000 		.4byte	.LFB486
 1012 0014 10000000 		.4byte	.LFE486-.LFB486
 1013 0018 00000000 		.4byte	0
 1014 001c 00000000 		.4byte	0
 1015              		.section	.debug_ranges,"",%progbits
 1016              	.Ldebug_ranges0:
 1017 0000 00000000 		.4byte	.LFB486
 1018 0004 10000000 		.4byte	.LFE486
 1019 0008 00000000 		.4byte	0
 1020 000c 00000000 		.4byte	0
 1021              		.section	.debug_line,"",%progbits
 1022              	.Ldebug_line0:
 1023 0000 5F020000 		.section	.debug_str,"MS",%progbits,1
 1023      02003E02 
 1023      00000201 
 1023      FB0E0D00 
 1023      01010101 
 1024              	.LASF37:
 1025 0000 72656C6F 		.ascii	"reloadInput\000"
 1025      6164496E 
 1025      70757400 
 1026              	.LASF61:
 1027 000c 6D617374 		.ascii	"masterNumBytes\000"
 1027      65724E75 
 1027      6D427974 
 1027      657300
 1028              	.LASF60:
ARM GAS  C:\Users\Austina\AppData\Local\Temp\cckpZe2E.s 			page 21


 1029 001b 6D617374 		.ascii	"masterBufferIdx\000"
 1029      65724275 
 1029      66666572 
 1029      49647800 
 1030              	.LASF20:
 1031 002b 636C6F63 		.ascii	"clockPrescaler\000"
 1031      6B507265 
 1031      7363616C 
 1031      657200
 1032              	.LASF42:
 1033 003a 636F756E 		.ascii	"countInputMode\000"
 1033      74496E70 
 1033      75744D6F 
 1033      646500
 1034              	.LASF27:
 1035 0049 636F6D70 		.ascii	"compare0\000"
 1035      61726530 
 1035      00
 1036              	.LASF28:
 1037 0052 636F6D70 		.ascii	"compare1\000"
 1037      61726531 
 1037      00
 1038              	.LASF44:
 1039 005b 63795F73 		.ascii	"cy_stc_tcpwm_pwm_config_t\000"
 1039      74635F74 
 1039      6370776D 
 1039      5F70776D 
 1039      5F636F6E 
 1040              	.LASF68:
 1041 0075 736C6176 		.ascii	"slaveRxBuffer\000"
 1041      65527842 
 1041      75666665 
 1041      7200
 1042              	.LASF83:
 1043 0083 72784275 		.ascii	"rxBufSize\000"
 1043      6653697A 
 1043      6500
 1044              	.LASF54:
 1045 008d 73746174 		.ascii	"state\000"
 1045      6500
 1046              	.LASF74:
 1047 0093 63795F63 		.ascii	"cy_cb_scb_uart_handle_events_t\000"
 1047      625F7363 
 1047      625F7561 
 1047      72745F68 
 1047      616E646C 
 1048              	.LASF0:
 1049 00b2 73686F72 		.ascii	"short int\000"
 1049      7420696E 
 1049      7400
 1050              	.LASF95:
 1051 00bc 433A5C41 		.ascii	"C:\\Alen\\GitHub_Denzerek\\BLEControlledArm\\BLE_AR"
 1051      6C656E5C 
 1051      47697448 
 1051      75625F44 
 1051      656E7A65 
 1052 00eb 4D5F576F 		.ascii	"M_Workspace\\ArduinoCommI2c.cydsn\000"
ARM GAS  C:\Users\Austina\AppData\Local\Temp\cckpZe2E.s 			page 22


 1052      726B7370 
 1052      6163655C 
 1052      41726475 
 1052      696E6F43 
 1053              	.LASF13:
 1054 010c 73697A65 		.ascii	"sizetype\000"
 1054      74797065 
 1054      00
 1055              	.LASF55:
 1056 0115 6D617374 		.ascii	"masterStatus\000"
 1056      65725374 
 1056      61747573 
 1056      00
 1057              	.LASF75:
 1058 0122 63795F73 		.ascii	"cy_stc_scb_uart_context\000"
 1058      74635F73 
 1058      63625F75 
 1058      6172745F 
 1058      636F6E74 
 1059              	.LASF93:
 1060 013a 474E5520 		.ascii	"GNU C11 5.4.1 20160609 (release) [ARM/embedded-5-br"
 1060      43313120 
 1060      352E342E 
 1060      31203230 
 1060      31363036 
 1061 016d 616E6368 		.ascii	"anch revision 237715] -mcpu=cortex-m0plus -mthumb -"
 1061      20726576 
 1061      6973696F 
 1061      6E203233 
 1061      37373135 
 1062 01a0 67202D4F 		.ascii	"g -Og -ffunction-sections -ffat-lto-objects\000"
 1062      67202D66 
 1062      66756E63 
 1062      74696F6E 
 1062      2D736563 
 1063              	.LASF67:
 1064 01cc 736C6176 		.ascii	"slaveTxBufferCnt\000"
 1064      65547842 
 1064      75666665 
 1064      72436E74 
 1064      00
 1065              	.LASF50:
 1066 01dd 63795F73 		.ascii	"cy_stc_tcpwm_pwm_config\000"
 1066      74635F74 
 1066      6370776D 
 1066      5F70776D 
 1066      5F636F6E 
 1067              	.LASF97:
 1068 01f5 6D61696E 		.ascii	"main\000"
 1068      00
 1069              	.LASF6:
 1070 01fa 5F5F7569 		.ascii	"__uint32_t\000"
 1070      6E743332 
 1070      5F7400
 1071              	.LASF76:
 1072 0205 74785374 		.ascii	"txStatus\000"
 1072      61747573 
ARM GAS  C:\Users\Austina\AppData\Local\Temp\cckpZe2E.s 			page 23


 1072      00
 1073              	.LASF84:
 1074 020e 72784275 		.ascii	"rxBufIdx\000"
 1074      66496478 
 1074      00
 1075              	.LASF4:
 1076 0217 6C6F6E67 		.ascii	"long int\000"
 1076      20696E74 
 1076      00
 1077              	.LASF21:
 1078 0220 70776D41 		.ascii	"pwmAlignment\000"
 1078      6C69676E 
 1078      6D656E74 
 1078      00
 1079              	.LASF29:
 1080 022d 656E6162 		.ascii	"enableCompareSwap\000"
 1080      6C65436F 
 1080      6D706172 
 1080      65537761 
 1080      7000
 1081              	.LASF91:
 1082 023f 55415254 		.ascii	"UART_1_context\000"
 1082      5F315F63 
 1082      6F6E7465 
 1082      787400
 1083              	.LASF92:
 1084 024e 50574D5F 		.ascii	"PWM_1_config\000"
 1084      315F636F 
 1084      6E666967 
 1084      00
 1085              	.LASF11:
 1086 025b 75696E74 		.ascii	"uint8_t\000"
 1086      385F7400 
 1087              	.LASF41:
 1088 0263 6B696C6C 		.ascii	"killInput\000"
 1088      496E7075 
 1088      7400
 1089              	.LASF30:
 1090 026d 696E7465 		.ascii	"interruptSources\000"
 1090      72727570 
 1090      74536F75 
 1090      72636573 
 1090      00
 1091              	.LASF33:
 1092 027e 6B696C6C 		.ascii	"killMode\000"
 1092      4D6F6465 
 1092      00
 1093              	.LASF80:
 1094 0287 72785269 		.ascii	"rxRingBufHead\000"
 1094      6E674275 
 1094      66486561 
 1094      6400
 1095              	.LASF16:
 1096 0295 666C6F61 		.ascii	"float\000"
 1096      7400
 1097              	.LASF53:
 1098 029b 75736554 		.ascii	"useTxFifo\000"
ARM GAS  C:\Users\Austina\AppData\Local\Temp\cckpZe2E.s 			page 24


 1098      78466966 
 1098      6F00
 1099              	.LASF24:
 1100 02a5 70657269 		.ascii	"period0\000"
 1100      6F643000 
 1101              	.LASF25:
 1102 02ad 70657269 		.ascii	"period1\000"
 1102      6F643100 
 1103              	.LASF36:
 1104 02b5 72656C6F 		.ascii	"reloadInputMode\000"
 1104      6164496E 
 1104      7075744D 
 1104      6F646500 
 1105              	.LASF8:
 1106 02c5 6C6F6E67 		.ascii	"long long int\000"
 1106      206C6F6E 
 1106      6720696E 
 1106      7400
 1107              	.LASF90:
 1108 02d3 4932435F 		.ascii	"I2C_1_context\000"
 1108      315F636F 
 1108      6E746578 
 1108      7400
 1109              	.LASF23:
 1110 02e1 72756E4D 		.ascii	"runMode\000"
 1110      6F646500 
 1111              	.LASF15:
 1112 02e9 63686172 		.ascii	"char\000"
 1112      00
 1113              	.LASF69:
 1114 02ee 736C6176 		.ascii	"slaveRxBufferSize\000"
 1114      65527842 
 1114      75666665 
 1114      7253697A 
 1114      6500
 1115              	.LASF79:
 1116 0300 72785269 		.ascii	"rxRingBufSize\000"
 1116      6E674275 
 1116      6653697A 
 1116      6500
 1117              	.LASF57:
 1118 030e 6D617374 		.ascii	"masterRdDir\000"
 1118      65725264 
 1118      44697200 
 1119              	.LASF31:
 1120 031a 696E7665 		.ascii	"invertPWMOut\000"
 1120      72745057 
 1120      4D4F7574 
 1120      00
 1121              	.LASF5:
 1122 0327 5F5F7569 		.ascii	"__uint8_t\000"
 1122      6E74385F 
 1122      7400
 1123              	.LASF96:
 1124 0331 5F5F656E 		.ascii	"__enable_irq\000"
 1124      61626C65 
 1124      5F697271 
ARM GAS  C:\Users\Austina\AppData\Local\Temp\cckpZe2E.s 			page 25


 1124      00
 1125              	.LASF70:
 1126 033e 736C6176 		.ascii	"slaveRxBufferIdx\000"
 1126      65527842 
 1126      75666665 
 1126      72496478 
 1126      00
 1127              	.LASF65:
 1128 034f 736C6176 		.ascii	"slaveTxBufferSize\000"
 1128      65547842 
 1128      75666665 
 1128      7253697A 
 1128      6500
 1129              	.LASF73:
 1130 0361 63795F73 		.ascii	"cy_stc_scb_i2c_context_t\000"
 1130      74635F73 
 1130      63625F69 
 1130      32635F63 
 1130      6F6E7465 
 1131              	.LASF14:
 1132 037a 6C6F6E67 		.ascii	"long double\000"
 1132      20646F75 
 1132      626C6500 
 1133              	.LASF38:
 1134 0386 73746172 		.ascii	"startInputMode\000"
 1134      74496E70 
 1134      75744D6F 
 1134      646500
 1135              	.LASF77:
 1136 0395 72785374 		.ascii	"rxStatus\000"
 1136      61747573 
 1136      00
 1137              	.LASF1:
 1138 039e 756E7369 		.ascii	"unsigned char\000"
 1138      676E6564 
 1138      20636861 
 1138      7200
 1139              	.LASF78:
 1140 03ac 72785269 		.ascii	"rxRingBuf\000"
 1140      6E674275 
 1140      6600
 1141              	.LASF26:
 1142 03b6 656E6162 		.ascii	"enablePeriodSwap\000"
 1142      6C655065 
 1142      72696F64 
 1142      53776170 
 1142      00
 1143              	.LASF2:
 1144 03c7 7369676E 		.ascii	"signed char\000"
 1144      65642063 
 1144      68617200 
 1145              	.LASF59:
 1146 03d3 6D617374 		.ascii	"masterBufferSize\000"
 1146      65724275 
 1146      66666572 
 1146      53697A65 
 1146      00
ARM GAS  C:\Users\Austina\AppData\Local\Temp\cckpZe2E.s 			page 26


 1147              	.LASF9:
 1148 03e4 6C6F6E67 		.ascii	"long long unsigned int\000"
 1148      206C6F6E 
 1148      6720756E 
 1148      7369676E 
 1148      65642069 
 1149              	.LASF12:
 1150 03fb 75696E74 		.ascii	"uint32_t\000"
 1150      33325F74 
 1150      00
 1151              	.LASF48:
 1152 0404 63795F63 		.ascii	"cy_cb_scb_i2c_handle_events_t\000"
 1152      625F7363 
 1152      625F6932 
 1152      635F6861 
 1152      6E646C65 
 1153              	.LASF10:
 1154 0422 756E7369 		.ascii	"unsigned int\000"
 1154      676E6564 
 1154      20696E74 
 1154      00
 1155              	.LASF47:
 1156 042f 63795F65 		.ascii	"cy_en_scb_i2c_command_t\000"
 1156      6E5F7363 
 1156      625F6932 
 1156      635F636F 
 1156      6D6D616E 
 1157              	.LASF7:
 1158 0447 6C6F6E67 		.ascii	"long unsigned int\000"
 1158      20756E73 
 1158      69676E65 
 1158      6420696E 
 1158      7400
 1159              	.LASF32:
 1160 0459 696E7665 		.ascii	"invertPWMOutN\000"
 1160      72745057 
 1160      4D4F7574 
 1160      4E00
 1161              	.LASF86:
 1162 0467 74784275 		.ascii	"txBufSize\000"
 1162      6653697A 
 1162      6500
 1163              	.LASF3:
 1164 0471 73686F72 		.ascii	"short unsigned int\000"
 1164      7420756E 
 1164      7369676E 
 1164      65642069 
 1164      6E7400
 1165              	.LASF82:
 1166 0484 72784275 		.ascii	"rxBuf\000"
 1166      6600
 1167              	.LASF49:
 1168 048a 63795F63 		.ascii	"cy_cb_scb_i2c_handle_addr_t\000"
 1168      625F7363 
 1168      625F6932 
 1168      635F6861 
 1168      6E646C65 
ARM GAS  C:\Users\Austina\AppData\Local\Temp\cckpZe2E.s 			page 27


 1169              	.LASF71:
 1170 04a6 63624576 		.ascii	"cbEvents\000"
 1170      656E7473 
 1170      00
 1171              	.LASF22:
 1172 04af 64656164 		.ascii	"deadTimeClocks\000"
 1172      54696D65 
 1172      436C6F63 
 1172      6B7300
 1173              	.LASF58:
 1174 04be 6D617374 		.ascii	"masterBuffer\000"
 1174      65724275 
 1174      66666572 
 1174      00
 1175              	.LASF18:
 1176 04cb 5F426F6F 		.ascii	"_Bool\000"
 1176      6C00
 1177              	.LASF98:
 1178 04d1 43795F53 		.ascii	"Cy_SysEnableCM4\000"
 1178      7973456E 
 1178      61626C65 
 1178      434D3400 
 1179              	.LASF46:
 1180 04e1 43595F53 		.ascii	"CY_SCB_I2C_NAK\000"
 1180      43425F49 
 1180      32435F4E 
 1180      414B00
 1181              	.LASF17:
 1182 04f0 646F7562 		.ascii	"double\000"
 1182      6C6500
 1183              	.LASF62:
 1184 04f7 736C6176 		.ascii	"slaveStatus\000"
 1184      65537461 
 1184      74757300 
 1185              	.LASF34:
 1186 0503 73776170 		.ascii	"swapInputMode\000"
 1186      496E7075 
 1186      744D6F64 
 1186      6500
 1187              	.LASF45:
 1188 0511 43595F53 		.ascii	"CY_SCB_I2C_ACK\000"
 1188      43425F49 
 1188      32435F41 
 1188      434B00
 1189              	.LASF66:
 1190 0520 736C6176 		.ascii	"slaveTxBufferIdx\000"
 1190      65547842 
 1190      75666665 
 1190      72496478 
 1190      00
 1191              	.LASF85:
 1192 0531 74784275 		.ascii	"txBuf\000"
 1192      6600
 1193              	.LASF39:
 1194 0537 73746172 		.ascii	"startInput\000"
 1194      74496E70 
 1194      757400
ARM GAS  C:\Users\Austina\AppData\Local\Temp\cckpZe2E.s 			page 28


 1195              	.LASF52:
 1196 0542 75736552 		.ascii	"useRxFifo\000"
 1196      78466966 
 1196      6F00
 1197              	.LASF88:
 1198 054c 696E6974 		.ascii	"initKey\000"
 1198      4B657900 
 1199              	.LASF56:
 1200 0554 6D617374 		.ascii	"masterPause\000"
 1200      65725061 
 1200      75736500 
 1201              	.LASF35:
 1202 0560 73776170 		.ascii	"swapInput\000"
 1202      496E7075 
 1202      7400
 1203              	.LASF89:
 1204 056a 63795F73 		.ascii	"cy_stc_scb_uart_context_t\000"
 1204      74635F73 
 1204      63625F75 
 1204      6172745F 
 1204      636F6E74 
 1205              	.LASF81:
 1206 0584 72785269 		.ascii	"rxRingBufTail\000"
 1206      6E674275 
 1206      66546169 
 1206      6C00
 1207              	.LASF19:
 1208 0592 70776D4D 		.ascii	"pwmMode\000"
 1208      6F646500 
 1209              	.LASF94:
 1210 059a 6D61696E 		.ascii	"main_cm0p.c\000"
 1210      5F636D30 
 1210      702E6300 
 1211              	.LASF43:
 1212 05a6 636F756E 		.ascii	"countInput\000"
 1212      74496E70 
 1212      757400
 1213              	.LASF87:
 1214 05b1 74784C65 		.ascii	"txLeftToTransmit\000"
 1214      6674546F 
 1214      5472616E 
 1214      736D6974 
 1214      00
 1215              	.LASF72:
 1216 05c2 63624164 		.ascii	"cbAddr\000"
 1216      647200
 1217              	.LASF63:
 1218 05c9 736C6176 		.ascii	"slaveRdBufEmpty\000"
 1218      65526442 
 1218      7566456D 
 1218      70747900 
 1219              	.LASF40:
 1220 05d9 6B696C6C 		.ascii	"killInputMode\000"
 1220      496E7075 
 1220      744D6F64 
 1220      6500
 1221              	.LASF51:
ARM GAS  C:\Users\Austina\AppData\Local\Temp\cckpZe2E.s 			page 29


 1222 05e7 63795F73 		.ascii	"cy_stc_scb_i2c_context\000"
 1222      74635F73 
 1222      63625F69 
 1222      32635F63 
 1222      6F6E7465 
 1223              	.LASF64:
 1224 05fe 736C6176 		.ascii	"slaveTxBuffer\000"
 1224      65547842 
 1224      75666665 
 1224      7200
 1225              		.ident	"GCC: (GNU Tools for ARM Embedded Processors) 5.4.1 20160609 (release) [ARM/embedded-5-bran
