ARM GAS  C:\Users\Austina\AppData\Local\Temp\ccQNEapQ.s 			page 1


   1              		.syntax unified
   2              		.cpu cortex-m4
   3              		.eabi_attribute 27, 1
   4              		.fpu fpv4-sp-d16
   5              		.eabi_attribute 20, 1
   6              		.eabi_attribute 21, 1
   7              		.eabi_attribute 23, 3
   8              		.eabi_attribute 24, 1
   9              		.eabi_attribute 25, 1
  10              		.eabi_attribute 26, 1
  11              		.eabi_attribute 30, 1
  12              		.eabi_attribute 34, 1
  13              		.eabi_attribute 18, 4
  14              		.thumb
  15              		.syntax unified
  16              		.file	"retarget.c"
  17              		.text
  18              	.Ltext0:
  19              		.cfi_sections	.debug_frame
  20              		.syntax unified
  21              		.global _printf_float
  22              		.global _scanf_float
  23              		.thumb
  24              		.syntax unified
  25              		.section	.text._write,"ax",%progbits
  26              		.align	2
  27              		.weak	_write
  28              		.thumb
  29              		.thumb_func
  30              		.type	_write, %function
  31              	_write:
  32              	.LFB577:
  33              		.file 1 "Generated_Source\\PSoC6\\pdl\\utilities\\retarget_io\\retarget.c"
   1:Generated_Source\PSoC6\pdl\utilities\retarget_io/retarget.c **** /***************************************************************************//**
   2:Generated_Source\PSoC6\pdl\utilities\retarget_io/retarget.c **** * \file retarget.c
   3:Generated_Source\PSoC6\pdl\utilities\retarget_io/retarget.c **** * \version 1.10
   4:Generated_Source\PSoC6\pdl\utilities\retarget_io/retarget.c **** *
   5:Generated_Source\PSoC6\pdl\utilities\retarget_io/retarget.c **** * \brief
   6:Generated_Source\PSoC6\pdl\utilities\retarget_io/retarget.c **** * 'Retarget' layer for target-dependent low level function.
   7:Generated_Source\PSoC6\pdl\utilities\retarget_io/retarget.c **** *
   8:Generated_Source\PSoC6\pdl\utilities\retarget_io/retarget.c **** ********************************************************************************
   9:Generated_Source\PSoC6\pdl\utilities\retarget_io/retarget.c **** * \copyright
  10:Generated_Source\PSoC6\pdl\utilities\retarget_io/retarget.c **** * Copyright 2016-2018, Cypress Semiconductor Corporation. All rights reserved.
  11:Generated_Source\PSoC6\pdl\utilities\retarget_io/retarget.c **** * You may use this file only in accordance with the license, terms, conditions,
  12:Generated_Source\PSoC6\pdl\utilities\retarget_io/retarget.c **** * disclaimers, and limitations in the end user license agreement accompanying
  13:Generated_Source\PSoC6\pdl\utilities\retarget_io/retarget.c **** * the software package with which this file was provided.
  14:Generated_Source\PSoC6\pdl\utilities\retarget_io/retarget.c **** *******************************************************************************/
  15:Generated_Source\PSoC6\pdl\utilities\retarget_io/retarget.c **** 
  16:Generated_Source\PSoC6\pdl\utilities\retarget_io/retarget.c **** #include <stdio.h>
  17:Generated_Source\PSoC6\pdl\utilities\retarget_io/retarget.c **** #include "stdio_user.h"
  18:Generated_Source\PSoC6\pdl\utilities\retarget_io/retarget.c **** 
  19:Generated_Source\PSoC6\pdl\utilities\retarget_io/retarget.c **** #if defined(__cplusplus)
  20:Generated_Source\PSoC6\pdl\utilities\retarget_io/retarget.c **** extern "C" {
  21:Generated_Source\PSoC6\pdl\utilities\retarget_io/retarget.c **** #endif
  22:Generated_Source\PSoC6\pdl\utilities\retarget_io/retarget.c **** 
  23:Generated_Source\PSoC6\pdl\utilities\retarget_io/retarget.c **** #ifdef IO_STDOUT_ENABLE
  24:Generated_Source\PSoC6\pdl\utilities\retarget_io/retarget.c **** 
ARM GAS  C:\Users\Austina\AppData\Local\Temp\ccQNEapQ.s 			page 2


  25:Generated_Source\PSoC6\pdl\utilities\retarget_io/retarget.c **** #if defined(__ARMCC_VERSION) /* ARM-MDK */
  26:Generated_Source\PSoC6\pdl\utilities\retarget_io/retarget.c ****     /***************************************************************************
  27:Generated_Source\PSoC6\pdl\utilities\retarget_io/retarget.c ****     * Function Name: fputc
  28:Generated_Source\PSoC6\pdl\utilities\retarget_io/retarget.c ****     ***************************************************************************/
  29:Generated_Source\PSoC6\pdl\utilities\retarget_io/retarget.c ****     __attribute__((weak)) int fputc(int ch, FILE *f)
  30:Generated_Source\PSoC6\pdl\utilities\retarget_io/retarget.c ****     {
  31:Generated_Source\PSoC6\pdl\utilities\retarget_io/retarget.c ****         (void)f;
  32:Generated_Source\PSoC6\pdl\utilities\retarget_io/retarget.c ****     #if (STDOUT_CR_LF != 0)
  33:Generated_Source\PSoC6\pdl\utilities\retarget_io/retarget.c ****         if ((char)ch == '\n')
  34:Generated_Source\PSoC6\pdl\utilities\retarget_io/retarget.c ****         {
  35:Generated_Source\PSoC6\pdl\utilities\retarget_io/retarget.c ****             STDIO_PutChar('\r');
  36:Generated_Source\PSoC6\pdl\utilities\retarget_io/retarget.c ****         }
  37:Generated_Source\PSoC6\pdl\utilities\retarget_io/retarget.c ****     #endif /* STDOUT_CR_LF != 0 */
  38:Generated_Source\PSoC6\pdl\utilities\retarget_io/retarget.c ****         STDIO_PutChar(ch);
  39:Generated_Source\PSoC6\pdl\utilities\retarget_io/retarget.c ****         return (ch);
  40:Generated_Source\PSoC6\pdl\utilities\retarget_io/retarget.c ****     }
  41:Generated_Source\PSoC6\pdl\utilities\retarget_io/retarget.c **** #elif defined (__ICCARM__) /* IAR */
  42:Generated_Source\PSoC6\pdl\utilities\retarget_io/retarget.c ****     #include <yfuns.h>
  43:Generated_Source\PSoC6\pdl\utilities\retarget_io/retarget.c **** 
  44:Generated_Source\PSoC6\pdl\utilities\retarget_io/retarget.c ****     /***************************************************************************
  45:Generated_Source\PSoC6\pdl\utilities\retarget_io/retarget.c ****     * Function Name: __write
  46:Generated_Source\PSoC6\pdl\utilities\retarget_io/retarget.c ****     ***************************************************************************/
  47:Generated_Source\PSoC6\pdl\utilities\retarget_io/retarget.c ****     __weak size_t __write(int handle, const unsigned char * buffer, size_t size)
  48:Generated_Source\PSoC6\pdl\utilities\retarget_io/retarget.c ****     {
  49:Generated_Source\PSoC6\pdl\utilities\retarget_io/retarget.c ****         size_t nChars = 0;
  50:Generated_Source\PSoC6\pdl\utilities\retarget_io/retarget.c ****         /* This template only writes to "standard out", for all other file
  51:Generated_Source\PSoC6\pdl\utilities\retarget_io/retarget.c ****         * handles it returns failure. */
  52:Generated_Source\PSoC6\pdl\utilities\retarget_io/retarget.c ****         if (handle != _LLIO_STDOUT)
  53:Generated_Source\PSoC6\pdl\utilities\retarget_io/retarget.c ****         {
  54:Generated_Source\PSoC6\pdl\utilities\retarget_io/retarget.c ****             return (_LLIO_ERROR);
  55:Generated_Source\PSoC6\pdl\utilities\retarget_io/retarget.c ****         }
  56:Generated_Source\PSoC6\pdl\utilities\retarget_io/retarget.c ****         if (buffer != NULL)
  57:Generated_Source\PSoC6\pdl\utilities\retarget_io/retarget.c ****         {
  58:Generated_Source\PSoC6\pdl\utilities\retarget_io/retarget.c ****             for (/* Empty */; nChars < size; ++nChars)
  59:Generated_Source\PSoC6\pdl\utilities\retarget_io/retarget.c ****             {
  60:Generated_Source\PSoC6\pdl\utilities\retarget_io/retarget.c ****             #if (STDOUT_CR_LF != 0)
  61:Generated_Source\PSoC6\pdl\utilities\retarget_io/retarget.c ****                 if(*buffer == '\n')
  62:Generated_Source\PSoC6\pdl\utilities\retarget_io/retarget.c ****                 {
  63:Generated_Source\PSoC6\pdl\utilities\retarget_io/retarget.c ****                     STDIO_PutChar('\r');
  64:Generated_Source\PSoC6\pdl\utilities\retarget_io/retarget.c ****                 }
  65:Generated_Source\PSoC6\pdl\utilities\retarget_io/retarget.c ****             #endif /* STDOUT_CR_LF != 0 */
  66:Generated_Source\PSoC6\pdl\utilities\retarget_io/retarget.c ****                 STDIO_PutChar(*buffer);
  67:Generated_Source\PSoC6\pdl\utilities\retarget_io/retarget.c ****                 ++buffer;
  68:Generated_Source\PSoC6\pdl\utilities\retarget_io/retarget.c ****             }
  69:Generated_Source\PSoC6\pdl\utilities\retarget_io/retarget.c ****         }
  70:Generated_Source\PSoC6\pdl\utilities\retarget_io/retarget.c ****         return (nChars);
  71:Generated_Source\PSoC6\pdl\utilities\retarget_io/retarget.c ****     }
  72:Generated_Source\PSoC6\pdl\utilities\retarget_io/retarget.c **** #else /* (__GNUC__)  GCC */    
  73:Generated_Source\PSoC6\pdl\utilities\retarget_io/retarget.c ****     /* Add an explicit reference to the floating point printf library to allow
  74:Generated_Source\PSoC6\pdl\utilities\retarget_io/retarget.c ****     the usage of floating point conversion specifier. */
  75:Generated_Source\PSoC6\pdl\utilities\retarget_io/retarget.c ****     __asm (".global _printf_float");
  76:Generated_Source\PSoC6\pdl\utilities\retarget_io/retarget.c ****     /***************************************************************************
  77:Generated_Source\PSoC6\pdl\utilities\retarget_io/retarget.c ****     * Function Name: _write
  78:Generated_Source\PSoC6\pdl\utilities\retarget_io/retarget.c ****     ***************************************************************************/
  79:Generated_Source\PSoC6\pdl\utilities\retarget_io/retarget.c ****     __attribute__((weak)) int _write (int fd, const char *ptr, int len)
  80:Generated_Source\PSoC6\pdl\utilities\retarget_io/retarget.c ****     {
  34              		.loc 1 80 0
ARM GAS  C:\Users\Austina\AppData\Local\Temp\ccQNEapQ.s 			page 3


  35              		.cfi_startproc
  36              		@ args = 0, pretend = 0, frame = 0
  37              		@ frame_needed = 0, uses_anonymous_args = 0
  38              	.LVL0:
  39 0000 70B5     		push	{r4, r5, r6, lr}
  40              		.cfi_def_cfa_offset 16
  41              		.cfi_offset 4, -16
  42              		.cfi_offset 5, -12
  43              		.cfi_offset 6, -8
  44              		.cfi_offset 14, -4
  45              	.LVL1:
  81:Generated_Source\PSoC6\pdl\utilities\retarget_io/retarget.c ****         int nChars = 0;
  82:Generated_Source\PSoC6\pdl\utilities\retarget_io/retarget.c ****         (void)fd;
  83:Generated_Source\PSoC6\pdl\utilities\retarget_io/retarget.c ****         if (ptr != NULL)
  46              		.loc 1 83 0
  47 0002 39B9     		cbnz	r1, .L5
  81:Generated_Source\PSoC6\pdl\utilities\retarget_io/retarget.c ****         int nChars = 0;
  48              		.loc 1 81 0
  49 0004 0024     		movs	r4, #0
  50 0006 0AE0     		b	.L3
  51              	.LVL2:
  52              	.L4:
  84:Generated_Source\PSoC6\pdl\utilities\retarget_io/retarget.c ****         {
  85:Generated_Source\PSoC6\pdl\utilities\retarget_io/retarget.c ****             for (/* Empty */; nChars < len; ++nChars)
  86:Generated_Source\PSoC6\pdl\utilities\retarget_io/retarget.c ****             {
  87:Generated_Source\PSoC6\pdl\utilities\retarget_io/retarget.c ****             #if (STDOUT_CR_LF != 0)
  88:Generated_Source\PSoC6\pdl\utilities\retarget_io/retarget.c ****                 if(*ptr == '\n')
  89:Generated_Source\PSoC6\pdl\utilities\retarget_io/retarget.c ****                 {
  90:Generated_Source\PSoC6\pdl\utilities\retarget_io/retarget.c ****                     STDIO_PutChar('\r');
  91:Generated_Source\PSoC6\pdl\utilities\retarget_io/retarget.c ****                 }
  92:Generated_Source\PSoC6\pdl\utilities\retarget_io/retarget.c ****             #endif /* STDOUT_CR_LF != 0 */
  93:Generated_Source\PSoC6\pdl\utilities\retarget_io/retarget.c ****                 STDIO_PutChar((uint32_t)*ptr);
  53              		.loc 1 93 0 discriminator 2
  54 0008 15F8010B 		ldrb	r0, [r5], #1	@ zero_extendqisi2
  55              	.LVL3:
  56 000c FFF7FEFF 		bl	STDIO_PutChar
  57              	.LVL4:
  85:Generated_Source\PSoC6\pdl\utilities\retarget_io/retarget.c ****             {
  58              		.loc 1 85 0 discriminator 2
  59 0010 0134     		adds	r4, r4, #1
  60              	.LVL5:
  61 0012 02E0     		b	.L2
  62              	.LVL6:
  63              	.L5:
  64 0014 1646     		mov	r6, r2
  65 0016 0D46     		mov	r5, r1
  66 0018 0024     		movs	r4, #0
  67              	.LVL7:
  68              	.L2:
  85:Generated_Source\PSoC6\pdl\utilities\retarget_io/retarget.c ****             {
  69              		.loc 1 85 0 is_stmt 0 discriminator 1
  70 001a B442     		cmp	r4, r6
  71 001c F4DB     		blt	.L4
  72              	.LVL8:
  73              	.L3:
  94:Generated_Source\PSoC6\pdl\utilities\retarget_io/retarget.c ****                 ++ptr;
  95:Generated_Source\PSoC6\pdl\utilities\retarget_io/retarget.c ****             }
ARM GAS  C:\Users\Austina\AppData\Local\Temp\ccQNEapQ.s 			page 4


  96:Generated_Source\PSoC6\pdl\utilities\retarget_io/retarget.c ****         }
  97:Generated_Source\PSoC6\pdl\utilities\retarget_io/retarget.c ****         return (nChars);
  98:Generated_Source\PSoC6\pdl\utilities\retarget_io/retarget.c ****     }
  74              		.loc 1 98 0 is_stmt 1
  75 001e 2046     		mov	r0, r4
  76 0020 70BD     		pop	{r4, r5, r6, pc}
  77              		.cfi_endproc
  78              	.LFE577:
  79              		.size	_write, .-_write
  80 0022 00BF     		.section	.text._read,"ax",%progbits
  81              		.align	2
  82              		.weak	_read
  83              		.thumb
  84              		.thumb_func
  85              		.type	_read, %function
  86              	_read:
  87              	.LFB578:
  99:Generated_Source\PSoC6\pdl\utilities\retarget_io/retarget.c **** #endif
 100:Generated_Source\PSoC6\pdl\utilities\retarget_io/retarget.c **** 
 101:Generated_Source\PSoC6\pdl\utilities\retarget_io/retarget.c **** #endif /* IO_STDOUT_ENABLE */
 102:Generated_Source\PSoC6\pdl\utilities\retarget_io/retarget.c **** 
 103:Generated_Source\PSoC6\pdl\utilities\retarget_io/retarget.c **** #if defined(IO_STDIN_ENABLE)
 104:Generated_Source\PSoC6\pdl\utilities\retarget_io/retarget.c **** 
 105:Generated_Source\PSoC6\pdl\utilities\retarget_io/retarget.c **** #if defined(__ARMCC_VERSION) /* ARM-MDK */
 106:Generated_Source\PSoC6\pdl\utilities\retarget_io/retarget.c ****     /***************************************************************************
 107:Generated_Source\PSoC6\pdl\utilities\retarget_io/retarget.c ****     * Function Name: fgetc
 108:Generated_Source\PSoC6\pdl\utilities\retarget_io/retarget.c ****     ***************************************************************************/
 109:Generated_Source\PSoC6\pdl\utilities\retarget_io/retarget.c ****     __attribute__((weak)) int fgetc(FILE *f) 
 110:Generated_Source\PSoC6\pdl\utilities\retarget_io/retarget.c ****     {
 111:Generated_Source\PSoC6\pdl\utilities\retarget_io/retarget.c ****         (void)f;
 112:Generated_Source\PSoC6\pdl\utilities\retarget_io/retarget.c ****         return (STDIO_GetChar());
 113:Generated_Source\PSoC6\pdl\utilities\retarget_io/retarget.c ****     }
 114:Generated_Source\PSoC6\pdl\utilities\retarget_io/retarget.c **** #elif defined (__ICCARM__) /* IAR */
 115:Generated_Source\PSoC6\pdl\utilities\retarget_io/retarget.c ****     __weak size_t __read(int handle, unsigned char * buffer, size_t size)
 116:Generated_Source\PSoC6\pdl\utilities\retarget_io/retarget.c ****     {
 117:Generated_Source\PSoC6\pdl\utilities\retarget_io/retarget.c ****         /* This template only reads from "standard in", for all other file
 118:Generated_Source\PSoC6\pdl\utilities\retarget_io/retarget.c ****         handles it returns failure. */
 119:Generated_Source\PSoC6\pdl\utilities\retarget_io/retarget.c ****         if ((handle != _LLIO_STDIN) || (buffer == NULL))
 120:Generated_Source\PSoC6\pdl\utilities\retarget_io/retarget.c ****         {
 121:Generated_Source\PSoC6\pdl\utilities\retarget_io/retarget.c ****             return (_LLIO_ERROR);
 122:Generated_Source\PSoC6\pdl\utilities\retarget_io/retarget.c ****         }
 123:Generated_Source\PSoC6\pdl\utilities\retarget_io/retarget.c ****         else
 124:Generated_Source\PSoC6\pdl\utilities\retarget_io/retarget.c ****         {
 125:Generated_Source\PSoC6\pdl\utilities\retarget_io/retarget.c ****             *buffer = STDIO_GetChar();
 126:Generated_Source\PSoC6\pdl\utilities\retarget_io/retarget.c ****             return (1);
 127:Generated_Source\PSoC6\pdl\utilities\retarget_io/retarget.c ****         }
 128:Generated_Source\PSoC6\pdl\utilities\retarget_io/retarget.c ****     }
 129:Generated_Source\PSoC6\pdl\utilities\retarget_io/retarget.c **** #else /* (__GNUC__)  GCC */
 130:Generated_Source\PSoC6\pdl\utilities\retarget_io/retarget.c ****     /* Add an explicit reference to the floating point scanf library to allow
 131:Generated_Source\PSoC6\pdl\utilities\retarget_io/retarget.c ****     the usage of floating point conversion specifier. */
 132:Generated_Source\PSoC6\pdl\utilities\retarget_io/retarget.c ****     __asm (".global _scanf_float");
 133:Generated_Source\PSoC6\pdl\utilities\retarget_io/retarget.c ****     __attribute__((weak)) int _read (int fd, char *ptr, int len)
 134:Generated_Source\PSoC6\pdl\utilities\retarget_io/retarget.c ****     {
  88              		.loc 1 134 0
  89              		.cfi_startproc
  90              		@ args = 0, pretend = 0, frame = 0
  91              		@ frame_needed = 0, uses_anonymous_args = 0
ARM GAS  C:\Users\Austina\AppData\Local\Temp\ccQNEapQ.s 			page 5


  92              	.LVL9:
  93 0000 70B5     		push	{r4, r5, r6, lr}
  94              		.cfi_def_cfa_offset 16
  95              		.cfi_offset 4, -16
  96              		.cfi_offset 5, -12
  97              		.cfi_offset 6, -8
  98              		.cfi_offset 14, -4
  99              	.LVL10:
 135:Generated_Source\PSoC6\pdl\utilities\retarget_io/retarget.c ****         int nChars = 0;
 136:Generated_Source\PSoC6\pdl\utilities\retarget_io/retarget.c ****         (void)fd;
 137:Generated_Source\PSoC6\pdl\utilities\retarget_io/retarget.c ****         if (ptr != NULL)
 100              		.loc 1 137 0
 101 0002 51B9     		cbnz	r1, .L11
 135:Generated_Source\PSoC6\pdl\utilities\retarget_io/retarget.c ****         int nChars = 0;
 102              		.loc 1 135 0
 103 0004 0024     		movs	r4, #0
 104 0006 0DE0     		b	.L9
 105              	.LVL11:
 106              	.L10:
 138:Generated_Source\PSoC6\pdl\utilities\retarget_io/retarget.c ****         {
 139:Generated_Source\PSoC6\pdl\utilities\retarget_io/retarget.c ****             for(/* Empty */;nChars < len;++ptr)
 140:Generated_Source\PSoC6\pdl\utilities\retarget_io/retarget.c ****             {
 141:Generated_Source\PSoC6\pdl\utilities\retarget_io/retarget.c ****                 *ptr = (char)STDIO_GetChar();
 107              		.loc 1 141 0
 108 0008 FFF7FEFF 		bl	STDIO_GetChar
 109              	.LVL12:
 110 000c C0B2     		uxtb	r0, r0
 111 000e 2870     		strb	r0, [r5]
 142:Generated_Source\PSoC6\pdl\utilities\retarget_io/retarget.c ****                 ++nChars;
 112              		.loc 1 142 0
 113 0010 0134     		adds	r4, r4, #1
 114              	.LVL13:
 143:Generated_Source\PSoC6\pdl\utilities\retarget_io/retarget.c ****                 if(*ptr == '\n')
 115              		.loc 1 143 0
 116 0012 0A28     		cmp	r0, #10
 117 0014 06D0     		beq	.L9
 139:Generated_Source\PSoC6\pdl\utilities\retarget_io/retarget.c ****             {
 118              		.loc 1 139 0
 119 0016 0135     		adds	r5, r5, #1
 120              	.LVL14:
 121 0018 02E0     		b	.L8
 122              	.LVL15:
 123              	.L11:
 124 001a 1646     		mov	r6, r2
 125 001c 0D46     		mov	r5, r1
 126 001e 0024     		movs	r4, #0
 127              	.LVL16:
 128              	.L8:
 139:Generated_Source\PSoC6\pdl\utilities\retarget_io/retarget.c ****             {
 129              		.loc 1 139 0 is_stmt 0 discriminator 1
 130 0020 B442     		cmp	r4, r6
 131 0022 F1DB     		blt	.L10
 132              	.LVL17:
 133              	.L9:
 144:Generated_Source\PSoC6\pdl\utilities\retarget_io/retarget.c ****                 {
 145:Generated_Source\PSoC6\pdl\utilities\retarget_io/retarget.c ****                     break;
 146:Generated_Source\PSoC6\pdl\utilities\retarget_io/retarget.c ****                 }
ARM GAS  C:\Users\Austina\AppData\Local\Temp\ccQNEapQ.s 			page 6


 147:Generated_Source\PSoC6\pdl\utilities\retarget_io/retarget.c ****             }
 148:Generated_Source\PSoC6\pdl\utilities\retarget_io/retarget.c ****         }
 149:Generated_Source\PSoC6\pdl\utilities\retarget_io/retarget.c ****         return (nChars);
 150:Generated_Source\PSoC6\pdl\utilities\retarget_io/retarget.c ****     }
 134              		.loc 1 150 0 is_stmt 1
 135 0024 2046     		mov	r0, r4
 136 0026 70BD     		pop	{r4, r5, r6, pc}
 137              		.cfi_endproc
 138              	.LFE578:
 139              		.size	_read, .-_read
 140              		.text
 141              	.Letext0:
 142              		.file 2 "c:\\program files (x86)\\cypress\\psoc creator\\4.2\\psoc creator\\import\\gnu\\arm\\5.4.
 143              		.file 3 "c:\\program files (x86)\\cypress\\psoc creator\\4.2\\psoc creator\\import\\gnu\\arm\\5.4.
 144              		.file 4 "Generated_Source\\PSoC6\\pdl\\drivers/peripheral/tcpwm/cy_tcpwm_pwm.h"
 145              		.file 5 "Generated_Source\\PSoC6\\pdl\\drivers/peripheral/scb/cy_scb_i2c.h"
 146              		.file 6 "Generated_Source\\PSoC6\\pdl\\drivers/peripheral/scb/cy_scb_uart.h"
 147              		.file 7 "Generated_Source\\PSoC6\\pdl\\cmsis/include/core_cm4.h"
 148              		.file 8 "Generated_Source\\PSoC6/I2C_1.h"
 149              		.file 9 "Generated_Source\\PSoC6/UART_1.h"
 150              		.file 10 "Generated_Source\\PSoC6/PWM_1.h"
 151              		.file 11 "./stdio_user.h"
 152              		.section	.debug_info,"",%progbits
 153              	.Ldebug_info0:
 154 0000 AF050000 		.4byte	0x5af
 155 0004 0400     		.2byte	0x4
 156 0006 00000000 		.4byte	.Ldebug_abbrev0
 157 000a 04       		.byte	0x4
 158 000b 01       		.uleb128 0x1
 159 000c 6A010000 		.4byte	.LASF101
 160 0010 0C       		.byte	0xc
 161 0011 29060000 		.4byte	.LASF102
 162 0015 CD000000 		.4byte	.LASF103
 163 0019 00000000 		.4byte	.Ldebug_ranges0+0
 164 001d 00000000 		.4byte	0
 165 0021 00000000 		.4byte	.Ldebug_line0
 166 0025 02       		.uleb128 0x2
 167 0026 01       		.byte	0x1
 168 0027 06       		.byte	0x6
 169 0028 06040000 		.4byte	.LASF0
 170 002c 03       		.uleb128 0x3
 171 002d 6D030000 		.4byte	.LASF4
 172 0031 02       		.byte	0x2
 173 0032 1D       		.byte	0x1d
 174 0033 37000000 		.4byte	0x37
 175 0037 02       		.uleb128 0x2
 176 0038 01       		.byte	0x1
 177 0039 08       		.byte	0x8
 178 003a D7030000 		.4byte	.LASF1
 179 003e 02       		.uleb128 0x2
 180 003f 02       		.byte	0x2
 181 0040 05       		.byte	0x5
 182 0041 C3000000 		.4byte	.LASF2
 183 0045 02       		.uleb128 0x2
 184 0046 02       		.byte	0x2
 185 0047 07       		.byte	0x7
 186 0048 B0040000 		.4byte	.LASF3
ARM GAS  C:\Users\Austina\AppData\Local\Temp\ccQNEapQ.s 			page 7


 187 004c 03       		.uleb128 0x3
 188 004d 05050000 		.4byte	.LASF5
 189 0051 02       		.byte	0x2
 190 0052 3F       		.byte	0x3f
 191 0053 57000000 		.4byte	0x57
 192 0057 02       		.uleb128 0x2
 193 0058 04       		.byte	0x4
 194 0059 05       		.byte	0x5
 195 005a 59020000 		.4byte	.LASF6
 196 005e 03       		.uleb128 0x3
 197 005f 35020000 		.4byte	.LASF7
 198 0063 02       		.byte	0x2
 199 0064 41       		.byte	0x41
 200 0065 69000000 		.4byte	0x69
 201 0069 02       		.uleb128 0x2
 202 006a 04       		.byte	0x4
 203 006b 07       		.byte	0x7
 204 006c 86040000 		.4byte	.LASF8
 205 0070 02       		.uleb128 0x2
 206 0071 08       		.byte	0x8
 207 0072 05       		.byte	0x5
 208 0073 FD020000 		.4byte	.LASF9
 209 0077 02       		.uleb128 0x2
 210 0078 08       		.byte	0x8
 211 0079 07       		.byte	0x7
 212 007a 23040000 		.4byte	.LASF10
 213 007e 04       		.uleb128 0x4
 214 007f 04       		.byte	0x4
 215 0080 05       		.byte	0x5
 216 0081 696E7400 		.ascii	"int\000"
 217 0085 02       		.uleb128 0x2
 218 0086 04       		.byte	0x4
 219 0087 07       		.byte	0x7
 220 0088 61040000 		.4byte	.LASF11
 221 008c 02       		.uleb128 0x2
 222 008d 08       		.byte	0x8
 223 008e 04       		.byte	0x4
 224 008f B3030000 		.4byte	.LASF12
 225 0093 05       		.uleb128 0x5
 226 0094 04       		.byte	0x4
 227 0095 02       		.uleb128 0x2
 228 0096 04       		.byte	0x4
 229 0097 07       		.byte	0x7
 230 0098 2B010000 		.4byte	.LASF13
 231 009c 06       		.uleb128 0x6
 232 009d 04       		.byte	0x4
 233 009e A2000000 		.4byte	0xa2
 234 00a2 02       		.uleb128 0x2
 235 00a3 01       		.byte	0x1
 236 00a4 08       		.byte	0x8
 237 00a5 21030000 		.4byte	.LASF14
 238 00a9 06       		.uleb128 0x6
 239 00aa 04       		.byte	0x4
 240 00ab AF000000 		.4byte	0xaf
 241 00af 07       		.uleb128 0x7
 242 00b0 A2000000 		.4byte	0xa2
 243 00b4 03       		.uleb128 0x3
ARM GAS  C:\Users\Austina\AppData\Local\Temp\ccQNEapQ.s 			page 8


 244 00b5 9D020000 		.4byte	.LASF15
 245 00b9 03       		.byte	0x3
 246 00ba 18       		.byte	0x18
 247 00bb 2C000000 		.4byte	0x2c
 248 00bf 03       		.uleb128 0x3
 249 00c0 FD040000 		.4byte	.LASF16
 250 00c4 03       		.byte	0x3
 251 00c5 2C       		.byte	0x2c
 252 00c6 4C000000 		.4byte	0x4c
 253 00ca 03       		.uleb128 0x3
 254 00cb 3A040000 		.4byte	.LASF17
 255 00cf 03       		.byte	0x3
 256 00d0 30       		.byte	0x30
 257 00d1 5E000000 		.4byte	0x5e
 258 00d5 08       		.uleb128 0x8
 259 00d6 CA000000 		.4byte	0xca
 260 00da 02       		.uleb128 0x2
 261 00db 04       		.byte	0x4
 262 00dc 04       		.byte	0x4
 263 00dd CD020000 		.4byte	.LASF18
 264 00e1 02       		.uleb128 0x2
 265 00e2 08       		.byte	0x8
 266 00e3 04       		.byte	0x4
 267 00e4 4C050000 		.4byte	.LASF19
 268 00e8 02       		.uleb128 0x2
 269 00e9 01       		.byte	0x1
 270 00ea 02       		.byte	0x2
 271 00eb 1C050000 		.4byte	.LASF20
 272 00ef 09       		.uleb128 0x9
 273 00f0 1D020000 		.4byte	.LASF52
 274 00f4 64       		.byte	0x64
 275 00f5 04       		.byte	0x4
 276 00f6 2B       		.byte	0x2b
 277 00f7 28020000 		.4byte	0x228
 278 00fb 0A       		.uleb128 0xa
 279 00fc E4050000 		.4byte	.LASF21
 280 0100 04       		.byte	0x4
 281 0101 2D       		.byte	0x2d
 282 0102 CA000000 		.4byte	0xca
 283 0106 00       		.byte	0
 284 0107 0A       		.uleb128 0xa
 285 0108 3C000000 		.4byte	.LASF22
 286 010c 04       		.byte	0x4
 287 010d 2F       		.byte	0x2f
 288 010e CA000000 		.4byte	0xca
 289 0112 04       		.byte	0x4
 290 0113 0A       		.uleb128 0xa
 291 0114 62020000 		.4byte	.LASF23
 292 0118 04       		.byte	0x4
 293 0119 30       		.byte	0x30
 294 011a CA000000 		.4byte	0xca
 295 011e 08       		.byte	0x8
 296 011f 0A       		.uleb128 0xa
 297 0120 EE040000 		.4byte	.LASF24
 298 0124 04       		.byte	0x4
 299 0125 31       		.byte	0x31
 300 0126 CA000000 		.4byte	0xca
ARM GAS  C:\Users\Austina\AppData\Local\Temp\ccQNEapQ.s 			page 9


 301 012a 0C       		.byte	0xc
 302 012b 0A       		.uleb128 0xa
 303 012c 19030000 		.4byte	.LASF25
 304 0130 04       		.byte	0x4
 305 0131 32       		.byte	0x32
 306 0132 CA000000 		.4byte	0xca
 307 0136 10       		.byte	0x10
 308 0137 0A       		.uleb128 0xa
 309 0138 DD020000 		.4byte	.LASF26
 310 013c 04       		.byte	0x4
 311 013d 33       		.byte	0x33
 312 013e CA000000 		.4byte	0xca
 313 0142 14       		.byte	0x14
 314 0143 0A       		.uleb128 0xa
 315 0144 E5020000 		.4byte	.LASF27
 316 0148 04       		.byte	0x4
 317 0149 34       		.byte	0x34
 318 014a CA000000 		.4byte	0xca
 319 014e 18       		.byte	0x18
 320 014f 0A       		.uleb128 0xa
 321 0150 F5030000 		.4byte	.LASF28
 322 0154 04       		.byte	0x4
 323 0155 35       		.byte	0x35
 324 0156 E8000000 		.4byte	0xe8
 325 015a 1C       		.byte	0x1c
 326 015b 0A       		.uleb128 0xa
 327 015c 5A000000 		.4byte	.LASF29
 328 0160 04       		.byte	0x4
 329 0161 36       		.byte	0x36
 330 0162 CA000000 		.4byte	0xca
 331 0166 20       		.byte	0x20
 332 0167 0A       		.uleb128 0xa
 333 0168 63000000 		.4byte	.LASF30
 334 016c 04       		.byte	0x4
 335 016d 37       		.byte	0x37
 336 016e CA000000 		.4byte	0xca
 337 0172 24       		.byte	0x24
 338 0173 0A       		.uleb128 0xa
 339 0174 6F020000 		.4byte	.LASF31
 340 0178 04       		.byte	0x4
 341 0179 38       		.byte	0x38
 342 017a E8000000 		.4byte	0xe8
 343 017e 28       		.byte	0x28
 344 017f 0A       		.uleb128 0xa
 345 0180 2C050000 		.4byte	.LASF32
 346 0184 04       		.byte	0x4
 347 0185 3A       		.byte	0x3a
 348 0186 CA000000 		.4byte	0xca
 349 018a 2C       		.byte	0x2c
 350 018b 0A       		.uleb128 0xa
 351 018c 60030000 		.4byte	.LASF33
 352 0190 04       		.byte	0x4
 353 0191 3B       		.byte	0x3b
 354 0192 CA000000 		.4byte	0xca
 355 0196 30       		.byte	0x30
 356 0197 0A       		.uleb128 0xa
 357 0198 98040000 		.4byte	.LASF34
ARM GAS  C:\Users\Austina\AppData\Local\Temp\ccQNEapQ.s 			page 10


 358 019c 04       		.byte	0x4
 359 019d 3C       		.byte	0x3c
 360 019e CA000000 		.4byte	0xca
 361 01a2 34       		.byte	0x34
 362 01a3 0A       		.uleb128 0xa
 363 01a4 AF020000 		.4byte	.LASF35
 364 01a8 04       		.byte	0x4
 365 01a9 3D       		.byte	0x3d
 366 01aa CA000000 		.4byte	0xca
 367 01ae 38       		.byte	0x38
 368 01af 0A       		.uleb128 0xa
 369 01b0 5F050000 		.4byte	.LASF36
 370 01b4 04       		.byte	0x4
 371 01b5 3E       		.byte	0x3e
 372 01b6 CA000000 		.4byte	0xca
 373 01ba 3C       		.byte	0x3c
 374 01bb 0A       		.uleb128 0xa
 375 01bc 22050000 		.4byte	.LASF37
 376 01c0 04       		.byte	0x4
 377 01c1 40       		.byte	0x40
 378 01c2 CA000000 		.4byte	0xca
 379 01c6 40       		.byte	0x40
 380 01c7 0A       		.uleb128 0xa
 381 01c8 ED020000 		.4byte	.LASF38
 382 01cc 04       		.byte	0x4
 383 01cd 41       		.byte	0x41
 384 01ce CA000000 		.4byte	0xca
 385 01d2 44       		.byte	0x44
 386 01d3 0A       		.uleb128 0xa
 387 01d4 00000000 		.4byte	.LASF39
 388 01d8 04       		.byte	0x4
 389 01d9 43       		.byte	0x43
 390 01da CA000000 		.4byte	0xca
 391 01de 48       		.byte	0x48
 392 01df 0A       		.uleb128 0xa
 393 01e0 BF030000 		.4byte	.LASF40
 394 01e4 04       		.byte	0x4
 395 01e5 44       		.byte	0x44
 396 01e6 CA000000 		.4byte	0xca
 397 01ea 4C       		.byte	0x4c
 398 01eb 0A       		.uleb128 0xa
 399 01ec 93050000 		.4byte	.LASF41
 400 01f0 04       		.byte	0x4
 401 01f1 46       		.byte	0x46
 402 01f2 CA000000 		.4byte	0xca
 403 01f6 50       		.byte	0x50
 404 01f7 0A       		.uleb128 0xa
 405 01f8 1B060000 		.4byte	.LASF42
 406 01fc 04       		.byte	0x4
 407 01fd 47       		.byte	0x47
 408 01fe CA000000 		.4byte	0xca
 409 0202 54       		.byte	0x54
 410 0203 0A       		.uleb128 0xa
 411 0204 A5020000 		.4byte	.LASF43
 412 0208 04       		.byte	0x4
 413 0209 49       		.byte	0x49
 414 020a CA000000 		.4byte	0xca
ARM GAS  C:\Users\Austina\AppData\Local\Temp\ccQNEapQ.s 			page 11


 415 020e 58       		.byte	0x58
 416 020f 0A       		.uleb128 0xa
 417 0210 4B000000 		.4byte	.LASF44
 418 0214 04       		.byte	0x4
 419 0215 4A       		.byte	0x4a
 420 0216 CA000000 		.4byte	0xca
 421 021a 5C       		.byte	0x5c
 422 021b 0A       		.uleb128 0xa
 423 021c EC050000 		.4byte	.LASF45
 424 0220 04       		.byte	0x4
 425 0221 4C       		.byte	0x4c
 426 0222 CA000000 		.4byte	0xca
 427 0226 60       		.byte	0x60
 428 0227 00       		.byte	0
 429 0228 03       		.uleb128 0x3
 430 0229 6C000000 		.4byte	.LASF46
 431 022d 04       		.byte	0x4
 432 022e 4D       		.byte	0x4d
 433 022f EF000000 		.4byte	0xef
 434 0233 0B       		.uleb128 0xb
 435 0234 01       		.byte	0x1
 436 0235 37000000 		.4byte	0x37
 437 0239 05       		.byte	0x5
 438 023a DE01     		.2byte	0x1de
 439 023c 4D020000 		.4byte	0x24d
 440 0240 0C       		.uleb128 0xc
 441 0241 6D050000 		.4byte	.LASF47
 442 0245 00       		.byte	0
 443 0246 0C       		.uleb128 0xc
 444 0247 3D050000 		.4byte	.LASF48
 445 024b 01       		.byte	0x1
 446 024c 00       		.byte	0
 447 024d 0D       		.uleb128 0xd
 448 024e 6E040000 		.4byte	.LASF49
 449 0252 05       		.byte	0x5
 450 0253 E101     		.2byte	0x1e1
 451 0255 33020000 		.4byte	0x233
 452 0259 0D       		.uleb128 0xd
 453 025a 43040000 		.4byte	.LASF50
 454 025e 05       		.byte	0x5
 455 025f F301     		.2byte	0x1f3
 456 0261 65020000 		.4byte	0x265
 457 0265 06       		.uleb128 0x6
 458 0266 04       		.byte	0x4
 459 0267 6B020000 		.4byte	0x26b
 460 026b 0E       		.uleb128 0xe
 461 026c 76020000 		.4byte	0x276
 462 0270 0F       		.uleb128 0xf
 463 0271 CA000000 		.4byte	0xca
 464 0275 00       		.byte	0
 465 0276 0D       		.uleb128 0xd
 466 0277 C9040000 		.4byte	.LASF51
 467 027b 05       		.byte	0x5
 468 027c FE01     		.2byte	0x1fe
 469 027e 82020000 		.4byte	0x282
 470 0282 06       		.uleb128 0x6
 471 0283 04       		.byte	0x4
ARM GAS  C:\Users\Austina\AppData\Local\Temp\ccQNEapQ.s 			page 12


 472 0284 88020000 		.4byte	0x288
 473 0288 10       		.uleb128 0x10
 474 0289 4D020000 		.4byte	0x24d
 475 028d 97020000 		.4byte	0x297
 476 0291 0F       		.uleb128 0xf
 477 0292 CA000000 		.4byte	0xca
 478 0296 00       		.byte	0
 479 0297 11       		.uleb128 0x11
 480 0298 65060000 		.4byte	.LASF53
 481 029c 4C       		.byte	0x4c
 482 029d 05       		.byte	0x5
 483 029e 6502     		.2byte	0x265
 484 02a0 B6030000 		.4byte	0x3b6
 485 02a4 12       		.uleb128 0x12
 486 02a5 9E050000 		.4byte	.LASF54
 487 02a9 05       		.byte	0x5
 488 02aa 6802     		.2byte	0x268
 489 02ac E8000000 		.4byte	0xe8
 490 02b0 00       		.byte	0
 491 02b1 12       		.uleb128 0x12
 492 02b2 D3020000 		.4byte	.LASF55
 493 02b6 05       		.byte	0x5
 494 02b7 6902     		.2byte	0x269
 495 02b9 E8000000 		.4byte	0xe8
 496 02bd 01       		.byte	0x1
 497 02be 12       		.uleb128 0x12
 498 02bf 9E000000 		.4byte	.LASF56
 499 02c3 05       		.byte	0x5
 500 02c4 6B02     		.2byte	0x26b
 501 02c6 D5000000 		.4byte	0xd5
 502 02ca 04       		.byte	0x4
 503 02cb 12       		.uleb128 0x12
 504 02cc 34010000 		.4byte	.LASF57
 505 02d0 05       		.byte	0x5
 506 02d1 6D02     		.2byte	0x26d
 507 02d3 D5000000 		.4byte	0xd5
 508 02d7 08       		.byte	0x8
 509 02d8 12       		.uleb128 0x12
 510 02d9 B0050000 		.4byte	.LASF58
 511 02dd 05       		.byte	0x5
 512 02de 6E02     		.2byte	0x26e
 513 02e0 E8000000 		.4byte	0xe8
 514 02e4 0C       		.byte	0xc
 515 02e5 12       		.uleb128 0x12
 516 02e6 46030000 		.4byte	.LASF59
 517 02ea 05       		.byte	0x5
 518 02eb 6F02     		.2byte	0x26f
 519 02ed E8000000 		.4byte	0xe8
 520 02f1 0D       		.byte	0xd
 521 02f2 12       		.uleb128 0x12
 522 02f3 0F050000 		.4byte	.LASF60
 523 02f7 05       		.byte	0x5
 524 02f8 7102     		.2byte	0x271
 525 02fa B6030000 		.4byte	0x3b6
 526 02fe 10       		.byte	0x10
 527 02ff 12       		.uleb128 0x12
 528 0300 12040000 		.4byte	.LASF61
ARM GAS  C:\Users\Austina\AppData\Local\Temp\ccQNEapQ.s 			page 13


 529 0304 05       		.byte	0x5
 530 0305 7202     		.2byte	0x272
 531 0307 CA000000 		.4byte	0xca
 532 030b 14       		.byte	0x14
 533 030c 12       		.uleb128 0x12
 534 030d 2C000000 		.4byte	.LASF62
 535 0311 05       		.byte	0x5
 536 0312 7302     		.2byte	0x273
 537 0314 D5000000 		.4byte	0xd5
 538 0318 18       		.byte	0x18
 539 0319 12       		.uleb128 0x12
 540 031a 1D000000 		.4byte	.LASF63
 541 031e 05       		.byte	0x5
 542 031f 7402     		.2byte	0x274
 543 0321 D5000000 		.4byte	0xd5
 544 0325 1C       		.byte	0x1c
 545 0326 12       		.uleb128 0x12
 546 0327 53050000 		.4byte	.LASF64
 547 032b 05       		.byte	0x5
 548 032c 7602     		.2byte	0x276
 549 032e D5000000 		.4byte	0xd5
 550 0332 20       		.byte	0x20
 551 0333 12       		.uleb128 0x12
 552 0334 0B060000 		.4byte	.LASF65
 553 0338 05       		.byte	0x5
 554 0339 7702     		.2byte	0x277
 555 033b BC030000 		.4byte	0x3bc
 556 033f 24       		.byte	0x24
 557 0340 12       		.uleb128 0x12
 558 0341 7C060000 		.4byte	.LASF66
 559 0345 05       		.byte	0x5
 560 0346 7902     		.2byte	0x279
 561 0348 B6030000 		.4byte	0x3b6
 562 034c 28       		.byte	0x28
 563 034d 12       		.uleb128 0x12
 564 034e 88030000 		.4byte	.LASF67
 565 0352 05       		.byte	0x5
 566 0353 7A02     		.2byte	0x27a
 567 0355 CA000000 		.4byte	0xca
 568 0359 2C       		.byte	0x2c
 569 035a 12       		.uleb128 0x12
 570 035b 7C050000 		.4byte	.LASF68
 571 035f 05       		.byte	0x5
 572 0360 7B02     		.2byte	0x27b
 573 0362 D5000000 		.4byte	0xd5
 574 0366 30       		.byte	0x30
 575 0367 12       		.uleb128 0x12
 576 0368 59010000 		.4byte	.LASF69
 577 036c 05       		.byte	0x5
 578 036d 7C02     		.2byte	0x27c
 579 036f D5000000 		.4byte	0xd5
 580 0373 34       		.byte	0x34
 581 0374 12       		.uleb128 0x12
 582 0375 86000000 		.4byte	.LASF70
 583 0379 05       		.byte	0x5
 584 037a 7E02     		.2byte	0x27e
 585 037c B6030000 		.4byte	0x3b6
ARM GAS  C:\Users\Austina\AppData\Local\Temp\ccQNEapQ.s 			page 14


 586 0380 38       		.byte	0x38
 587 0381 12       		.uleb128 0x12
 588 0382 26030000 		.4byte	.LASF71
 589 0386 05       		.byte	0x5
 590 0387 7F02     		.2byte	0x27f
 591 0389 CA000000 		.4byte	0xca
 592 038d 3C       		.byte	0x3c
 593 038e 12       		.uleb128 0x12
 594 038f 77030000 		.4byte	.LASF72
 595 0393 05       		.byte	0x5
 596 0394 8002     		.2byte	0x280
 597 0396 D5000000 		.4byte	0xd5
 598 039a 40       		.byte	0x40
 599 039b 12       		.uleb128 0x12
 600 039c E5040000 		.4byte	.LASF73
 601 03a0 05       		.byte	0x5
 602 03a1 8602     		.2byte	0x286
 603 03a3 59020000 		.4byte	0x259
 604 03a7 44       		.byte	0x44
 605 03a8 12       		.uleb128 0x12
 606 03a9 04060000 		.4byte	.LASF74
 607 03ad 05       		.byte	0x5
 608 03ae 8D02     		.2byte	0x28d
 609 03b0 76020000 		.4byte	0x276
 610 03b4 48       		.byte	0x48
 611 03b5 00       		.byte	0
 612 03b6 06       		.uleb128 0x6
 613 03b7 04       		.byte	0x4
 614 03b8 B4000000 		.4byte	0xb4
 615 03bc 08       		.uleb128 0x8
 616 03bd E8000000 		.4byte	0xe8
 617 03c1 0D       		.uleb128 0xd
 618 03c2 9A030000 		.4byte	.LASF75
 619 03c6 05       		.byte	0x5
 620 03c7 9002     		.2byte	0x290
 621 03c9 97020000 		.4byte	0x297
 622 03cd 0D       		.uleb128 0xd
 623 03ce A4000000 		.4byte	.LASF76
 624 03d2 06       		.byte	0x6
 625 03d3 AB01     		.2byte	0x1ab
 626 03d5 65020000 		.4byte	0x265
 627 03d9 11       		.uleb128 0x11
 628 03da 41010000 		.4byte	.LASF77
 629 03de 38       		.byte	0x38
 630 03df 06       		.byte	0x6
 631 03e0 4702     		.2byte	0x247
 632 03e2 9D040000 		.4byte	0x49d
 633 03e6 12       		.uleb128 0x12
 634 03e7 40020000 		.4byte	.LASF78
 635 03eb 06       		.byte	0x6
 636 03ec 4A02     		.2byte	0x24a
 637 03ee D5000000 		.4byte	0xd5
 638 03f2 00       		.byte	0
 639 03f3 12       		.uleb128 0x12
 640 03f4 CE030000 		.4byte	.LASF79
 641 03f8 06       		.byte	0x6
 642 03f9 4B02     		.2byte	0x24b
ARM GAS  C:\Users\Austina\AppData\Local\Temp\ccQNEapQ.s 			page 15


 643 03fb D5000000 		.4byte	0xd5
 644 03ff 04       		.byte	0x4
 645 0400 12       		.uleb128 0x12
 646 0401 E5030000 		.4byte	.LASF80
 647 0405 06       		.byte	0x6
 648 0406 4D02     		.2byte	0x24d
 649 0408 93000000 		.4byte	0x93
 650 040c 08       		.byte	0x8
 651 040d 12       		.uleb128 0x12
 652 040e 38030000 		.4byte	.LASF81
 653 0412 06       		.byte	0x6
 654 0413 4E02     		.2byte	0x24e
 655 0415 CA000000 		.4byte	0xca
 656 0419 0C       		.byte	0xc
 657 041a 12       		.uleb128 0x12
 658 041b BF020000 		.4byte	.LASF82
 659 041f 06       		.byte	0x6
 660 0420 4F02     		.2byte	0x24f
 661 0422 D5000000 		.4byte	0xd5
 662 0426 10       		.byte	0x10
 663 0427 12       		.uleb128 0x12
 664 0428 D6050000 		.4byte	.LASF83
 665 042c 06       		.byte	0x6
 666 042d 5002     		.2byte	0x250
 667 042f D5000000 		.4byte	0xd5
 668 0433 14       		.byte	0x14
 669 0434 12       		.uleb128 0x12
 670 0435 C3040000 		.4byte	.LASF84
 671 0439 06       		.byte	0x6
 672 043a 5202     		.2byte	0x252
 673 043c 93000000 		.4byte	0x93
 674 0440 18       		.byte	0x18
 675 0441 12       		.uleb128 0x12
 676 0442 94000000 		.4byte	.LASF85
 677 0446 06       		.byte	0x6
 678 0447 5302     		.2byte	0x253
 679 0449 CA000000 		.4byte	0xca
 680 044d 1C       		.byte	0x1c
 681 044e 12       		.uleb128 0x12
 682 044f 50020000 		.4byte	.LASF86
 683 0453 06       		.byte	0x6
 684 0454 5402     		.2byte	0x254
 685 0456 D5000000 		.4byte	0xd5
 686 045a 20       		.byte	0x20
 687 045b 12       		.uleb128 0x12
 688 045c 8D050000 		.4byte	.LASF87
 689 0460 06       		.byte	0x6
 690 0461 5602     		.2byte	0x256
 691 0463 93000000 		.4byte	0x93
 692 0467 24       		.byte	0x24
 693 0468 12       		.uleb128 0x12
 694 0469 A6040000 		.4byte	.LASF88
 695 046d 06       		.byte	0x6
 696 046e 5702     		.2byte	0x257
 697 0470 CA000000 		.4byte	0xca
 698 0474 28       		.byte	0x28
 699 0475 12       		.uleb128 0x12
ARM GAS  C:\Users\Austina\AppData\Local\Temp\ccQNEapQ.s 			page 16


 700 0476 0C000000 		.4byte	.LASF89
 701 047a 06       		.byte	0x6
 702 047b 5802     		.2byte	0x258
 703 047d D5000000 		.4byte	0xd5
 704 0481 2C       		.byte	0x2c
 705 0482 12       		.uleb128 0x12
 706 0483 E5040000 		.4byte	.LASF73
 707 0487 06       		.byte	0x6
 708 0488 5D02     		.2byte	0x25d
 709 048a CD030000 		.4byte	0x3cd
 710 048e 30       		.byte	0x30
 711 048f 12       		.uleb128 0x12
 712 0490 A8050000 		.4byte	.LASF90
 713 0494 06       		.byte	0x6
 714 0495 6002     		.2byte	0x260
 715 0497 CA000000 		.4byte	0xca
 716 049b 34       		.byte	0x34
 717 049c 00       		.byte	0
 718 049d 0D       		.uleb128 0xd
 719 049e BC050000 		.4byte	.LASF91
 720 04a2 06       		.byte	0x6
 721 04a3 6302     		.2byte	0x263
 722 04a5 D9030000 		.4byte	0x3d9
 723 04a9 13       		.uleb128 0x13
 724 04aa B8020000 		.4byte	.LASF92
 725 04ae 01       		.byte	0x1
 726 04af 4F       		.byte	0x4f
 727 04b0 7E000000 		.4byte	0x7e
 728 04b4 00000000 		.4byte	.LFB577
 729 04b8 22000000 		.4byte	.LFE577-.LFB577
 730 04bc 01       		.uleb128 0x1
 731 04bd 9C       		.byte	0x9c
 732 04be 07050000 		.4byte	0x507
 733 04c2 14       		.uleb128 0x14
 734 04c3 666400   		.ascii	"fd\000"
 735 04c6 01       		.byte	0x1
 736 04c7 4F       		.byte	0x4f
 737 04c8 7E000000 		.4byte	0x7e
 738 04cc 00000000 		.4byte	.LLST0
 739 04d0 14       		.uleb128 0x14
 740 04d1 70747200 		.ascii	"ptr\000"
 741 04d5 01       		.byte	0x1
 742 04d6 4F       		.byte	0x4f
 743 04d7 A9000000 		.4byte	0xa9
 744 04db 3A000000 		.4byte	.LLST1
 745 04df 14       		.uleb128 0x14
 746 04e0 6C656E00 		.ascii	"len\000"
 747 04e4 01       		.byte	0x1
 748 04e5 4F       		.byte	0x4f
 749 04e6 7E000000 		.4byte	0x7e
 750 04ea 86000000 		.4byte	.LLST2
 751 04ee 15       		.uleb128 0x15
 752 04ef 49020000 		.4byte	.LASF94
 753 04f3 01       		.byte	0x1
 754 04f4 51       		.byte	0x51
 755 04f5 7E000000 		.4byte	0x7e
 756 04f9 C8000000 		.4byte	.LLST3
ARM GAS  C:\Users\Austina\AppData\Local\Temp\ccQNEapQ.s 			page 17


 757 04fd 16       		.uleb128 0x16
 758 04fe 10000000 		.4byte	.LVL4
 759 0502 9C050000 		.4byte	0x59c
 760 0506 00       		.byte	0
 761 0507 13       		.uleb128 0x13
 762 0508 EF030000 		.4byte	.LASF93
 763 050c 01       		.byte	0x1
 764 050d 85       		.byte	0x85
 765 050e 7E000000 		.4byte	0x7e
 766 0512 00000000 		.4byte	.LFB578
 767 0516 28000000 		.4byte	.LFE578-.LFB578
 768 051a 01       		.uleb128 0x1
 769 051b 9C       		.byte	0x9c
 770 051c 65050000 		.4byte	0x565
 771 0520 14       		.uleb128 0x14
 772 0521 666400   		.ascii	"fd\000"
 773 0524 01       		.byte	0x1
 774 0525 85       		.byte	0x85
 775 0526 7E000000 		.4byte	0x7e
 776 052a FE000000 		.4byte	.LLST4
 777 052e 14       		.uleb128 0x14
 778 052f 70747200 		.ascii	"ptr\000"
 779 0533 01       		.byte	0x1
 780 0534 85       		.byte	0x85
 781 0535 9C000000 		.4byte	0x9c
 782 0539 38010000 		.4byte	.LLST5
 783 053d 14       		.uleb128 0x14
 784 053e 6C656E00 		.ascii	"len\000"
 785 0542 01       		.byte	0x1
 786 0543 85       		.byte	0x85
 787 0544 7E000000 		.4byte	0x7e
 788 0548 6C010000 		.4byte	.LLST6
 789 054c 15       		.uleb128 0x15
 790 054d 49020000 		.4byte	.LASF94
 791 0551 01       		.byte	0x1
 792 0552 87       		.byte	0x87
 793 0553 7E000000 		.4byte	0x7e
 794 0557 AE010000 		.4byte	.LLST7
 795 055b 16       		.uleb128 0x16
 796 055c 0C000000 		.4byte	.LVL12
 797 0560 A7050000 		.4byte	0x5a7
 798 0564 00       		.byte	0
 799 0565 17       		.uleb128 0x17
 800 0566 F7050000 		.4byte	.LASF95
 801 056a 07       		.byte	0x7
 802 056b EA07     		.2byte	0x7ea
 803 056d 71050000 		.4byte	0x571
 804 0571 08       		.uleb128 0x8
 805 0572 BF000000 		.4byte	0xbf
 806 0576 18       		.uleb128 0x18
 807 0577 0B030000 		.4byte	.LASF96
 808 057b 08       		.byte	0x8
 809 057c 7F       		.byte	0x7f
 810 057d C1030000 		.4byte	0x3c1
 811 0581 18       		.uleb128 0x18
 812 0582 81020000 		.4byte	.LASF97
 813 0586 09       		.byte	0x9
ARM GAS  C:\Users\Austina\AppData\Local\Temp\ccQNEapQ.s 			page 18


 814 0587 87       		.byte	0x87
 815 0588 9D040000 		.4byte	0x49d
 816 058c 18       		.uleb128 0x18
 817 058d 90020000 		.4byte	.LASF98
 818 0591 0A       		.byte	0xa
 819 0592 1F       		.byte	0x1f
 820 0593 97050000 		.4byte	0x597
 821 0597 07       		.uleb128 0x7
 822 0598 28020000 		.4byte	0x228
 823 059c 19       		.uleb128 0x19
 824 059d 52030000 		.4byte	.LASF99
 825 05a1 52030000 		.4byte	.LASF99
 826 05a5 0B       		.byte	0xb
 827 05a6 AE       		.byte	0xae
 828 05a7 19       		.uleb128 0x19
 829 05a8 1D010000 		.4byte	.LASF100
 830 05ac 1D010000 		.4byte	.LASF100
 831 05b0 0B       		.byte	0xb
 832 05b1 B2       		.byte	0xb2
 833 05b2 00       		.byte	0
 834              		.section	.debug_abbrev,"",%progbits
 835              	.Ldebug_abbrev0:
 836 0000 01       		.uleb128 0x1
 837 0001 11       		.uleb128 0x11
 838 0002 01       		.byte	0x1
 839 0003 25       		.uleb128 0x25
 840 0004 0E       		.uleb128 0xe
 841 0005 13       		.uleb128 0x13
 842 0006 0B       		.uleb128 0xb
 843 0007 03       		.uleb128 0x3
 844 0008 0E       		.uleb128 0xe
 845 0009 1B       		.uleb128 0x1b
 846 000a 0E       		.uleb128 0xe
 847 000b 55       		.uleb128 0x55
 848 000c 17       		.uleb128 0x17
 849 000d 11       		.uleb128 0x11
 850 000e 01       		.uleb128 0x1
 851 000f 10       		.uleb128 0x10
 852 0010 17       		.uleb128 0x17
 853 0011 00       		.byte	0
 854 0012 00       		.byte	0
 855 0013 02       		.uleb128 0x2
 856 0014 24       		.uleb128 0x24
 857 0015 00       		.byte	0
 858 0016 0B       		.uleb128 0xb
 859 0017 0B       		.uleb128 0xb
 860 0018 3E       		.uleb128 0x3e
 861 0019 0B       		.uleb128 0xb
 862 001a 03       		.uleb128 0x3
 863 001b 0E       		.uleb128 0xe
 864 001c 00       		.byte	0
 865 001d 00       		.byte	0
 866 001e 03       		.uleb128 0x3
 867 001f 16       		.uleb128 0x16
 868 0020 00       		.byte	0
 869 0021 03       		.uleb128 0x3
 870 0022 0E       		.uleb128 0xe
ARM GAS  C:\Users\Austina\AppData\Local\Temp\ccQNEapQ.s 			page 19


 871 0023 3A       		.uleb128 0x3a
 872 0024 0B       		.uleb128 0xb
 873 0025 3B       		.uleb128 0x3b
 874 0026 0B       		.uleb128 0xb
 875 0027 49       		.uleb128 0x49
 876 0028 13       		.uleb128 0x13
 877 0029 00       		.byte	0
 878 002a 00       		.byte	0
 879 002b 04       		.uleb128 0x4
 880 002c 24       		.uleb128 0x24
 881 002d 00       		.byte	0
 882 002e 0B       		.uleb128 0xb
 883 002f 0B       		.uleb128 0xb
 884 0030 3E       		.uleb128 0x3e
 885 0031 0B       		.uleb128 0xb
 886 0032 03       		.uleb128 0x3
 887 0033 08       		.uleb128 0x8
 888 0034 00       		.byte	0
 889 0035 00       		.byte	0
 890 0036 05       		.uleb128 0x5
 891 0037 0F       		.uleb128 0xf
 892 0038 00       		.byte	0
 893 0039 0B       		.uleb128 0xb
 894 003a 0B       		.uleb128 0xb
 895 003b 00       		.byte	0
 896 003c 00       		.byte	0
 897 003d 06       		.uleb128 0x6
 898 003e 0F       		.uleb128 0xf
 899 003f 00       		.byte	0
 900 0040 0B       		.uleb128 0xb
 901 0041 0B       		.uleb128 0xb
 902 0042 49       		.uleb128 0x49
 903 0043 13       		.uleb128 0x13
 904 0044 00       		.byte	0
 905 0045 00       		.byte	0
 906 0046 07       		.uleb128 0x7
 907 0047 26       		.uleb128 0x26
 908 0048 00       		.byte	0
 909 0049 49       		.uleb128 0x49
 910 004a 13       		.uleb128 0x13
 911 004b 00       		.byte	0
 912 004c 00       		.byte	0
 913 004d 08       		.uleb128 0x8
 914 004e 35       		.uleb128 0x35
 915 004f 00       		.byte	0
 916 0050 49       		.uleb128 0x49
 917 0051 13       		.uleb128 0x13
 918 0052 00       		.byte	0
 919 0053 00       		.byte	0
 920 0054 09       		.uleb128 0x9
 921 0055 13       		.uleb128 0x13
 922 0056 01       		.byte	0x1
 923 0057 03       		.uleb128 0x3
 924 0058 0E       		.uleb128 0xe
 925 0059 0B       		.uleb128 0xb
 926 005a 0B       		.uleb128 0xb
 927 005b 3A       		.uleb128 0x3a
ARM GAS  C:\Users\Austina\AppData\Local\Temp\ccQNEapQ.s 			page 20


 928 005c 0B       		.uleb128 0xb
 929 005d 3B       		.uleb128 0x3b
 930 005e 0B       		.uleb128 0xb
 931 005f 01       		.uleb128 0x1
 932 0060 13       		.uleb128 0x13
 933 0061 00       		.byte	0
 934 0062 00       		.byte	0
 935 0063 0A       		.uleb128 0xa
 936 0064 0D       		.uleb128 0xd
 937 0065 00       		.byte	0
 938 0066 03       		.uleb128 0x3
 939 0067 0E       		.uleb128 0xe
 940 0068 3A       		.uleb128 0x3a
 941 0069 0B       		.uleb128 0xb
 942 006a 3B       		.uleb128 0x3b
 943 006b 0B       		.uleb128 0xb
 944 006c 49       		.uleb128 0x49
 945 006d 13       		.uleb128 0x13
 946 006e 38       		.uleb128 0x38
 947 006f 0B       		.uleb128 0xb
 948 0070 00       		.byte	0
 949 0071 00       		.byte	0
 950 0072 0B       		.uleb128 0xb
 951 0073 04       		.uleb128 0x4
 952 0074 01       		.byte	0x1
 953 0075 0B       		.uleb128 0xb
 954 0076 0B       		.uleb128 0xb
 955 0077 49       		.uleb128 0x49
 956 0078 13       		.uleb128 0x13
 957 0079 3A       		.uleb128 0x3a
 958 007a 0B       		.uleb128 0xb
 959 007b 3B       		.uleb128 0x3b
 960 007c 05       		.uleb128 0x5
 961 007d 01       		.uleb128 0x1
 962 007e 13       		.uleb128 0x13
 963 007f 00       		.byte	0
 964 0080 00       		.byte	0
 965 0081 0C       		.uleb128 0xc
 966 0082 28       		.uleb128 0x28
 967 0083 00       		.byte	0
 968 0084 03       		.uleb128 0x3
 969 0085 0E       		.uleb128 0xe
 970 0086 1C       		.uleb128 0x1c
 971 0087 0B       		.uleb128 0xb
 972 0088 00       		.byte	0
 973 0089 00       		.byte	0
 974 008a 0D       		.uleb128 0xd
 975 008b 16       		.uleb128 0x16
 976 008c 00       		.byte	0
 977 008d 03       		.uleb128 0x3
 978 008e 0E       		.uleb128 0xe
 979 008f 3A       		.uleb128 0x3a
 980 0090 0B       		.uleb128 0xb
 981 0091 3B       		.uleb128 0x3b
 982 0092 05       		.uleb128 0x5
 983 0093 49       		.uleb128 0x49
 984 0094 13       		.uleb128 0x13
ARM GAS  C:\Users\Austina\AppData\Local\Temp\ccQNEapQ.s 			page 21


 985 0095 00       		.byte	0
 986 0096 00       		.byte	0
 987 0097 0E       		.uleb128 0xe
 988 0098 15       		.uleb128 0x15
 989 0099 01       		.byte	0x1
 990 009a 27       		.uleb128 0x27
 991 009b 19       		.uleb128 0x19
 992 009c 01       		.uleb128 0x1
 993 009d 13       		.uleb128 0x13
 994 009e 00       		.byte	0
 995 009f 00       		.byte	0
 996 00a0 0F       		.uleb128 0xf
 997 00a1 05       		.uleb128 0x5
 998 00a2 00       		.byte	0
 999 00a3 49       		.uleb128 0x49
 1000 00a4 13       		.uleb128 0x13
 1001 00a5 00       		.byte	0
 1002 00a6 00       		.byte	0
 1003 00a7 10       		.uleb128 0x10
 1004 00a8 15       		.uleb128 0x15
 1005 00a9 01       		.byte	0x1
 1006 00aa 27       		.uleb128 0x27
 1007 00ab 19       		.uleb128 0x19
 1008 00ac 49       		.uleb128 0x49
 1009 00ad 13       		.uleb128 0x13
 1010 00ae 01       		.uleb128 0x1
 1011 00af 13       		.uleb128 0x13
 1012 00b0 00       		.byte	0
 1013 00b1 00       		.byte	0
 1014 00b2 11       		.uleb128 0x11
 1015 00b3 13       		.uleb128 0x13
 1016 00b4 01       		.byte	0x1
 1017 00b5 03       		.uleb128 0x3
 1018 00b6 0E       		.uleb128 0xe
 1019 00b7 0B       		.uleb128 0xb
 1020 00b8 0B       		.uleb128 0xb
 1021 00b9 3A       		.uleb128 0x3a
 1022 00ba 0B       		.uleb128 0xb
 1023 00bb 3B       		.uleb128 0x3b
 1024 00bc 05       		.uleb128 0x5
 1025 00bd 01       		.uleb128 0x1
 1026 00be 13       		.uleb128 0x13
 1027 00bf 00       		.byte	0
 1028 00c0 00       		.byte	0
 1029 00c1 12       		.uleb128 0x12
 1030 00c2 0D       		.uleb128 0xd
 1031 00c3 00       		.byte	0
 1032 00c4 03       		.uleb128 0x3
 1033 00c5 0E       		.uleb128 0xe
 1034 00c6 3A       		.uleb128 0x3a
 1035 00c7 0B       		.uleb128 0xb
 1036 00c8 3B       		.uleb128 0x3b
 1037 00c9 05       		.uleb128 0x5
 1038 00ca 49       		.uleb128 0x49
 1039 00cb 13       		.uleb128 0x13
 1040 00cc 38       		.uleb128 0x38
 1041 00cd 0B       		.uleb128 0xb
ARM GAS  C:\Users\Austina\AppData\Local\Temp\ccQNEapQ.s 			page 22


 1042 00ce 00       		.byte	0
 1043 00cf 00       		.byte	0
 1044 00d0 13       		.uleb128 0x13
 1045 00d1 2E       		.uleb128 0x2e
 1046 00d2 01       		.byte	0x1
 1047 00d3 3F       		.uleb128 0x3f
 1048 00d4 19       		.uleb128 0x19
 1049 00d5 03       		.uleb128 0x3
 1050 00d6 0E       		.uleb128 0xe
 1051 00d7 3A       		.uleb128 0x3a
 1052 00d8 0B       		.uleb128 0xb
 1053 00d9 3B       		.uleb128 0x3b
 1054 00da 0B       		.uleb128 0xb
 1055 00db 27       		.uleb128 0x27
 1056 00dc 19       		.uleb128 0x19
 1057 00dd 49       		.uleb128 0x49
 1058 00de 13       		.uleb128 0x13
 1059 00df 11       		.uleb128 0x11
 1060 00e0 01       		.uleb128 0x1
 1061 00e1 12       		.uleb128 0x12
 1062 00e2 06       		.uleb128 0x6
 1063 00e3 40       		.uleb128 0x40
 1064 00e4 18       		.uleb128 0x18
 1065 00e5 9742     		.uleb128 0x2117
 1066 00e7 19       		.uleb128 0x19
 1067 00e8 01       		.uleb128 0x1
 1068 00e9 13       		.uleb128 0x13
 1069 00ea 00       		.byte	0
 1070 00eb 00       		.byte	0
 1071 00ec 14       		.uleb128 0x14
 1072 00ed 05       		.uleb128 0x5
 1073 00ee 00       		.byte	0
 1074 00ef 03       		.uleb128 0x3
 1075 00f0 08       		.uleb128 0x8
 1076 00f1 3A       		.uleb128 0x3a
 1077 00f2 0B       		.uleb128 0xb
 1078 00f3 3B       		.uleb128 0x3b
 1079 00f4 0B       		.uleb128 0xb
 1080 00f5 49       		.uleb128 0x49
 1081 00f6 13       		.uleb128 0x13
 1082 00f7 02       		.uleb128 0x2
 1083 00f8 17       		.uleb128 0x17
 1084 00f9 00       		.byte	0
 1085 00fa 00       		.byte	0
 1086 00fb 15       		.uleb128 0x15
 1087 00fc 34       		.uleb128 0x34
 1088 00fd 00       		.byte	0
 1089 00fe 03       		.uleb128 0x3
 1090 00ff 0E       		.uleb128 0xe
 1091 0100 3A       		.uleb128 0x3a
 1092 0101 0B       		.uleb128 0xb
 1093 0102 3B       		.uleb128 0x3b
 1094 0103 0B       		.uleb128 0xb
 1095 0104 49       		.uleb128 0x49
 1096 0105 13       		.uleb128 0x13
 1097 0106 02       		.uleb128 0x2
 1098 0107 17       		.uleb128 0x17
ARM GAS  C:\Users\Austina\AppData\Local\Temp\ccQNEapQ.s 			page 23


 1099 0108 00       		.byte	0
 1100 0109 00       		.byte	0
 1101 010a 16       		.uleb128 0x16
 1102 010b 898201   		.uleb128 0x4109
 1103 010e 00       		.byte	0
 1104 010f 11       		.uleb128 0x11
 1105 0110 01       		.uleb128 0x1
 1106 0111 31       		.uleb128 0x31
 1107 0112 13       		.uleb128 0x13
 1108 0113 00       		.byte	0
 1109 0114 00       		.byte	0
 1110 0115 17       		.uleb128 0x17
 1111 0116 34       		.uleb128 0x34
 1112 0117 00       		.byte	0
 1113 0118 03       		.uleb128 0x3
 1114 0119 0E       		.uleb128 0xe
 1115 011a 3A       		.uleb128 0x3a
 1116 011b 0B       		.uleb128 0xb
 1117 011c 3B       		.uleb128 0x3b
 1118 011d 05       		.uleb128 0x5
 1119 011e 49       		.uleb128 0x49
 1120 011f 13       		.uleb128 0x13
 1121 0120 3F       		.uleb128 0x3f
 1122 0121 19       		.uleb128 0x19
 1123 0122 3C       		.uleb128 0x3c
 1124 0123 19       		.uleb128 0x19
 1125 0124 00       		.byte	0
 1126 0125 00       		.byte	0
 1127 0126 18       		.uleb128 0x18
 1128 0127 34       		.uleb128 0x34
 1129 0128 00       		.byte	0
 1130 0129 03       		.uleb128 0x3
 1131 012a 0E       		.uleb128 0xe
 1132 012b 3A       		.uleb128 0x3a
 1133 012c 0B       		.uleb128 0xb
 1134 012d 3B       		.uleb128 0x3b
 1135 012e 0B       		.uleb128 0xb
 1136 012f 49       		.uleb128 0x49
 1137 0130 13       		.uleb128 0x13
 1138 0131 3F       		.uleb128 0x3f
 1139 0132 19       		.uleb128 0x19
 1140 0133 3C       		.uleb128 0x3c
 1141 0134 19       		.uleb128 0x19
 1142 0135 00       		.byte	0
 1143 0136 00       		.byte	0
 1144 0137 19       		.uleb128 0x19
 1145 0138 2E       		.uleb128 0x2e
 1146 0139 00       		.byte	0
 1147 013a 3F       		.uleb128 0x3f
 1148 013b 19       		.uleb128 0x19
 1149 013c 3C       		.uleb128 0x3c
 1150 013d 19       		.uleb128 0x19
 1151 013e 6E       		.uleb128 0x6e
 1152 013f 0E       		.uleb128 0xe
 1153 0140 03       		.uleb128 0x3
 1154 0141 0E       		.uleb128 0xe
 1155 0142 3A       		.uleb128 0x3a
ARM GAS  C:\Users\Austina\AppData\Local\Temp\ccQNEapQ.s 			page 24


 1156 0143 0B       		.uleb128 0xb
 1157 0144 3B       		.uleb128 0x3b
 1158 0145 0B       		.uleb128 0xb
 1159 0146 00       		.byte	0
 1160 0147 00       		.byte	0
 1161 0148 00       		.byte	0
 1162              		.section	.debug_loc,"",%progbits
 1163              	.Ldebug_loc0:
 1164              	.LLST0:
 1165 0000 00000000 		.4byte	.LVL0
 1166 0004 08000000 		.4byte	.LVL2
 1167 0008 0100     		.2byte	0x1
 1168 000a 50       		.byte	0x50
 1169 000b 08000000 		.4byte	.LVL2
 1170 000f 14000000 		.4byte	.LVL6
 1171 0013 0400     		.2byte	0x4
 1172 0015 F3       		.byte	0xf3
 1173 0016 01       		.uleb128 0x1
 1174 0017 50       		.byte	0x50
 1175 0018 9F       		.byte	0x9f
 1176 0019 14000000 		.4byte	.LVL6
 1177 001d 1A000000 		.4byte	.LVL7
 1178 0021 0100     		.2byte	0x1
 1179 0023 50       		.byte	0x50
 1180 0024 1A000000 		.4byte	.LVL7
 1181 0028 22000000 		.4byte	.LFE577
 1182 002c 0400     		.2byte	0x4
 1183 002e F3       		.byte	0xf3
 1184 002f 01       		.uleb128 0x1
 1185 0030 50       		.byte	0x50
 1186 0031 9F       		.byte	0x9f
 1187 0032 00000000 		.4byte	0
 1188 0036 00000000 		.4byte	0
 1189              	.LLST1:
 1190 003a 00000000 		.4byte	.LVL0
 1191 003e 08000000 		.4byte	.LVL2
 1192 0042 0100     		.2byte	0x1
 1193 0044 51       		.byte	0x51
 1194 0045 08000000 		.4byte	.LVL2
 1195 0049 0C000000 		.4byte	.LVL3
 1196 004d 0100     		.2byte	0x1
 1197 004f 55       		.byte	0x55
 1198 0050 0C000000 		.4byte	.LVL3
 1199 0054 10000000 		.4byte	.LVL4
 1200 0058 0300     		.2byte	0x3
 1201 005a 75       		.byte	0x75
 1202 005b 7F       		.sleb128 -1
 1203 005c 9F       		.byte	0x9f
 1204 005d 10000000 		.4byte	.LVL4
 1205 0061 14000000 		.4byte	.LVL6
 1206 0065 0100     		.2byte	0x1
 1207 0067 55       		.byte	0x55
 1208 0068 14000000 		.4byte	.LVL6
 1209 006c 1A000000 		.4byte	.LVL7
 1210 0070 0100     		.2byte	0x1
 1211 0072 51       		.byte	0x51
 1212 0073 1A000000 		.4byte	.LVL7
ARM GAS  C:\Users\Austina\AppData\Local\Temp\ccQNEapQ.s 			page 25


 1213 0077 1E000000 		.4byte	.LVL8
 1214 007b 0100     		.2byte	0x1
 1215 007d 55       		.byte	0x55
 1216 007e 00000000 		.4byte	0
 1217 0082 00000000 		.4byte	0
 1218              	.LLST2:
 1219 0086 00000000 		.4byte	.LVL0
 1220 008a 08000000 		.4byte	.LVL2
 1221 008e 0100     		.2byte	0x1
 1222 0090 52       		.byte	0x52
 1223 0091 08000000 		.4byte	.LVL2
 1224 0095 14000000 		.4byte	.LVL6
 1225 0099 0100     		.2byte	0x1
 1226 009b 56       		.byte	0x56
 1227 009c 14000000 		.4byte	.LVL6
 1228 00a0 1A000000 		.4byte	.LVL7
 1229 00a4 0100     		.2byte	0x1
 1230 00a6 52       		.byte	0x52
 1231 00a7 1A000000 		.4byte	.LVL7
 1232 00ab 1E000000 		.4byte	.LVL8
 1233 00af 0100     		.2byte	0x1
 1234 00b1 56       		.byte	0x56
 1235 00b2 1E000000 		.4byte	.LVL8
 1236 00b6 22000000 		.4byte	.LFE577
 1237 00ba 0400     		.2byte	0x4
 1238 00bc F3       		.byte	0xf3
 1239 00bd 01       		.uleb128 0x1
 1240 00be 52       		.byte	0x52
 1241 00bf 9F       		.byte	0x9f
 1242 00c0 00000000 		.4byte	0
 1243 00c4 00000000 		.4byte	0
 1244              	.LLST3:
 1245 00c8 02000000 		.4byte	.LVL1
 1246 00cc 08000000 		.4byte	.LVL2
 1247 00d0 0200     		.2byte	0x2
 1248 00d2 30       		.byte	0x30
 1249 00d3 9F       		.byte	0x9f
 1250 00d4 08000000 		.4byte	.LVL2
 1251 00d8 14000000 		.4byte	.LVL6
 1252 00dc 0100     		.2byte	0x1
 1253 00de 54       		.byte	0x54
 1254 00df 14000000 		.4byte	.LVL6
 1255 00e3 1A000000 		.4byte	.LVL7
 1256 00e7 0200     		.2byte	0x2
 1257 00e9 30       		.byte	0x30
 1258 00ea 9F       		.byte	0x9f
 1259 00eb 1A000000 		.4byte	.LVL7
 1260 00ef 22000000 		.4byte	.LFE577
 1261 00f3 0100     		.2byte	0x1
 1262 00f5 54       		.byte	0x54
 1263 00f6 00000000 		.4byte	0
 1264 00fa 00000000 		.4byte	0
 1265              	.LLST4:
 1266 00fe 00000000 		.4byte	.LVL9
 1267 0102 08000000 		.4byte	.LVL11
 1268 0106 0100     		.2byte	0x1
 1269 0108 50       		.byte	0x50
ARM GAS  C:\Users\Austina\AppData\Local\Temp\ccQNEapQ.s 			page 26


 1270 0109 08000000 		.4byte	.LVL11
 1271 010d 1A000000 		.4byte	.LVL15
 1272 0111 0400     		.2byte	0x4
 1273 0113 F3       		.byte	0xf3
 1274 0114 01       		.uleb128 0x1
 1275 0115 50       		.byte	0x50
 1276 0116 9F       		.byte	0x9f
 1277 0117 1A000000 		.4byte	.LVL15
 1278 011b 20000000 		.4byte	.LVL16
 1279 011f 0100     		.2byte	0x1
 1280 0121 50       		.byte	0x50
 1281 0122 20000000 		.4byte	.LVL16
 1282 0126 28000000 		.4byte	.LFE578
 1283 012a 0400     		.2byte	0x4
 1284 012c F3       		.byte	0xf3
 1285 012d 01       		.uleb128 0x1
 1286 012e 50       		.byte	0x50
 1287 012f 9F       		.byte	0x9f
 1288 0130 00000000 		.4byte	0
 1289 0134 00000000 		.4byte	0
 1290              	.LLST5:
 1291 0138 00000000 		.4byte	.LVL9
 1292 013c 08000000 		.4byte	.LVL11
 1293 0140 0100     		.2byte	0x1
 1294 0142 51       		.byte	0x51
 1295 0143 08000000 		.4byte	.LVL11
 1296 0147 1A000000 		.4byte	.LVL15
 1297 014b 0100     		.2byte	0x1
 1298 014d 55       		.byte	0x55
 1299 014e 1A000000 		.4byte	.LVL15
 1300 0152 20000000 		.4byte	.LVL16
 1301 0156 0100     		.2byte	0x1
 1302 0158 51       		.byte	0x51
 1303 0159 20000000 		.4byte	.LVL16
 1304 015d 24000000 		.4byte	.LVL17
 1305 0161 0100     		.2byte	0x1
 1306 0163 55       		.byte	0x55
 1307 0164 00000000 		.4byte	0
 1308 0168 00000000 		.4byte	0
 1309              	.LLST6:
 1310 016c 00000000 		.4byte	.LVL9
 1311 0170 08000000 		.4byte	.LVL11
 1312 0174 0100     		.2byte	0x1
 1313 0176 52       		.byte	0x52
 1314 0177 08000000 		.4byte	.LVL11
 1315 017b 1A000000 		.4byte	.LVL15
 1316 017f 0100     		.2byte	0x1
 1317 0181 56       		.byte	0x56
 1318 0182 1A000000 		.4byte	.LVL15
 1319 0186 20000000 		.4byte	.LVL16
 1320 018a 0100     		.2byte	0x1
 1321 018c 52       		.byte	0x52
 1322 018d 20000000 		.4byte	.LVL16
 1323 0191 24000000 		.4byte	.LVL17
 1324 0195 0100     		.2byte	0x1
 1325 0197 56       		.byte	0x56
 1326 0198 24000000 		.4byte	.LVL17
ARM GAS  C:\Users\Austina\AppData\Local\Temp\ccQNEapQ.s 			page 27


 1327 019c 28000000 		.4byte	.LFE578
 1328 01a0 0400     		.2byte	0x4
 1329 01a2 F3       		.byte	0xf3
 1330 01a3 01       		.uleb128 0x1
 1331 01a4 52       		.byte	0x52
 1332 01a5 9F       		.byte	0x9f
 1333 01a6 00000000 		.4byte	0
 1334 01aa 00000000 		.4byte	0
 1335              	.LLST7:
 1336 01ae 02000000 		.4byte	.LVL10
 1337 01b2 08000000 		.4byte	.LVL11
 1338 01b6 0200     		.2byte	0x2
 1339 01b8 30       		.byte	0x30
 1340 01b9 9F       		.byte	0x9f
 1341 01ba 08000000 		.4byte	.LVL11
 1342 01be 1A000000 		.4byte	.LVL15
 1343 01c2 0100     		.2byte	0x1
 1344 01c4 54       		.byte	0x54
 1345 01c5 1A000000 		.4byte	.LVL15
 1346 01c9 20000000 		.4byte	.LVL16
 1347 01cd 0200     		.2byte	0x2
 1348 01cf 30       		.byte	0x30
 1349 01d0 9F       		.byte	0x9f
 1350 01d1 20000000 		.4byte	.LVL16
 1351 01d5 28000000 		.4byte	.LFE578
 1352 01d9 0100     		.2byte	0x1
 1353 01db 54       		.byte	0x54
 1354 01dc 00000000 		.4byte	0
 1355 01e0 00000000 		.4byte	0
 1356              		.section	.debug_aranges,"",%progbits
 1357 0000 24000000 		.4byte	0x24
 1358 0004 0200     		.2byte	0x2
 1359 0006 00000000 		.4byte	.Ldebug_info0
 1360 000a 04       		.byte	0x4
 1361 000b 00       		.byte	0
 1362 000c 0000     		.2byte	0
 1363 000e 0000     		.2byte	0
 1364 0010 00000000 		.4byte	.LFB577
 1365 0014 22000000 		.4byte	.LFE577-.LFB577
 1366 0018 00000000 		.4byte	.LFB578
 1367 001c 28000000 		.4byte	.LFE578-.LFB578
 1368 0020 00000000 		.4byte	0
 1369 0024 00000000 		.4byte	0
 1370              		.section	.debug_ranges,"",%progbits
 1371              	.Ldebug_ranges0:
 1372 0000 00000000 		.4byte	.LFB577
 1373 0004 22000000 		.4byte	.LFE577
 1374 0008 00000000 		.4byte	.LFB578
 1375 000c 28000000 		.4byte	.LFE578
 1376 0010 00000000 		.4byte	0
 1377 0014 00000000 		.4byte	0
 1378              		.section	.debug_line,"",%progbits
 1379              	.Ldebug_line0:
 1380 0000 BA020000 		.section	.debug_str,"MS",%progbits,1
 1380      02006A02 
 1380      00000201 
 1380      FB0E0D00 
ARM GAS  C:\Users\Austina\AppData\Local\Temp\ccQNEapQ.s 			page 28


 1380      01010101 
 1381              	.LASF39:
 1382 0000 72656C6F 		.ascii	"reloadInput\000"
 1382      6164496E 
 1382      70757400 
 1383              	.LASF89:
 1384 000c 74784C65 		.ascii	"txLeftToTransmit\000"
 1384      6674546F 
 1384      5472616E 
 1384      736D6974 
 1384      00
 1385              	.LASF63:
 1386 001d 6D617374 		.ascii	"masterNumBytes\000"
 1386      65724E75 
 1386      6D427974 
 1386      657300
 1387              	.LASF62:
 1388 002c 6D617374 		.ascii	"masterBufferIdx\000"
 1388      65724275 
 1388      66666572 
 1388      49647800 
 1389              	.LASF22:
 1390 003c 636C6F63 		.ascii	"clockPrescaler\000"
 1390      6B507265 
 1390      7363616C 
 1390      657200
 1391              	.LASF44:
 1392 004b 636F756E 		.ascii	"countInputMode\000"
 1392      74496E70 
 1392      75744D6F 
 1392      646500
 1393              	.LASF29:
 1394 005a 636F6D70 		.ascii	"compare0\000"
 1394      61726530 
 1394      00
 1395              	.LASF30:
 1396 0063 636F6D70 		.ascii	"compare1\000"
 1396      61726531 
 1396      00
 1397              	.LASF46:
 1398 006c 63795F73 		.ascii	"cy_stc_tcpwm_pwm_config_t\000"
 1398      74635F74 
 1398      6370776D 
 1398      5F70776D 
 1398      5F636F6E 
 1399              	.LASF70:
 1400 0086 736C6176 		.ascii	"slaveRxBuffer\000"
 1400      65527842 
 1400      75666665 
 1400      7200
 1401              	.LASF85:
 1402 0094 72784275 		.ascii	"rxBufSize\000"
 1402      6653697A 
 1402      6500
 1403              	.LASF56:
 1404 009e 73746174 		.ascii	"state\000"
 1404      6500
ARM GAS  C:\Users\Austina\AppData\Local\Temp\ccQNEapQ.s 			page 29


 1405              	.LASF76:
 1406 00a4 63795F63 		.ascii	"cy_cb_scb_uart_handle_events_t\000"
 1406      625F7363 
 1406      625F7561 
 1406      72745F68 
 1406      616E646C 
 1407              	.LASF2:
 1408 00c3 73686F72 		.ascii	"short int\000"
 1408      7420696E 
 1408      7400
 1409              	.LASF103:
 1410 00cd 433A5C41 		.ascii	"C:\\Alen\\GitHub_Denzerek\\BLEControlledArm\\BLE_AR"
 1410      6C656E5C 
 1410      47697448 
 1410      75625F44 
 1410      656E7A65 
 1411 00fc 4D5F576F 		.ascii	"M_Workspace\\ArduinoCommI2c.cydsn\000"
 1411      726B7370 
 1411      6163655C 
 1411      41726475 
 1411      696E6F43 
 1412              	.LASF100:
 1413 011d 53544449 		.ascii	"STDIO_GetChar\000"
 1413      4F5F4765 
 1413      74436861 
 1413      7200
 1414              	.LASF13:
 1415 012b 73697A65 		.ascii	"sizetype\000"
 1415      74797065 
 1415      00
 1416              	.LASF57:
 1417 0134 6D617374 		.ascii	"masterStatus\000"
 1417      65725374 
 1417      61747573 
 1417      00
 1418              	.LASF77:
 1419 0141 63795F73 		.ascii	"cy_stc_scb_uart_context\000"
 1419      74635F73 
 1419      63625F75 
 1419      6172745F 
 1419      636F6E74 
 1420              	.LASF69:
 1421 0159 736C6176 		.ascii	"slaveTxBufferCnt\000"
 1421      65547842 
 1421      75666665 
 1421      72436E74 
 1421      00
 1422              	.LASF101:
 1423 016a 474E5520 		.ascii	"GNU C11 5.4.1 20160609 (release) [ARM/embedded-5-br"
 1423      43313120 
 1423      352E342E 
 1423      31203230 
 1423      31363036 
 1424 019d 616E6368 		.ascii	"anch revision 237715] -mcpu=cortex-m4 -mfloat-abi=s"
 1424      20726576 
 1424      6973696F 
 1424      6E203233 
ARM GAS  C:\Users\Austina\AppData\Local\Temp\ccQNEapQ.s 			page 30


 1424      37373135 
 1425 01d0 6F667466 		.ascii	"oftfp -mfpu=fpv4-sp-d16 -mthumb -g -Og -ffunction-s"
 1425      70202D6D 
 1425      6670753D 
 1425      66707634 
 1425      2D73702D 
 1426 0203 65637469 		.ascii	"ections -ffat-lto-objects\000"
 1426      6F6E7320 
 1426      2D666661 
 1426      742D6C74 
 1426      6F2D6F62 
 1427              	.LASF52:
 1428 021d 63795F73 		.ascii	"cy_stc_tcpwm_pwm_config\000"
 1428      74635F74 
 1428      6370776D 
 1428      5F70776D 
 1428      5F636F6E 
 1429              	.LASF7:
 1430 0235 5F5F7569 		.ascii	"__uint32_t\000"
 1430      6E743332 
 1430      5F7400
 1431              	.LASF78:
 1432 0240 74785374 		.ascii	"txStatus\000"
 1432      61747573 
 1432      00
 1433              	.LASF94:
 1434 0249 6E436861 		.ascii	"nChars\000"
 1434      727300
 1435              	.LASF86:
 1436 0250 72784275 		.ascii	"rxBufIdx\000"
 1436      66496478 
 1436      00
 1437              	.LASF6:
 1438 0259 6C6F6E67 		.ascii	"long int\000"
 1438      20696E74 
 1438      00
 1439              	.LASF23:
 1440 0262 70776D41 		.ascii	"pwmAlignment\000"
 1440      6C69676E 
 1440      6D656E74 
 1440      00
 1441              	.LASF31:
 1442 026f 656E6162 		.ascii	"enableCompareSwap\000"
 1442      6C65436F 
 1442      6D706172 
 1442      65537761 
 1442      7000
 1443              	.LASF97:
 1444 0281 55415254 		.ascii	"UART_1_context\000"
 1444      5F315F63 
 1444      6F6E7465 
 1444      787400
 1445              	.LASF98:
 1446 0290 50574D5F 		.ascii	"PWM_1_config\000"
 1446      315F636F 
 1446      6E666967 
 1446      00
ARM GAS  C:\Users\Austina\AppData\Local\Temp\ccQNEapQ.s 			page 31


 1447              	.LASF15:
 1448 029d 75696E74 		.ascii	"uint8_t\000"
 1448      385F7400 
 1449              	.LASF43:
 1450 02a5 6B696C6C 		.ascii	"killInput\000"
 1450      496E7075 
 1450      7400
 1451              	.LASF35:
 1452 02af 6B696C6C 		.ascii	"killMode\000"
 1452      4D6F6465 
 1452      00
 1453              	.LASF92:
 1454 02b8 5F777269 		.ascii	"_write\000"
 1454      746500
 1455              	.LASF82:
 1456 02bf 72785269 		.ascii	"rxRingBufHead\000"
 1456      6E674275 
 1456      66486561 
 1456      6400
 1457              	.LASF18:
 1458 02cd 666C6F61 		.ascii	"float\000"
 1458      7400
 1459              	.LASF55:
 1460 02d3 75736554 		.ascii	"useTxFifo\000"
 1460      78466966 
 1460      6F00
 1461              	.LASF26:
 1462 02dd 70657269 		.ascii	"period0\000"
 1462      6F643000 
 1463              	.LASF27:
 1464 02e5 70657269 		.ascii	"period1\000"
 1464      6F643100 
 1465              	.LASF38:
 1466 02ed 72656C6F 		.ascii	"reloadInputMode\000"
 1466      6164496E 
 1466      7075744D 
 1466      6F646500 
 1467              	.LASF9:
 1468 02fd 6C6F6E67 		.ascii	"long long int\000"
 1468      206C6F6E 
 1468      6720696E 
 1468      7400
 1469              	.LASF96:
 1470 030b 4932435F 		.ascii	"I2C_1_context\000"
 1470      315F636F 
 1470      6E746578 
 1470      7400
 1471              	.LASF25:
 1472 0319 72756E4D 		.ascii	"runMode\000"
 1472      6F646500 
 1473              	.LASF14:
 1474 0321 63686172 		.ascii	"char\000"
 1474      00
 1475              	.LASF71:
 1476 0326 736C6176 		.ascii	"slaveRxBufferSize\000"
 1476      65527842 
 1476      75666665 
ARM GAS  C:\Users\Austina\AppData\Local\Temp\ccQNEapQ.s 			page 32


 1476      7253697A 
 1476      6500
 1477              	.LASF81:
 1478 0338 72785269 		.ascii	"rxRingBufSize\000"
 1478      6E674275 
 1478      6653697A 
 1478      6500
 1479              	.LASF59:
 1480 0346 6D617374 		.ascii	"masterRdDir\000"
 1480      65725264 
 1480      44697200 
 1481              	.LASF99:
 1482 0352 53544449 		.ascii	"STDIO_PutChar\000"
 1482      4F5F5075 
 1482      74436861 
 1482      7200
 1483              	.LASF33:
 1484 0360 696E7665 		.ascii	"invertPWMOut\000"
 1484      72745057 
 1484      4D4F7574 
 1484      00
 1485              	.LASF4:
 1486 036d 5F5F7569 		.ascii	"__uint8_t\000"
 1486      6E74385F 
 1486      7400
 1487              	.LASF72:
 1488 0377 736C6176 		.ascii	"slaveRxBufferIdx\000"
 1488      65527842 
 1488      75666665 
 1488      72496478 
 1488      00
 1489              	.LASF67:
 1490 0388 736C6176 		.ascii	"slaveTxBufferSize\000"
 1490      65547842 
 1490      75666665 
 1490      7253697A 
 1490      6500
 1491              	.LASF75:
 1492 039a 63795F73 		.ascii	"cy_stc_scb_i2c_context_t\000"
 1492      74635F73 
 1492      63625F69 
 1492      32635F63 
 1492      6F6E7465 
 1493              	.LASF12:
 1494 03b3 6C6F6E67 		.ascii	"long double\000"
 1494      20646F75 
 1494      626C6500 
 1495              	.LASF40:
 1496 03bf 73746172 		.ascii	"startInputMode\000"
 1496      74496E70 
 1496      75744D6F 
 1496      646500
 1497              	.LASF79:
 1498 03ce 72785374 		.ascii	"rxStatus\000"
 1498      61747573 
 1498      00
 1499              	.LASF1:
ARM GAS  C:\Users\Austina\AppData\Local\Temp\ccQNEapQ.s 			page 33


 1500 03d7 756E7369 		.ascii	"unsigned char\000"
 1500      676E6564 
 1500      20636861 
 1500      7200
 1501              	.LASF80:
 1502 03e5 72785269 		.ascii	"rxRingBuf\000"
 1502      6E674275 
 1502      6600
 1503              	.LASF93:
 1504 03ef 5F726561 		.ascii	"_read\000"
 1504      6400
 1505              	.LASF28:
 1506 03f5 656E6162 		.ascii	"enablePeriodSwap\000"
 1506      6C655065 
 1506      72696F64 
 1506      53776170 
 1506      00
 1507              	.LASF0:
 1508 0406 7369676E 		.ascii	"signed char\000"
 1508      65642063 
 1508      68617200 
 1509              	.LASF61:
 1510 0412 6D617374 		.ascii	"masterBufferSize\000"
 1510      65724275 
 1510      66666572 
 1510      53697A65 
 1510      00
 1511              	.LASF10:
 1512 0423 6C6F6E67 		.ascii	"long long unsigned int\000"
 1512      206C6F6E 
 1512      6720756E 
 1512      7369676E 
 1512      65642069 
 1513              	.LASF17:
 1514 043a 75696E74 		.ascii	"uint32_t\000"
 1514      33325F74 
 1514      00
 1515              	.LASF50:
 1516 0443 63795F63 		.ascii	"cy_cb_scb_i2c_handle_events_t\000"
 1516      625F7363 
 1516      625F6932 
 1516      635F6861 
 1516      6E646C65 
 1517              	.LASF11:
 1518 0461 756E7369 		.ascii	"unsigned int\000"
 1518      676E6564 
 1518      20696E74 
 1518      00
 1519              	.LASF49:
 1520 046e 63795F65 		.ascii	"cy_en_scb_i2c_command_t\000"
 1520      6E5F7363 
 1520      625F6932 
 1520      635F636F 
 1520      6D6D616E 
 1521              	.LASF8:
 1522 0486 6C6F6E67 		.ascii	"long unsigned int\000"
 1522      20756E73 
ARM GAS  C:\Users\Austina\AppData\Local\Temp\ccQNEapQ.s 			page 34


 1522      69676E65 
 1522      6420696E 
 1522      7400
 1523              	.LASF34:
 1524 0498 696E7665 		.ascii	"invertPWMOutN\000"
 1524      72745057 
 1524      4D4F7574 
 1524      4E00
 1525              	.LASF88:
 1526 04a6 74784275 		.ascii	"txBufSize\000"
 1526      6653697A 
 1526      6500
 1527              	.LASF3:
 1528 04b0 73686F72 		.ascii	"short unsigned int\000"
 1528      7420756E 
 1528      7369676E 
 1528      65642069 
 1528      6E7400
 1529              	.LASF84:
 1530 04c3 72784275 		.ascii	"rxBuf\000"
 1530      6600
 1531              	.LASF51:
 1532 04c9 63795F63 		.ascii	"cy_cb_scb_i2c_handle_addr_t\000"
 1532      625F7363 
 1532      625F6932 
 1532      635F6861 
 1532      6E646C65 
 1533              	.LASF73:
 1534 04e5 63624576 		.ascii	"cbEvents\000"
 1534      656E7473 
 1534      00
 1535              	.LASF24:
 1536 04ee 64656164 		.ascii	"deadTimeClocks\000"
 1536      54696D65 
 1536      436C6F63 
 1536      6B7300
 1537              	.LASF16:
 1538 04fd 696E7433 		.ascii	"int32_t\000"
 1538      325F7400 
 1539              	.LASF5:
 1540 0505 5F5F696E 		.ascii	"__int32_t\000"
 1540      7433325F 
 1540      7400
 1541              	.LASF60:
 1542 050f 6D617374 		.ascii	"masterBuffer\000"
 1542      65724275 
 1542      66666572 
 1542      00
 1543              	.LASF20:
 1544 051c 5F426F6F 		.ascii	"_Bool\000"
 1544      6C00
 1545              	.LASF37:
 1546 0522 73776170 		.ascii	"swapInput\000"
 1546      496E7075 
 1546      7400
 1547              	.LASF32:
 1548 052c 696E7465 		.ascii	"interruptSources\000"
ARM GAS  C:\Users\Austina\AppData\Local\Temp\ccQNEapQ.s 			page 35


 1548      72727570 
 1548      74536F75 
 1548      72636573 
 1548      00
 1549              	.LASF48:
 1550 053d 43595F53 		.ascii	"CY_SCB_I2C_NAK\000"
 1550      43425F49 
 1550      32435F4E 
 1550      414B00
 1551              	.LASF19:
 1552 054c 646F7562 		.ascii	"double\000"
 1552      6C6500
 1553              	.LASF64:
 1554 0553 736C6176 		.ascii	"slaveStatus\000"
 1554      65537461 
 1554      74757300 
 1555              	.LASF36:
 1556 055f 73776170 		.ascii	"swapInputMode\000"
 1556      496E7075 
 1556      744D6F64 
 1556      6500
 1557              	.LASF47:
 1558 056d 43595F53 		.ascii	"CY_SCB_I2C_ACK\000"
 1558      43425F49 
 1558      32435F41 
 1558      434B00
 1559              	.LASF68:
 1560 057c 736C6176 		.ascii	"slaveTxBufferIdx\000"
 1560      65547842 
 1560      75666665 
 1560      72496478 
 1560      00
 1561              	.LASF87:
 1562 058d 74784275 		.ascii	"txBuf\000"
 1562      6600
 1563              	.LASF41:
 1564 0593 73746172 		.ascii	"startInput\000"
 1564      74496E70 
 1564      757400
 1565              	.LASF54:
 1566 059e 75736552 		.ascii	"useRxFifo\000"
 1566      78466966 
 1566      6F00
 1567              	.LASF90:
 1568 05a8 696E6974 		.ascii	"initKey\000"
 1568      4B657900 
 1569              	.LASF58:
 1570 05b0 6D617374 		.ascii	"masterPause\000"
 1570      65725061 
 1570      75736500 
 1571              	.LASF91:
 1572 05bc 63795F73 		.ascii	"cy_stc_scb_uart_context_t\000"
 1572      74635F73 
 1572      63625F75 
 1572      6172745F 
 1572      636F6E74 
 1573              	.LASF83:
ARM GAS  C:\Users\Austina\AppData\Local\Temp\ccQNEapQ.s 			page 36


 1574 05d6 72785269 		.ascii	"rxRingBufTail\000"
 1574      6E674275 
 1574      66546169 
 1574      6C00
 1575              	.LASF21:
 1576 05e4 70776D4D 		.ascii	"pwmMode\000"
 1576      6F646500 
 1577              	.LASF45:
 1578 05ec 636F756E 		.ascii	"countInput\000"
 1578      74496E70 
 1578      757400
 1579              	.LASF95:
 1580 05f7 49544D5F 		.ascii	"ITM_RxBuffer\000"
 1580      52784275 
 1580      66666572 
 1580      00
 1581              	.LASF74:
 1582 0604 63624164 		.ascii	"cbAddr\000"
 1582      647200
 1583              	.LASF65:
 1584 060b 736C6176 		.ascii	"slaveRdBufEmpty\000"
 1584      65526442 
 1584      7566456D 
 1584      70747900 
 1585              	.LASF42:
 1586 061b 6B696C6C 		.ascii	"killInputMode\000"
 1586      496E7075 
 1586      744D6F64 
 1586      6500
 1587              	.LASF102:
 1588 0629 47656E65 		.ascii	"Generated_Source\\PSoC6\\pdl\\utilities\\retarget_i"
 1588      72617465 
 1588      645F536F 
 1588      75726365 
 1588      5C50536F 
 1589 0658 6F5C7265 		.ascii	"o\\retarget.c\000"
 1589      74617267 
 1589      65742E63 
 1589      00
 1590              	.LASF53:
 1591 0665 63795F73 		.ascii	"cy_stc_scb_i2c_context\000"
 1591      74635F73 
 1591      63625F69 
 1591      32635F63 
 1591      6F6E7465 
 1592              	.LASF66:
 1593 067c 736C6176 		.ascii	"slaveTxBuffer\000"
 1593      65547842 
 1593      75666665 
 1593      7200
 1594              		.ident	"GCC: (GNU Tools for ARM Embedded Processors) 5.4.1 20160609 (release) [ARM/embedded-5-bran
