--------------- Build Started: 10/14/2021 17:37:21 Project: MainArmController, Configuration: ARM GCC 5.4-2016-q2-update Debug ---------------
cydsfit.exe -.appdatapath "C:\Users\Austina\AppData\Local\Cypress Semiconductor\PSoC Creator\4.2" -.fdsnotice -.fdswarpdepfile=warp_dependencies.txt -.fdselabdepfile=elab_dependencies.txt -.fdsbldfile=generated_files.txt -.fdsreffile=referenced_files.txt -p C:\Alen\GitHub_Denzerek\BLEControlledArm\BLE_ARM_Workspace\MainArmController.cydsn\MainArmController.cyprj -d CY8C6347BZI-BLD53 -s C:\Alen\GitHub_Denzerek\BLEControlledArm\BLE_ARM_Workspace\MainArmController.cydsn\Generated_Source\PSoC6 -- -yv2 -q10 -ygs -o2 -v3 -.fftcfgtype=LE
Elaborating Design...
HDL Generation...
Synthesis...
Tech Mapping...
Info: plm.M0038: The pin named CY_CPUSS_SWJ_SWCLK_TCLK(0) at location P6[7] prevents usage of special purposes: TCPWM[3].line_compl. (App=cydsfit)
Info: plm.M0038: The pin named CY_CPUSS_SWJ_SWCLK_TCLK(0) at location P6[7] prevents usage of special purposes: TCPWM[19].line_compl. (App=cydsfit)
Info: plm.M0038: The pin named CY_CPUSS_SWJ_SWCLK_TCLK(0) at location P6[7] prevents usage of special purposes: CSD[0].csd_tx. (App=cydsfit)
Info: plm.M0038: The pin named CY_CPUSS_SWJ_SWCLK_TCLK(0) at location P6[7] prevents usage of special purposes: CSD[0].csd_tx_n. (App=cydsfit)
Info: plm.M0038: The pin named CY_CPUSS_SWJ_SWCLK_TCLK(0) at location P6[7] prevents usage of special purposes: SCB[6].uart_cts. (App=cydsfit)
Info: plm.M0038: The pin named CY_CPUSS_SWJ_SWCLK_TCLK(0) at location P6[7] prevents usage of special purposes: SCB[6].spi_select[0]. (App=cydsfit)
Info: plm.M0038: The pin named CY_CPUSS_SWJ_SWCLK_TCLK(0) at location P6[7] prevents usage of special purposes: SCB[8].spi_select[0]. (App=cydsfit)
Info: plm.M0038: The pin named CY_CPUSS_SWJ_SWDIO_TMS(0) at location P6[6] prevents usage of special purposes: TCPWM[3].line. (App=cydsfit)
Info: plm.M0038: The pin named CY_CPUSS_SWJ_SWDIO_TMS(0) at location P6[6] prevents usage of special purposes: TCPWM[19].line. (App=cydsfit)
Info: plm.M0038: The pin named CY_CPUSS_SWJ_SWDIO_TMS(0) at location P6[6] prevents usage of special purposes: CSD[0].csd_tx. (App=cydsfit)
Info: plm.M0038: The pin named CY_CPUSS_SWJ_SWDIO_TMS(0) at location P6[6] prevents usage of special purposes: CSD[0].csd_tx_n. (App=cydsfit)
Info: plm.M0038: The pin named CY_CPUSS_SWJ_SWDIO_TMS(0) at location P6[6] prevents usage of special purposes: SCB[6].uart_rts. (App=cydsfit)
Info: plm.M0038: The pin named CY_CPUSS_SWJ_SWDIO_TMS(0) at location P6[6] prevents usage of special purposes: SCB[6].spi_clk. (App=cydsfit)
Info: plm.M0038: The pin named CY_CPUSS_SWJ_SWDIO_TMS(0) at location P6[6] prevents usage of special purposes: SCB[8].spi_clk. (App=cydsfit)
Analog Placement...
Analog Routing...
Analog Code Generation...
Digital Placement...
Digital Routing...
Bitstream Generation...
Bitstream Verification...
Static timing analysis...
API Generation...
Dependency Generation...
Cleanup...
arm-none-eabi-gcc.exe -mcpu=cortex-m0plus -mthumb -I. -IGenerated_Source\PSoC6 -IGenerated_Source\PSoC6\pdl\cmsis/include/ -IGenerated_Source\PSoC6\pdl\devices/psoc6/ip/ -IGenerated_Source\PSoC6\pdl\devices/psoc6/psoc63/include/ -IGenerated_Source\PSoC6\pdl\drivers/peripheral/ -IGenerated_Source\PSoC6\pdl\middleware/ -IGenerated_Source\PSoC6\pdl\rtos/FreeRTOS/9.0.0/Source/include/ -IGenerated_Source\PSoC6\pdl\rtos/FreeRTOS/9.0.0/Source/portable/GCC/CM4F/ -IGenerated_Source\PSoC6\pdl\utilities/ -Wa,-alh=.\CortexM0p\ARM_GCC_541\Debug/main_cm0p.lst -g -D DEBUG -D CY_CORE_ID=0 -D CY_PSOC_CREATOR_USED=1 -D CY8C6347BZI_BLD53 -Wall -ffunction-sections -ffat-lto-objects -Og -c main_cm0p.c -o .\CortexM0p\ARM_GCC_541\Debug\main_cm0p.o
arm-none-eabi-gcc.exe -mcpu=cortex-m0plus -mthumb -I. -IGenerated_Source\PSoC6 -IGenerated_Source\PSoC6\pdl\cmsis/include/ -IGenerated_Source\PSoC6\pdl\devices/psoc6/ip/ -IGenerated_Source\PSoC6\pdl\devices/psoc6/psoc63/include/ -IGenerated_Source\PSoC6\pdl\drivers/peripheral/ -IGenerated_Source\PSoC6\pdl\middleware/ -IGenerated_Source\PSoC6\pdl\rtos/FreeRTOS/9.0.0/Source/include/ -IGenerated_Source\PSoC6\pdl\rtos/FreeRTOS/9.0.0/Source/portable/GCC/CM4F/ -IGenerated_Source\PSoC6\pdl\utilities/ -Wa,-alh=.\CortexM0p\ARM_GCC_541\Debug/cyfitter_cfg.lst -g -D DEBUG -D CY_CORE_ID=0 -D CY_PSOC_CREATOR_USED=1 -D CY8C6347BZI_BLD53 -Wall -ffunction-sections -ffat-lto-objects -Og -c Generated_Source\PSoC6\cyfitter_cfg.c -o .\CortexM0p\ARM_GCC_541\Debug\cyfitter_cfg.o
arm-none-eabi-gcc.exe -Wl,--start-group -o C:\Alen\GitHub_Denzerek\BLEControlledArm\BLE_ARM_Workspace\MainArmController.cydsn\CortexM0p\ARM_GCC_541\Debug\MainArmController_link.elf .\CortexM0p\ARM_GCC_541\Debug\startup_psoc63_cm0plus.o .\CortexM0p\ARM_GCC_541\Debug\main_cm0p.o .\CortexM0p\ARM_GCC_541\Debug\system_psoc63_cm0plus.o .\CortexM0p\ARM_GCC_541\Debug\cy_ipc_config.o .\CortexM0p\ARM_GCC_541\Debug\stdio_user.o .\CortexM0p\ARM_GCC_541\Debug\cyfitter_sysint_cfg.o .\CortexM0p\ARM_GCC_541\Debug\cyfitter_cfg.o .\CortexM0p\ARM_GCC_541\Debug\cymetadata.o .\CortexM0p\ARM_GCC_541\Debug\UART.o .\CortexM0p\ARM_GCC_541\Debug\PWM_1.o .\CortexM0p\ARM_GCC_541\Debug\PWM_RED.o .\CortexM0p\ARM_GCC_541\Debug\EZI2C.o .\CortexM0p\ARM_GCC_541\Debug\LEDBlink.o .\CortexM0p\ARM_GCC_541\Debug\PWM_2.o .\CortexM0p\ARM_GCC_541\Debug\cy_sysint.o .\CortexM0p\ARM_GCC_541\Debug\cy_ipc_drv.o .\CortexM0p\ARM_GCC_541\Debug\cy_ipc_sema.o .\CortexM0p\ARM_GCC_541\Debug\cy_ipc_pipe.o .\CortexM0p\ARM_GCC_541\Debug\cy_sysclk.o .\CortexM0p\ARM_GCC_541\Debug\cy_wdt.o .\CortexM0p\ARM_GCC_541\Debug\cy_tcpwm_counter.o .\CortexM0p\ARM_GCC_541\Debug\cy_tcpwm_pwm.o .\CortexM0p\ARM_GCC_541\Debug\cy_tcpwm_quaddec.o .\CortexM0p\ARM_GCC_541\Debug\cy_scb_common.o .\CortexM0p\ARM_GCC_541\Debug\cy_scb_i2c.o .\CortexM0p\ARM_GCC_541\Debug\cy_scb_ezi2c.o .\CortexM0p\ARM_GCC_541\Debug\cy_scb_spi.o .\CortexM0p\ARM_GCC_541\Debug\cy_scb_uart.o .\CortexM0p\ARM_GCC_541\Debug\cy_efuse.o .\CortexM0p\ARM_GCC_541\Debug\cy_flash.o .\CortexM0p\ARM_GCC_541\Debug\cy_gpio.o .\CortexM0p\ARM_GCC_541\Debug\cy_sysanalog.o .\CortexM0p\ARM_GCC_541\Debug\cy_syspm.o .\CortexM0p\ARM_GCC_541\Debug\cy_syslib.o .\CortexM0p\ARM_GCC_541\Debug\cy_syslib_gcc.o .\CortexM0p\ARM_GCC_541\Debug\cy_trigmux.o .\CortexM0p\ARM_GCC_541\Debug\cy_systick.o .\CortexM0p\ARM_GCC_541\Debug\cy_profile.o .\CortexM0p\ARM_GCC_541\Debug\cy_prot.o .\CortexM0p\ARM_GCC_541\Debug\cy_lvd.o .\CortexM0p\ARM_GCC_541\Debug\cy_ble_clk.o .\CortexM0p\ARM_GCC_541\Debug\retarget.o .\CortexM0p\ARM_GCC_541\Debug\CapSense_Control.o .\CortexM0p\ARM_GCC_541\Debug\CapSense_Processing.o .\CortexM0p\ARM_GCC_541\Debug\CapSense_Structure.o .\CortexM0p\ARM_GCC_541\Debug\CapSense_Tuner.o .\CortexM0p\ARM_GCC_541\Debug\CapSense_Filter.o .\CortexM0p\ARM_GCC_541\Debug\CapSense_Sensing.o .\CortexM0p\ARM_GCC_541\Debug\CapSense_INT.o .\CortexM0p\ARM_GCC_541\Debug\CapSense_SensingCSD_LL.o .\CortexM0p\ARM_GCC_541\Debug\CapSense_SensingCSX_LL.o .\CortexM0p\ARM_GCC_541\Debug\CapSense_Centroid_LL.o .\CortexM0p\ARM_GCC_541\Debug\CapSense_Gesture.o .\CortexM0p\ARM_GCC_541\Debug\CapSense_TMG.o .\CortexM0p\ARM_GCC_541\Debug\LEDBlink_1.o "C:\Program Files (x86)\Cypress\PSoC Creator\4.2\PSoC Creator\psoc\content\CyComponentLibrary\CyComponentLibrary.cylib\CapSense_TMG_v2_0\Library\Ballistic_GCC_M0p.a" "C:\Program Files (x86)\Cypress\PSoC Creator\4.2\PSoC Creator\psoc\content\CyComponentLibrary\CyComponentLibrary.cylib\CapSense_TMG_v2_0\Library\Gestures_GCC_M0p.a" "C:\Program Files (x86)\Cypress\PSoC Creator\4.2\PSoC Creator\psoc\content\CyComponentLibrary\CyComponentLibrary.cylib\CapSense_v2_0\Library\CapSense_Library_GCC_M0p.a" -mcpu=cortex-m0plus -mthumb -L Generated_Source\PSoC6 -Wl,-Map,.\CortexM0p\ARM_GCC_541\Debug/MainArmController.map -T cy8c6xx7_cm0plus.ld -specs=nano.specs -Wl,--gc-sections -g -ffunction-sections -Og -ffat-lto-objects -Wl,--end-group
"C:\Program Files (x86)\Cypress\PDL\3.0.1\tools\win\elf\cymcuelftool.exe" --sign C:\Alen\GitHub_Denzerek\BLEControlledArm\BLE_ARM_Workspace\MainArmController.cydsn\CortexM0p\ARM_GCC_541\Debug\MainArmController_link.elf --output C:\Alen\GitHub_Denzerek\BLEControlledArm\BLE_ARM_Workspace\MainArmController.cydsn\CortexM0p\ARM_GCC_541\Debug\MainArmController.elf --hex C:\Alen\GitHub_Denzerek\BLEControlledArm\BLE_ARM_Workspace\MainArmController.cydsn\CortexM0p\ARM_GCC_541\Debug\MainArmController.hex
No ELF section .cychecksum found, creating one
Application checksum calculated and stored in ELF section .cychecksum
Checksum calculated and stored in ELF section .cymeta
arm-none-eabi-gcc.exe -mcpu=cortex-m4 -mfloat-abi=softfp -mfpu=fpv4-sp-d16 -mthumb -I. -IGenerated_Source\PSoC6 -IGenerated_Source\PSoC6\pdl\cmsis/include/ -IGenerated_Source\PSoC6\pdl\devices/psoc6/ip/ -IGenerated_Source\PSoC6\pdl\devices/psoc6/psoc63/include/ -IGenerated_Source\PSoC6\pdl\drivers/peripheral/ -IGenerated_Source\PSoC6\pdl\middleware/ -IGenerated_Source\PSoC6\pdl\rtos/FreeRTOS/9.0.0/Source/include/ -IGenerated_Source\PSoC6\pdl\rtos/FreeRTOS/9.0.0/Source/portable/GCC/CM4F/ -IGenerated_Source\PSoC6\pdl\utilities/ -Wa,-alh=.\CortexM4\ARM_GCC_541\Debug/pwmTask.lst -g -D DEBUG -D CY_CORE_ID=0 -D CY_PSOC_CREATOR_USED=1 -D CY8C6347BZI_BLD53 -Wall -ffunction-sections -ffat-lto-objects -Og -c pwmTask.c -o .\CortexM4\ARM_GCC_541\Debug\pwmTask.o
pwmTask.c: In function 'pwmTask':
pwmTask.c:37:9: warning: 'compareVal' may be used uninitialized in this function [-Wmaybe-uninitialized]
         Cy_TCPWM_PWM_SetCompare0(PWM_RED_HW,PWM_RED_CNT_NUM,compareVal++);
         ^
arm-none-eabi-gcc.exe -Wl,--start-group -o C:\Alen\GitHub_Denzerek\BLEControlledArm\BLE_ARM_Workspace\MainArmController.cydsn\CortexM4\ARM_GCC_541\Debug\MainArmController_link.elf .\CortexM4\ARM_GCC_541\Debug\startup_psoc63_cm4.o .\CortexM4\ARM_GCC_541\Debug\main_cm4.o .\CortexM4\ARM_GCC_541\Debug\system_psoc63_cm4.o .\CortexM4\ARM_GCC_541\Debug\uartTask.o .\CortexM4\ARM_GCC_541\Debug\pwmTask.o .\CortexM4\ARM_GCC_541\Debug\motorTask.o .\CortexM4\ARM_GCC_541\Debug\ezI2CTask.o .\CortexM4\ARM_GCC_541\Debug\capSenseTask.o .\CortexM4\ARM_GCC_541\Debug\cy_ipc_config.o .\CortexM4\ARM_GCC_541\Debug\stdio_user.o .\CortexM4\ARM_GCC_541\Debug\cyfitter_sysint_cfg.o .\CortexM4\ARM_GCC_541\Debug\cymetadata.o .\CortexM4\ARM_GCC_541\Debug\UART.o .\CortexM4\ARM_GCC_541\Debug\PWM_1.o .\CortexM4\ARM_GCC_541\Debug\PWM_RED.o .\CortexM4\ARM_GCC_541\Debug\EZI2C.o .\CortexM4\ARM_GCC_541\Debug\LEDBlink.o .\CortexM4\ARM_GCC_541\Debug\PWM_2.o .\CortexM4\ARM_GCC_541\Debug\cy_sysint.o .\CortexM4\ARM_GCC_541\Debug\cy_ipc_drv.o .\CortexM4\ARM_GCC_541\Debug\cy_ipc_sema.o .\CortexM4\ARM_GCC_541\Debug\cy_ipc_pipe.o .\CortexM4\ARM_GCC_541\Debug\cy_sysclk.o .\CortexM4\ARM_GCC_541\Debug\cy_wdt.o .\CortexM4\ARM_GCC_541\Debug\cy_tcpwm_counter.o .\CortexM4\ARM_GCC_541\Debug\cy_tcpwm_pwm.o .\CortexM4\ARM_GCC_541\Debug\cy_tcpwm_quaddec.o .\CortexM4\ARM_GCC_541\Debug\cy_scb_common.o .\CortexM4\ARM_GCC_541\Debug\cy_scb_i2c.o .\CortexM4\ARM_GCC_541\Debug\cy_scb_ezi2c.o .\CortexM4\ARM_GCC_541\Debug\cy_scb_spi.o .\CortexM4\ARM_GCC_541\Debug\cy_scb_uart.o .\CortexM4\ARM_GCC_541\Debug\cy_efuse.o .\CortexM4\ARM_GCC_541\Debug\cy_flash.o .\CortexM4\ARM_GCC_541\Debug\cy_gpio.o .\CortexM4\ARM_GCC_541\Debug\cy_sysanalog.o .\CortexM4\ARM_GCC_541\Debug\cy_syspm.o .\CortexM4\ARM_GCC_541\Debug\cy_syslib.o .\CortexM4\ARM_GCC_541\Debug\cy_syslib_gcc.o .\CortexM4\ARM_GCC_541\Debug\cy_trigmux.o .\CortexM4\ARM_GCC_541\Debug\cy_systick.o .\CortexM4\ARM_GCC_541\Debug\cy_profile.o .\CortexM4\ARM_GCC_541\Debug\cy_prot.o .\CortexM4\ARM_GCC_541\Debug\cy_lvd.o .\CortexM4\ARM_GCC_541\Debug\cy_ble_clk.o .\CortexM4\ARM_GCC_541\Debug\croutine.o .\CortexM4\ARM_GCC_541\Debug\event_groups.o .\CortexM4\ARM_GCC_541\Debug\list.o .\CortexM4\ARM_GCC_541\Debug\queue.o .\CortexM4\ARM_GCC_541\Debug\tasks.o .\CortexM4\ARM_GCC_541\Debug\timers.o .\CortexM4\ARM_GCC_541\Debug\port.o .\CortexM4\ARM_GCC_541\Debug\heap_1.o .\CortexM4\ARM_GCC_541\Debug\retarget.o .\CortexM4\ARM_GCC_541\Debug\CapSense_Control.o .\CortexM4\ARM_GCC_541\Debug\CapSense_Processing.o .\CortexM4\ARM_GCC_541\Debug\CapSense_Structure.o .\CortexM4\ARM_GCC_541\Debug\CapSense_Tuner.o .\CortexM4\ARM_GCC_541\Debug\CapSense_Filter.o .\CortexM4\ARM_GCC_541\Debug\CapSense_Sensing.o .\CortexM4\ARM_GCC_541\Debug\CapSense_INT.o .\CortexM4\ARM_GCC_541\Debug\CapSense_SensingCSD_LL.o .\CortexM4\ARM_GCC_541\Debug\CapSense_SensingCSX_LL.o .\CortexM4\ARM_GCC_541\Debug\CapSense_Centroid_LL.o .\CortexM4\ARM_GCC_541\Debug\CapSense_Gesture.o .\CortexM4\ARM_GCC_541\Debug\CapSense_TMG.o .\CortexM4\ARM_GCC_541\Debug\LEDBlink_1.o "C:\Program Files (x86)\Cypress\PSoC Creator\4.2\PSoC Creator\psoc\content\CyComponentLibrary\CyComponentLibrary.cylib\CapSense_TMG_v2_0\Library\Ballistic_GCC_M4.a" "C:\Program Files (x86)\Cypress\PSoC Creator\4.2\PSoC Creator\psoc\content\CyComponentLibrary\CyComponentLibrary.cylib\CapSense_TMG_v2_0\Library\Gestures_GCC_M4.a" "C:\Program Files (x86)\Cypress\PSoC Creator\4.2\PSoC Creator\psoc\content\CyComponentLibrary\CyComponentLibrary.cylib\CapSense_v2_0\Library\CapSense_Library_GCC_M4.a" -mcpu=cortex-m4 -mfloat-abi=softfp -mfpu=fpv4-sp-d16 -mthumb -L Generated_Source\PSoC6 -Wl,-Map,.\CortexM4\ARM_GCC_541\Debug/MainArmController.map -T cy8c6xx7_cm4_dual.ld -specs=nano.specs -Wl,--gc-sections -g -ffunction-sections -Og -ffat-lto-objects -Wl,--end-group
"C:\Program Files (x86)\Cypress\PDL\3.0.1\tools\win\elf\cymcuelftool.exe" --sign C:\Alen\GitHub_Denzerek\BLEControlledArm\BLE_ARM_Workspace\MainArmController.cydsn\CortexM4\ARM_GCC_541\Debug\MainArmController_link.elf --output C:\Alen\GitHub_Denzerek\BLEControlledArm\BLE_ARM_Workspace\MainArmController.cydsn\CortexM4\ARM_GCC_541\Debug\MainArmController_signed.elf --hex C:\Alen\GitHub_Denzerek\BLEControlledArm\BLE_ARM_Workspace\MainArmController.cydsn\CortexM4\ARM_GCC_541\Debug\MainArmController_signed.hex
No ELF section .cychecksum found, creating one
Application checksum calculated and stored in ELF section .cychecksum
Checksum calculated and stored in ELF section .cymeta
"C:\Program Files (x86)\Cypress\PDL\3.0.1\tools\win\elf\cymcuelftool.exe" --merge C:\Alen\GitHub_Denzerek\BLEControlledArm\BLE_ARM_Workspace\MainArmController.cydsn\CortexM4\ARM_GCC_541\Debug\MainArmController_signed.elf C:\Alen\GitHub_Denzerek\BLEControlledArm\BLE_ARM_Workspace\MainArmController.cydsn\CortexM0p\ARM_GCC_541\Debug\MainArmController.elf --output C:\Alen\GitHub_Denzerek\BLEControlledArm\BLE_ARM_Workspace\MainArmController.cydsn\CortexM4\ARM_GCC_541\Debug\MainArmController.elf --hex C:\Alen\GitHub_Denzerek\BLEControlledArm\BLE_ARM_Workspace\MainArmController.cydsn\CortexM4\ARM_GCC_541\Debug\MainArmController.hex
Application checksum calculated and stored in ELF section .cychecksum
Checksum calculated and stored in ELF section .cymeta
"C:\Program Files (x86)\Cypress\PDL\3.0.1\tools\win\elf\cymcuelftool.exe" -A C:\Alen\GitHub_Denzerek\BLEControlledArm\BLE_ARM_Workspace\MainArmController.cydsn\CortexM4\ARM_GCC_541\Debug\MainArmController.elf
code:55656	sram:52560
--------------- Build Succeeded: 10/14/2021 17:37:53 ---------------
