ARM GAS  C:\Users\Austina\AppData\Local\Temp\ccCfEnW1.s 			page 1


   1              		.syntax unified
   2              		.cpu cortex-m0plus
   3              		.fpu softvfp
   4              		.eabi_attribute 20, 1
   5              		.eabi_attribute 21, 1
   6              		.eabi_attribute 23, 3
   7              		.eabi_attribute 24, 1
   8              		.eabi_attribute 25, 1
   9              		.eabi_attribute 26, 1
  10              		.eabi_attribute 30, 1
  11              		.eabi_attribute 34, 0
  12              		.eabi_attribute 18, 4
  13              		.thumb
  14              		.syntax unified
  15              		.file	"main_cm0p.c"
  16              		.text
  17              	.Ltext0:
  18              		.cfi_sections	.debug_frame
  19              		.section	.text.main,"ax",%progbits
  20              		.align	2
  21              		.global	main
  22              		.code	16
  23              		.thumb_func
  24              		.type	main, %function
  25              	main:
  26              	.LFB587:
  27              		.file 1 "main_cm0p.c"
   1:main_cm0p.c   **** /* ========================================
   2:main_cm0p.c   ****  *
   3:main_cm0p.c   ****  * Copyright YOUR COMPANY, THE YEAR
   4:main_cm0p.c   ****  * All Rights Reserved
   5:main_cm0p.c   ****  * UNPUBLISHED, LICENSED SOFTWARE.
   6:main_cm0p.c   ****  *
   7:main_cm0p.c   ****  * CONFIDENTIAL AND PROPRIETARY INFORMATION
   8:main_cm0p.c   ****  * WHICH IS THE PROPERTY OF your company.
   9:main_cm0p.c   ****  *
  10:main_cm0p.c   ****  * ========================================
  11:main_cm0p.c   **** */
  12:main_cm0p.c   **** #include "project.h"
  13:main_cm0p.c   **** 
  14:main_cm0p.c   **** int main(void)
  15:main_cm0p.c   **** {
  28              		.loc 1 15 0
  29              		.cfi_startproc
  30              		@ Volatile: function does not return.
  31              		@ args = 0, pretend = 0, frame = 0
  32              		@ frame_needed = 0, uses_anonymous_args = 0
  33 0000 10B5     		push	{r4, lr}
  34              		.cfi_def_cfa_offset 8
  35              		.cfi_offset 4, -8
  36              		.cfi_offset 14, -4
  37              	.LBB4:
  38              	.LBB5:
  39              		.file 2 "Generated_Source\\PSoC6\\pdl\\cmsis/include/cmsis_gcc.h"
   1:Generated_Source\PSoC6\pdl\cmsis/include/cmsis_gcc.h **** /**************************************************************************//**
   2:Generated_Source\PSoC6\pdl\cmsis/include/cmsis_gcc.h ****  * @file     cmsis_gcc.h
   3:Generated_Source\PSoC6\pdl\cmsis/include/cmsis_gcc.h ****  * @brief    CMSIS compiler GCC header file
ARM GAS  C:\Users\Austina\AppData\Local\Temp\ccCfEnW1.s 			page 2


   4:Generated_Source\PSoC6\pdl\cmsis/include/cmsis_gcc.h ****  * @version  V5.0.3
   5:Generated_Source\PSoC6\pdl\cmsis/include/cmsis_gcc.h ****  * @date     16. January 2018
   6:Generated_Source\PSoC6\pdl\cmsis/include/cmsis_gcc.h ****  ******************************************************************************/
   7:Generated_Source\PSoC6\pdl\cmsis/include/cmsis_gcc.h **** /*
   8:Generated_Source\PSoC6\pdl\cmsis/include/cmsis_gcc.h ****  * Copyright (c) 2009-2017 ARM Limited. All rights reserved.
   9:Generated_Source\PSoC6\pdl\cmsis/include/cmsis_gcc.h ****  *
  10:Generated_Source\PSoC6\pdl\cmsis/include/cmsis_gcc.h ****  * SPDX-License-Identifier: Apache-2.0
  11:Generated_Source\PSoC6\pdl\cmsis/include/cmsis_gcc.h ****  *
  12:Generated_Source\PSoC6\pdl\cmsis/include/cmsis_gcc.h ****  * Licensed under the Apache License, Version 2.0 (the License); you may
  13:Generated_Source\PSoC6\pdl\cmsis/include/cmsis_gcc.h ****  * not use this file except in compliance with the License.
  14:Generated_Source\PSoC6\pdl\cmsis/include/cmsis_gcc.h ****  * You may obtain a copy of the License at
  15:Generated_Source\PSoC6\pdl\cmsis/include/cmsis_gcc.h ****  *
  16:Generated_Source\PSoC6\pdl\cmsis/include/cmsis_gcc.h ****  * www.apache.org/licenses/LICENSE-2.0
  17:Generated_Source\PSoC6\pdl\cmsis/include/cmsis_gcc.h ****  *
  18:Generated_Source\PSoC6\pdl\cmsis/include/cmsis_gcc.h ****  * Unless required by applicable law or agreed to in writing, software
  19:Generated_Source\PSoC6\pdl\cmsis/include/cmsis_gcc.h ****  * distributed under the License is distributed on an AS IS BASIS, WITHOUT
  20:Generated_Source\PSoC6\pdl\cmsis/include/cmsis_gcc.h ****  * WARRANTIES OR CONDITIONS OF ANY KIND, either express or implied.
  21:Generated_Source\PSoC6\pdl\cmsis/include/cmsis_gcc.h ****  * See the License for the specific language governing permissions and
  22:Generated_Source\PSoC6\pdl\cmsis/include/cmsis_gcc.h ****  * limitations under the License.
  23:Generated_Source\PSoC6\pdl\cmsis/include/cmsis_gcc.h ****  */
  24:Generated_Source\PSoC6\pdl\cmsis/include/cmsis_gcc.h **** 
  25:Generated_Source\PSoC6\pdl\cmsis/include/cmsis_gcc.h **** #ifndef __CMSIS_GCC_H
  26:Generated_Source\PSoC6\pdl\cmsis/include/cmsis_gcc.h **** #define __CMSIS_GCC_H
  27:Generated_Source\PSoC6\pdl\cmsis/include/cmsis_gcc.h **** 
  28:Generated_Source\PSoC6\pdl\cmsis/include/cmsis_gcc.h **** /* ignore some GCC warnings */
  29:Generated_Source\PSoC6\pdl\cmsis/include/cmsis_gcc.h **** #pragma GCC diagnostic push
  30:Generated_Source\PSoC6\pdl\cmsis/include/cmsis_gcc.h **** #pragma GCC diagnostic ignored "-Wsign-conversion"
  31:Generated_Source\PSoC6\pdl\cmsis/include/cmsis_gcc.h **** #pragma GCC diagnostic ignored "-Wconversion"
  32:Generated_Source\PSoC6\pdl\cmsis/include/cmsis_gcc.h **** #pragma GCC diagnostic ignored "-Wunused-parameter"
  33:Generated_Source\PSoC6\pdl\cmsis/include/cmsis_gcc.h **** 
  34:Generated_Source\PSoC6\pdl\cmsis/include/cmsis_gcc.h **** /* Fallback for __has_builtin */
  35:Generated_Source\PSoC6\pdl\cmsis/include/cmsis_gcc.h **** #ifndef __has_builtin
  36:Generated_Source\PSoC6\pdl\cmsis/include/cmsis_gcc.h ****   #define __has_builtin(x) (0)
  37:Generated_Source\PSoC6\pdl\cmsis/include/cmsis_gcc.h **** #endif
  38:Generated_Source\PSoC6\pdl\cmsis/include/cmsis_gcc.h **** 
  39:Generated_Source\PSoC6\pdl\cmsis/include/cmsis_gcc.h **** /* CMSIS compiler specific defines */
  40:Generated_Source\PSoC6\pdl\cmsis/include/cmsis_gcc.h **** #ifndef   __ASM
  41:Generated_Source\PSoC6\pdl\cmsis/include/cmsis_gcc.h ****   #define __ASM                                  __asm
  42:Generated_Source\PSoC6\pdl\cmsis/include/cmsis_gcc.h **** #endif
  43:Generated_Source\PSoC6\pdl\cmsis/include/cmsis_gcc.h **** #ifndef   __INLINE
  44:Generated_Source\PSoC6\pdl\cmsis/include/cmsis_gcc.h ****   #define __INLINE                               inline
  45:Generated_Source\PSoC6\pdl\cmsis/include/cmsis_gcc.h **** #endif
  46:Generated_Source\PSoC6\pdl\cmsis/include/cmsis_gcc.h **** #ifndef   __STATIC_INLINE
  47:Generated_Source\PSoC6\pdl\cmsis/include/cmsis_gcc.h ****   #define __STATIC_INLINE                        static inline
  48:Generated_Source\PSoC6\pdl\cmsis/include/cmsis_gcc.h **** #endif
  49:Generated_Source\PSoC6\pdl\cmsis/include/cmsis_gcc.h **** #ifndef   __STATIC_FORCEINLINE                 
  50:Generated_Source\PSoC6\pdl\cmsis/include/cmsis_gcc.h ****   #define __STATIC_FORCEINLINE                   __attribute__((always_inline)) static inline
  51:Generated_Source\PSoC6\pdl\cmsis/include/cmsis_gcc.h **** #endif                                           
  52:Generated_Source\PSoC6\pdl\cmsis/include/cmsis_gcc.h **** #ifndef   __NO_RETURN
  53:Generated_Source\PSoC6\pdl\cmsis/include/cmsis_gcc.h ****   #define __NO_RETURN                            __attribute__((__noreturn__))
  54:Generated_Source\PSoC6\pdl\cmsis/include/cmsis_gcc.h **** #endif
  55:Generated_Source\PSoC6\pdl\cmsis/include/cmsis_gcc.h **** #ifndef   __USED
  56:Generated_Source\PSoC6\pdl\cmsis/include/cmsis_gcc.h ****   #define __USED                                 __attribute__((used))
  57:Generated_Source\PSoC6\pdl\cmsis/include/cmsis_gcc.h **** #endif
  58:Generated_Source\PSoC6\pdl\cmsis/include/cmsis_gcc.h **** #ifndef   __WEAK
  59:Generated_Source\PSoC6\pdl\cmsis/include/cmsis_gcc.h ****   #define __WEAK                                 __attribute__((weak))
  60:Generated_Source\PSoC6\pdl\cmsis/include/cmsis_gcc.h **** #endif
ARM GAS  C:\Users\Austina\AppData\Local\Temp\ccCfEnW1.s 			page 3


  61:Generated_Source\PSoC6\pdl\cmsis/include/cmsis_gcc.h **** #ifndef   __PACKED
  62:Generated_Source\PSoC6\pdl\cmsis/include/cmsis_gcc.h ****   #define __PACKED                               __attribute__((packed, aligned(1)))
  63:Generated_Source\PSoC6\pdl\cmsis/include/cmsis_gcc.h **** #endif
  64:Generated_Source\PSoC6\pdl\cmsis/include/cmsis_gcc.h **** #ifndef   __PACKED_STRUCT
  65:Generated_Source\PSoC6\pdl\cmsis/include/cmsis_gcc.h ****   #define __PACKED_STRUCT                        struct __attribute__((packed, aligned(1)))
  66:Generated_Source\PSoC6\pdl\cmsis/include/cmsis_gcc.h **** #endif
  67:Generated_Source\PSoC6\pdl\cmsis/include/cmsis_gcc.h **** #ifndef   __PACKED_UNION
  68:Generated_Source\PSoC6\pdl\cmsis/include/cmsis_gcc.h ****   #define __PACKED_UNION                         union __attribute__((packed, aligned(1)))
  69:Generated_Source\PSoC6\pdl\cmsis/include/cmsis_gcc.h **** #endif
  70:Generated_Source\PSoC6\pdl\cmsis/include/cmsis_gcc.h **** #ifndef   __UNALIGNED_UINT32        /* deprecated */
  71:Generated_Source\PSoC6\pdl\cmsis/include/cmsis_gcc.h ****   #pragma GCC diagnostic push
  72:Generated_Source\PSoC6\pdl\cmsis/include/cmsis_gcc.h ****   #pragma GCC diagnostic ignored "-Wpacked"
  73:Generated_Source\PSoC6\pdl\cmsis/include/cmsis_gcc.h ****   #pragma GCC diagnostic ignored "-Wattributes"
  74:Generated_Source\PSoC6\pdl\cmsis/include/cmsis_gcc.h ****   struct __attribute__((packed)) T_UINT32 { uint32_t v; };
  75:Generated_Source\PSoC6\pdl\cmsis/include/cmsis_gcc.h ****   #pragma GCC diagnostic pop
  76:Generated_Source\PSoC6\pdl\cmsis/include/cmsis_gcc.h ****   #define __UNALIGNED_UINT32(x)                  (((struct T_UINT32 *)(x))->v)
  77:Generated_Source\PSoC6\pdl\cmsis/include/cmsis_gcc.h **** #endif
  78:Generated_Source\PSoC6\pdl\cmsis/include/cmsis_gcc.h **** #ifndef   __UNALIGNED_UINT16_WRITE
  79:Generated_Source\PSoC6\pdl\cmsis/include/cmsis_gcc.h ****   #pragma GCC diagnostic push
  80:Generated_Source\PSoC6\pdl\cmsis/include/cmsis_gcc.h ****   #pragma GCC diagnostic ignored "-Wpacked"
  81:Generated_Source\PSoC6\pdl\cmsis/include/cmsis_gcc.h ****   #pragma GCC diagnostic ignored "-Wattributes"
  82:Generated_Source\PSoC6\pdl\cmsis/include/cmsis_gcc.h ****   __PACKED_STRUCT T_UINT16_WRITE { uint16_t v; };
  83:Generated_Source\PSoC6\pdl\cmsis/include/cmsis_gcc.h ****   #pragma GCC diagnostic pop
  84:Generated_Source\PSoC6\pdl\cmsis/include/cmsis_gcc.h ****   #define __UNALIGNED_UINT16_WRITE(addr, val)    (void)((((struct T_UINT16_WRITE *)(void *)(addr))-
  85:Generated_Source\PSoC6\pdl\cmsis/include/cmsis_gcc.h **** #endif
  86:Generated_Source\PSoC6\pdl\cmsis/include/cmsis_gcc.h **** #ifndef   __UNALIGNED_UINT16_READ
  87:Generated_Source\PSoC6\pdl\cmsis/include/cmsis_gcc.h ****   #pragma GCC diagnostic push
  88:Generated_Source\PSoC6\pdl\cmsis/include/cmsis_gcc.h ****   #pragma GCC diagnostic ignored "-Wpacked"
  89:Generated_Source\PSoC6\pdl\cmsis/include/cmsis_gcc.h ****   #pragma GCC diagnostic ignored "-Wattributes"
  90:Generated_Source\PSoC6\pdl\cmsis/include/cmsis_gcc.h ****   __PACKED_STRUCT T_UINT16_READ { uint16_t v; };
  91:Generated_Source\PSoC6\pdl\cmsis/include/cmsis_gcc.h ****   #pragma GCC diagnostic pop
  92:Generated_Source\PSoC6\pdl\cmsis/include/cmsis_gcc.h ****   #define __UNALIGNED_UINT16_READ(addr)          (((const struct T_UINT16_READ *)(const void *)(add
  93:Generated_Source\PSoC6\pdl\cmsis/include/cmsis_gcc.h **** #endif
  94:Generated_Source\PSoC6\pdl\cmsis/include/cmsis_gcc.h **** #ifndef   __UNALIGNED_UINT32_WRITE
  95:Generated_Source\PSoC6\pdl\cmsis/include/cmsis_gcc.h ****   #pragma GCC diagnostic push
  96:Generated_Source\PSoC6\pdl\cmsis/include/cmsis_gcc.h ****   #pragma GCC diagnostic ignored "-Wpacked"
  97:Generated_Source\PSoC6\pdl\cmsis/include/cmsis_gcc.h ****   #pragma GCC diagnostic ignored "-Wattributes"
  98:Generated_Source\PSoC6\pdl\cmsis/include/cmsis_gcc.h ****   __PACKED_STRUCT T_UINT32_WRITE { uint32_t v; };
  99:Generated_Source\PSoC6\pdl\cmsis/include/cmsis_gcc.h ****   #pragma GCC diagnostic pop
 100:Generated_Source\PSoC6\pdl\cmsis/include/cmsis_gcc.h ****   #define __UNALIGNED_UINT32_WRITE(addr, val)    (void)((((struct T_UINT32_WRITE *)(void *)(addr))-
 101:Generated_Source\PSoC6\pdl\cmsis/include/cmsis_gcc.h **** #endif
 102:Generated_Source\PSoC6\pdl\cmsis/include/cmsis_gcc.h **** #ifndef   __UNALIGNED_UINT32_READ
 103:Generated_Source\PSoC6\pdl\cmsis/include/cmsis_gcc.h ****   #pragma GCC diagnostic push
 104:Generated_Source\PSoC6\pdl\cmsis/include/cmsis_gcc.h ****   #pragma GCC diagnostic ignored "-Wpacked"
 105:Generated_Source\PSoC6\pdl\cmsis/include/cmsis_gcc.h ****   #pragma GCC diagnostic ignored "-Wattributes"
 106:Generated_Source\PSoC6\pdl\cmsis/include/cmsis_gcc.h ****   __PACKED_STRUCT T_UINT32_READ { uint32_t v; };
 107:Generated_Source\PSoC6\pdl\cmsis/include/cmsis_gcc.h ****   #pragma GCC diagnostic pop
 108:Generated_Source\PSoC6\pdl\cmsis/include/cmsis_gcc.h ****   #define __UNALIGNED_UINT32_READ(addr)          (((const struct T_UINT32_READ *)(const void *)(add
 109:Generated_Source\PSoC6\pdl\cmsis/include/cmsis_gcc.h **** #endif
 110:Generated_Source\PSoC6\pdl\cmsis/include/cmsis_gcc.h **** #ifndef   __ALIGNED
 111:Generated_Source\PSoC6\pdl\cmsis/include/cmsis_gcc.h ****   #define __ALIGNED(x)                           __attribute__((aligned(x)))
 112:Generated_Source\PSoC6\pdl\cmsis/include/cmsis_gcc.h **** #endif
 113:Generated_Source\PSoC6\pdl\cmsis/include/cmsis_gcc.h **** #ifndef   __RESTRICT
 114:Generated_Source\PSoC6\pdl\cmsis/include/cmsis_gcc.h ****   #define __RESTRICT                             __restrict
 115:Generated_Source\PSoC6\pdl\cmsis/include/cmsis_gcc.h **** #endif
 116:Generated_Source\PSoC6\pdl\cmsis/include/cmsis_gcc.h **** 
 117:Generated_Source\PSoC6\pdl\cmsis/include/cmsis_gcc.h **** 
ARM GAS  C:\Users\Austina\AppData\Local\Temp\ccCfEnW1.s 			page 4


 118:Generated_Source\PSoC6\pdl\cmsis/include/cmsis_gcc.h **** /* ###########################  Core Function Access  ########################### */
 119:Generated_Source\PSoC6\pdl\cmsis/include/cmsis_gcc.h **** /** \ingroup  CMSIS_Core_FunctionInterface
 120:Generated_Source\PSoC6\pdl\cmsis/include/cmsis_gcc.h ****     \defgroup CMSIS_Core_RegAccFunctions CMSIS Core Register Access Functions
 121:Generated_Source\PSoC6\pdl\cmsis/include/cmsis_gcc.h ****   @{
 122:Generated_Source\PSoC6\pdl\cmsis/include/cmsis_gcc.h ****  */
 123:Generated_Source\PSoC6\pdl\cmsis/include/cmsis_gcc.h **** 
 124:Generated_Source\PSoC6\pdl\cmsis/include/cmsis_gcc.h **** /**
 125:Generated_Source\PSoC6\pdl\cmsis/include/cmsis_gcc.h ****   \brief   Enable IRQ Interrupts
 126:Generated_Source\PSoC6\pdl\cmsis/include/cmsis_gcc.h ****   \details Enables IRQ interrupts by clearing the I-bit in the CPSR.
 127:Generated_Source\PSoC6\pdl\cmsis/include/cmsis_gcc.h ****            Can only be executed in Privileged modes.
 128:Generated_Source\PSoC6\pdl\cmsis/include/cmsis_gcc.h ****  */
 129:Generated_Source\PSoC6\pdl\cmsis/include/cmsis_gcc.h **** __STATIC_FORCEINLINE void __enable_irq(void)
 130:Generated_Source\PSoC6\pdl\cmsis/include/cmsis_gcc.h **** {
 131:Generated_Source\PSoC6\pdl\cmsis/include/cmsis_gcc.h ****   __ASM volatile ("cpsie i" : : : "memory");
  40              		.loc 2 131 0
  41              		.syntax divided
  42              	@ 131 "Generated_Source\PSoC6\pdl\cmsis/include/cmsis_gcc.h" 1
  43 0002 62B6     		cpsie i
  44              	@ 0 "" 2
  45              		.thumb
  46              		.syntax unified
  47              	.LBE5:
  48              	.LBE4:
  16:main_cm0p.c   ****     __enable_irq(); /* Enable global interrupts. */
  17:main_cm0p.c   ****     /* Enable CM4.  CY_CORTEX_M4_APPL_ADDR must be updated if CM4 memory layout is changed. */
  18:main_cm0p.c   ****     Cy_SysEnableCM4(CY_CORTEX_M4_APPL_ADDR); 
  49              		.loc 1 18 0
  50 0004 0148     		ldr	r0, .L3
  51 0006 FFF7FEFF 		bl	Cy_SysEnableCM4
  52              	.LVL0:
  53              	.L2:
  54 000a FEE7     		b	.L2
  55              	.L4:
  56              		.align	2
  57              	.L3:
  58 000c 00000810 		.word	268959744
  59              		.cfi_endproc
  60              	.LFE587:
  61              		.size	main, .-main
  62              		.text
  63              	.Letext0:
  64              		.file 3 "c:\\program files (x86)\\cypress\\psoc creator\\4.4\\psoc creator\\import\\gnu\\arm\\5.4.
  65              		.file 4 "c:\\program files (x86)\\cypress\\psoc creator\\4.4\\psoc creator\\import\\gnu\\arm\\5.4.
  66              		.file 5 "Generated_Source\\PSoC6\\pdl\\drivers/peripheral/device/cy_device.h"
  67              		.file 6 "Generated_Source\\PSoC6\\pdl\\drivers/peripheral/scb/cy_scb_uart.h"
  68              		.file 7 "Generated_Source\\PSoC6\\pdl\\drivers/peripheral/tcpwm/cy_tcpwm_pwm.h"
  69              		.file 8 "Generated_Source\\PSoC6/UART.h"
  70              		.file 9 "Generated_Source\\PSoC6/PWM_1.h"
  71              		.file 10 "Generated_Source\\PSoC6/PWM_RED.h"
  72              		.file 11 "Generated_Source\\PSoC6/LEDBlink.h"
  73              		.file 12 "Generated_Source\\PSoC6/PWM_2.h"
  74              		.file 13 "Generated_Source\\PSoC6/Dimmer.h"
  75              		.file 14 "./system_psoc6.h"
  76              		.section	.debug_info,"",%progbits
  77              	.Ldebug_info0:
  78 0000 EB070000 		.4byte	0x7eb
  79 0004 0400     		.2byte	0x4
ARM GAS  C:\Users\Austina\AppData\Local\Temp\ccCfEnW1.s 			page 5


  80 0006 00000000 		.4byte	.Ldebug_abbrev0
  81 000a 04       		.byte	0x4
  82 000b 01       		.uleb128 0x1
  83 000c 29070000 		.4byte	.LASF161
  84 0010 0C       		.byte	0xc
  85 0011 8C000000 		.4byte	.LASF162
  86 0015 B3000000 		.4byte	.LASF163
  87 0019 00000000 		.4byte	.Ldebug_ranges0+0
  88 001d 00000000 		.4byte	0
  89 0021 00000000 		.4byte	.Ldebug_line0
  90 0025 02       		.uleb128 0x2
  91 0026 02       		.byte	0x2
  92 0027 05       		.byte	0x5
  93 0028 88060000 		.4byte	.LASF0
  94 002c 02       		.uleb128 0x2
  95 002d 01       		.byte	0x1
  96 002e 08       		.byte	0x8
  97 002f 66060000 		.4byte	.LASF1
  98 0033 02       		.uleb128 0x2
  99 0034 01       		.byte	0x1
 100 0035 06       		.byte	0x6
 101 0036 FA010000 		.4byte	.LASF2
 102 003a 03       		.uleb128 0x3
 103 003b 1F070000 		.4byte	.LASF3
 104 003f 03       		.byte	0x3
 105 0040 1D       		.byte	0x1d
 106 0041 2C000000 		.4byte	0x2c
 107 0045 03       		.uleb128 0x3
 108 0046 47030000 		.4byte	.LASF4
 109 004a 03       		.byte	0x3
 110 004b 29       		.byte	0x29
 111 004c 25000000 		.4byte	0x25
 112 0050 03       		.uleb128 0x3
 113 0051 FA070000 		.4byte	.LASF5
 114 0055 03       		.byte	0x3
 115 0056 2B       		.byte	0x2b
 116 0057 5B000000 		.4byte	0x5b
 117 005b 02       		.uleb128 0x2
 118 005c 02       		.byte	0x2
 119 005d 07       		.byte	0x7
 120 005e 51080000 		.4byte	.LASF6
 121 0062 02       		.uleb128 0x2
 122 0063 04       		.byte	0x4
 123 0064 05       		.byte	0x5
 124 0065 86020000 		.4byte	.LASF7
 125 0069 03       		.uleb128 0x3
 126 006a 2C030000 		.4byte	.LASF8
 127 006e 03       		.byte	0x3
 128 006f 41       		.byte	0x41
 129 0070 74000000 		.4byte	0x74
 130 0074 02       		.uleb128 0x2
 131 0075 04       		.byte	0x4
 132 0076 07       		.byte	0x7
 133 0077 E6030000 		.4byte	.LASF9
 134 007b 02       		.uleb128 0x2
 135 007c 08       		.byte	0x8
 136 007d 05       		.byte	0x5
ARM GAS  C:\Users\Austina\AppData\Local\Temp\ccCfEnW1.s 			page 6


 137 007e EC010000 		.4byte	.LASF10
 138 0082 02       		.uleb128 0x2
 139 0083 08       		.byte	0x8
 140 0084 07       		.byte	0x7
 141 0085 52010000 		.4byte	.LASF11
 142 0089 04       		.uleb128 0x4
 143 008a 04       		.byte	0x4
 144 008b 05       		.byte	0x5
 145 008c 696E7400 		.ascii	"int\000"
 146 0090 02       		.uleb128 0x2
 147 0091 04       		.byte	0x4
 148 0092 07       		.byte	0x7
 149 0093 AA030000 		.4byte	.LASF12
 150 0097 03       		.uleb128 0x3
 151 0098 33090000 		.4byte	.LASF13
 152 009c 04       		.byte	0x4
 153 009d 18       		.byte	0x18
 154 009e 3A000000 		.4byte	0x3a
 155 00a2 03       		.uleb128 0x3
 156 00a3 E4010000 		.4byte	.LASF14
 157 00a7 04       		.byte	0x4
 158 00a8 20       		.byte	0x20
 159 00a9 45000000 		.4byte	0x45
 160 00ad 03       		.uleb128 0x3
 161 00ae B7030000 		.4byte	.LASF15
 162 00b2 04       		.byte	0x4
 163 00b3 24       		.byte	0x24
 164 00b4 50000000 		.4byte	0x50
 165 00b8 03       		.uleb128 0x3
 166 00b9 01070000 		.4byte	.LASF16
 167 00bd 04       		.byte	0x4
 168 00be 30       		.byte	0x30
 169 00bf 69000000 		.4byte	0x69
 170 00c3 02       		.uleb128 0x2
 171 00c4 04       		.byte	0x4
 172 00c5 07       		.byte	0x7
 173 00c6 53050000 		.4byte	.LASF17
 174 00ca 05       		.uleb128 0x5
 175 00cb B8000000 		.4byte	0xb8
 176 00cf 02       		.uleb128 0x2
 177 00d0 08       		.byte	0x8
 178 00d1 04       		.byte	0x4
 179 00d2 C4070000 		.4byte	.LASF18
 180 00d6 06       		.uleb128 0x6
 181 00d7 B8       		.byte	0xb8
 182 00d8 05       		.byte	0x5
 183 00d9 34       		.byte	0x34
 184 00da E7040000 		.4byte	0x4e7
 185 00de 07       		.uleb128 0x7
 186 00df 39010000 		.4byte	.LASF19
 187 00e3 05       		.byte	0x5
 188 00e4 37       		.byte	0x37
 189 00e5 B8000000 		.4byte	0xb8
 190 00e9 00       		.byte	0
 191 00ea 07       		.uleb128 0x7
 192 00eb 21030000 		.4byte	.LASF20
 193 00ef 05       		.byte	0x5
ARM GAS  C:\Users\Austina\AppData\Local\Temp\ccCfEnW1.s 			page 7


 194 00f0 38       		.byte	0x38
 195 00f1 B8000000 		.4byte	0xb8
 196 00f5 04       		.byte	0x4
 197 00f6 07       		.uleb128 0x7
 198 00f7 AA020000 		.4byte	.LASF21
 199 00fb 05       		.byte	0x5
 200 00fc 39       		.byte	0x39
 201 00fd B8000000 		.4byte	0xb8
 202 0101 08       		.byte	0x8
 203 0102 07       		.uleb128 0x7
 204 0103 58060000 		.4byte	.LASF22
 205 0107 05       		.byte	0x5
 206 0108 3A       		.byte	0x3a
 207 0109 B8000000 		.4byte	0xb8
 208 010d 0C       		.byte	0xc
 209 010e 07       		.uleb128 0x7
 210 010f 2C020000 		.4byte	.LASF23
 211 0113 05       		.byte	0x5
 212 0114 3B       		.byte	0x3b
 213 0115 B8000000 		.4byte	0xb8
 214 0119 10       		.byte	0x10
 215 011a 07       		.uleb128 0x7
 216 011b 64020000 		.4byte	.LASF24
 217 011f 05       		.byte	0x5
 218 0120 3C       		.byte	0x3c
 219 0121 B8000000 		.4byte	0xb8
 220 0125 14       		.byte	0x14
 221 0126 07       		.uleb128 0x7
 222 0127 41040000 		.4byte	.LASF25
 223 012b 05       		.byte	0x5
 224 012c 3D       		.byte	0x3d
 225 012d B8000000 		.4byte	0xb8
 226 0131 18       		.byte	0x18
 227 0132 07       		.uleb128 0x7
 228 0133 83000000 		.4byte	.LASF26
 229 0137 05       		.byte	0x5
 230 0138 3E       		.byte	0x3e
 231 0139 B8000000 		.4byte	0xb8
 232 013d 1C       		.byte	0x1c
 233 013e 07       		.uleb128 0x7
 234 013f D9090000 		.4byte	.LASF27
 235 0143 05       		.byte	0x5
 236 0144 3F       		.byte	0x3f
 237 0145 B8000000 		.4byte	0xb8
 238 0149 20       		.byte	0x20
 239 014a 07       		.uleb128 0x7
 240 014b D0050000 		.4byte	.LASF28
 241 014f 05       		.byte	0x5
 242 0150 40       		.byte	0x40
 243 0151 B8000000 		.4byte	0xb8
 244 0155 24       		.byte	0x24
 245 0156 07       		.uleb128 0x7
 246 0157 25050000 		.4byte	.LASF29
 247 015b 05       		.byte	0x5
 248 015c 43       		.byte	0x43
 249 015d 97000000 		.4byte	0x97
 250 0161 28       		.byte	0x28
ARM GAS  C:\Users\Austina\AppData\Local\Temp\ccCfEnW1.s 			page 8


 251 0162 07       		.uleb128 0x7
 252 0163 69000000 		.4byte	.LASF30
 253 0167 05       		.byte	0x5
 254 0168 44       		.byte	0x44
 255 0169 97000000 		.4byte	0x97
 256 016d 29       		.byte	0x29
 257 016e 07       		.uleb128 0x7
 258 016f CF090000 		.4byte	.LASF31
 259 0173 05       		.byte	0x5
 260 0174 45       		.byte	0x45
 261 0175 97000000 		.4byte	0x97
 262 0179 2A       		.byte	0x2a
 263 017a 07       		.uleb128 0x7
 264 017b C2050000 		.4byte	.LASF32
 265 017f 05       		.byte	0x5
 266 0180 46       		.byte	0x46
 267 0181 97000000 		.4byte	0x97
 268 0185 2B       		.byte	0x2b
 269 0186 07       		.uleb128 0x7
 270 0187 BE040000 		.4byte	.LASF33
 271 018b 05       		.byte	0x5
 272 018c 47       		.byte	0x47
 273 018d 97000000 		.4byte	0x97
 274 0191 2C       		.byte	0x2c
 275 0192 07       		.uleb128 0x7
 276 0193 18080000 		.4byte	.LASF34
 277 0197 05       		.byte	0x5
 278 0198 48       		.byte	0x48
 279 0199 97000000 		.4byte	0x97
 280 019d 2D       		.byte	0x2d
 281 019e 07       		.uleb128 0x7
 282 019f 35020000 		.4byte	.LASF35
 283 01a3 05       		.byte	0x5
 284 01a4 49       		.byte	0x49
 285 01a5 97000000 		.4byte	0x97
 286 01a9 2E       		.byte	0x2e
 287 01aa 07       		.uleb128 0x7
 288 01ab 32050000 		.4byte	.LASF36
 289 01af 05       		.byte	0x5
 290 01b0 4A       		.byte	0x4a
 291 01b1 97000000 		.4byte	0x97
 292 01b5 2F       		.byte	0x2f
 293 01b6 07       		.uleb128 0x7
 294 01b7 E0070000 		.4byte	.LASF37
 295 01bb 05       		.byte	0x5
 296 01bc 4B       		.byte	0x4b
 297 01bd 97000000 		.4byte	0x97
 298 01c1 30       		.byte	0x30
 299 01c2 07       		.uleb128 0x7
 300 01c3 36040000 		.4byte	.LASF38
 301 01c7 05       		.byte	0x5
 302 01c8 4E       		.byte	0x4e
 303 01c9 97000000 		.4byte	0x97
 304 01cd 31       		.byte	0x31
 305 01ce 07       		.uleb128 0x7
 306 01cf A5000000 		.4byte	.LASF39
 307 01d3 05       		.byte	0x5
ARM GAS  C:\Users\Austina\AppData\Local\Temp\ccCfEnW1.s 			page 9


 308 01d4 4F       		.byte	0x4f
 309 01d5 97000000 		.4byte	0x97
 310 01d9 32       		.byte	0x32
 311 01da 07       		.uleb128 0x7
 312 01db 9E030000 		.4byte	.LASF40
 313 01df 05       		.byte	0x5
 314 01e0 50       		.byte	0x50
 315 01e1 97000000 		.4byte	0x97
 316 01e5 33       		.byte	0x33
 317 01e6 07       		.uleb128 0x7
 318 01e7 67050000 		.4byte	.LASF41
 319 01eb 05       		.byte	0x5
 320 01ec 51       		.byte	0x51
 321 01ed 97000000 		.4byte	0x97
 322 01f1 34       		.byte	0x34
 323 01f2 07       		.uleb128 0x7
 324 01f3 8A080000 		.4byte	.LASF42
 325 01f7 05       		.byte	0x5
 326 01f8 52       		.byte	0x52
 327 01f9 A2000000 		.4byte	0xa2
 328 01fd 36       		.byte	0x36
 329 01fe 07       		.uleb128 0x7
 330 01ff C4020000 		.4byte	.LASF43
 331 0203 05       		.byte	0x5
 332 0204 53       		.byte	0x53
 333 0205 A2000000 		.4byte	0xa2
 334 0209 38       		.byte	0x38
 335 020a 07       		.uleb128 0x7
 336 020b 00090000 		.4byte	.LASF44
 337 020f 05       		.byte	0x5
 338 0210 54       		.byte	0x54
 339 0211 A2000000 		.4byte	0xa2
 340 0215 3A       		.byte	0x3a
 341 0216 07       		.uleb128 0x7
 342 0217 55020000 		.4byte	.LASF45
 343 021b 05       		.byte	0x5
 344 021c 55       		.byte	0x55
 345 021d 97000000 		.4byte	0x97
 346 0221 3C       		.byte	0x3c
 347 0222 07       		.uleb128 0x7
 348 0223 EB020000 		.4byte	.LASF46
 349 0227 05       		.byte	0x5
 350 0228 56       		.byte	0x56
 351 0229 97000000 		.4byte	0x97
 352 022d 3D       		.byte	0x3d
 353 022e 07       		.uleb128 0x7
 354 022f E3060000 		.4byte	.LASF47
 355 0233 05       		.byte	0x5
 356 0234 57       		.byte	0x57
 357 0235 97000000 		.4byte	0x97
 358 0239 3E       		.byte	0x3e
 359 023a 07       		.uleb128 0x7
 360 023b 77000000 		.4byte	.LASF48
 361 023f 05       		.byte	0x5
 362 0240 58       		.byte	0x58
 363 0241 97000000 		.4byte	0x97
 364 0245 3F       		.byte	0x3f
ARM GAS  C:\Users\Austina\AppData\Local\Temp\ccCfEnW1.s 			page 10


 365 0246 07       		.uleb128 0x7
 366 0247 DB050000 		.4byte	.LASF49
 367 024b 05       		.byte	0x5
 368 024c 59       		.byte	0x59
 369 024d 97000000 		.4byte	0x97
 370 0251 40       		.byte	0x40
 371 0252 07       		.uleb128 0x7
 372 0253 37030000 		.4byte	.LASF50
 373 0257 05       		.byte	0x5
 374 0258 5A       		.byte	0x5a
 375 0259 97000000 		.4byte	0x97
 376 025d 41       		.byte	0x41
 377 025e 07       		.uleb128 0x7
 378 025f 4A040000 		.4byte	.LASF51
 379 0263 05       		.byte	0x5
 380 0264 5B       		.byte	0x5b
 381 0265 97000000 		.4byte	0x97
 382 0269 42       		.byte	0x42
 383 026a 07       		.uleb128 0x7
 384 026b AE050000 		.4byte	.LASF52
 385 026f 05       		.byte	0x5
 386 0270 5C       		.byte	0x5c
 387 0271 97000000 		.4byte	0x97
 388 0275 43       		.byte	0x43
 389 0276 07       		.uleb128 0x7
 390 0277 B3020000 		.4byte	.LASF53
 391 027b 05       		.byte	0x5
 392 027c 5D       		.byte	0x5d
 393 027d 97000000 		.4byte	0x97
 394 0281 44       		.byte	0x44
 395 0282 07       		.uleb128 0x7
 396 0283 00000000 		.4byte	.LASF54
 397 0287 05       		.byte	0x5
 398 0288 5E       		.byte	0x5e
 399 0289 B8000000 		.4byte	0xb8
 400 028d 48       		.byte	0x48
 401 028e 07       		.uleb128 0x7
 402 028f 8F020000 		.4byte	.LASF55
 403 0293 05       		.byte	0x5
 404 0294 5F       		.byte	0x5f
 405 0295 B8000000 		.4byte	0xb8
 406 0299 4C       		.byte	0x4c
 407 029a 07       		.uleb128 0x7
 408 029b 0F0A0000 		.4byte	.LASF56
 409 029f 05       		.byte	0x5
 410 02a0 60       		.byte	0x60
 411 02a1 97000000 		.4byte	0x97
 412 02a5 50       		.byte	0x50
 413 02a6 07       		.uleb128 0x7
 414 02a7 BE010000 		.4byte	.LASF57
 415 02ab 05       		.byte	0x5
 416 02ac 61       		.byte	0x61
 417 02ad 97000000 		.4byte	0x97
 418 02b1 51       		.byte	0x51
 419 02b2 07       		.uleb128 0x7
 420 02b3 23090000 		.4byte	.LASF58
 421 02b7 05       		.byte	0x5
ARM GAS  C:\Users\Austina\AppData\Local\Temp\ccCfEnW1.s 			page 11


 422 02b8 62       		.byte	0x62
 423 02b9 97000000 		.4byte	0x97
 424 02bd 52       		.byte	0x52
 425 02be 07       		.uleb128 0x7
 426 02bf 25080000 		.4byte	.LASF59
 427 02c3 05       		.byte	0x5
 428 02c4 63       		.byte	0x63
 429 02c5 97000000 		.4byte	0x97
 430 02c9 53       		.byte	0x53
 431 02ca 07       		.uleb128 0x7
 432 02cb F1060000 		.4byte	.LASF60
 433 02cf 05       		.byte	0x5
 434 02d0 64       		.byte	0x64
 435 02d1 97000000 		.4byte	0x97
 436 02d5 54       		.byte	0x54
 437 02d6 07       		.uleb128 0x7
 438 02d7 D0010000 		.4byte	.LASF61
 439 02db 05       		.byte	0x5
 440 02dc 65       		.byte	0x65
 441 02dd 97000000 		.4byte	0x97
 442 02e1 55       		.byte	0x55
 443 02e2 07       		.uleb128 0x7
 444 02e3 D2030000 		.4byte	.LASF62
 445 02e7 05       		.byte	0x5
 446 02e8 66       		.byte	0x66
 447 02e9 97000000 		.4byte	0x97
 448 02ed 56       		.byte	0x56
 449 02ee 07       		.uleb128 0x7
 450 02ef B4060000 		.4byte	.LASF63
 451 02f3 05       		.byte	0x5
 452 02f4 67       		.byte	0x67
 453 02f5 97000000 		.4byte	0x97
 454 02f9 57       		.byte	0x57
 455 02fa 07       		.uleb128 0x7
 456 02fb 24000000 		.4byte	.LASF64
 457 02ff 05       		.byte	0x5
 458 0300 68       		.byte	0x68
 459 0301 97000000 		.4byte	0x97
 460 0305 58       		.byte	0x58
 461 0306 07       		.uleb128 0x7
 462 0307 74060000 		.4byte	.LASF65
 463 030b 05       		.byte	0x5
 464 030c 69       		.byte	0x69
 465 030d 97000000 		.4byte	0x97
 466 0311 59       		.byte	0x59
 467 0312 07       		.uleb128 0x7
 468 0313 5C050000 		.4byte	.LASF66
 469 0317 05       		.byte	0x5
 470 0318 6E       		.byte	0x6e
 471 0319 AD000000 		.4byte	0xad
 472 031d 5A       		.byte	0x5a
 473 031e 07       		.uleb128 0x7
 474 031f 64080000 		.4byte	.LASF67
 475 0323 05       		.byte	0x5
 476 0324 6F       		.byte	0x6f
 477 0325 AD000000 		.4byte	0xad
 478 0329 5C       		.byte	0x5c
ARM GAS  C:\Users\Austina\AppData\Local\Temp\ccCfEnW1.s 			page 12


 479 032a 07       		.uleb128 0x7
 480 032b 43010000 		.4byte	.LASF68
 481 032f 05       		.byte	0x5
 482 0330 70       		.byte	0x70
 483 0331 97000000 		.4byte	0x97
 484 0335 5E       		.byte	0x5e
 485 0336 07       		.uleb128 0x7
 486 0337 39060000 		.4byte	.LASF69
 487 033b 05       		.byte	0x5
 488 033c 71       		.byte	0x71
 489 033d 97000000 		.4byte	0x97
 490 0341 5F       		.byte	0x5f
 491 0342 07       		.uleb128 0x7
 492 0343 9D050000 		.4byte	.LASF70
 493 0347 05       		.byte	0x5
 494 0348 72       		.byte	0x72
 495 0349 97000000 		.4byte	0x97
 496 034d 60       		.byte	0x60
 497 034e 07       		.uleb128 0x7
 498 034f 03060000 		.4byte	.LASF71
 499 0353 05       		.byte	0x5
 500 0354 73       		.byte	0x73
 501 0355 B8000000 		.4byte	0xb8
 502 0359 64       		.byte	0x64
 503 035a 07       		.uleb128 0x7
 504 035b 88010000 		.4byte	.LASF72
 505 035f 05       		.byte	0x5
 506 0360 76       		.byte	0x76
 507 0361 AD000000 		.4byte	0xad
 508 0365 68       		.byte	0x68
 509 0366 07       		.uleb128 0x7
 510 0367 C0030000 		.4byte	.LASF73
 511 036b 05       		.byte	0x5
 512 036c 77       		.byte	0x77
 513 036d AD000000 		.4byte	0xad
 514 0371 6A       		.byte	0x6a
 515 0372 07       		.uleb128 0x7
 516 0373 6D040000 		.4byte	.LASF74
 517 0377 05       		.byte	0x5
 518 0378 78       		.byte	0x78
 519 0379 AD000000 		.4byte	0xad
 520 037d 6C       		.byte	0x6c
 521 037e 07       		.uleb128 0x7
 522 037f A1040000 		.4byte	.LASF75
 523 0383 05       		.byte	0x5
 524 0384 79       		.byte	0x79
 525 0385 AD000000 		.4byte	0xad
 526 0389 6E       		.byte	0x6e
 527 038a 07       		.uleb128 0x7
 528 038b 92060000 		.4byte	.LASF76
 529 038f 05       		.byte	0x5
 530 0390 7B       		.byte	0x7b
 531 0391 97000000 		.4byte	0x97
 532 0395 70       		.byte	0x70
 533 0396 07       		.uleb128 0x7
 534 0397 06020000 		.4byte	.LASF77
 535 039b 05       		.byte	0x5
ARM GAS  C:\Users\Austina\AppData\Local\Temp\ccCfEnW1.s 			page 13


 536 039c 7C       		.byte	0x7c
 537 039d 97000000 		.4byte	0x97
 538 03a1 71       		.byte	0x71
 539 03a2 07       		.uleb128 0x7
 540 03a3 E1090000 		.4byte	.LASF78
 541 03a7 05       		.byte	0x5
 542 03a8 7D       		.byte	0x7d
 543 03a9 97000000 		.4byte	0x97
 544 03ad 72       		.byte	0x72
 545 03ae 07       		.uleb128 0x7
 546 03af 78050000 		.4byte	.LASF79
 547 03b3 05       		.byte	0x5
 548 03b4 7E       		.byte	0x7e
 549 03b5 97000000 		.4byte	0x97
 550 03b9 73       		.byte	0x73
 551 03ba 07       		.uleb128 0x7
 552 03bb FB020000 		.4byte	.LASF80
 553 03bf 05       		.byte	0x5
 554 03c0 80       		.byte	0x80
 555 03c1 AD000000 		.4byte	0xad
 556 03c5 74       		.byte	0x74
 557 03c6 07       		.uleb128 0x7
 558 03c7 05080000 		.4byte	.LASF81
 559 03cb 05       		.byte	0x5
 560 03cc 81       		.byte	0x81
 561 03cd AD000000 		.4byte	0xad
 562 03d1 76       		.byte	0x76
 563 03d2 07       		.uleb128 0x7
 564 03d3 D6020000 		.4byte	.LASF82
 565 03d7 05       		.byte	0x5
 566 03d8 82       		.byte	0x82
 567 03d9 AD000000 		.4byte	0xad
 568 03dd 78       		.byte	0x78
 569 03de 07       		.uleb128 0x7
 570 03df 0D010000 		.4byte	.LASF83
 571 03e3 05       		.byte	0x5
 572 03e4 83       		.byte	0x83
 573 03e5 AD000000 		.4byte	0xad
 574 03e9 7A       		.byte	0x7a
 575 03ea 07       		.uleb128 0x7
 576 03eb 5D090000 		.4byte	.LASF84
 577 03ef 05       		.byte	0x5
 578 03f0 86       		.byte	0x86
 579 03f1 97000000 		.4byte	0x97
 580 03f5 7C       		.byte	0x7c
 581 03f6 07       		.uleb128 0x7
 582 03f7 C7080000 		.4byte	.LASF85
 583 03fb 05       		.byte	0x5
 584 03fc 87       		.byte	0x87
 585 03fd 97000000 		.4byte	0x97
 586 0401 7D       		.byte	0x7d
 587 0402 07       		.uleb128 0x7
 588 0403 38000000 		.4byte	.LASF86
 589 0407 05       		.byte	0x5
 590 0408 88       		.byte	0x88
 591 0409 97000000 		.4byte	0x97
 592 040d 7E       		.byte	0x7e
ARM GAS  C:\Users\Austina\AppData\Local\Temp\ccCfEnW1.s 			page 14


 593 040e 07       		.uleb128 0x7
 594 040f 0D030000 		.4byte	.LASF87
 595 0413 05       		.byte	0x5
 596 0414 89       		.byte	0x89
 597 0415 97000000 		.4byte	0x97
 598 0419 7F       		.byte	0x7f
 599 041a 07       		.uleb128 0x7
 600 041b 8A030000 		.4byte	.LASF88
 601 041f 05       		.byte	0x5
 602 0420 8A       		.byte	0x8a
 603 0421 97000000 		.4byte	0x97
 604 0425 80       		.byte	0x80
 605 0426 07       		.uleb128 0x7
 606 0427 B0080000 		.4byte	.LASF89
 607 042b 05       		.byte	0x5
 608 042c 8D       		.byte	0x8d
 609 042d B8000000 		.4byte	0xb8
 610 0431 84       		.byte	0x84
 611 0432 07       		.uleb128 0x7
 612 0433 22010000 		.4byte	.LASF90
 613 0437 05       		.byte	0x5
 614 0438 8E       		.byte	0x8e
 615 0439 B8000000 		.4byte	0xb8
 616 043d 88       		.byte	0x88
 617 043e 07       		.uleb128 0x7
 618 043f 48090000 		.4byte	.LASF91
 619 0443 05       		.byte	0x5
 620 0444 8F       		.byte	0x8f
 621 0445 B8000000 		.4byte	0xb8
 622 0449 8C       		.byte	0x8c
 623 044a 07       		.uleb128 0x7
 624 044b 3E050000 		.4byte	.LASF92
 625 044f 05       		.byte	0x5
 626 0450 90       		.byte	0x90
 627 0451 B8000000 		.4byte	0xb8
 628 0455 90       		.byte	0x90
 629 0456 07       		.uleb128 0x7
 630 0457 5A030000 		.4byte	.LASF93
 631 045b 05       		.byte	0x5
 632 045c 91       		.byte	0x91
 633 045d B8000000 		.4byte	0xb8
 634 0461 94       		.byte	0x94
 635 0462 07       		.uleb128 0x7
 636 0463 04050000 		.4byte	.LASF94
 637 0467 05       		.byte	0x5
 638 0468 92       		.byte	0x92
 639 0469 B8000000 		.4byte	0xb8
 640 046d 98       		.byte	0x98
 641 046e 07       		.uleb128 0x7
 642 046f AA090000 		.4byte	.LASF95
 643 0473 05       		.byte	0x5
 644 0474 93       		.byte	0x93
 645 0475 B8000000 		.4byte	0xb8
 646 0479 9C       		.byte	0x9c
 647 047a 07       		.uleb128 0x7
 648 047b A2010000 		.4byte	.LASF96
 649 047f 05       		.byte	0x5
ARM GAS  C:\Users\Austina\AppData\Local\Temp\ccCfEnW1.s 			page 15


 650 0480 94       		.byte	0x94
 651 0481 B8000000 		.4byte	0xb8
 652 0485 A0       		.byte	0xa0
 653 0486 07       		.uleb128 0x7
 654 0487 40020000 		.4byte	.LASF97
 655 048b 05       		.byte	0x5
 656 048c 95       		.byte	0x95
 657 048d AD000000 		.4byte	0xad
 658 0491 A4       		.byte	0xa4
 659 0492 07       		.uleb128 0x7
 660 0493 0A070000 		.4byte	.LASF98
 661 0497 05       		.byte	0x5
 662 0498 96       		.byte	0x96
 663 0499 AD000000 		.4byte	0xad
 664 049d A6       		.byte	0xa6
 665 049e 07       		.uleb128 0x7
 666 049f 1E060000 		.4byte	.LASF99
 667 04a3 05       		.byte	0x5
 668 04a4 97       		.byte	0x97
 669 04a5 AD000000 		.4byte	0xad
 670 04a9 A8       		.byte	0xa8
 671 04aa 07       		.uleb128 0x7
 672 04ab EC070000 		.4byte	.LASF100
 673 04af 05       		.byte	0x5
 674 04b0 98       		.byte	0x98
 675 04b1 AD000000 		.4byte	0xad
 676 04b5 AA       		.byte	0xaa
 677 04b6 07       		.uleb128 0x7
 678 04b7 7C040000 		.4byte	.LASF101
 679 04bb 05       		.byte	0x5
 680 04bc 99       		.byte	0x99
 681 04bd AD000000 		.4byte	0xad
 682 04c1 AC       		.byte	0xac
 683 04c2 07       		.uleb128 0x7
 684 04c3 8F050000 		.4byte	.LASF102
 685 04c7 05       		.byte	0x5
 686 04c8 9A       		.byte	0x9a
 687 04c9 AD000000 		.4byte	0xad
 688 04cd AE       		.byte	0xae
 689 04ce 07       		.uleb128 0x7
 690 04cf 6D080000 		.4byte	.LASF103
 691 04d3 05       		.byte	0x5
 692 04d4 9D       		.byte	0x9d
 693 04d5 AD000000 		.4byte	0xad
 694 04d9 B0       		.byte	0xb0
 695 04da 07       		.uleb128 0x7
 696 04db 55000000 		.4byte	.LASF104
 697 04df 05       		.byte	0x5
 698 04e0 9E       		.byte	0x9e
 699 04e1 B8000000 		.4byte	0xb8
 700 04e5 B4       		.byte	0xb4
 701 04e6 00       		.byte	0
 702 04e7 03       		.uleb128 0x3
 703 04e8 CA040000 		.4byte	.LASF105
 704 04ec 05       		.byte	0x5
 705 04ed 9F       		.byte	0x9f
 706 04ee D6000000 		.4byte	0xd6
ARM GAS  C:\Users\Austina\AppData\Local\Temp\ccCfEnW1.s 			page 16


 707 04f2 02       		.uleb128 0x2
 708 04f3 01       		.byte	0x1
 709 04f4 08       		.byte	0x8
 710 04f5 D0070000 		.4byte	.LASF106
 711 04f9 02       		.uleb128 0x2
 712 04fa 04       		.byte	0x4
 713 04fb 04       		.byte	0x4
 714 04fc FD050000 		.4byte	.LASF107
 715 0500 02       		.uleb128 0x2
 716 0501 08       		.byte	0x8
 717 0502 04       		.byte	0x4
 718 0503 CF020000 		.4byte	.LASF108
 719 0507 08       		.uleb128 0x8
 720 0508 04       		.byte	0x4
 721 0509 02       		.uleb128 0x2
 722 050a 01       		.byte	0x1
 723 050b 02       		.byte	0x2
 724 050c 60060000 		.4byte	.LASF109
 725 0510 09       		.uleb128 0x9
 726 0511 04       		.byte	0x4
 727 0512 16050000 		.4byte	0x516
 728 0516 0A       		.uleb128 0xa
 729 0517 21050000 		.4byte	0x521
 730 051b 0B       		.uleb128 0xb
 731 051c B8000000 		.4byte	0xb8
 732 0520 00       		.byte	0
 733 0521 0C       		.uleb128 0xc
 734 0522 0A040000 		.4byte	.LASF110
 735 0526 06       		.byte	0x6
 736 0527 D901     		.2byte	0x1d9
 737 0529 10050000 		.4byte	0x510
 738 052d 0D       		.uleb128 0xd
 739 052e F7090000 		.4byte	.LASF126
 740 0532 38       		.byte	0x38
 741 0533 06       		.byte	0x6
 742 0534 7502     		.2byte	0x275
 743 0536 F1050000 		.4byte	0x5f1
 744 053a 0E       		.uleb128 0xe
 745 053b 56040000 		.4byte	.LASF111
 746 053f 06       		.byte	0x6
 747 0540 7802     		.2byte	0x278
 748 0542 CA000000 		.4byte	0xca
 749 0546 00       		.byte	0
 750 0547 0E       		.uleb128 0xe
 751 0548 B9050000 		.4byte	.LASF112
 752 054c 06       		.byte	0x6
 753 054d 7902     		.2byte	0x279
 754 054f CA000000 		.4byte	0xca
 755 0553 04       		.byte	0x4
 756 0554 0E       		.uleb128 0xe
 757 0555 98010000 		.4byte	.LASF113
 758 0559 06       		.byte	0x6
 759 055a 7B02     		.2byte	0x27b
 760 055c 07050000 		.4byte	0x507
 761 0560 08       		.byte	0x8
 762 0561 0E       		.uleb128 0xe
 763 0562 37080000 		.4byte	.LASF114
ARM GAS  C:\Users\Austina\AppData\Local\Temp\ccCfEnW1.s 			page 17


 764 0566 06       		.byte	0x6
 765 0567 7C02     		.2byte	0x27c
 766 0569 B8000000 		.4byte	0xb8
 767 056d 0C       		.byte	0xc
 768 056e 0E       		.uleb128 0xe
 769 056f F6040000 		.4byte	.LASF115
 770 0573 06       		.byte	0x6
 771 0574 7D02     		.2byte	0x27d
 772 0576 CA000000 		.4byte	0xca
 773 057a 10       		.byte	0x10
 774 057b 0E       		.uleb128 0xe
 775 057c 9C090000 		.4byte	.LASF116
 776 0580 06       		.byte	0x6
 777 0581 7E02     		.2byte	0x27e
 778 0583 CA000000 		.4byte	0xca
 779 0587 14       		.byte	0x14
 780 0588 0E       		.uleb128 0xe
 781 0589 E0080000 		.4byte	.LASF117
 782 058d 06       		.byte	0x6
 783 058e 8002     		.2byte	0x280
 784 0590 07050000 		.4byte	0x507
 785 0594 18       		.byte	0x18
 786 0595 0E       		.uleb128 0xe
 787 0596 1A000000 		.4byte	.LASF118
 788 059a 06       		.byte	0x6
 789 059b 8102     		.2byte	0x281
 790 059d B8000000 		.4byte	0xb8
 791 05a1 1C       		.byte	0x1c
 792 05a2 0E       		.uleb128 0xe
 793 05a3 51030000 		.4byte	.LASF119
 794 05a7 06       		.byte	0x6
 795 05a8 8202     		.2byte	0x282
 796 05aa CA000000 		.4byte	0xca
 797 05ae 20       		.byte	0x20
 798 05af 0E       		.uleb128 0xe
 799 05b0 B8010000 		.4byte	.LASF120
 800 05b4 06       		.byte	0x6
 801 05b5 8402     		.2byte	0x284
 802 05b7 07050000 		.4byte	0x507
 803 05bb 24       		.byte	0x24
 804 05bc 0E       		.uleb128 0xe
 805 05bd 6F030000 		.4byte	.LASF121
 806 05c1 06       		.byte	0x6
 807 05c2 8502     		.2byte	0x285
 808 05c4 B8000000 		.4byte	0xb8
 809 05c8 28       		.byte	0x28
 810 05c9 0E       		.uleb128 0xe
 811 05ca 1B020000 		.4byte	.LASF122
 812 05ce 06       		.byte	0x6
 813 05cf 8602     		.2byte	0x286
 814 05d1 CA000000 		.4byte	0xca
 815 05d5 2C       		.byte	0x2c
 816 05d6 0E       		.uleb128 0xe
 817 05d7 98040000 		.4byte	.LASF123
 818 05db 06       		.byte	0x6
 819 05dc 8B02     		.2byte	0x28b
 820 05de 21050000 		.4byte	0x521
ARM GAS  C:\Users\Austina\AppData\Local\Temp\ccCfEnW1.s 			page 18


 821 05e2 30       		.byte	0x30
 822 05e3 0E       		.uleb128 0xe
 823 05e4 D8080000 		.4byte	.LASF124
 824 05e8 06       		.byte	0x6
 825 05e9 8E02     		.2byte	0x28e
 826 05eb B8000000 		.4byte	0xb8
 827 05ef 34       		.byte	0x34
 828 05f0 00       		.byte	0
 829 05f1 0C       		.uleb128 0xc
 830 05f2 E6080000 		.4byte	.LASF125
 831 05f6 06       		.byte	0x6
 832 05f7 9102     		.2byte	0x291
 833 05f9 2D050000 		.4byte	0x52d
 834 05fd 0F       		.uleb128 0xf
 835 05fe 6E020000 		.4byte	.LASF127
 836 0602 64       		.byte	0x64
 837 0603 07       		.byte	0x7
 838 0604 2F       		.byte	0x2f
 839 0605 36070000 		.4byte	0x736
 840 0609 07       		.uleb128 0x7
 841 060a F5050000 		.4byte	.LASF128
 842 060e 07       		.byte	0x7
 843 060f 31       		.byte	0x31
 844 0610 B8000000 		.4byte	0xb8
 845 0614 00       		.byte	0
 846 0615 07       		.uleb128 0x7
 847 0616 69010000 		.4byte	.LASF129
 848 061a 07       		.byte	0x7
 849 061b 33       		.byte	0x33
 850 061c B8000000 		.4byte	0xb8
 851 0620 04       		.byte	0x4
 852 0621 07       		.uleb128 0x7
 853 0622 98000000 		.4byte	.LASF130
 854 0626 07       		.byte	0x7
 855 0627 34       		.byte	0x34
 856 0628 B8000000 		.4byte	0xb8
 857 062c 08       		.byte	0x8
 858 062d 07       		.uleb128 0x7
 859 062e E7040000 		.4byte	.LASF131
 860 0632 07       		.byte	0x7
 861 0633 35       		.byte	0x35
 862 0634 B8000000 		.4byte	0xb8
 863 0638 0C       		.byte	0xc
 864 0639 07       		.uleb128 0x7
 865 063a 12000000 		.4byte	.LASF132
 866 063e 07       		.byte	0x7
 867 063f 36       		.byte	0x36
 868 0640 B8000000 		.4byte	0xb8
 869 0644 10       		.byte	0x10
 870 0645 07       		.uleb128 0x7
 871 0646 97080000 		.4byte	.LASF133
 872 064a 07       		.byte	0x7
 873 064b 37       		.byte	0x37
 874 064c B8000000 		.4byte	0xb8
 875 0650 14       		.byte	0x14
 876 0651 07       		.uleb128 0x7
 877 0652 9F080000 		.4byte	.LASF134
ARM GAS  C:\Users\Austina\AppData\Local\Temp\ccCfEnW1.s 			page 19


 878 0656 07       		.byte	0x7
 879 0657 38       		.byte	0x38
 880 0658 B8000000 		.4byte	0xb8
 881 065c 18       		.byte	0x18
 882 065d 07       		.uleb128 0x7
 883 065e C8060000 		.4byte	.LASF135
 884 0662 07       		.byte	0x7
 885 0663 39       		.byte	0x39
 886 0664 09050000 		.4byte	0x509
 887 0668 1C       		.byte	0x1c
 888 0669 07       		.uleb128 0x7
 889 066a BB070000 		.4byte	.LASF136
 890 066e 07       		.byte	0x7
 891 066f 3A       		.byte	0x3a
 892 0670 B8000000 		.4byte	0xb8
 893 0674 20       		.byte	0x20
 894 0675 07       		.uleb128 0x7
 895 0676 A7080000 		.4byte	.LASF137
 896 067a 07       		.byte	0x7
 897 067b 3B       		.byte	0x3b
 898 067c B8000000 		.4byte	0xb8
 899 0680 24       		.byte	0x24
 900 0681 07       		.uleb128 0x7
 901 0682 F8030000 		.4byte	.LASF138
 902 0686 07       		.byte	0x7
 903 0687 3C       		.byte	0x3c
 904 0688 09050000 		.4byte	0x509
 905 068c 28       		.byte	0x28
 906 068d 07       		.uleb128 0x7
 907 068e 79030000 		.4byte	.LASF139
 908 0692 07       		.byte	0x7
 909 0693 3E       		.byte	0x3e
 910 0694 B8000000 		.4byte	0xb8
 911 0698 2C       		.byte	0x2c
 912 0699 07       		.uleb128 0x7
 913 069a DA040000 		.4byte	.LASF140
 914 069e 07       		.byte	0x7
 915 069f 3F       		.byte	0x3f
 916 06a0 B8000000 		.4byte	0xb8
 917 06a4 30       		.byte	0x30
 918 06a5 07       		.uleb128 0x7
 919 06a6 15090000 		.4byte	.LASF141
 920 06aa 07       		.byte	0x7
 921 06ab 40       		.byte	0x40
 922 06ac B8000000 		.4byte	0xb8
 923 06b0 34       		.byte	0x34
 924 06b1 07       		.uleb128 0x7
 925 06b2 4F060000 		.4byte	.LASF142
 926 06b6 07       		.byte	0x7
 927 06b7 41       		.byte	0x41
 928 06b8 B8000000 		.4byte	0xb8
 929 06bc 38       		.byte	0x38
 930 06bd 07       		.uleb128 0x7
 931 06be 5F040000 		.4byte	.LASF143
 932 06c2 07       		.byte	0x7
 933 06c3 42       		.byte	0x42
 934 06c4 B8000000 		.4byte	0xb8
ARM GAS  C:\Users\Austina\AppData\Local\Temp\ccCfEnW1.s 			page 20


 935 06c8 3C       		.byte	0x3c
 936 06c9 07       		.uleb128 0x7
 937 06ca D9060000 		.4byte	.LASF144
 938 06ce 07       		.byte	0x7
 939 06cf 44       		.byte	0x44
 940 06d0 B8000000 		.4byte	0xb8
 941 06d4 40       		.byte	0x40
 942 06d5 07       		.uleb128 0x7
 943 06d6 8C090000 		.4byte	.LASF145
 944 06da 07       		.byte	0x7
 945 06db 45       		.byte	0x45
 946 06dc B8000000 		.4byte	0xb8
 947 06e0 44       		.byte	0x44
 948 06e1 07       		.uleb128 0x7
 949 06e2 45080000 		.4byte	.LASF146
 950 06e6 07       		.byte	0x7
 951 06e7 47       		.byte	0x47
 952 06e8 B8000000 		.4byte	0xb8
 953 06ec 48       		.byte	0x48
 954 06ed 07       		.uleb128 0x7
 955 06ee 7B080000 		.4byte	.LASF147
 956 06f2 07       		.byte	0x7
 957 06f3 48       		.byte	0x48
 958 06f4 B8000000 		.4byte	0xb8
 959 06f8 4C       		.byte	0x4c
 960 06f9 07       		.uleb128 0x7
 961 06fa 1A050000 		.4byte	.LASF148
 962 06fe 07       		.byte	0x7
 963 06ff 4A       		.byte	0x4a
 964 0700 B8000000 		.4byte	0xb8
 965 0704 50       		.byte	0x50
 966 0705 07       		.uleb128 0x7
 967 0706 8A040000 		.4byte	.LASF149
 968 070a 07       		.byte	0x7
 969 070b 4B       		.byte	0x4b
 970 070c B8000000 		.4byte	0xb8
 971 0710 54       		.byte	0x54
 972 0711 07       		.uleb128 0x7
 973 0712 4B000000 		.4byte	.LASF150
 974 0716 07       		.byte	0x7
 975 0717 4D       		.byte	0x4d
 976 0718 B8000000 		.4byte	0xb8
 977 071c 58       		.byte	0x58
 978 071d 07       		.uleb128 0x7
 979 071e C0090000 		.4byte	.LASF151
 980 0722 07       		.byte	0x7
 981 0723 4E       		.byte	0x4e
 982 0724 B8000000 		.4byte	0xb8
 983 0728 5C       		.byte	0x5c
 984 0729 07       		.uleb128 0x7
 985 072a D5070000 		.4byte	.LASF152
 986 072e 07       		.byte	0x7
 987 072f 50       		.byte	0x50
 988 0730 B8000000 		.4byte	0xb8
 989 0734 60       		.byte	0x60
 990 0735 00       		.byte	0
 991 0736 03       		.uleb128 0x3
ARM GAS  C:\Users\Austina\AppData\Local\Temp\ccCfEnW1.s 			page 21


 992 0737 72090000 		.4byte	.LASF153
 993 073b 07       		.byte	0x7
 994 073c 51       		.byte	0x51
 995 073d FD050000 		.4byte	0x5fd
 996 0741 10       		.uleb128 0x10
 997 0742 E8050000 		.4byte	.LASF164
 998 0746 02       		.byte	0x2
 999 0747 81       		.byte	0x81
 1000 0748 03       		.byte	0x3
 1001 0749 11       		.uleb128 0x11
 1002 074a F6020000 		.4byte	.LASF165
 1003 074e 01       		.byte	0x1
 1004 074f 0E       		.byte	0xe
 1005 0750 89000000 		.4byte	0x89
 1006 0754 00000000 		.4byte	.LFB587
 1007 0758 10000000 		.4byte	.LFE587-.LFB587
 1008 075c 01       		.uleb128 0x1
 1009 075d 9C       		.byte	0x9c
 1010 075e 85070000 		.4byte	0x785
 1011 0762 12       		.uleb128 0x12
 1012 0763 41070000 		.4byte	0x741
 1013 0767 02000000 		.4byte	.LBB4
 1014 076b 02000000 		.4byte	.LBE4-.LBB4
 1015 076f 01       		.byte	0x1
 1016 0770 10       		.byte	0x10
 1017 0771 13       		.uleb128 0x13
 1018 0772 0A000000 		.4byte	.LVL0
 1019 0776 E2070000 		.4byte	0x7e2
 1020 077a 14       		.uleb128 0x14
 1021 077b 01       		.uleb128 0x1
 1022 077c 50       		.byte	0x50
 1023 077d 05       		.uleb128 0x5
 1024 077e 0C       		.byte	0xc
 1025 077f 00000810 		.4byte	0x10080000
 1026 0783 00       		.byte	0
 1027 0784 00       		.byte	0
 1028 0785 15       		.uleb128 0x15
 1029 0786 14060000 		.4byte	.LASF154
 1030 078a 05       		.byte	0x5
 1031 078b A7       		.byte	0xa7
 1032 078c 90070000 		.4byte	0x790
 1033 0790 09       		.uleb128 0x9
 1034 0791 04       		.byte	0x4
 1035 0792 96070000 		.4byte	0x796
 1036 0796 16       		.uleb128 0x16
 1037 0797 E7040000 		.4byte	0x4e7
 1038 079b 15       		.uleb128 0x15
 1039 079c 29040000 		.4byte	.LASF155
 1040 07a0 08       		.byte	0x8
 1041 07a1 87       		.byte	0x87
 1042 07a2 F1050000 		.4byte	0x5f1
 1043 07a6 15       		.uleb128 0x15
 1044 07a7 9D020000 		.4byte	.LASF156
 1045 07ab 09       		.byte	0x9
 1046 07ac 1F       		.byte	0x1f
 1047 07ad B1070000 		.4byte	0x7b1
 1048 07b1 16       		.uleb128 0x16
ARM GAS  C:\Users\Austina\AppData\Local\Temp\ccCfEnW1.s 			page 22


 1049 07b2 36070000 		.4byte	0x736
 1050 07b6 15       		.uleb128 0x15
 1051 07b7 2A060000 		.4byte	.LASF157
 1052 07bb 0A       		.byte	0xa
 1053 07bc 1F       		.byte	0x1f
 1054 07bd B1070000 		.4byte	0x7b1
 1055 07c1 15       		.uleb128 0x15
 1056 07c2 78010000 		.4byte	.LASF158
 1057 07c6 0B       		.byte	0xb
 1058 07c7 1F       		.byte	0x1f
 1059 07c8 B1070000 		.4byte	0x7b1
 1060 07cc 15       		.uleb128 0x15
 1061 07cd 3B090000 		.4byte	.LASF159
 1062 07d1 0C       		.byte	0xc
 1063 07d2 1F       		.byte	0x1f
 1064 07d3 B1070000 		.4byte	0x7b1
 1065 07d7 15       		.uleb128 0x15
 1066 07d8 A6060000 		.4byte	.LASF160
 1067 07dc 0D       		.byte	0xd
 1068 07dd 1F       		.byte	0x1f
 1069 07de B1070000 		.4byte	0x7b1
 1070 07e2 17       		.uleb128 0x17
 1071 07e3 AE040000 		.4byte	.LASF166
 1072 07e7 AE040000 		.4byte	.LASF166
 1073 07eb 0E       		.byte	0xe
 1074 07ec 2502     		.2byte	0x225
 1075 07ee 00       		.byte	0
 1076              		.section	.debug_abbrev,"",%progbits
 1077              	.Ldebug_abbrev0:
 1078 0000 01       		.uleb128 0x1
 1079 0001 11       		.uleb128 0x11
 1080 0002 01       		.byte	0x1
 1081 0003 25       		.uleb128 0x25
 1082 0004 0E       		.uleb128 0xe
 1083 0005 13       		.uleb128 0x13
 1084 0006 0B       		.uleb128 0xb
 1085 0007 03       		.uleb128 0x3
 1086 0008 0E       		.uleb128 0xe
 1087 0009 1B       		.uleb128 0x1b
 1088 000a 0E       		.uleb128 0xe
 1089 000b 55       		.uleb128 0x55
 1090 000c 17       		.uleb128 0x17
 1091 000d 11       		.uleb128 0x11
 1092 000e 01       		.uleb128 0x1
 1093 000f 10       		.uleb128 0x10
 1094 0010 17       		.uleb128 0x17
 1095 0011 00       		.byte	0
 1096 0012 00       		.byte	0
 1097 0013 02       		.uleb128 0x2
 1098 0014 24       		.uleb128 0x24
 1099 0015 00       		.byte	0
 1100 0016 0B       		.uleb128 0xb
 1101 0017 0B       		.uleb128 0xb
 1102 0018 3E       		.uleb128 0x3e
 1103 0019 0B       		.uleb128 0xb
 1104 001a 03       		.uleb128 0x3
 1105 001b 0E       		.uleb128 0xe
ARM GAS  C:\Users\Austina\AppData\Local\Temp\ccCfEnW1.s 			page 23


 1106 001c 00       		.byte	0
 1107 001d 00       		.byte	0
 1108 001e 03       		.uleb128 0x3
 1109 001f 16       		.uleb128 0x16
 1110 0020 00       		.byte	0
 1111 0021 03       		.uleb128 0x3
 1112 0022 0E       		.uleb128 0xe
 1113 0023 3A       		.uleb128 0x3a
 1114 0024 0B       		.uleb128 0xb
 1115 0025 3B       		.uleb128 0x3b
 1116 0026 0B       		.uleb128 0xb
 1117 0027 49       		.uleb128 0x49
 1118 0028 13       		.uleb128 0x13
 1119 0029 00       		.byte	0
 1120 002a 00       		.byte	0
 1121 002b 04       		.uleb128 0x4
 1122 002c 24       		.uleb128 0x24
 1123 002d 00       		.byte	0
 1124 002e 0B       		.uleb128 0xb
 1125 002f 0B       		.uleb128 0xb
 1126 0030 3E       		.uleb128 0x3e
 1127 0031 0B       		.uleb128 0xb
 1128 0032 03       		.uleb128 0x3
 1129 0033 08       		.uleb128 0x8
 1130 0034 00       		.byte	0
 1131 0035 00       		.byte	0
 1132 0036 05       		.uleb128 0x5
 1133 0037 35       		.uleb128 0x35
 1134 0038 00       		.byte	0
 1135 0039 49       		.uleb128 0x49
 1136 003a 13       		.uleb128 0x13
 1137 003b 00       		.byte	0
 1138 003c 00       		.byte	0
 1139 003d 06       		.uleb128 0x6
 1140 003e 13       		.uleb128 0x13
 1141 003f 01       		.byte	0x1
 1142 0040 0B       		.uleb128 0xb
 1143 0041 0B       		.uleb128 0xb
 1144 0042 3A       		.uleb128 0x3a
 1145 0043 0B       		.uleb128 0xb
 1146 0044 3B       		.uleb128 0x3b
 1147 0045 0B       		.uleb128 0xb
 1148 0046 01       		.uleb128 0x1
 1149 0047 13       		.uleb128 0x13
 1150 0048 00       		.byte	0
 1151 0049 00       		.byte	0
 1152 004a 07       		.uleb128 0x7
 1153 004b 0D       		.uleb128 0xd
 1154 004c 00       		.byte	0
 1155 004d 03       		.uleb128 0x3
 1156 004e 0E       		.uleb128 0xe
 1157 004f 3A       		.uleb128 0x3a
 1158 0050 0B       		.uleb128 0xb
 1159 0051 3B       		.uleb128 0x3b
 1160 0052 0B       		.uleb128 0xb
 1161 0053 49       		.uleb128 0x49
 1162 0054 13       		.uleb128 0x13
ARM GAS  C:\Users\Austina\AppData\Local\Temp\ccCfEnW1.s 			page 24


 1163 0055 38       		.uleb128 0x38
 1164 0056 0B       		.uleb128 0xb
 1165 0057 00       		.byte	0
 1166 0058 00       		.byte	0
 1167 0059 08       		.uleb128 0x8
 1168 005a 0F       		.uleb128 0xf
 1169 005b 00       		.byte	0
 1170 005c 0B       		.uleb128 0xb
 1171 005d 0B       		.uleb128 0xb
 1172 005e 00       		.byte	0
 1173 005f 00       		.byte	0
 1174 0060 09       		.uleb128 0x9
 1175 0061 0F       		.uleb128 0xf
 1176 0062 00       		.byte	0
 1177 0063 0B       		.uleb128 0xb
 1178 0064 0B       		.uleb128 0xb
 1179 0065 49       		.uleb128 0x49
 1180 0066 13       		.uleb128 0x13
 1181 0067 00       		.byte	0
 1182 0068 00       		.byte	0
 1183 0069 0A       		.uleb128 0xa
 1184 006a 15       		.uleb128 0x15
 1185 006b 01       		.byte	0x1
 1186 006c 27       		.uleb128 0x27
 1187 006d 19       		.uleb128 0x19
 1188 006e 01       		.uleb128 0x1
 1189 006f 13       		.uleb128 0x13
 1190 0070 00       		.byte	0
 1191 0071 00       		.byte	0
 1192 0072 0B       		.uleb128 0xb
 1193 0073 05       		.uleb128 0x5
 1194 0074 00       		.byte	0
 1195 0075 49       		.uleb128 0x49
 1196 0076 13       		.uleb128 0x13
 1197 0077 00       		.byte	0
 1198 0078 00       		.byte	0
 1199 0079 0C       		.uleb128 0xc
 1200 007a 16       		.uleb128 0x16
 1201 007b 00       		.byte	0
 1202 007c 03       		.uleb128 0x3
 1203 007d 0E       		.uleb128 0xe
 1204 007e 3A       		.uleb128 0x3a
 1205 007f 0B       		.uleb128 0xb
 1206 0080 3B       		.uleb128 0x3b
 1207 0081 05       		.uleb128 0x5
 1208 0082 49       		.uleb128 0x49
 1209 0083 13       		.uleb128 0x13
 1210 0084 00       		.byte	0
 1211 0085 00       		.byte	0
 1212 0086 0D       		.uleb128 0xd
 1213 0087 13       		.uleb128 0x13
 1214 0088 01       		.byte	0x1
 1215 0089 03       		.uleb128 0x3
 1216 008a 0E       		.uleb128 0xe
 1217 008b 0B       		.uleb128 0xb
 1218 008c 0B       		.uleb128 0xb
 1219 008d 3A       		.uleb128 0x3a
ARM GAS  C:\Users\Austina\AppData\Local\Temp\ccCfEnW1.s 			page 25


 1220 008e 0B       		.uleb128 0xb
 1221 008f 3B       		.uleb128 0x3b
 1222 0090 05       		.uleb128 0x5
 1223 0091 01       		.uleb128 0x1
 1224 0092 13       		.uleb128 0x13
 1225 0093 00       		.byte	0
 1226 0094 00       		.byte	0
 1227 0095 0E       		.uleb128 0xe
 1228 0096 0D       		.uleb128 0xd
 1229 0097 00       		.byte	0
 1230 0098 03       		.uleb128 0x3
 1231 0099 0E       		.uleb128 0xe
 1232 009a 3A       		.uleb128 0x3a
 1233 009b 0B       		.uleb128 0xb
 1234 009c 3B       		.uleb128 0x3b
 1235 009d 05       		.uleb128 0x5
 1236 009e 49       		.uleb128 0x49
 1237 009f 13       		.uleb128 0x13
 1238 00a0 38       		.uleb128 0x38
 1239 00a1 0B       		.uleb128 0xb
 1240 00a2 00       		.byte	0
 1241 00a3 00       		.byte	0
 1242 00a4 0F       		.uleb128 0xf
 1243 00a5 13       		.uleb128 0x13
 1244 00a6 01       		.byte	0x1
 1245 00a7 03       		.uleb128 0x3
 1246 00a8 0E       		.uleb128 0xe
 1247 00a9 0B       		.uleb128 0xb
 1248 00aa 0B       		.uleb128 0xb
 1249 00ab 3A       		.uleb128 0x3a
 1250 00ac 0B       		.uleb128 0xb
 1251 00ad 3B       		.uleb128 0x3b
 1252 00ae 0B       		.uleb128 0xb
 1253 00af 01       		.uleb128 0x1
 1254 00b0 13       		.uleb128 0x13
 1255 00b1 00       		.byte	0
 1256 00b2 00       		.byte	0
 1257 00b3 10       		.uleb128 0x10
 1258 00b4 2E       		.uleb128 0x2e
 1259 00b5 00       		.byte	0
 1260 00b6 03       		.uleb128 0x3
 1261 00b7 0E       		.uleb128 0xe
 1262 00b8 3A       		.uleb128 0x3a
 1263 00b9 0B       		.uleb128 0xb
 1264 00ba 3B       		.uleb128 0x3b
 1265 00bb 0B       		.uleb128 0xb
 1266 00bc 27       		.uleb128 0x27
 1267 00bd 19       		.uleb128 0x19
 1268 00be 20       		.uleb128 0x20
 1269 00bf 0B       		.uleb128 0xb
 1270 00c0 00       		.byte	0
 1271 00c1 00       		.byte	0
 1272 00c2 11       		.uleb128 0x11
 1273 00c3 2E       		.uleb128 0x2e
 1274 00c4 01       		.byte	0x1
 1275 00c5 3F       		.uleb128 0x3f
 1276 00c6 19       		.uleb128 0x19
ARM GAS  C:\Users\Austina\AppData\Local\Temp\ccCfEnW1.s 			page 26


 1277 00c7 03       		.uleb128 0x3
 1278 00c8 0E       		.uleb128 0xe
 1279 00c9 3A       		.uleb128 0x3a
 1280 00ca 0B       		.uleb128 0xb
 1281 00cb 3B       		.uleb128 0x3b
 1282 00cc 0B       		.uleb128 0xb
 1283 00cd 27       		.uleb128 0x27
 1284 00ce 19       		.uleb128 0x19
 1285 00cf 49       		.uleb128 0x49
 1286 00d0 13       		.uleb128 0x13
 1287 00d1 8701     		.uleb128 0x87
 1288 00d3 19       		.uleb128 0x19
 1289 00d4 11       		.uleb128 0x11
 1290 00d5 01       		.uleb128 0x1
 1291 00d6 12       		.uleb128 0x12
 1292 00d7 06       		.uleb128 0x6
 1293 00d8 40       		.uleb128 0x40
 1294 00d9 18       		.uleb128 0x18
 1295 00da 9742     		.uleb128 0x2117
 1296 00dc 19       		.uleb128 0x19
 1297 00dd 01       		.uleb128 0x1
 1298 00de 13       		.uleb128 0x13
 1299 00df 00       		.byte	0
 1300 00e0 00       		.byte	0
 1301 00e1 12       		.uleb128 0x12
 1302 00e2 1D       		.uleb128 0x1d
 1303 00e3 00       		.byte	0
 1304 00e4 31       		.uleb128 0x31
 1305 00e5 13       		.uleb128 0x13
 1306 00e6 11       		.uleb128 0x11
 1307 00e7 01       		.uleb128 0x1
 1308 00e8 12       		.uleb128 0x12
 1309 00e9 06       		.uleb128 0x6
 1310 00ea 58       		.uleb128 0x58
 1311 00eb 0B       		.uleb128 0xb
 1312 00ec 59       		.uleb128 0x59
 1313 00ed 0B       		.uleb128 0xb
 1314 00ee 00       		.byte	0
 1315 00ef 00       		.byte	0
 1316 00f0 13       		.uleb128 0x13
 1317 00f1 898201   		.uleb128 0x4109
 1318 00f4 01       		.byte	0x1
 1319 00f5 11       		.uleb128 0x11
 1320 00f6 01       		.uleb128 0x1
 1321 00f7 31       		.uleb128 0x31
 1322 00f8 13       		.uleb128 0x13
 1323 00f9 00       		.byte	0
 1324 00fa 00       		.byte	0
 1325 00fb 14       		.uleb128 0x14
 1326 00fc 8A8201   		.uleb128 0x410a
 1327 00ff 00       		.byte	0
 1328 0100 02       		.uleb128 0x2
 1329 0101 18       		.uleb128 0x18
 1330 0102 9142     		.uleb128 0x2111
 1331 0104 18       		.uleb128 0x18
 1332 0105 00       		.byte	0
 1333 0106 00       		.byte	0
ARM GAS  C:\Users\Austina\AppData\Local\Temp\ccCfEnW1.s 			page 27


 1334 0107 15       		.uleb128 0x15
 1335 0108 34       		.uleb128 0x34
 1336 0109 00       		.byte	0
 1337 010a 03       		.uleb128 0x3
 1338 010b 0E       		.uleb128 0xe
 1339 010c 3A       		.uleb128 0x3a
 1340 010d 0B       		.uleb128 0xb
 1341 010e 3B       		.uleb128 0x3b
 1342 010f 0B       		.uleb128 0xb
 1343 0110 49       		.uleb128 0x49
 1344 0111 13       		.uleb128 0x13
 1345 0112 3F       		.uleb128 0x3f
 1346 0113 19       		.uleb128 0x19
 1347 0114 3C       		.uleb128 0x3c
 1348 0115 19       		.uleb128 0x19
 1349 0116 00       		.byte	0
 1350 0117 00       		.byte	0
 1351 0118 16       		.uleb128 0x16
 1352 0119 26       		.uleb128 0x26
 1353 011a 00       		.byte	0
 1354 011b 49       		.uleb128 0x49
 1355 011c 13       		.uleb128 0x13
 1356 011d 00       		.byte	0
 1357 011e 00       		.byte	0
 1358 011f 17       		.uleb128 0x17
 1359 0120 2E       		.uleb128 0x2e
 1360 0121 00       		.byte	0
 1361 0122 3F       		.uleb128 0x3f
 1362 0123 19       		.uleb128 0x19
 1363 0124 3C       		.uleb128 0x3c
 1364 0125 19       		.uleb128 0x19
 1365 0126 6E       		.uleb128 0x6e
 1366 0127 0E       		.uleb128 0xe
 1367 0128 03       		.uleb128 0x3
 1368 0129 0E       		.uleb128 0xe
 1369 012a 3A       		.uleb128 0x3a
 1370 012b 0B       		.uleb128 0xb
 1371 012c 3B       		.uleb128 0x3b
 1372 012d 05       		.uleb128 0x5
 1373 012e 00       		.byte	0
 1374 012f 00       		.byte	0
 1375 0130 00       		.byte	0
 1376              		.section	.debug_aranges,"",%progbits
 1377 0000 1C000000 		.4byte	0x1c
 1378 0004 0200     		.2byte	0x2
 1379 0006 00000000 		.4byte	.Ldebug_info0
 1380 000a 04       		.byte	0x4
 1381 000b 00       		.byte	0
 1382 000c 0000     		.2byte	0
 1383 000e 0000     		.2byte	0
 1384 0010 00000000 		.4byte	.LFB587
 1385 0014 10000000 		.4byte	.LFE587-.LFB587
 1386 0018 00000000 		.4byte	0
 1387 001c 00000000 		.4byte	0
 1388              		.section	.debug_ranges,"",%progbits
 1389              	.Ldebug_ranges0:
 1390 0000 00000000 		.4byte	.LFB587
ARM GAS  C:\Users\Austina\AppData\Local\Temp\ccCfEnW1.s 			page 28


 1391 0004 10000000 		.4byte	.LFE587
 1392 0008 00000000 		.4byte	0
 1393 000c 00000000 		.4byte	0
 1394              		.section	.debug_line,"",%progbits
 1395              	.Ldebug_line0:
 1396 0000 B7020000 		.section	.debug_str,"MS",%progbits,1
 1396      02009602 
 1396      00000201 
 1396      FB0E0D00 
 1396      01010101 
 1397              	.LASF54:
 1398 0000 70726F74 		.ascii	"protBusMasterMask\000"
 1398      4275734D 
 1398      61737465 
 1398      724D6173 
 1398      6B00
 1399              	.LASF132:
 1400 0012 72756E4D 		.ascii	"runMode\000"
 1400      6F646500 
 1401              	.LASF118:
 1402 001a 72784275 		.ascii	"rxBufSize\000"
 1402      6653697A 
 1402      6500
 1403              	.LASF64:
 1404 0024 666C6173 		.ascii	"flashCtlMainWs3Freq\000"
 1404      6843746C 
 1404      4D61696E 
 1404      57733346 
 1404      72657100 
 1405              	.LASF86:
 1406 0038 6770696F 		.ascii	"gpioPrtCfgInOffset\000"
 1406      50727443 
 1406      6667496E 
 1406      4F666673 
 1406      657400
 1407              	.LASF150:
 1408 004b 6B696C6C 		.ascii	"killInput\000"
 1408      496E7075 
 1408      7400
 1409              	.LASF104:
 1410 0055 6970634C 		.ascii	"ipcLockStatusOffset\000"
 1410      6F636B53 
 1410      74617475 
 1410      734F6666 
 1410      73657400 
 1411              	.LASF30:
 1412 0069 63727970 		.ascii	"cryptoVersion\000"
 1412      746F5665 
 1412      7273696F 
 1412      6E00
 1413              	.LASF48:
 1414 0077 70657269 		.ascii	"periClockNr\000"
 1414      436C6F63 
 1414      6B4E7200 
 1415              	.LASF26:
 1416 0083 70617373 		.ascii	"passBase\000"
 1416      42617365 
ARM GAS  C:\Users\Austina\AppData\Local\Temp\ccCfEnW1.s 			page 29


 1416      00
 1417              	.LASF162:
 1418 008c 6D61696E 		.ascii	"main_cm0p.c\000"
 1418      5F636D30 
 1418      702E6300 
 1419              	.LASF130:
 1420 0098 70776D41 		.ascii	"pwmAlignment\000"
 1420      6C69676E 
 1420      6D656E74 
 1420      00
 1421              	.LASF39:
 1422 00a5 63707573 		.ascii	"cpussIpcIrqNr\000"
 1422      73497063 
 1422      4972714E 
 1422      7200
 1423              	.LASF163:
 1424 00b3 433A5C41 		.ascii	"C:\\Alen\\GitHub_Denzerek\\testThearm\\BLEControlle"
 1424      6C656E5C 
 1424      47697448 
 1424      75625F44 
 1424      656E7A65 
 1425 00e2 6441726D 		.ascii	"dArm\\BLE_ARM_Workspace\\BLEArmControl.cydsn\000"
 1425      5C424C45 
 1425      5F41524D 
 1425      5F576F72 
 1425      6B737061 
 1426              	.LASF83:
 1427 010d 70657269 		.ascii	"periDiv24_5CtlOffset\000"
 1427      44697632 
 1427      345F3543 
 1427      746C4F66 
 1427      66736574 
 1428              	.LASF90:
 1429 0122 63707573 		.ascii	"cpussCm4ClockCtlOffset\000"
 1429      73436D34 
 1429      436C6F63 
 1429      6B43746C 
 1429      4F666673 
 1430              	.LASF19:
 1431 0139 63707573 		.ascii	"cpussBase\000"
 1431      73426173 
 1431      6500
 1432              	.LASF68:
 1433 0143 64774368 		.ascii	"dwChCtlPrioPos\000"
 1433      43746C50 
 1433      72696F50 
 1433      6F7300
 1434              	.LASF11:
 1435 0152 6C6F6E67 		.ascii	"long long unsigned int\000"
 1435      206C6F6E 
 1435      6720756E 
 1435      7369676E 
 1435      65642069 
 1436              	.LASF129:
 1437 0169 636C6F63 		.ascii	"clockPrescaler\000"
 1437      6B507265 
 1437      7363616C 
ARM GAS  C:\Users\Austina\AppData\Local\Temp\ccCfEnW1.s 			page 30


 1437      657200
 1438              	.LASF158:
 1439 0178 4C454442 		.ascii	"LEDBlink_config\000"
 1439      6C696E6B 
 1439      5F636F6E 
 1439      66696700 
 1440              	.LASF72:
 1441 0188 70657269 		.ascii	"periTrCmdOffset\000"
 1441      5472436D 
 1441      644F6666 
 1441      73657400 
 1442              	.LASF113:
 1443 0198 72785269 		.ascii	"rxRingBuf\000"
 1443      6E674275 
 1443      6600
 1444              	.LASF96:
 1445 01a2 63707573 		.ascii	"cpussSysTickCtlOffset\000"
 1445      73537973 
 1445      5469636B 
 1445      43746C4F 
 1445      66667365 
 1446              	.LASF120:
 1447 01b8 74784275 		.ascii	"txBuf\000"
 1447      6600
 1448              	.LASF57:
 1449 01be 666C6173 		.ascii	"flashPipeRequired\000"
 1449      68506970 
 1449      65526571 
 1449      75697265 
 1449      6400
 1450              	.LASF61:
 1451 01d0 666C6173 		.ascii	"flashCtlMainWs0Freq\000"
 1451      6843746C 
 1451      4D61696E 
 1451      57733046 
 1451      72657100 
 1452              	.LASF14:
 1453 01e4 696E7431 		.ascii	"int16_t\000"
 1453      365F7400 
 1454              	.LASF10:
 1455 01ec 6C6F6E67 		.ascii	"long long int\000"
 1455      206C6F6E 
 1455      6720696E 
 1455      7400
 1456              	.LASF2:
 1457 01fa 7369676E 		.ascii	"signed char\000"
 1457      65642063 
 1457      68617200 
 1458              	.LASF77:
 1459 0206 70657269 		.ascii	"periDivCmdTypeSelPos\000"
 1459      44697643 
 1459      6D645479 
 1459      70655365 
 1459      6C506F73 
 1460              	.LASF122:
 1461 021b 74784C65 		.ascii	"txLeftToTransmit\000"
 1461      6674546F 
ARM GAS  C:\Users\Austina\AppData\Local\Temp\ccCfEnW1.s 			page 31


 1461      5472616E 
 1461      736D6974 
 1461      00
 1462              	.LASF23:
 1463 022c 70726F74 		.ascii	"protBase\000"
 1463      42617365 
 1463      00
 1464              	.LASF35:
 1465 0235 69706356 		.ascii	"ipcVersion\000"
 1465      65727369 
 1465      6F6E00
 1466              	.LASF97:
 1467 0240 63707573 		.ascii	"cpussCm0NmiCtlOffset\000"
 1467      73436D30 
 1467      4E6D6943 
 1467      746C4F66 
 1467      66736574 
 1468              	.LASF45:
 1469 0255 73727373 		.ascii	"srssNumClkpath\000"
 1469      4E756D43 
 1469      6C6B7061 
 1469      746800
 1470              	.LASF24:
 1471 0264 6873696F 		.ascii	"hsiomBase\000"
 1471      6D426173 
 1471      6500
 1472              	.LASF127:
 1473 026e 63795F73 		.ascii	"cy_stc_tcpwm_pwm_config\000"
 1473      74635F74 
 1473      6370776D 
 1473      5F70776D 
 1473      5F636F6E 
 1474              	.LASF7:
 1475 0286 6C6F6E67 		.ascii	"long int\000"
 1475      20696E74 
 1475      00
 1476              	.LASF55:
 1477 028f 63727970 		.ascii	"cryptoMemSize\000"
 1477      746F4D65 
 1477      6D53697A 
 1477      6500
 1478              	.LASF156:
 1479 029d 50574D5F 		.ascii	"PWM_1_config\000"
 1479      315F636F 
 1479      6E666967 
 1479      00
 1480              	.LASF21:
 1481 02aa 70657269 		.ascii	"periBase\000"
 1481      42617365 
 1481      00
 1482              	.LASF53:
 1483 02b3 73797350 		.ascii	"sysPmSimoPresent\000"
 1483      6D53696D 
 1483      6F507265 
 1483      73656E74 
 1483      00
 1484              	.LASF43:
ARM GAS  C:\Users\Austina\AppData\Local\Temp\ccCfEnW1.s 			page 32


 1485 02c4 63707573 		.ascii	"cpussFmIrq\000"
 1485      73466D49 
 1485      727100
 1486              	.LASF108:
 1487 02cf 646F7562 		.ascii	"double\000"
 1487      6C6500
 1488              	.LASF82:
 1489 02d6 70657269 		.ascii	"periDiv16_5CtlOffset\000"
 1489      44697631 
 1489      365F3543 
 1489      746C4F66 
 1489      66736574 
 1490              	.LASF46:
 1491 02eb 73727373 		.ascii	"srssNumPll\000"
 1491      4E756D50 
 1491      6C6C00
 1492              	.LASF165:
 1493 02f6 6D61696E 		.ascii	"main\000"
 1493      00
 1494              	.LASF80:
 1495 02fb 70657269 		.ascii	"periDiv8CtlOffset\000"
 1495      44697638 
 1495      43746C4F 
 1495      66667365 
 1495      7400
 1496              	.LASF87:
 1497 030d 6770696F 		.ascii	"gpioPrtCfgOutOffset\000"
 1497      50727443 
 1497      66674F75 
 1497      744F6666 
 1497      73657400 
 1498              	.LASF20:
 1499 0321 666C6173 		.ascii	"flashcBase\000"
 1499      68634261 
 1499      736500
 1500              	.LASF8:
 1501 032c 5F5F7569 		.ascii	"__uint32_t\000"
 1501      6E743332 
 1501      5F7400
 1502              	.LASF50:
 1503 0337 70617373 		.ascii	"passSarChannels\000"
 1503      53617243 
 1503      68616E6E 
 1503      656C7300 
 1504              	.LASF4:
 1505 0347 5F5F696E 		.ascii	"__int16_t\000"
 1505      7431365F 
 1505      7400
 1506              	.LASF119:
 1507 0351 72784275 		.ascii	"rxBufIdx\000"
 1507      66496478 
 1507      00
 1508              	.LASF93:
 1509 035a 63707573 		.ascii	"cpussCm4PwrCtlOffset\000"
 1509      73436D34 
 1509      50777243 
 1509      746C4F66 
ARM GAS  C:\Users\Austina\AppData\Local\Temp\ccCfEnW1.s 			page 33


 1509      66736574 
 1510              	.LASF121:
 1511 036f 74784275 		.ascii	"txBufSize\000"
 1511      6653697A 
 1511      6500
 1512              	.LASF139:
 1513 0379 696E7465 		.ascii	"interruptSources\000"
 1513      72727570 
 1513      74536F75 
 1513      72636573 
 1513      00
 1514              	.LASF88:
 1515 038a 6770696F 		.ascii	"gpioPrtCfgSioOffset\000"
 1515      50727443 
 1515      66675369 
 1515      6F4F6666 
 1515      73657400 
 1516              	.LASF40:
 1517 039e 63707573 		.ascii	"cpussDwChNr\000"
 1517      73447743 
 1517      684E7200 
 1518              	.LASF12:
 1519 03aa 756E7369 		.ascii	"unsigned int\000"
 1519      676E6564 
 1519      20696E74 
 1519      00
 1520              	.LASF15:
 1521 03b7 75696E74 		.ascii	"uint16_t\000"
 1521      31365F74 
 1521      00
 1522              	.LASF73:
 1523 03c0 70657269 		.ascii	"periTrCmdGrSelMsk\000"
 1523      5472436D 
 1523      64477253 
 1523      656C4D73 
 1523      6B00
 1524              	.LASF62:
 1525 03d2 666C6173 		.ascii	"flashCtlMainWs1Freq\000"
 1525      6843746C 
 1525      4D61696E 
 1525      57733146 
 1525      72657100 
 1526              	.LASF9:
 1527 03e6 6C6F6E67 		.ascii	"long unsigned int\000"
 1527      20756E73 
 1527      69676E65 
 1527      6420696E 
 1527      7400
 1528              	.LASF138:
 1529 03f8 656E6162 		.ascii	"enableCompareSwap\000"
 1529      6C65436F 
 1529      6D706172 
 1529      65537761 
 1529      7000
 1530              	.LASF110:
 1531 040a 63795F63 		.ascii	"cy_cb_scb_uart_handle_events_t\000"
 1531      625F7363 
ARM GAS  C:\Users\Austina\AppData\Local\Temp\ccCfEnW1.s 			page 34


 1531      625F7561 
 1531      72745F68 
 1531      616E646C 
 1532              	.LASF155:
 1533 0429 55415254 		.ascii	"UART_context\000"
 1533      5F636F6E 
 1533      74657874 
 1533      00
 1534              	.LASF38:
 1535 0436 63707573 		.ascii	"cpussIpcNr\000"
 1535      73497063 
 1535      4E7200
 1536              	.LASF25:
 1537 0441 6770696F 		.ascii	"gpioBase\000"
 1537      42617365 
 1537      00
 1538              	.LASF51:
 1539 044a 65704D6F 		.ascii	"epMonitorNr\000"
 1539      6E69746F 
 1539      724E7200 
 1540              	.LASF111:
 1541 0456 74785374 		.ascii	"txStatus\000"
 1541      61747573 
 1541      00
 1542              	.LASF143:
 1543 045f 73776170 		.ascii	"swapInputMode\000"
 1543      496E7075 
 1543      744D6F64 
 1543      6500
 1544              	.LASF74:
 1545 046d 70657269 		.ascii	"periTrGrOffset\000"
 1545      54724772 
 1545      4F666673 
 1545      657400
 1546              	.LASF101:
 1547 047c 63707573 		.ascii	"cpussRam1Ctl0\000"
 1547      7352616D 
 1547      3143746C 
 1547      3000
 1548              	.LASF149:
 1549 048a 6B696C6C 		.ascii	"killInputMode\000"
 1549      496E7075 
 1549      744D6F64 
 1549      6500
 1550              	.LASF123:
 1551 0498 63624576 		.ascii	"cbEvents\000"
 1551      656E7473 
 1551      00
 1552              	.LASF75:
 1553 04a1 70657269 		.ascii	"periTrGrSize\000"
 1553      54724772 
 1553      53697A65 
 1553      00
 1554              	.LASF166:
 1555 04ae 43795F53 		.ascii	"Cy_SysEnableCM4\000"
 1555      7973456E 
 1555      61626C65 
ARM GAS  C:\Users\Austina\AppData\Local\Temp\ccCfEnW1.s 			page 35


 1555      434D3400 
 1556              	.LASF33:
 1557 04be 6770696F 		.ascii	"gpioVersion\000"
 1557      56657273 
 1557      696F6E00 
 1558              	.LASF105:
 1559 04ca 63795F73 		.ascii	"cy_stc_device_t\000"
 1559      74635F64 
 1559      65766963 
 1559      655F7400 
 1560              	.LASF140:
 1561 04da 696E7665 		.ascii	"invertPWMOut\000"
 1561      72745057 
 1561      4D4F7574 
 1561      00
 1562              	.LASF131:
 1563 04e7 64656164 		.ascii	"deadTimeClocks\000"
 1563      54696D65 
 1563      436C6F63 
 1563      6B7300
 1564              	.LASF115:
 1565 04f6 72785269 		.ascii	"rxRingBufHead\000"
 1565      6E674275 
 1565      66486561 
 1565      6400
 1566              	.LASF94:
 1567 0504 63707573 		.ascii	"cpussTrimRamCtlOffset\000"
 1567      73547269 
 1567      6D52616D 
 1567      43746C4F 
 1567      66667365 
 1568              	.LASF148:
 1569 051a 73746172 		.ascii	"startInput\000"
 1569      74496E70 
 1569      757400
 1570              	.LASF29:
 1571 0525 63707573 		.ascii	"cpussVersion\000"
 1571      73566572 
 1571      73696F6E 
 1571      00
 1572              	.LASF36:
 1573 0532 70657269 		.ascii	"periVersion\000"
 1573      56657273 
 1573      696F6E00 
 1574              	.LASF92:
 1575 053e 63707573 		.ascii	"cpussCm0StatusOffset\000"
 1575      73436D30 
 1575      53746174 
 1575      75734F66 
 1575      66736574 
 1576              	.LASF17:
 1577 0553 73697A65 		.ascii	"sizetype\000"
 1577      74797065 
 1577      00
 1578              	.LASF66:
 1579 055c 64774368 		.ascii	"dwChOffset\000"
 1579      4F666673 
ARM GAS  C:\Users\Austina\AppData\Local\Temp\ccCfEnW1.s 			page 36


 1579      657400
 1580              	.LASF41:
 1581 0567 63707573 		.ascii	"cpussFlashPaSize\000"
 1581      73466C61 
 1581      73685061 
 1581      53697A65 
 1581      00
 1582              	.LASF79:
 1583 0578 70657269 		.ascii	"periDivCmdPaTypeSelPos\000"
 1583      44697643 
 1583      6D645061 
 1583      54797065 
 1583      53656C50 
 1584              	.LASF102:
 1585 058f 63707573 		.ascii	"cpussRam2Ctl0\000"
 1585      7352616D 
 1585      3243746C 
 1585      3000
 1586              	.LASF70:
 1587 059d 64775374 		.ascii	"dwStatusChIdxPos\000"
 1587      61747573 
 1587      43684964 
 1587      78506F73 
 1587      00
 1588              	.LASF52:
 1589 05ae 75646250 		.ascii	"udbPresent\000"
 1589      72657365 
 1589      6E7400
 1590              	.LASF112:
 1591 05b9 72785374 		.ascii	"rxStatus\000"
 1591      61747573 
 1591      00
 1592              	.LASF32:
 1593 05c2 666C6173 		.ascii	"flashcVersion\000"
 1593      68635665 
 1593      7273696F 
 1593      6E00
 1594              	.LASF28:
 1595 05d0 63727970 		.ascii	"cryptoBase\000"
 1595      746F4261 
 1595      736500
 1596              	.LASF49:
 1597 05db 736D6966 		.ascii	"smifDeviceNr\000"
 1597      44657669 
 1597      63654E72 
 1597      00
 1598              	.LASF164:
 1599 05e8 5F5F656E 		.ascii	"__enable_irq\000"
 1599      61626C65 
 1599      5F697271 
 1599      00
 1600              	.LASF128:
 1601 05f5 70776D4D 		.ascii	"pwmMode\000"
 1601      6F646500 
 1602              	.LASF107:
 1603 05fd 666C6F61 		.ascii	"float\000"
 1603      7400
ARM GAS  C:\Users\Austina\AppData\Local\Temp\ccCfEnW1.s 			page 37


 1604              	.LASF71:
 1605 0603 64775374 		.ascii	"dwStatusChIdxMsk\000"
 1605      61747573 
 1605      43684964 
 1605      784D736B 
 1605      00
 1606              	.LASF154:
 1607 0614 63795F64 		.ascii	"cy_device\000"
 1607      65766963 
 1607      6500
 1608              	.LASF99:
 1609 061e 63707573 		.ascii	"cpussRomCtl\000"
 1609      73526F6D 
 1609      43746C00 
 1610              	.LASF157:
 1611 062a 50574D5F 		.ascii	"PWM_RED_config\000"
 1611      5245445F 
 1611      636F6E66 
 1611      696700
 1612              	.LASF69:
 1613 0639 64774368 		.ascii	"dwChCtlPreemptablePos\000"
 1613      43746C50 
 1613      7265656D 
 1613      70746162 
 1613      6C65506F 
 1614              	.LASF142:
 1615 064f 6B696C6C 		.ascii	"killMode\000"
 1615      4D6F6465 
 1615      00
 1616              	.LASF22:
 1617 0658 75646242 		.ascii	"udbBase\000"
 1617      61736500 
 1618              	.LASF109:
 1619 0660 5F426F6F 		.ascii	"_Bool\000"
 1619      6C00
 1620              	.LASF1:
 1621 0666 756E7369 		.ascii	"unsigned char\000"
 1621      676E6564 
 1621      20636861 
 1621      7200
 1622              	.LASF65:
 1623 0674 666C6173 		.ascii	"flashCtlMainWs4Freq\000"
 1623      6843746C 
 1623      4D61696E 
 1623      57733446 
 1623      72657100 
 1624              	.LASF0:
 1625 0688 73686F72 		.ascii	"short int\000"
 1625      7420696E 
 1625      7400
 1626              	.LASF76:
 1627 0692 70657269 		.ascii	"periDivCmdDivSelMsk\000"
 1627      44697643 
 1627      6D644469 
 1627      7653656C 
 1627      4D736B00 
 1628              	.LASF160:
ARM GAS  C:\Users\Austina\AppData\Local\Temp\ccCfEnW1.s 			page 38


 1629 06a6 44696D6D 		.ascii	"Dimmer_config\000"
 1629      65725F63 
 1629      6F6E6669 
 1629      6700
 1630              	.LASF63:
 1631 06b4 666C6173 		.ascii	"flashCtlMainWs2Freq\000"
 1631      6843746C 
 1631      4D61696E 
 1631      57733246 
 1631      72657100 
 1632              	.LASF135:
 1633 06c8 656E6162 		.ascii	"enablePeriodSwap\000"
 1633      6C655065 
 1633      72696F64 
 1633      53776170 
 1633      00
 1634              	.LASF144:
 1635 06d9 73776170 		.ascii	"swapInput\000"
 1635      496E7075 
 1635      7400
 1636              	.LASF47:
 1637 06e3 73727373 		.ascii	"srssNumHfroot\000"
 1637      4E756D48 
 1637      66726F6F 
 1637      7400
 1638              	.LASF60:
 1639 06f1 666C6173 		.ascii	"flashEraseDelay\000"
 1639      68457261 
 1639      73654465 
 1639      6C617900 
 1640              	.LASF16:
 1641 0701 75696E74 		.ascii	"uint32_t\000"
 1641      33325F74 
 1641      00
 1642              	.LASF98:
 1643 070a 63707573 		.ascii	"cpussCm4NmiCtlOffset\000"
 1643      73436D34 
 1643      4E6D6943 
 1643      746C4F66 
 1643      66736574 
 1644              	.LASF3:
 1645 071f 5F5F7569 		.ascii	"__uint8_t\000"
 1645      6E74385F 
 1645      7400
 1646              	.LASF161:
 1647 0729 474E5520 		.ascii	"GNU C11 5.4.1 20160609 (release) [ARM/embedded-5-br"
 1647      43313120 
 1647      352E342E 
 1647      31203230 
 1647      31363036 
 1648 075c 616E6368 		.ascii	"anch revision 237715] -mcpu=cortex-m0plus -mthumb -"
 1648      20726576 
 1648      6973696F 
 1648      6E203233 
 1648      37373135 
 1649 078f 67202D4F 		.ascii	"g -Og -ffunction-sections -ffat-lto-objects\000"
 1649      67202D66 
ARM GAS  C:\Users\Austina\AppData\Local\Temp\ccCfEnW1.s 			page 39


 1649      66756E63 
 1649      74696F6E 
 1649      2D736563 
 1650              	.LASF136:
 1651 07bb 636F6D70 		.ascii	"compare0\000"
 1651      61726530 
 1651      00
 1652              	.LASF18:
 1653 07c4 6C6F6E67 		.ascii	"long double\000"
 1653      20646F75 
 1653      626C6500 
 1654              	.LASF106:
 1655 07d0 63686172 		.ascii	"char\000"
 1655      00
 1656              	.LASF152:
 1657 07d5 636F756E 		.ascii	"countInput\000"
 1657      74496E70 
 1657      757400
 1658              	.LASF37:
 1659 07e0 70726F74 		.ascii	"protVersion\000"
 1659      56657273 
 1659      696F6E00 
 1660              	.LASF100:
 1661 07ec 63707573 		.ascii	"cpussRam0Ctl0\000"
 1661      7352616D 
 1661      3043746C 
 1661      3000
 1662              	.LASF5:
 1663 07fa 5F5F7569 		.ascii	"__uint16_t\000"
 1663      6E743136 
 1663      5F7400
 1664              	.LASF81:
 1665 0805 70657269 		.ascii	"periDiv16CtlOffset\000"
 1665      44697631 
 1665      3643746C 
 1665      4F666673 
 1665      657400
 1666              	.LASF34:
 1667 0818 6873696F 		.ascii	"hsiomVersion\000"
 1667      6D566572 
 1667      73696F6E 
 1667      00
 1668              	.LASF59:
 1669 0825 666C6173 		.ascii	"flashProgramDelay\000"
 1669      6850726F 
 1669      6772616D 
 1669      44656C61 
 1669      7900
 1670              	.LASF114:
 1671 0837 72785269 		.ascii	"rxRingBufSize\000"
 1671      6E674275 
 1671      6653697A 
 1671      6500
 1672              	.LASF146:
 1673 0845 72656C6F 		.ascii	"reloadInput\000"
 1673      6164496E 
 1673      70757400 
ARM GAS  C:\Users\Austina\AppData\Local\Temp\ccCfEnW1.s 			page 40


 1674              	.LASF6:
 1675 0851 73686F72 		.ascii	"short unsigned int\000"
 1675      7420756E 
 1675      7369676E 
 1675      65642069 
 1675      6E7400
 1676              	.LASF67:
 1677 0864 64774368 		.ascii	"dwChSize\000"
 1677      53697A65 
 1677      00
 1678              	.LASF103:
 1679 086d 69706353 		.ascii	"ipcStructSize\000"
 1679      74727563 
 1679      7453697A 
 1679      6500
 1680              	.LASF147:
 1681 087b 73746172 		.ascii	"startInputMode\000"
 1681      74496E70 
 1681      75744D6F 
 1681      646500
 1682              	.LASF42:
 1683 088a 63707573 		.ascii	"cpussIpc0Irq\000"
 1683      73497063 
 1683      30497271 
 1683      00
 1684              	.LASF133:
 1685 0897 70657269 		.ascii	"period0\000"
 1685      6F643000 
 1686              	.LASF134:
 1687 089f 70657269 		.ascii	"period1\000"
 1687      6F643100 
 1688              	.LASF137:
 1689 08a7 636F6D70 		.ascii	"compare1\000"
 1689      61726531 
 1689      00
 1690              	.LASF89:
 1691 08b0 63707573 		.ascii	"cpussCm0ClockCtlOffset\000"
 1691      73436D30 
 1691      436C6F63 
 1691      6B43746C 
 1691      4F666673 
 1692              	.LASF85:
 1693 08c7 6770696F 		.ascii	"gpioPrtCfgOffset\000"
 1693      50727443 
 1693      66674F66 
 1693      66736574 
 1693      00
 1694              	.LASF124:
 1695 08d8 696E6974 		.ascii	"initKey\000"
 1695      4B657900 
 1696              	.LASF117:
 1697 08e0 72784275 		.ascii	"rxBuf\000"
 1697      6600
 1698              	.LASF125:
 1699 08e6 63795F73 		.ascii	"cy_stc_scb_uart_context_t\000"
 1699      74635F73 
 1699      63625F75 
ARM GAS  C:\Users\Austina\AppData\Local\Temp\ccCfEnW1.s 			page 41


 1699      6172745F 
 1699      636F6E74 
 1700              	.LASF44:
 1701 0900 63707573 		.ascii	"cpussNotConnectedIrq\000"
 1701      734E6F74 
 1701      436F6E6E 
 1701      65637465 
 1701      64497271 
 1702              	.LASF141:
 1703 0915 696E7665 		.ascii	"invertPWMOutN\000"
 1703      72745057 
 1703      4D4F7574 
 1703      4E00
 1704              	.LASF58:
 1705 0923 666C6173 		.ascii	"flashWriteDelay\000"
 1705      68577269 
 1705      74654465 
 1705      6C617900 
 1706              	.LASF13:
 1707 0933 75696E74 		.ascii	"uint8_t\000"
 1707      385F7400 
 1708              	.LASF159:
 1709 093b 50574D5F 		.ascii	"PWM_2_config\000"
 1709      325F636F 
 1709      6E666967 
 1709      00
 1710              	.LASF91:
 1711 0948 63707573 		.ascii	"cpussCm4StatusOffset\000"
 1711      73436D34 
 1711      53746174 
 1711      75734F66 
 1711      66736574 
 1712              	.LASF84:
 1713 095d 6770696F 		.ascii	"gpioPrtIntrCfgOffset\000"
 1713      50727449 
 1713      6E747243 
 1713      66674F66 
 1713      66736574 
 1714              	.LASF153:
 1715 0972 63795F73 		.ascii	"cy_stc_tcpwm_pwm_config_t\000"
 1715      74635F74 
 1715      6370776D 
 1715      5F70776D 
 1715      5F636F6E 
 1716              	.LASF145:
 1717 098c 72656C6F 		.ascii	"reloadInputMode\000"
 1717      6164496E 
 1717      7075744D 
 1717      6F646500 
 1718              	.LASF116:
 1719 099c 72785269 		.ascii	"rxRingBufTail\000"
 1719      6E674275 
 1719      66546169 
 1719      6C00
 1720              	.LASF95:
 1721 09aa 63707573 		.ascii	"cpussTrimRomCtlOffset\000"
 1721      73547269 
ARM GAS  C:\Users\Austina\AppData\Local\Temp\ccCfEnW1.s 			page 42


 1721      6D526F6D 
 1721      43746C4F 
 1721      66667365 
 1722              	.LASF151:
 1723 09c0 636F756E 		.ascii	"countInputMode\000"
 1723      74496E70 
 1723      75744D6F 
 1723      646500
 1724              	.LASF31:
 1725 09cf 64775665 		.ascii	"dwVersion\000"
 1725      7273696F 
 1725      6E00
 1726              	.LASF27:
 1727 09d9 69706342 		.ascii	"ipcBase\000"
 1727      61736500 
 1728              	.LASF78:
 1729 09e1 70657269 		.ascii	"periDivCmdPaDivSelPos\000"
 1729      44697643 
 1729      6D645061 
 1729      44697653 
 1729      656C506F 
 1730              	.LASF126:
 1731 09f7 63795F73 		.ascii	"cy_stc_scb_uart_context\000"
 1731      74635F73 
 1731      63625F75 
 1731      6172745F 
 1731      636F6E74 
 1732              	.LASF56:
 1733 0a0f 666C6173 		.ascii	"flashRwwRequired\000"
 1733      68527777 
 1733      52657175 
 1733      69726564 
 1733      00
 1734              		.ident	"GCC: (GNU Tools for ARM Embedded Processors) 5.4.1 20160609 (release) [ARM/embedded-5-bran
