ARM GAS  C:\Users\Austina\AppData\Local\Temp\ccFnJDs9.s 			page 1


   1              		.syntax unified
   2              		.cpu cortex-m4
   3              		.eabi_attribute 27, 1
   4              		.fpu fpv4-sp-d16
   5              		.eabi_attribute 20, 1
   6              		.eabi_attribute 21, 1
   7              		.eabi_attribute 23, 3
   8              		.eabi_attribute 24, 1
   9              		.eabi_attribute 25, 1
  10              		.eabi_attribute 26, 1
  11              		.eabi_attribute 30, 1
  12              		.eabi_attribute 34, 1
  13              		.eabi_attribute 18, 4
  14              		.thumb
  15              		.syntax unified
  16              		.file	"main_cm4.c"
  17              		.text
  18              	.Ltext0:
  19              		.cfi_sections	.debug_frame
  20              		.section	.text.main,"ax",%progbits
  21              		.align	2
  22              		.global	main
  23              		.thumb
  24              		.thumb_func
  25              		.type	main, %function
  26              	main:
  27              	.LFB409:
  28              		.file 1 "main_cm4.c"
   1:main_cm4.c    **** /* ========================================
   2:main_cm4.c    ****  *
   3:main_cm4.c    ****  * Copyright YOUR COMPANY, THE YEAR
   4:main_cm4.c    ****  * All Rights Reserved
   5:main_cm4.c    ****  * UNPUBLISHED, LICENSED SOFTWARE.
   6:main_cm4.c    ****  *
   7:main_cm4.c    ****  * CONFIDENTIAL AND PROPRIETARY INFORMATION
   8:main_cm4.c    ****  * WHICH IS THE PROPERTY OF your company.
   9:main_cm4.c    ****  *
  10:main_cm4.c    ****  * ========================================
  11:main_cm4.c    **** */
  12:main_cm4.c    **** #include "project.h"
  13:main_cm4.c    **** 
  14:main_cm4.c    **** int main(void)
  15:main_cm4.c    **** {
  29              		.loc 1 15 0
  30              		.cfi_startproc
  31              		@ Volatile: function does not return.
  32              		@ args = 0, pretend = 0, frame = 0
  33              		@ frame_needed = 0, uses_anonymous_args = 0
  34 0000 08B5     		push	{r3, lr}
  35              		.cfi_def_cfa_offset 8
  36              		.cfi_offset 3, -8
  37              		.cfi_offset 14, -4
  38              	.LBB4:
  39              	.LBB5:
  40              		.file 2 "Generated_Source\\PSoC6\\pdl\\cmsis/include/cmsis_gcc.h"
   1:Generated_Source\PSoC6\pdl\cmsis/include/cmsis_gcc.h **** /**************************************************************************//**
   2:Generated_Source\PSoC6\pdl\cmsis/include/cmsis_gcc.h ****  * @file     cmsis_gcc.h
ARM GAS  C:\Users\Austina\AppData\Local\Temp\ccFnJDs9.s 			page 2


   3:Generated_Source\PSoC6\pdl\cmsis/include/cmsis_gcc.h ****  * @brief    CMSIS compiler GCC header file
   4:Generated_Source\PSoC6\pdl\cmsis/include/cmsis_gcc.h ****  * @version  V5.0.3
   5:Generated_Source\PSoC6\pdl\cmsis/include/cmsis_gcc.h ****  * @date     16. January 2018
   6:Generated_Source\PSoC6\pdl\cmsis/include/cmsis_gcc.h ****  ******************************************************************************/
   7:Generated_Source\PSoC6\pdl\cmsis/include/cmsis_gcc.h **** /*
   8:Generated_Source\PSoC6\pdl\cmsis/include/cmsis_gcc.h ****  * Copyright (c) 2009-2017 ARM Limited. All rights reserved.
   9:Generated_Source\PSoC6\pdl\cmsis/include/cmsis_gcc.h ****  *
  10:Generated_Source\PSoC6\pdl\cmsis/include/cmsis_gcc.h ****  * SPDX-License-Identifier: Apache-2.0
  11:Generated_Source\PSoC6\pdl\cmsis/include/cmsis_gcc.h ****  *
  12:Generated_Source\PSoC6\pdl\cmsis/include/cmsis_gcc.h ****  * Licensed under the Apache License, Version 2.0 (the License); you may
  13:Generated_Source\PSoC6\pdl\cmsis/include/cmsis_gcc.h ****  * not use this file except in compliance with the License.
  14:Generated_Source\PSoC6\pdl\cmsis/include/cmsis_gcc.h ****  * You may obtain a copy of the License at
  15:Generated_Source\PSoC6\pdl\cmsis/include/cmsis_gcc.h ****  *
  16:Generated_Source\PSoC6\pdl\cmsis/include/cmsis_gcc.h ****  * www.apache.org/licenses/LICENSE-2.0
  17:Generated_Source\PSoC6\pdl\cmsis/include/cmsis_gcc.h ****  *
  18:Generated_Source\PSoC6\pdl\cmsis/include/cmsis_gcc.h ****  * Unless required by applicable law or agreed to in writing, software
  19:Generated_Source\PSoC6\pdl\cmsis/include/cmsis_gcc.h ****  * distributed under the License is distributed on an AS IS BASIS, WITHOUT
  20:Generated_Source\PSoC6\pdl\cmsis/include/cmsis_gcc.h ****  * WARRANTIES OR CONDITIONS OF ANY KIND, either express or implied.
  21:Generated_Source\PSoC6\pdl\cmsis/include/cmsis_gcc.h ****  * See the License for the specific language governing permissions and
  22:Generated_Source\PSoC6\pdl\cmsis/include/cmsis_gcc.h ****  * limitations under the License.
  23:Generated_Source\PSoC6\pdl\cmsis/include/cmsis_gcc.h ****  */
  24:Generated_Source\PSoC6\pdl\cmsis/include/cmsis_gcc.h **** 
  25:Generated_Source\PSoC6\pdl\cmsis/include/cmsis_gcc.h **** #ifndef __CMSIS_GCC_H
  26:Generated_Source\PSoC6\pdl\cmsis/include/cmsis_gcc.h **** #define __CMSIS_GCC_H
  27:Generated_Source\PSoC6\pdl\cmsis/include/cmsis_gcc.h **** 
  28:Generated_Source\PSoC6\pdl\cmsis/include/cmsis_gcc.h **** /* ignore some GCC warnings */
  29:Generated_Source\PSoC6\pdl\cmsis/include/cmsis_gcc.h **** #pragma GCC diagnostic push
  30:Generated_Source\PSoC6\pdl\cmsis/include/cmsis_gcc.h **** #pragma GCC diagnostic ignored "-Wsign-conversion"
  31:Generated_Source\PSoC6\pdl\cmsis/include/cmsis_gcc.h **** #pragma GCC diagnostic ignored "-Wconversion"
  32:Generated_Source\PSoC6\pdl\cmsis/include/cmsis_gcc.h **** #pragma GCC diagnostic ignored "-Wunused-parameter"
  33:Generated_Source\PSoC6\pdl\cmsis/include/cmsis_gcc.h **** 
  34:Generated_Source\PSoC6\pdl\cmsis/include/cmsis_gcc.h **** /* Fallback for __has_builtin */
  35:Generated_Source\PSoC6\pdl\cmsis/include/cmsis_gcc.h **** #ifndef __has_builtin
  36:Generated_Source\PSoC6\pdl\cmsis/include/cmsis_gcc.h ****   #define __has_builtin(x) (0)
  37:Generated_Source\PSoC6\pdl\cmsis/include/cmsis_gcc.h **** #endif
  38:Generated_Source\PSoC6\pdl\cmsis/include/cmsis_gcc.h **** 
  39:Generated_Source\PSoC6\pdl\cmsis/include/cmsis_gcc.h **** /* CMSIS compiler specific defines */
  40:Generated_Source\PSoC6\pdl\cmsis/include/cmsis_gcc.h **** #ifndef   __ASM
  41:Generated_Source\PSoC6\pdl\cmsis/include/cmsis_gcc.h ****   #define __ASM                                  __asm
  42:Generated_Source\PSoC6\pdl\cmsis/include/cmsis_gcc.h **** #endif
  43:Generated_Source\PSoC6\pdl\cmsis/include/cmsis_gcc.h **** #ifndef   __INLINE
  44:Generated_Source\PSoC6\pdl\cmsis/include/cmsis_gcc.h ****   #define __INLINE                               inline
  45:Generated_Source\PSoC6\pdl\cmsis/include/cmsis_gcc.h **** #endif
  46:Generated_Source\PSoC6\pdl\cmsis/include/cmsis_gcc.h **** #ifndef   __STATIC_INLINE
  47:Generated_Source\PSoC6\pdl\cmsis/include/cmsis_gcc.h ****   #define __STATIC_INLINE                        static inline
  48:Generated_Source\PSoC6\pdl\cmsis/include/cmsis_gcc.h **** #endif
  49:Generated_Source\PSoC6\pdl\cmsis/include/cmsis_gcc.h **** #ifndef   __STATIC_FORCEINLINE                 
  50:Generated_Source\PSoC6\pdl\cmsis/include/cmsis_gcc.h ****   #define __STATIC_FORCEINLINE                   __attribute__((always_inline)) static inline
  51:Generated_Source\PSoC6\pdl\cmsis/include/cmsis_gcc.h **** #endif                                           
  52:Generated_Source\PSoC6\pdl\cmsis/include/cmsis_gcc.h **** #ifndef   __NO_RETURN
  53:Generated_Source\PSoC6\pdl\cmsis/include/cmsis_gcc.h ****   #define __NO_RETURN                            __attribute__((__noreturn__))
  54:Generated_Source\PSoC6\pdl\cmsis/include/cmsis_gcc.h **** #endif
  55:Generated_Source\PSoC6\pdl\cmsis/include/cmsis_gcc.h **** #ifndef   __USED
  56:Generated_Source\PSoC6\pdl\cmsis/include/cmsis_gcc.h ****   #define __USED                                 __attribute__((used))
  57:Generated_Source\PSoC6\pdl\cmsis/include/cmsis_gcc.h **** #endif
  58:Generated_Source\PSoC6\pdl\cmsis/include/cmsis_gcc.h **** #ifndef   __WEAK
  59:Generated_Source\PSoC6\pdl\cmsis/include/cmsis_gcc.h ****   #define __WEAK                                 __attribute__((weak))
ARM GAS  C:\Users\Austina\AppData\Local\Temp\ccFnJDs9.s 			page 3


  60:Generated_Source\PSoC6\pdl\cmsis/include/cmsis_gcc.h **** #endif
  61:Generated_Source\PSoC6\pdl\cmsis/include/cmsis_gcc.h **** #ifndef   __PACKED
  62:Generated_Source\PSoC6\pdl\cmsis/include/cmsis_gcc.h ****   #define __PACKED                               __attribute__((packed, aligned(1)))
  63:Generated_Source\PSoC6\pdl\cmsis/include/cmsis_gcc.h **** #endif
  64:Generated_Source\PSoC6\pdl\cmsis/include/cmsis_gcc.h **** #ifndef   __PACKED_STRUCT
  65:Generated_Source\PSoC6\pdl\cmsis/include/cmsis_gcc.h ****   #define __PACKED_STRUCT                        struct __attribute__((packed, aligned(1)))
  66:Generated_Source\PSoC6\pdl\cmsis/include/cmsis_gcc.h **** #endif
  67:Generated_Source\PSoC6\pdl\cmsis/include/cmsis_gcc.h **** #ifndef   __PACKED_UNION
  68:Generated_Source\PSoC6\pdl\cmsis/include/cmsis_gcc.h ****   #define __PACKED_UNION                         union __attribute__((packed, aligned(1)))
  69:Generated_Source\PSoC6\pdl\cmsis/include/cmsis_gcc.h **** #endif
  70:Generated_Source\PSoC6\pdl\cmsis/include/cmsis_gcc.h **** #ifndef   __UNALIGNED_UINT32        /* deprecated */
  71:Generated_Source\PSoC6\pdl\cmsis/include/cmsis_gcc.h ****   #pragma GCC diagnostic push
  72:Generated_Source\PSoC6\pdl\cmsis/include/cmsis_gcc.h ****   #pragma GCC diagnostic ignored "-Wpacked"
  73:Generated_Source\PSoC6\pdl\cmsis/include/cmsis_gcc.h ****   #pragma GCC diagnostic ignored "-Wattributes"
  74:Generated_Source\PSoC6\pdl\cmsis/include/cmsis_gcc.h ****   struct __attribute__((packed)) T_UINT32 { uint32_t v; };
  75:Generated_Source\PSoC6\pdl\cmsis/include/cmsis_gcc.h ****   #pragma GCC diagnostic pop
  76:Generated_Source\PSoC6\pdl\cmsis/include/cmsis_gcc.h ****   #define __UNALIGNED_UINT32(x)                  (((struct T_UINT32 *)(x))->v)
  77:Generated_Source\PSoC6\pdl\cmsis/include/cmsis_gcc.h **** #endif
  78:Generated_Source\PSoC6\pdl\cmsis/include/cmsis_gcc.h **** #ifndef   __UNALIGNED_UINT16_WRITE
  79:Generated_Source\PSoC6\pdl\cmsis/include/cmsis_gcc.h ****   #pragma GCC diagnostic push
  80:Generated_Source\PSoC6\pdl\cmsis/include/cmsis_gcc.h ****   #pragma GCC diagnostic ignored "-Wpacked"
  81:Generated_Source\PSoC6\pdl\cmsis/include/cmsis_gcc.h ****   #pragma GCC diagnostic ignored "-Wattributes"
  82:Generated_Source\PSoC6\pdl\cmsis/include/cmsis_gcc.h ****   __PACKED_STRUCT T_UINT16_WRITE { uint16_t v; };
  83:Generated_Source\PSoC6\pdl\cmsis/include/cmsis_gcc.h ****   #pragma GCC diagnostic pop
  84:Generated_Source\PSoC6\pdl\cmsis/include/cmsis_gcc.h ****   #define __UNALIGNED_UINT16_WRITE(addr, val)    (void)((((struct T_UINT16_WRITE *)(void *)(addr))-
  85:Generated_Source\PSoC6\pdl\cmsis/include/cmsis_gcc.h **** #endif
  86:Generated_Source\PSoC6\pdl\cmsis/include/cmsis_gcc.h **** #ifndef   __UNALIGNED_UINT16_READ
  87:Generated_Source\PSoC6\pdl\cmsis/include/cmsis_gcc.h ****   #pragma GCC diagnostic push
  88:Generated_Source\PSoC6\pdl\cmsis/include/cmsis_gcc.h ****   #pragma GCC diagnostic ignored "-Wpacked"
  89:Generated_Source\PSoC6\pdl\cmsis/include/cmsis_gcc.h ****   #pragma GCC diagnostic ignored "-Wattributes"
  90:Generated_Source\PSoC6\pdl\cmsis/include/cmsis_gcc.h ****   __PACKED_STRUCT T_UINT16_READ { uint16_t v; };
  91:Generated_Source\PSoC6\pdl\cmsis/include/cmsis_gcc.h ****   #pragma GCC diagnostic pop
  92:Generated_Source\PSoC6\pdl\cmsis/include/cmsis_gcc.h ****   #define __UNALIGNED_UINT16_READ(addr)          (((const struct T_UINT16_READ *)(const void *)(add
  93:Generated_Source\PSoC6\pdl\cmsis/include/cmsis_gcc.h **** #endif
  94:Generated_Source\PSoC6\pdl\cmsis/include/cmsis_gcc.h **** #ifndef   __UNALIGNED_UINT32_WRITE
  95:Generated_Source\PSoC6\pdl\cmsis/include/cmsis_gcc.h ****   #pragma GCC diagnostic push
  96:Generated_Source\PSoC6\pdl\cmsis/include/cmsis_gcc.h ****   #pragma GCC diagnostic ignored "-Wpacked"
  97:Generated_Source\PSoC6\pdl\cmsis/include/cmsis_gcc.h ****   #pragma GCC diagnostic ignored "-Wattributes"
  98:Generated_Source\PSoC6\pdl\cmsis/include/cmsis_gcc.h ****   __PACKED_STRUCT T_UINT32_WRITE { uint32_t v; };
  99:Generated_Source\PSoC6\pdl\cmsis/include/cmsis_gcc.h ****   #pragma GCC diagnostic pop
 100:Generated_Source\PSoC6\pdl\cmsis/include/cmsis_gcc.h ****   #define __UNALIGNED_UINT32_WRITE(addr, val)    (void)((((struct T_UINT32_WRITE *)(void *)(addr))-
 101:Generated_Source\PSoC6\pdl\cmsis/include/cmsis_gcc.h **** #endif
 102:Generated_Source\PSoC6\pdl\cmsis/include/cmsis_gcc.h **** #ifndef   __UNALIGNED_UINT32_READ
 103:Generated_Source\PSoC6\pdl\cmsis/include/cmsis_gcc.h ****   #pragma GCC diagnostic push
 104:Generated_Source\PSoC6\pdl\cmsis/include/cmsis_gcc.h ****   #pragma GCC diagnostic ignored "-Wpacked"
 105:Generated_Source\PSoC6\pdl\cmsis/include/cmsis_gcc.h ****   #pragma GCC diagnostic ignored "-Wattributes"
 106:Generated_Source\PSoC6\pdl\cmsis/include/cmsis_gcc.h ****   __PACKED_STRUCT T_UINT32_READ { uint32_t v; };
 107:Generated_Source\PSoC6\pdl\cmsis/include/cmsis_gcc.h ****   #pragma GCC diagnostic pop
 108:Generated_Source\PSoC6\pdl\cmsis/include/cmsis_gcc.h ****   #define __UNALIGNED_UINT32_READ(addr)          (((const struct T_UINT32_READ *)(const void *)(add
 109:Generated_Source\PSoC6\pdl\cmsis/include/cmsis_gcc.h **** #endif
 110:Generated_Source\PSoC6\pdl\cmsis/include/cmsis_gcc.h **** #ifndef   __ALIGNED
 111:Generated_Source\PSoC6\pdl\cmsis/include/cmsis_gcc.h ****   #define __ALIGNED(x)                           __attribute__((aligned(x)))
 112:Generated_Source\PSoC6\pdl\cmsis/include/cmsis_gcc.h **** #endif
 113:Generated_Source\PSoC6\pdl\cmsis/include/cmsis_gcc.h **** #ifndef   __RESTRICT
 114:Generated_Source\PSoC6\pdl\cmsis/include/cmsis_gcc.h ****   #define __RESTRICT                             __restrict
 115:Generated_Source\PSoC6\pdl\cmsis/include/cmsis_gcc.h **** #endif
 116:Generated_Source\PSoC6\pdl\cmsis/include/cmsis_gcc.h **** 
ARM GAS  C:\Users\Austina\AppData\Local\Temp\ccFnJDs9.s 			page 4


 117:Generated_Source\PSoC6\pdl\cmsis/include/cmsis_gcc.h **** 
 118:Generated_Source\PSoC6\pdl\cmsis/include/cmsis_gcc.h **** /* ###########################  Core Function Access  ########################### */
 119:Generated_Source\PSoC6\pdl\cmsis/include/cmsis_gcc.h **** /** \ingroup  CMSIS_Core_FunctionInterface
 120:Generated_Source\PSoC6\pdl\cmsis/include/cmsis_gcc.h ****     \defgroup CMSIS_Core_RegAccFunctions CMSIS Core Register Access Functions
 121:Generated_Source\PSoC6\pdl\cmsis/include/cmsis_gcc.h ****   @{
 122:Generated_Source\PSoC6\pdl\cmsis/include/cmsis_gcc.h ****  */
 123:Generated_Source\PSoC6\pdl\cmsis/include/cmsis_gcc.h **** 
 124:Generated_Source\PSoC6\pdl\cmsis/include/cmsis_gcc.h **** /**
 125:Generated_Source\PSoC6\pdl\cmsis/include/cmsis_gcc.h ****   \brief   Enable IRQ Interrupts
 126:Generated_Source\PSoC6\pdl\cmsis/include/cmsis_gcc.h ****   \details Enables IRQ interrupts by clearing the I-bit in the CPSR.
 127:Generated_Source\PSoC6\pdl\cmsis/include/cmsis_gcc.h ****            Can only be executed in Privileged modes.
 128:Generated_Source\PSoC6\pdl\cmsis/include/cmsis_gcc.h ****  */
 129:Generated_Source\PSoC6\pdl\cmsis/include/cmsis_gcc.h **** __STATIC_FORCEINLINE void __enable_irq(void)
 130:Generated_Source\PSoC6\pdl\cmsis/include/cmsis_gcc.h **** {
 131:Generated_Source\PSoC6\pdl\cmsis/include/cmsis_gcc.h ****   __ASM volatile ("cpsie i" : : : "memory");
  41              		.loc 2 131 0
  42              		.syntax unified
  43              	@ 131 "Generated_Source\PSoC6\pdl\cmsis/include/cmsis_gcc.h" 1
  44 0002 62B6     		cpsie i
  45              	@ 0 "" 2
  46              		.thumb
  47              		.syntax unified
  48              	.LBE5:
  49              	.LBE4:
  16:main_cm4.c    ****     __enable_irq(); /* Enable global interrupts. */
  17:main_cm4.c    **** 
  18:main_cm4.c    ****     /* Place your initialization/startup code here (e.g. MyInst_Start()) */
  19:main_cm4.c    ****     LEDBlink_Start();
  50              		.loc 1 19 0
  51 0004 FFF7FEFF 		bl	LEDBlink_Start
  52              	.LVL0:
  53              	.L2:
  54 0008 FEE7     		b	.L2
  55              		.cfi_endproc
  56              	.LFE409:
  57              		.size	main, .-main
  58 000a 00BF     		.text
  59              	.Letext0:
  60              		.file 3 "c:\\program files (x86)\\cypress\\psoc creator\\4.4\\psoc creator\\import\\gnu\\arm\\5.4.
  61              		.file 4 "c:\\program files (x86)\\cypress\\psoc creator\\4.4\\psoc creator\\import\\gnu\\arm\\5.4.
  62              		.file 5 "Generated_Source\\PSoC6\\pdl\\drivers/peripheral/device/cy_device.h"
  63              		.file 6 "Generated_Source\\PSoC6\\pdl\\drivers/peripheral/tcpwm/cy_tcpwm_pwm.h"
  64              		.file 7 "Generated_Source\\PSoC6\\pdl\\cmsis/include/core_cm4.h"
  65              		.file 8 "Generated_Source\\PSoC6/LEDBlink.h"
  66              		.section	.debug_info,"",%progbits
  67              	.Ldebug_info0:
  68 0000 DC060000 		.4byte	0x6dc
  69 0004 0400     		.2byte	0x4
  70 0006 00000000 		.4byte	.Ldebug_abbrev0
  71 000a 04       		.byte	0x4
  72 000b 01       		.uleb128 0x1
  73 000c 1D050000 		.4byte	.LASF141
  74 0010 0C       		.byte	0xc
  75 0011 17090000 		.4byte	.LASF142
  76 0015 0F080000 		.4byte	.LASF143
  77 0019 00000000 		.4byte	.Ldebug_ranges0+0
  78 001d 00000000 		.4byte	0
ARM GAS  C:\Users\Austina\AppData\Local\Temp\ccFnJDs9.s 			page 5


  79 0021 00000000 		.4byte	.Ldebug_line0
  80 0025 02       		.uleb128 0x2
  81 0026 02       		.byte	0x2
  82 0027 05       		.byte	0x5
  83 0028 5C060000 		.4byte	.LASF0
  84 002c 02       		.uleb128 0x2
  85 002d 01       		.byte	0x1
  86 002e 06       		.byte	0x6
  87 002f 91010000 		.4byte	.LASF1
  88 0033 03       		.uleb128 0x3
  89 0034 9D000000 		.4byte	.LASF3
  90 0038 03       		.byte	0x3
  91 0039 1D       		.byte	0x1d
  92 003a 3E000000 		.4byte	0x3e
  93 003e 02       		.uleb128 0x2
  94 003f 01       		.byte	0x1
  95 0040 08       		.byte	0x8
  96 0041 3A060000 		.4byte	.LASF2
  97 0045 03       		.uleb128 0x3
  98 0046 C0020000 		.4byte	.LASF4
  99 004a 03       		.byte	0x3
 100 004b 29       		.byte	0x29
 101 004c 25000000 		.4byte	0x25
 102 0050 03       		.uleb128 0x3
 103 0051 FB060000 		.4byte	.LASF5
 104 0055 03       		.byte	0x3
 105 0056 2B       		.byte	0x2b
 106 0057 5B000000 		.4byte	0x5b
 107 005b 02       		.uleb128 0x2
 108 005c 02       		.byte	0x2
 109 005d 07       		.byte	0x7
 110 005e 4D070000 		.4byte	.LASF6
 111 0062 03       		.uleb128 0x3
 112 0063 19070000 		.4byte	.LASF7
 113 0067 03       		.byte	0x3
 114 0068 3F       		.byte	0x3f
 115 0069 6D000000 		.4byte	0x6d
 116 006d 02       		.uleb128 0x2
 117 006e 04       		.byte	0x4
 118 006f 05       		.byte	0x5
 119 0070 0C020000 		.4byte	.LASF8
 120 0074 03       		.uleb128 0x3
 121 0075 A5020000 		.4byte	.LASF9
 122 0079 03       		.byte	0x3
 123 007a 41       		.byte	0x41
 124 007b 7F000000 		.4byte	0x7f
 125 007f 02       		.uleb128 0x2
 126 0080 04       		.byte	0x4
 127 0081 07       		.byte	0x7
 128 0082 3B030000 		.4byte	.LASF10
 129 0086 02       		.uleb128 0x2
 130 0087 08       		.byte	0x8
 131 0088 05       		.byte	0x5
 132 0089 83010000 		.4byte	.LASF11
 133 008d 02       		.uleb128 0x2
 134 008e 08       		.byte	0x8
 135 008f 07       		.byte	0x7
ARM GAS  C:\Users\Austina\AppData\Local\Temp\ccFnJDs9.s 			page 6


 136 0090 EC000000 		.4byte	.LASF12
 137 0094 04       		.uleb128 0x4
 138 0095 04       		.byte	0x4
 139 0096 05       		.byte	0x5
 140 0097 696E7400 		.ascii	"int\000"
 141 009b 02       		.uleb128 0x2
 142 009c 04       		.byte	0x4
 143 009d 07       		.byte	0x7
 144 009e FF020000 		.4byte	.LASF13
 145 00a2 03       		.uleb128 0x3
 146 00a3 07080000 		.4byte	.LASF14
 147 00a7 04       		.byte	0x4
 148 00a8 18       		.byte	0x18
 149 00a9 33000000 		.4byte	0x33
 150 00ad 03       		.uleb128 0x3
 151 00ae 7B010000 		.4byte	.LASF15
 152 00b2 04       		.byte	0x4
 153 00b3 20       		.byte	0x20
 154 00b4 45000000 		.4byte	0x45
 155 00b8 03       		.uleb128 0x3
 156 00b9 0C030000 		.4byte	.LASF16
 157 00bd 04       		.byte	0x4
 158 00be 24       		.byte	0x24
 159 00bf 50000000 		.4byte	0x50
 160 00c3 03       		.uleb128 0x3
 161 00c4 32060000 		.4byte	.LASF17
 162 00c8 04       		.byte	0x4
 163 00c9 2C       		.byte	0x2c
 164 00ca 62000000 		.4byte	0x62
 165 00ce 03       		.uleb128 0x3
 166 00cf B3060000 		.4byte	.LASF18
 167 00d3 04       		.byte	0x4
 168 00d4 30       		.byte	0x30
 169 00d5 74000000 		.4byte	0x74
 170 00d9 02       		.uleb128 0x2
 171 00da 04       		.byte	0x4
 172 00db 07       		.byte	0x7
 173 00dc 84040000 		.4byte	.LASF19
 174 00e0 02       		.uleb128 0x2
 175 00e1 08       		.byte	0x8
 176 00e2 04       		.byte	0x4
 177 00e3 C5060000 		.4byte	.LASF20
 178 00e7 05       		.uleb128 0x5
 179 00e8 B8       		.byte	0xb8
 180 00e9 05       		.byte	0x5
 181 00ea 34       		.byte	0x34
 182 00eb F8040000 		.4byte	0x4f8
 183 00ef 06       		.uleb128 0x6
 184 00f0 D3000000 		.4byte	.LASF21
 185 00f4 05       		.byte	0x5
 186 00f5 37       		.byte	0x37
 187 00f6 CE000000 		.4byte	0xce
 188 00fa 00       		.byte	0
 189 00fb 06       		.uleb128 0x6
 190 00fc 9A020000 		.4byte	.LASF22
 191 0100 05       		.byte	0x5
 192 0101 38       		.byte	0x38
ARM GAS  C:\Users\Austina\AppData\Local\Temp\ccFnJDs9.s 			page 7


 193 0102 CE000000 		.4byte	0xce
 194 0106 04       		.byte	0x4
 195 0107 06       		.uleb128 0x6
 196 0108 23020000 		.4byte	.LASF23
 197 010c 05       		.byte	0x5
 198 010d 39       		.byte	0x39
 199 010e CE000000 		.4byte	0xce
 200 0112 08       		.byte	0x8
 201 0113 06       		.uleb128 0x6
 202 0114 24060000 		.4byte	.LASF24
 203 0118 05       		.byte	0x5
 204 0119 3A       		.byte	0x3a
 205 011a CE000000 		.4byte	0xce
 206 011e 0C       		.byte	0xc
 207 011f 06       		.uleb128 0x6
 208 0120 B2010000 		.4byte	.LASF25
 209 0124 05       		.byte	0x5
 210 0125 3B       		.byte	0x3b
 211 0126 CE000000 		.4byte	0xce
 212 012a 10       		.byte	0x10
 213 012b 06       		.uleb128 0x6
 214 012c EA010000 		.4byte	.LASF26
 215 0130 05       		.byte	0x5
 216 0131 3C       		.byte	0x3c
 217 0132 CE000000 		.4byte	0xce
 218 0136 14       		.byte	0x14
 219 0137 06       		.uleb128 0x6
 220 0138 6A030000 		.4byte	.LASF27
 221 013c 05       		.byte	0x5
 222 013d 3D       		.byte	0x3d
 223 013e CE000000 		.4byte	0xce
 224 0142 18       		.byte	0x18
 225 0143 06       		.uleb128 0x6
 226 0144 79000000 		.4byte	.LASF28
 227 0148 05       		.byte	0x5
 228 0149 3E       		.byte	0x3e
 229 014a CE000000 		.4byte	0xce
 230 014e 1C       		.byte	0x1c
 231 014f 06       		.uleb128 0x6
 232 0150 E7080000 		.4byte	.LASF29
 233 0154 05       		.byte	0x5
 234 0155 3F       		.byte	0x3f
 235 0156 CE000000 		.4byte	0xce
 236 015a 20       		.byte	0x20
 237 015b 06       		.uleb128 0x6
 238 015c F8040000 		.4byte	.LASF30
 239 0160 05       		.byte	0x5
 240 0161 40       		.byte	0x40
 241 0162 CE000000 		.4byte	0xce
 242 0166 24       		.byte	0x24
 243 0167 06       		.uleb128 0x6
 244 0168 47040000 		.4byte	.LASF31
 245 016c 05       		.byte	0x5
 246 016d 43       		.byte	0x43
 247 016e A2000000 		.4byte	0xa2
 248 0172 28       		.byte	0x28
 249 0173 06       		.uleb128 0x6
ARM GAS  C:\Users\Austina\AppData\Local\Temp\ccFnJDs9.s 			page 8


 250 0174 5F000000 		.4byte	.LASF32
 251 0178 05       		.byte	0x5
 252 0179 44       		.byte	0x44
 253 017a A2000000 		.4byte	0xa2
 254 017e 29       		.byte	0x29
 255 017f 06       		.uleb128 0x6
 256 0180 DD080000 		.4byte	.LASF33
 257 0184 05       		.byte	0x5
 258 0185 45       		.byte	0x45
 259 0186 A2000000 		.4byte	0xa2
 260 018a 2A       		.byte	0x2a
 261 018b 06       		.uleb128 0x6
 262 018c EA040000 		.4byte	.LASF34
 263 0190 05       		.byte	0x5
 264 0191 46       		.byte	0x46
 265 0192 A2000000 		.4byte	0xa2
 266 0196 2B       		.byte	0x2b
 267 0197 06       		.uleb128 0x6
 268 0198 D9030000 		.4byte	.LASF35
 269 019c 05       		.byte	0x5
 270 019d 47       		.byte	0x47
 271 019e A2000000 		.4byte	0xa2
 272 01a2 2C       		.byte	0x2c
 273 01a3 06       		.uleb128 0x6
 274 01a4 23070000 		.4byte	.LASF36
 275 01a8 05       		.byte	0x5
 276 01a9 48       		.byte	0x48
 277 01aa A2000000 		.4byte	0xa2
 278 01ae 2D       		.byte	0x2d
 279 01af 06       		.uleb128 0x6
 280 01b0 BB010000 		.4byte	.LASF37
 281 01b4 05       		.byte	0x5
 282 01b5 49       		.byte	0x49
 283 01b6 A2000000 		.4byte	0xa2
 284 01ba 2E       		.byte	0x2e
 285 01bb 06       		.uleb128 0x6
 286 01bc 63040000 		.4byte	.LASF38
 287 01c0 05       		.byte	0x5
 288 01c1 4A       		.byte	0x4a
 289 01c2 A2000000 		.4byte	0xa2
 290 01c6 2F       		.byte	0x2f
 291 01c7 06       		.uleb128 0x6
 292 01c8 E1060000 		.4byte	.LASF39
 293 01cc 05       		.byte	0x5
 294 01cd 4B       		.byte	0x4b
 295 01ce A2000000 		.4byte	0xa2
 296 01d2 30       		.byte	0x30
 297 01d3 06       		.uleb128 0x6
 298 01d4 5F030000 		.4byte	.LASF40
 299 01d8 05       		.byte	0x5
 300 01d9 4E       		.byte	0x4e
 301 01da A2000000 		.4byte	0xa2
 302 01de 31       		.byte	0x31
 303 01df 06       		.uleb128 0x6
 304 01e0 8F000000 		.4byte	.LASF41
 305 01e4 05       		.byte	0x5
 306 01e5 4F       		.byte	0x4f
ARM GAS  C:\Users\Austina\AppData\Local\Temp\ccFnJDs9.s 			page 9


 307 01e6 A2000000 		.4byte	0xa2
 308 01ea 32       		.byte	0x32
 309 01eb 06       		.uleb128 0x6
 310 01ec F3020000 		.4byte	.LASF42
 311 01f0 05       		.byte	0x5
 312 01f1 50       		.byte	0x50
 313 01f2 A2000000 		.4byte	0xa2
 314 01f6 33       		.byte	0x33
 315 01f7 06       		.uleb128 0x6
 316 01f8 98040000 		.4byte	.LASF43
 317 01fc 05       		.byte	0x5
 318 01fd 51       		.byte	0x51
 319 01fe A2000000 		.4byte	0xa2
 320 0202 34       		.byte	0x34
 321 0203 06       		.uleb128 0x6
 322 0204 86070000 		.4byte	.LASF44
 323 0208 05       		.byte	0x5
 324 0209 52       		.byte	0x52
 325 020a AD000000 		.4byte	0xad
 326 020e 36       		.byte	0x36
 327 020f 06       		.uleb128 0x6
 328 0210 3D020000 		.4byte	.LASF45
 329 0214 05       		.byte	0x5
 330 0215 53       		.byte	0x53
 331 0216 AD000000 		.4byte	0xad
 332 021a 38       		.byte	0x38
 333 021b 06       		.uleb128 0x6
 334 021c D4070000 		.4byte	.LASF46
 335 0220 05       		.byte	0x5
 336 0221 54       		.byte	0x54
 337 0222 AD000000 		.4byte	0xad
 338 0226 3A       		.byte	0x3a
 339 0227 06       		.uleb128 0x6
 340 0228 DB010000 		.4byte	.LASF47
 341 022c 05       		.byte	0x5
 342 022d 55       		.byte	0x55
 343 022e A2000000 		.4byte	0xa2
 344 0232 3C       		.byte	0x3c
 345 0233 06       		.uleb128 0x6
 346 0234 64020000 		.4byte	.LASF48
 347 0238 05       		.byte	0x5
 348 0239 56       		.byte	0x56
 349 023a A2000000 		.4byte	0xa2
 350 023e 3D       		.byte	0x3d
 351 023f 06       		.uleb128 0x6
 352 0240 95060000 		.4byte	.LASF49
 353 0244 05       		.byte	0x5
 354 0245 57       		.byte	0x57
 355 0246 A2000000 		.4byte	0xa2
 356 024a 3E       		.byte	0x3e
 357 024b 06       		.uleb128 0x6
 358 024c 6D000000 		.4byte	.LASF50
 359 0250 05       		.byte	0x5
 360 0251 58       		.byte	0x58
 361 0252 A2000000 		.4byte	0xa2
 362 0256 3F       		.byte	0x3f
 363 0257 06       		.uleb128 0x6
ARM GAS  C:\Users\Austina\AppData\Local\Temp\ccFnJDs9.s 			page 10


 364 0258 03050000 		.4byte	.LASF51
 365 025c 05       		.byte	0x5
 366 025d 59       		.byte	0x59
 367 025e A2000000 		.4byte	0xa2
 368 0262 40       		.byte	0x40
 369 0263 06       		.uleb128 0x6
 370 0264 B0020000 		.4byte	.LASF52
 371 0268 05       		.byte	0x5
 372 0269 5A       		.byte	0x5a
 373 026a A2000000 		.4byte	0xa2
 374 026e 41       		.byte	0x41
 375 026f 06       		.uleb128 0x6
 376 0270 73030000 		.4byte	.LASF53
 377 0274 05       		.byte	0x5
 378 0275 5B       		.byte	0x5b
 379 0276 A2000000 		.4byte	0xa2
 380 027a 42       		.byte	0x42
 381 027b 06       		.uleb128 0x6
 382 027c DF040000 		.4byte	.LASF54
 383 0280 05       		.byte	0x5
 384 0281 5C       		.byte	0x5c
 385 0282 A2000000 		.4byte	0xa2
 386 0286 43       		.byte	0x43
 387 0287 06       		.uleb128 0x6
 388 0288 2C020000 		.4byte	.LASF55
 389 028c 05       		.byte	0x5
 390 028d 5D       		.byte	0x5d
 391 028e A2000000 		.4byte	0xa2
 392 0292 44       		.byte	0x44
 393 0293 06       		.uleb128 0x6
 394 0294 00000000 		.4byte	.LASF56
 395 0298 05       		.byte	0x5
 396 0299 5E       		.byte	0x5e
 397 029a CE000000 		.4byte	0xce
 398 029e 48       		.byte	0x48
 399 029f 06       		.uleb128 0x6
 400 02a0 15020000 		.4byte	.LASF57
 401 02a4 05       		.byte	0x5
 402 02a5 5F       		.byte	0x5f
 403 02a6 CE000000 		.4byte	0xce
 404 02aa 4C       		.byte	0x4c
 405 02ab 06       		.uleb128 0x6
 406 02ac 22090000 		.4byte	.LASF58
 407 02b0 05       		.byte	0x5
 408 02b1 60       		.byte	0x60
 409 02b2 A2000000 		.4byte	0xa2
 410 02b6 50       		.byte	0x50
 411 02b7 06       		.uleb128 0x6
 412 02b8 55010000 		.4byte	.LASF59
 413 02bc 05       		.byte	0x5
 414 02bd 61       		.byte	0x61
 415 02be A2000000 		.4byte	0xa2
 416 02c2 51       		.byte	0x51
 417 02c3 06       		.uleb128 0x6
 418 02c4 F7070000 		.4byte	.LASF60
 419 02c8 05       		.byte	0x5
 420 02c9 62       		.byte	0x62
ARM GAS  C:\Users\Austina\AppData\Local\Temp\ccFnJDs9.s 			page 11


 421 02ca A2000000 		.4byte	0xa2
 422 02ce 52       		.byte	0x52
 423 02cf 06       		.uleb128 0x6
 424 02d0 05090000 		.4byte	.LASF61
 425 02d4 05       		.byte	0x5
 426 02d5 63       		.byte	0x63
 427 02d6 A2000000 		.4byte	0xa2
 428 02da 53       		.byte	0x53
 429 02db 06       		.uleb128 0x6
 430 02dc A3060000 		.4byte	.LASF62
 431 02e0 05       		.byte	0x5
 432 02e1 64       		.byte	0x64
 433 02e2 A2000000 		.4byte	0xa2
 434 02e6 54       		.byte	0x54
 435 02e7 06       		.uleb128 0x6
 436 02e8 67010000 		.4byte	.LASF63
 437 02ec 05       		.byte	0x5
 438 02ed 65       		.byte	0x65
 439 02ee A2000000 		.4byte	0xa2
 440 02f2 55       		.byte	0x55
 441 02f3 06       		.uleb128 0x6
 442 02f4 27030000 		.4byte	.LASF64
 443 02f8 05       		.byte	0x5
 444 02f9 66       		.byte	0x66
 445 02fa A2000000 		.4byte	0xa2
 446 02fe 56       		.byte	0x56
 447 02ff 06       		.uleb128 0x6
 448 0300 7F030000 		.4byte	.LASF65
 449 0304 05       		.byte	0x5
 450 0305 67       		.byte	0x67
 451 0306 A2000000 		.4byte	0xa2
 452 030a 57       		.byte	0x57
 453 030b 06       		.uleb128 0x6
 454 030c 1A000000 		.4byte	.LASF66
 455 0310 05       		.byte	0x5
 456 0311 68       		.byte	0x68
 457 0312 A2000000 		.4byte	0xa2
 458 0316 58       		.byte	0x58
 459 0317 06       		.uleb128 0x6
 460 0318 48060000 		.4byte	.LASF67
 461 031c 05       		.byte	0x5
 462 031d 69       		.byte	0x69
 463 031e A2000000 		.4byte	0xa2
 464 0322 59       		.byte	0x59
 465 0323 06       		.uleb128 0x6
 466 0324 8D040000 		.4byte	.LASF68
 467 0328 05       		.byte	0x5
 468 0329 6E       		.byte	0x6e
 469 032a B8000000 		.4byte	0xb8
 470 032e 5A       		.byte	0x5a
 471 032f 06       		.uleb128 0x6
 472 0330 60070000 		.4byte	.LASF69
 473 0334 05       		.byte	0x5
 474 0335 6F       		.byte	0x6f
 475 0336 B8000000 		.4byte	0xb8
 476 033a 5C       		.byte	0x5c
 477 033b 06       		.uleb128 0x6
ARM GAS  C:\Users\Austina\AppData\Local\Temp\ccFnJDs9.s 			page 12


 478 033c DD000000 		.4byte	.LASF70
 479 0340 05       		.byte	0x5
 480 0341 70       		.byte	0x70
 481 0342 A2000000 		.4byte	0xa2
 482 0346 5E       		.byte	0x5e
 483 0347 06       		.uleb128 0x6
 484 0348 05060000 		.4byte	.LASF71
 485 034c 05       		.byte	0x5
 486 034d 71       		.byte	0x71
 487 034e A2000000 		.4byte	0xa2
 488 0352 5F       		.byte	0x5f
 489 0353 06       		.uleb128 0x6
 490 0354 CE040000 		.4byte	.LASF72
 491 0358 05       		.byte	0x5
 492 0359 72       		.byte	0x72
 493 035a A2000000 		.4byte	0xa2
 494 035e 60       		.byte	0x60
 495 035f 06       		.uleb128 0x6
 496 0360 DE050000 		.4byte	.LASF73
 497 0364 05       		.byte	0x5
 498 0365 73       		.byte	0x73
 499 0366 CE000000 		.4byte	0xce
 500 036a 64       		.byte	0x64
 501 036b 06       		.uleb128 0x6
 502 036c 22010000 		.4byte	.LASF74
 503 0370 05       		.byte	0x5
 504 0371 76       		.byte	0x76
 505 0372 B8000000 		.4byte	0xb8
 506 0376 68       		.byte	0x68
 507 0377 06       		.uleb128 0x6
 508 0378 15030000 		.4byte	.LASF75
 509 037c 05       		.byte	0x5
 510 037d 77       		.byte	0x77
 511 037e B8000000 		.4byte	0xb8
 512 0382 6A       		.byte	0x6a
 513 0383 06       		.uleb128 0x6
 514 0384 A1030000 		.4byte	.LASF76
 515 0388 05       		.byte	0x5
 516 0389 78       		.byte	0x78
 517 038a B8000000 		.4byte	0xb8
 518 038e 6C       		.byte	0x6c
 519 038f 06       		.uleb128 0x6
 520 0390 CC030000 		.4byte	.LASF77
 521 0394 05       		.byte	0x5
 522 0395 79       		.byte	0x79
 523 0396 B8000000 		.4byte	0xb8
 524 039a 6E       		.byte	0x6e
 525 039b 06       		.uleb128 0x6
 526 039c 66060000 		.4byte	.LASF78
 527 03a0 05       		.byte	0x5
 528 03a1 7B       		.byte	0x7b
 529 03a2 A2000000 		.4byte	0xa2
 530 03a6 70       		.byte	0x70
 531 03a7 06       		.uleb128 0x6
 532 03a8 9D010000 		.4byte	.LASF79
 533 03ac 05       		.byte	0x5
 534 03ad 7C       		.byte	0x7c
ARM GAS  C:\Users\Austina\AppData\Local\Temp\ccFnJDs9.s 			page 13


 535 03ae A2000000 		.4byte	0xa2
 536 03b2 71       		.byte	0x71
 537 03b3 06       		.uleb128 0x6
 538 03b4 EF080000 		.4byte	.LASF80
 539 03b8 05       		.byte	0x5
 540 03b9 7D       		.byte	0x7d
 541 03ba A2000000 		.4byte	0xa2
 542 03be 72       		.byte	0x72
 543 03bf 06       		.uleb128 0x6
 544 03c0 A9040000 		.4byte	.LASF81
 545 03c4 05       		.byte	0x5
 546 03c5 7E       		.byte	0x7e
 547 03c6 A2000000 		.4byte	0xa2
 548 03ca 73       		.byte	0x73
 549 03cb 06       		.uleb128 0x6
 550 03cc 74020000 		.4byte	.LASF82
 551 03d0 05       		.byte	0x5
 552 03d1 80       		.byte	0x80
 553 03d2 B8000000 		.4byte	0xb8
 554 03d6 74       		.byte	0x74
 555 03d7 06       		.uleb128 0x6
 556 03d8 06070000 		.4byte	.LASF83
 557 03dc 05       		.byte	0x5
 558 03dd 81       		.byte	0x81
 559 03de B8000000 		.4byte	0xb8
 560 03e2 76       		.byte	0x76
 561 03e3 06       		.uleb128 0x6
 562 03e4 4F020000 		.4byte	.LASF84
 563 03e8 05       		.byte	0x5
 564 03e9 82       		.byte	0x82
 565 03ea B8000000 		.4byte	0xb8
 566 03ee 78       		.byte	0x78
 567 03ef 06       		.uleb128 0x6
 568 03f0 A7000000 		.4byte	.LASF85
 569 03f4 05       		.byte	0x5
 570 03f5 83       		.byte	0x83
 571 03f6 B8000000 		.4byte	0xb8
 572 03fa 7A       		.byte	0x7a
 573 03fb 06       		.uleb128 0x6
 574 03fc 79080000 		.4byte	.LASF86
 575 0400 05       		.byte	0x5
 576 0401 86       		.byte	0x86
 577 0402 A2000000 		.4byte	0xa2
 578 0406 7C       		.byte	0x7c
 579 0407 06       		.uleb128 0x6
 580 0408 C3070000 		.4byte	.LASF87
 581 040c 05       		.byte	0x5
 582 040d 87       		.byte	0x87
 583 040e A2000000 		.4byte	0xa2
 584 0412 7D       		.byte	0x7d
 585 0413 06       		.uleb128 0x6
 586 0414 2E000000 		.4byte	.LASF88
 587 0418 05       		.byte	0x5
 588 0419 88       		.byte	0x88
 589 041a A2000000 		.4byte	0xa2
 590 041e 7E       		.byte	0x7e
 591 041f 06       		.uleb128 0x6
ARM GAS  C:\Users\Austina\AppData\Local\Temp\ccFnJDs9.s 			page 14


 592 0420 86020000 		.4byte	.LASF89
 593 0424 05       		.byte	0x5
 594 0425 89       		.byte	0x89
 595 0426 A2000000 		.4byte	0xa2
 596 042a 7F       		.byte	0x7f
 597 042b 06       		.uleb128 0x6
 598 042c DF020000 		.4byte	.LASF90
 599 0430 05       		.byte	0x5
 600 0431 8A       		.byte	0x8a
 601 0432 A2000000 		.4byte	0xa2
 602 0436 80       		.byte	0x80
 603 0437 06       		.uleb128 0x6
 604 0438 AC070000 		.4byte	.LASF91
 605 043c 05       		.byte	0x5
 606 043d 8D       		.byte	0x8d
 607 043e CE000000 		.4byte	0xce
 608 0442 84       		.byte	0x84
 609 0443 06       		.uleb128 0x6
 610 0444 BC000000 		.4byte	.LASF92
 611 0448 05       		.byte	0x5
 612 0449 8E       		.byte	0x8e
 613 044a CE000000 		.4byte	0xce
 614 044e 88       		.byte	0x88
 615 044f 06       		.uleb128 0x6
 616 0450 64080000 		.4byte	.LASF93
 617 0454 05       		.byte	0x5
 618 0455 8F       		.byte	0x8f
 619 0456 CE000000 		.4byte	0xce
 620 045a 8C       		.byte	0x8c
 621 045b 06       		.uleb128 0x6
 622 045c 6F040000 		.4byte	.LASF94
 623 0460 05       		.byte	0x5
 624 0461 90       		.byte	0x90
 625 0462 CE000000 		.4byte	0xce
 626 0466 90       		.byte	0x90
 627 0467 06       		.uleb128 0x6
 628 0468 CA020000 		.4byte	.LASF95
 629 046c 05       		.byte	0x5
 630 046d 91       		.byte	0x91
 631 046e CE000000 		.4byte	0xce
 632 0472 94       		.byte	0x94
 633 0473 06       		.uleb128 0x6
 634 0474 26040000 		.4byte	.LASF96
 635 0478 05       		.byte	0x5
 636 0479 92       		.byte	0x92
 637 047a CE000000 		.4byte	0xce
 638 047e 98       		.byte	0x98
 639 047f 06       		.uleb128 0x6
 640 0480 B8080000 		.4byte	.LASF97
 641 0484 05       		.byte	0x5
 642 0485 93       		.byte	0x93
 643 0486 CE000000 		.4byte	0xce
 644 048a 9C       		.byte	0x9c
 645 048b 06       		.uleb128 0x6
 646 048c 32010000 		.4byte	.LASF98
 647 0490 05       		.byte	0x5
 648 0491 94       		.byte	0x94
ARM GAS  C:\Users\Austina\AppData\Local\Temp\ccFnJDs9.s 			page 15


 649 0492 CE000000 		.4byte	0xce
 650 0496 A0       		.byte	0xa0
 651 0497 06       		.uleb128 0x6
 652 0498 C6010000 		.4byte	.LASF99
 653 049c 05       		.byte	0x5
 654 049d 95       		.byte	0x95
 655 049e B8000000 		.4byte	0xb8
 656 04a2 A4       		.byte	0xa4
 657 04a3 06       		.uleb128 0x6
 658 04a4 11040000 		.4byte	.LASF100
 659 04a8 05       		.byte	0x5
 660 04a9 96       		.byte	0x96
 661 04aa B8000000 		.4byte	0xb8
 662 04ae A6       		.byte	0xa6
 663 04af 06       		.uleb128 0x6
 664 04b0 F9050000 		.4byte	.LASF101
 665 04b4 05       		.byte	0x5
 666 04b5 97       		.byte	0x97
 667 04b6 B8000000 		.4byte	0xb8
 668 04ba A8       		.byte	0xa8
 669 04bb 06       		.uleb128 0x6
 670 04bc ED060000 		.4byte	.LASF102
 671 04c0 05       		.byte	0x5
 672 04c1 98       		.byte	0x98
 673 04c2 B8000000 		.4byte	0xb8
 674 04c6 AA       		.byte	0xaa
 675 04c7 06       		.uleb128 0x6
 676 04c8 B0030000 		.4byte	.LASF103
 677 04cc 05       		.byte	0x5
 678 04cd 99       		.byte	0x99
 679 04ce B8000000 		.4byte	0xb8
 680 04d2 AC       		.byte	0xac
 681 04d3 06       		.uleb128 0x6
 682 04d4 C0040000 		.4byte	.LASF104
 683 04d8 05       		.byte	0x5
 684 04d9 9A       		.byte	0x9a
 685 04da B8000000 		.4byte	0xb8
 686 04de AE       		.byte	0xae
 687 04df 06       		.uleb128 0x6
 688 04e0 69070000 		.4byte	.LASF105
 689 04e4 05       		.byte	0x5
 690 04e5 9D       		.byte	0x9d
 691 04e6 B8000000 		.4byte	0xb8
 692 04ea B0       		.byte	0xb0
 693 04eb 06       		.uleb128 0x6
 694 04ec 4B000000 		.4byte	.LASF106
 695 04f0 05       		.byte	0x5
 696 04f1 9E       		.byte	0x9e
 697 04f2 CE000000 		.4byte	0xce
 698 04f6 B4       		.byte	0xb4
 699 04f7 00       		.byte	0
 700 04f8 03       		.uleb128 0x3
 701 04f9 E5030000 		.4byte	.LASF107
 702 04fd 05       		.byte	0x5
 703 04fe 9F       		.byte	0x9f
 704 04ff E7000000 		.4byte	0xe7
 705 0503 02       		.uleb128 0x2
ARM GAS  C:\Users\Austina\AppData\Local\Temp\ccFnJDs9.s 			page 16


 706 0504 01       		.byte	0x1
 707 0505 08       		.byte	0x8
 708 0506 D1060000 		.4byte	.LASF108
 709 050a 02       		.uleb128 0x2
 710 050b 04       		.byte	0x4
 711 050c 04       		.byte	0x4
 712 050d D8050000 		.4byte	.LASF109
 713 0511 02       		.uleb128 0x2
 714 0512 08       		.byte	0x8
 715 0513 04       		.byte	0x4
 716 0514 48020000 		.4byte	.LASF110
 717 0518 02       		.uleb128 0x2
 718 0519 01       		.byte	0x1
 719 051a 02       		.byte	0x2
 720 051b 2C060000 		.4byte	.LASF111
 721 051f 07       		.uleb128 0x7
 722 0520 F4010000 		.4byte	.LASF144
 723 0524 64       		.byte	0x64
 724 0525 06       		.byte	0x6
 725 0526 2F       		.byte	0x2f
 726 0527 58060000 		.4byte	0x658
 727 052b 06       		.uleb128 0x6
 728 052c D0050000 		.4byte	.LASF112
 729 0530 06       		.byte	0x6
 730 0531 31       		.byte	0x31
 731 0532 CE000000 		.4byte	0xce
 732 0536 00       		.byte	0
 733 0537 06       		.uleb128 0x6
 734 0538 03010000 		.4byte	.LASF113
 735 053c 06       		.byte	0x6
 736 053d 33       		.byte	0x33
 737 053e CE000000 		.4byte	0xce
 738 0542 04       		.byte	0x4
 739 0543 06       		.uleb128 0x6
 740 0544 82000000 		.4byte	.LASF114
 741 0548 06       		.byte	0x6
 742 0549 34       		.byte	0x34
 743 054a CE000000 		.4byte	0xce
 744 054e 08       		.byte	0x8
 745 054f 06       		.uleb128 0x6
 746 0550 02040000 		.4byte	.LASF115
 747 0554 06       		.byte	0x6
 748 0555 35       		.byte	0x35
 749 0556 CE000000 		.4byte	0xce
 750 055a 0C       		.byte	0xc
 751 055b 06       		.uleb128 0x6
 752 055c 12000000 		.4byte	.LASF116
 753 0560 06       		.byte	0x6
 754 0561 36       		.byte	0x36
 755 0562 CE000000 		.4byte	0xce
 756 0566 10       		.byte	0x10
 757 0567 06       		.uleb128 0x6
 758 0568 93070000 		.4byte	.LASF117
 759 056c 06       		.byte	0x6
 760 056d 37       		.byte	0x37
 761 056e CE000000 		.4byte	0xce
 762 0572 14       		.byte	0x14
ARM GAS  C:\Users\Austina\AppData\Local\Temp\ccFnJDs9.s 			page 17


 763 0573 06       		.uleb128 0x6
 764 0574 9B070000 		.4byte	.LASF118
 765 0578 06       		.byte	0x6
 766 0579 38       		.byte	0x38
 767 057a CE000000 		.4byte	0xce
 768 057e 18       		.byte	0x18
 769 057f 06       		.uleb128 0x6
 770 0580 7A060000 		.4byte	.LASF119
 771 0584 06       		.byte	0x6
 772 0585 39       		.byte	0x39
 773 0586 18050000 		.4byte	0x518
 774 058a 1C       		.byte	0x1c
 775 058b 06       		.uleb128 0x6
 776 058c BC060000 		.4byte	.LASF120
 777 0590 06       		.byte	0x6
 778 0591 3A       		.byte	0x3a
 779 0592 CE000000 		.4byte	0xce
 780 0596 20       		.byte	0x20
 781 0597 06       		.uleb128 0x6
 782 0598 A3070000 		.4byte	.LASF121
 783 059c 06       		.byte	0x6
 784 059d 3B       		.byte	0x3b
 785 059e CE000000 		.4byte	0xce
 786 05a2 24       		.byte	0x24
 787 05a3 06       		.uleb128 0x6
 788 05a4 4D030000 		.4byte	.LASF122
 789 05a8 06       		.byte	0x6
 790 05a9 3C       		.byte	0x3c
 791 05aa 18050000 		.4byte	0x518
 792 05ae 28       		.byte	0x28
 793 05af 06       		.uleb128 0x6
 794 05b0 30070000 		.4byte	.LASF123
 795 05b4 06       		.byte	0x6
 796 05b5 3E       		.byte	0x3e
 797 05b6 CE000000 		.4byte	0xce
 798 05ba 2C       		.byte	0x2c
 799 05bb 06       		.uleb128 0x6
 800 05bc F5030000 		.4byte	.LASF124
 801 05c0 06       		.byte	0x6
 802 05c1 3F       		.byte	0x3f
 803 05c2 CE000000 		.4byte	0xce
 804 05c6 30       		.byte	0x30
 805 05c7 06       		.uleb128 0x6
 806 05c8 E9070000 		.4byte	.LASF125
 807 05cc 06       		.byte	0x6
 808 05cd 40       		.byte	0x40
 809 05ce CE000000 		.4byte	0xce
 810 05d2 34       		.byte	0x34
 811 05d3 06       		.uleb128 0x6
 812 05d4 1B060000 		.4byte	.LASF126
 813 05d8 06       		.byte	0x6
 814 05d9 41       		.byte	0x41
 815 05da CE000000 		.4byte	0xce
 816 05de 38       		.byte	0x38
 817 05df 06       		.uleb128 0x6
 818 05e0 93030000 		.4byte	.LASF127
 819 05e4 06       		.byte	0x6
ARM GAS  C:\Users\Austina\AppData\Local\Temp\ccFnJDs9.s 			page 18


 820 05e5 42       		.byte	0x42
 821 05e6 CE000000 		.4byte	0xce
 822 05ea 3C       		.byte	0x3c
 823 05eb 06       		.uleb128 0x6
 824 05ec 8B060000 		.4byte	.LASF128
 825 05f0 06       		.byte	0x6
 826 05f1 44       		.byte	0x44
 827 05f2 CE000000 		.4byte	0xce
 828 05f6 40       		.byte	0x40
 829 05f7 06       		.uleb128 0x6
 830 05f8 A8080000 		.4byte	.LASF129
 831 05fc 06       		.byte	0x6
 832 05fd 45       		.byte	0x45
 833 05fe CE000000 		.4byte	0xce
 834 0602 44       		.byte	0x44
 835 0603 06       		.uleb128 0x6
 836 0604 41070000 		.4byte	.LASF130
 837 0608 06       		.byte	0x6
 838 0609 47       		.byte	0x47
 839 060a CE000000 		.4byte	0xce
 840 060e 48       		.byte	0x48
 841 060f 06       		.uleb128 0x6
 842 0610 77070000 		.4byte	.LASF131
 843 0614 06       		.byte	0x6
 844 0615 48       		.byte	0x48
 845 0616 CE000000 		.4byte	0xce
 846 061a 4C       		.byte	0x4c
 847 061b 06       		.uleb128 0x6
 848 061c 3C040000 		.4byte	.LASF132
 849 0620 06       		.byte	0x6
 850 0621 4A       		.byte	0x4a
 851 0622 CE000000 		.4byte	0xce
 852 0626 50       		.byte	0x50
 853 0627 06       		.uleb128 0x6
 854 0628 BE030000 		.4byte	.LASF133
 855 062c 06       		.byte	0x6
 856 062d 4B       		.byte	0x4b
 857 062e CE000000 		.4byte	0xce
 858 0632 54       		.byte	0x54
 859 0633 06       		.uleb128 0x6
 860 0634 41000000 		.4byte	.LASF134
 861 0638 06       		.byte	0x6
 862 0639 4D       		.byte	0x4d
 863 063a CE000000 		.4byte	0xce
 864 063e 58       		.byte	0x58
 865 063f 06       		.uleb128 0x6
 866 0640 CE080000 		.4byte	.LASF135
 867 0644 06       		.byte	0x6
 868 0645 4E       		.byte	0x4e
 869 0646 CE000000 		.4byte	0xce
 870 064a 5C       		.byte	0x5c
 871 064b 06       		.uleb128 0x6
 872 064c D6060000 		.4byte	.LASF136
 873 0650 06       		.byte	0x6
 874 0651 50       		.byte	0x50
 875 0652 CE000000 		.4byte	0xce
 876 0656 60       		.byte	0x60
ARM GAS  C:\Users\Austina\AppData\Local\Temp\ccFnJDs9.s 			page 19


 877 0657 00       		.byte	0
 878 0658 03       		.uleb128 0x3
 879 0659 8E080000 		.4byte	.LASF137
 880 065d 06       		.byte	0x6
 881 065e 51       		.byte	0x51
 882 065f 1F050000 		.4byte	0x51f
 883 0663 08       		.uleb128 0x8
 884 0664 10050000 		.4byte	.LASF145
 885 0668 02       		.byte	0x2
 886 0669 81       		.byte	0x81
 887 066a 03       		.byte	0x3
 888 066b 09       		.uleb128 0x9
 889 066c 6F020000 		.4byte	.LASF146
 890 0670 01       		.byte	0x1
 891 0671 0E       		.byte	0xe
 892 0672 94000000 		.4byte	0x94
 893 0676 00000000 		.4byte	.LFB409
 894 067a 0A000000 		.4byte	.LFE409-.LFB409
 895 067e 01       		.uleb128 0x1
 896 067f 9C       		.byte	0x9c
 897 0680 9D060000 		.4byte	0x69d
 898 0684 0A       		.uleb128 0xa
 899 0685 63060000 		.4byte	0x663
 900 0689 02000000 		.4byte	.LBB4
 901 068d 02000000 		.4byte	.LBE4-.LBB4
 902 0691 01       		.byte	0x1
 903 0692 10       		.byte	0x10
 904 0693 0B       		.uleb128 0xb
 905 0694 08000000 		.4byte	.LVL0
 906 0698 D4060000 		.4byte	0x6d4
 907 069c 00       		.byte	0
 908 069d 0C       		.uleb128 0xc
 909 069e 48010000 		.4byte	.LASF138
 910 06a2 07       		.byte	0x7
 911 06a3 F907     		.2byte	0x7f9
 912 06a5 A9060000 		.4byte	0x6a9
 913 06a9 0D       		.uleb128 0xd
 914 06aa C3000000 		.4byte	0xc3
 915 06ae 0E       		.uleb128 0xe
 916 06af EF050000 		.4byte	.LASF139
 917 06b3 05       		.byte	0x5
 918 06b4 A7       		.byte	0xa7
 919 06b5 B9060000 		.4byte	0x6b9
 920 06b9 0F       		.uleb128 0xf
 921 06ba 04       		.byte	0x4
 922 06bb BF060000 		.4byte	0x6bf
 923 06bf 10       		.uleb128 0x10
 924 06c0 F8040000 		.4byte	0x4f8
 925 06c4 0E       		.uleb128 0xe
 926 06c5 12010000 		.4byte	.LASF140
 927 06c9 08       		.byte	0x8
 928 06ca 1F       		.byte	0x1f
 929 06cb CF060000 		.4byte	0x6cf
 930 06cf 10       		.uleb128 0x10
 931 06d0 58060000 		.4byte	0x658
 932 06d4 11       		.uleb128 0x11
 933 06d5 54040000 		.4byte	.LASF147
ARM GAS  C:\Users\Austina\AppData\Local\Temp\ccFnJDs9.s 			page 20


 934 06d9 54040000 		.4byte	.LASF147
 935 06dd 08       		.byte	0x8
 936 06de 2A       		.byte	0x2a
 937 06df 00       		.byte	0
 938              		.section	.debug_abbrev,"",%progbits
 939              	.Ldebug_abbrev0:
 940 0000 01       		.uleb128 0x1
 941 0001 11       		.uleb128 0x11
 942 0002 01       		.byte	0x1
 943 0003 25       		.uleb128 0x25
 944 0004 0E       		.uleb128 0xe
 945 0005 13       		.uleb128 0x13
 946 0006 0B       		.uleb128 0xb
 947 0007 03       		.uleb128 0x3
 948 0008 0E       		.uleb128 0xe
 949 0009 1B       		.uleb128 0x1b
 950 000a 0E       		.uleb128 0xe
 951 000b 55       		.uleb128 0x55
 952 000c 17       		.uleb128 0x17
 953 000d 11       		.uleb128 0x11
 954 000e 01       		.uleb128 0x1
 955 000f 10       		.uleb128 0x10
 956 0010 17       		.uleb128 0x17
 957 0011 00       		.byte	0
 958 0012 00       		.byte	0
 959 0013 02       		.uleb128 0x2
 960 0014 24       		.uleb128 0x24
 961 0015 00       		.byte	0
 962 0016 0B       		.uleb128 0xb
 963 0017 0B       		.uleb128 0xb
 964 0018 3E       		.uleb128 0x3e
 965 0019 0B       		.uleb128 0xb
 966 001a 03       		.uleb128 0x3
 967 001b 0E       		.uleb128 0xe
 968 001c 00       		.byte	0
 969 001d 00       		.byte	0
 970 001e 03       		.uleb128 0x3
 971 001f 16       		.uleb128 0x16
 972 0020 00       		.byte	0
 973 0021 03       		.uleb128 0x3
 974 0022 0E       		.uleb128 0xe
 975 0023 3A       		.uleb128 0x3a
 976 0024 0B       		.uleb128 0xb
 977 0025 3B       		.uleb128 0x3b
 978 0026 0B       		.uleb128 0xb
 979 0027 49       		.uleb128 0x49
 980 0028 13       		.uleb128 0x13
 981 0029 00       		.byte	0
 982 002a 00       		.byte	0
 983 002b 04       		.uleb128 0x4
 984 002c 24       		.uleb128 0x24
 985 002d 00       		.byte	0
 986 002e 0B       		.uleb128 0xb
 987 002f 0B       		.uleb128 0xb
 988 0030 3E       		.uleb128 0x3e
 989 0031 0B       		.uleb128 0xb
 990 0032 03       		.uleb128 0x3
ARM GAS  C:\Users\Austina\AppData\Local\Temp\ccFnJDs9.s 			page 21


 991 0033 08       		.uleb128 0x8
 992 0034 00       		.byte	0
 993 0035 00       		.byte	0
 994 0036 05       		.uleb128 0x5
 995 0037 13       		.uleb128 0x13
 996 0038 01       		.byte	0x1
 997 0039 0B       		.uleb128 0xb
 998 003a 0B       		.uleb128 0xb
 999 003b 3A       		.uleb128 0x3a
 1000 003c 0B       		.uleb128 0xb
 1001 003d 3B       		.uleb128 0x3b
 1002 003e 0B       		.uleb128 0xb
 1003 003f 01       		.uleb128 0x1
 1004 0040 13       		.uleb128 0x13
 1005 0041 00       		.byte	0
 1006 0042 00       		.byte	0
 1007 0043 06       		.uleb128 0x6
 1008 0044 0D       		.uleb128 0xd
 1009 0045 00       		.byte	0
 1010 0046 03       		.uleb128 0x3
 1011 0047 0E       		.uleb128 0xe
 1012 0048 3A       		.uleb128 0x3a
 1013 0049 0B       		.uleb128 0xb
 1014 004a 3B       		.uleb128 0x3b
 1015 004b 0B       		.uleb128 0xb
 1016 004c 49       		.uleb128 0x49
 1017 004d 13       		.uleb128 0x13
 1018 004e 38       		.uleb128 0x38
 1019 004f 0B       		.uleb128 0xb
 1020 0050 00       		.byte	0
 1021 0051 00       		.byte	0
 1022 0052 07       		.uleb128 0x7
 1023 0053 13       		.uleb128 0x13
 1024 0054 01       		.byte	0x1
 1025 0055 03       		.uleb128 0x3
 1026 0056 0E       		.uleb128 0xe
 1027 0057 0B       		.uleb128 0xb
 1028 0058 0B       		.uleb128 0xb
 1029 0059 3A       		.uleb128 0x3a
 1030 005a 0B       		.uleb128 0xb
 1031 005b 3B       		.uleb128 0x3b
 1032 005c 0B       		.uleb128 0xb
 1033 005d 01       		.uleb128 0x1
 1034 005e 13       		.uleb128 0x13
 1035 005f 00       		.byte	0
 1036 0060 00       		.byte	0
 1037 0061 08       		.uleb128 0x8
 1038 0062 2E       		.uleb128 0x2e
 1039 0063 00       		.byte	0
 1040 0064 03       		.uleb128 0x3
 1041 0065 0E       		.uleb128 0xe
 1042 0066 3A       		.uleb128 0x3a
 1043 0067 0B       		.uleb128 0xb
 1044 0068 3B       		.uleb128 0x3b
 1045 0069 0B       		.uleb128 0xb
 1046 006a 27       		.uleb128 0x27
 1047 006b 19       		.uleb128 0x19
ARM GAS  C:\Users\Austina\AppData\Local\Temp\ccFnJDs9.s 			page 22


 1048 006c 20       		.uleb128 0x20
 1049 006d 0B       		.uleb128 0xb
 1050 006e 00       		.byte	0
 1051 006f 00       		.byte	0
 1052 0070 09       		.uleb128 0x9
 1053 0071 2E       		.uleb128 0x2e
 1054 0072 01       		.byte	0x1
 1055 0073 3F       		.uleb128 0x3f
 1056 0074 19       		.uleb128 0x19
 1057 0075 03       		.uleb128 0x3
 1058 0076 0E       		.uleb128 0xe
 1059 0077 3A       		.uleb128 0x3a
 1060 0078 0B       		.uleb128 0xb
 1061 0079 3B       		.uleb128 0x3b
 1062 007a 0B       		.uleb128 0xb
 1063 007b 27       		.uleb128 0x27
 1064 007c 19       		.uleb128 0x19
 1065 007d 49       		.uleb128 0x49
 1066 007e 13       		.uleb128 0x13
 1067 007f 8701     		.uleb128 0x87
 1068 0081 19       		.uleb128 0x19
 1069 0082 11       		.uleb128 0x11
 1070 0083 01       		.uleb128 0x1
 1071 0084 12       		.uleb128 0x12
 1072 0085 06       		.uleb128 0x6
 1073 0086 40       		.uleb128 0x40
 1074 0087 18       		.uleb128 0x18
 1075 0088 9742     		.uleb128 0x2117
 1076 008a 19       		.uleb128 0x19
 1077 008b 01       		.uleb128 0x1
 1078 008c 13       		.uleb128 0x13
 1079 008d 00       		.byte	0
 1080 008e 00       		.byte	0
 1081 008f 0A       		.uleb128 0xa
 1082 0090 1D       		.uleb128 0x1d
 1083 0091 00       		.byte	0
 1084 0092 31       		.uleb128 0x31
 1085 0093 13       		.uleb128 0x13
 1086 0094 11       		.uleb128 0x11
 1087 0095 01       		.uleb128 0x1
 1088 0096 12       		.uleb128 0x12
 1089 0097 06       		.uleb128 0x6
 1090 0098 58       		.uleb128 0x58
 1091 0099 0B       		.uleb128 0xb
 1092 009a 59       		.uleb128 0x59
 1093 009b 0B       		.uleb128 0xb
 1094 009c 00       		.byte	0
 1095 009d 00       		.byte	0
 1096 009e 0B       		.uleb128 0xb
 1097 009f 898201   		.uleb128 0x4109
 1098 00a2 00       		.byte	0
 1099 00a3 11       		.uleb128 0x11
 1100 00a4 01       		.uleb128 0x1
 1101 00a5 31       		.uleb128 0x31
 1102 00a6 13       		.uleb128 0x13
 1103 00a7 00       		.byte	0
 1104 00a8 00       		.byte	0
ARM GAS  C:\Users\Austina\AppData\Local\Temp\ccFnJDs9.s 			page 23


 1105 00a9 0C       		.uleb128 0xc
 1106 00aa 34       		.uleb128 0x34
 1107 00ab 00       		.byte	0
 1108 00ac 03       		.uleb128 0x3
 1109 00ad 0E       		.uleb128 0xe
 1110 00ae 3A       		.uleb128 0x3a
 1111 00af 0B       		.uleb128 0xb
 1112 00b0 3B       		.uleb128 0x3b
 1113 00b1 05       		.uleb128 0x5
 1114 00b2 49       		.uleb128 0x49
 1115 00b3 13       		.uleb128 0x13
 1116 00b4 3F       		.uleb128 0x3f
 1117 00b5 19       		.uleb128 0x19
 1118 00b6 3C       		.uleb128 0x3c
 1119 00b7 19       		.uleb128 0x19
 1120 00b8 00       		.byte	0
 1121 00b9 00       		.byte	0
 1122 00ba 0D       		.uleb128 0xd
 1123 00bb 35       		.uleb128 0x35
 1124 00bc 00       		.byte	0
 1125 00bd 49       		.uleb128 0x49
 1126 00be 13       		.uleb128 0x13
 1127 00bf 00       		.byte	0
 1128 00c0 00       		.byte	0
 1129 00c1 0E       		.uleb128 0xe
 1130 00c2 34       		.uleb128 0x34
 1131 00c3 00       		.byte	0
 1132 00c4 03       		.uleb128 0x3
 1133 00c5 0E       		.uleb128 0xe
 1134 00c6 3A       		.uleb128 0x3a
 1135 00c7 0B       		.uleb128 0xb
 1136 00c8 3B       		.uleb128 0x3b
 1137 00c9 0B       		.uleb128 0xb
 1138 00ca 49       		.uleb128 0x49
 1139 00cb 13       		.uleb128 0x13
 1140 00cc 3F       		.uleb128 0x3f
 1141 00cd 19       		.uleb128 0x19
 1142 00ce 3C       		.uleb128 0x3c
 1143 00cf 19       		.uleb128 0x19
 1144 00d0 00       		.byte	0
 1145 00d1 00       		.byte	0
 1146 00d2 0F       		.uleb128 0xf
 1147 00d3 0F       		.uleb128 0xf
 1148 00d4 00       		.byte	0
 1149 00d5 0B       		.uleb128 0xb
 1150 00d6 0B       		.uleb128 0xb
 1151 00d7 49       		.uleb128 0x49
 1152 00d8 13       		.uleb128 0x13
 1153 00d9 00       		.byte	0
 1154 00da 00       		.byte	0
 1155 00db 10       		.uleb128 0x10
 1156 00dc 26       		.uleb128 0x26
 1157 00dd 00       		.byte	0
 1158 00de 49       		.uleb128 0x49
 1159 00df 13       		.uleb128 0x13
 1160 00e0 00       		.byte	0
 1161 00e1 00       		.byte	0
ARM GAS  C:\Users\Austina\AppData\Local\Temp\ccFnJDs9.s 			page 24


 1162 00e2 11       		.uleb128 0x11
 1163 00e3 2E       		.uleb128 0x2e
 1164 00e4 00       		.byte	0
 1165 00e5 3F       		.uleb128 0x3f
 1166 00e6 19       		.uleb128 0x19
 1167 00e7 3C       		.uleb128 0x3c
 1168 00e8 19       		.uleb128 0x19
 1169 00e9 6E       		.uleb128 0x6e
 1170 00ea 0E       		.uleb128 0xe
 1171 00eb 03       		.uleb128 0x3
 1172 00ec 0E       		.uleb128 0xe
 1173 00ed 3A       		.uleb128 0x3a
 1174 00ee 0B       		.uleb128 0xb
 1175 00ef 3B       		.uleb128 0x3b
 1176 00f0 0B       		.uleb128 0xb
 1177 00f1 00       		.byte	0
 1178 00f2 00       		.byte	0
 1179 00f3 00       		.byte	0
 1180              		.section	.debug_aranges,"",%progbits
 1181 0000 1C000000 		.4byte	0x1c
 1182 0004 0200     		.2byte	0x2
 1183 0006 00000000 		.4byte	.Ldebug_info0
 1184 000a 04       		.byte	0x4
 1185 000b 00       		.byte	0
 1186 000c 0000     		.2byte	0
 1187 000e 0000     		.2byte	0
 1188 0010 00000000 		.4byte	.LFB409
 1189 0014 0A000000 		.4byte	.LFE409-.LFB409
 1190 0018 00000000 		.4byte	0
 1191 001c 00000000 		.4byte	0
 1192              		.section	.debug_ranges,"",%progbits
 1193              	.Ldebug_ranges0:
 1194 0000 00000000 		.4byte	.LFB409
 1195 0004 0A000000 		.4byte	.LFE409
 1196 0008 00000000 		.4byte	0
 1197 000c 00000000 		.4byte	0
 1198              		.section	.debug_line,"",%progbits
 1199              	.Ldebug_line0:
 1200 0000 34020000 		.section	.debug_str,"MS",%progbits,1
 1200      02001302 
 1200      00000201 
 1200      FB0E0D00 
 1200      01010101 
 1201              	.LASF56:
 1202 0000 70726F74 		.ascii	"protBusMasterMask\000"
 1202      4275734D 
 1202      61737465 
 1202      724D6173 
 1202      6B00
 1203              	.LASF116:
 1204 0012 72756E4D 		.ascii	"runMode\000"
 1204      6F646500 
 1205              	.LASF66:
 1206 001a 666C6173 		.ascii	"flashCtlMainWs3Freq\000"
 1206      6843746C 
 1206      4D61696E 
 1206      57733346 
ARM GAS  C:\Users\Austina\AppData\Local\Temp\ccFnJDs9.s 			page 25


 1206      72657100 
 1207              	.LASF88:
 1208 002e 6770696F 		.ascii	"gpioPrtCfgInOffset\000"
 1208      50727443 
 1208      6667496E 
 1208      4F666673 
 1208      657400
 1209              	.LASF134:
 1210 0041 6B696C6C 		.ascii	"killInput\000"
 1210      496E7075 
 1210      7400
 1211              	.LASF106:
 1212 004b 6970634C 		.ascii	"ipcLockStatusOffset\000"
 1212      6F636B53 
 1212      74617475 
 1212      734F6666 
 1212      73657400 
 1213              	.LASF32:
 1214 005f 63727970 		.ascii	"cryptoVersion\000"
 1214      746F5665 
 1214      7273696F 
 1214      6E00
 1215              	.LASF50:
 1216 006d 70657269 		.ascii	"periClockNr\000"
 1216      436C6F63 
 1216      6B4E7200 
 1217              	.LASF28:
 1218 0079 70617373 		.ascii	"passBase\000"
 1218      42617365 
 1218      00
 1219              	.LASF114:
 1220 0082 70776D41 		.ascii	"pwmAlignment\000"
 1220      6C69676E 
 1220      6D656E74 
 1220      00
 1221              	.LASF41:
 1222 008f 63707573 		.ascii	"cpussIpcIrqNr\000"
 1222      73497063 
 1222      4972714E 
 1222      7200
 1223              	.LASF3:
 1224 009d 5F5F7569 		.ascii	"__uint8_t\000"
 1224      6E74385F 
 1224      7400
 1225              	.LASF85:
 1226 00a7 70657269 		.ascii	"periDiv24_5CtlOffset\000"
 1226      44697632 
 1226      345F3543 
 1226      746C4F66 
 1226      66736574 
 1227              	.LASF92:
 1228 00bc 63707573 		.ascii	"cpussCm4ClockCtlOffset\000"
 1228      73436D34 
 1228      436C6F63 
 1228      6B43746C 
 1228      4F666673 
 1229              	.LASF21:
ARM GAS  C:\Users\Austina\AppData\Local\Temp\ccFnJDs9.s 			page 26


 1230 00d3 63707573 		.ascii	"cpussBase\000"
 1230      73426173 
 1230      6500
 1231              	.LASF70:
 1232 00dd 64774368 		.ascii	"dwChCtlPrioPos\000"
 1232      43746C50 
 1232      72696F50 
 1232      6F7300
 1233              	.LASF12:
 1234 00ec 6C6F6E67 		.ascii	"long long unsigned int\000"
 1234      206C6F6E 
 1234      6720756E 
 1234      7369676E 
 1234      65642069 
 1235              	.LASF113:
 1236 0103 636C6F63 		.ascii	"clockPrescaler\000"
 1236      6B507265 
 1236      7363616C 
 1236      657200
 1237              	.LASF140:
 1238 0112 4C454442 		.ascii	"LEDBlink_config\000"
 1238      6C696E6B 
 1238      5F636F6E 
 1238      66696700 
 1239              	.LASF74:
 1240 0122 70657269 		.ascii	"periTrCmdOffset\000"
 1240      5472436D 
 1240      644F6666 
 1240      73657400 
 1241              	.LASF98:
 1242 0132 63707573 		.ascii	"cpussSysTickCtlOffset\000"
 1242      73537973 
 1242      5469636B 
 1242      43746C4F 
 1242      66667365 
 1243              	.LASF138:
 1244 0148 49544D5F 		.ascii	"ITM_RxBuffer\000"
 1244      52784275 
 1244      66666572 
 1244      00
 1245              	.LASF59:
 1246 0155 666C6173 		.ascii	"flashPipeRequired\000"
 1246      68506970 
 1246      65526571 
 1246      75697265 
 1246      6400
 1247              	.LASF63:
 1248 0167 666C6173 		.ascii	"flashCtlMainWs0Freq\000"
 1248      6843746C 
 1248      4D61696E 
 1248      57733046 
 1248      72657100 
 1249              	.LASF15:
 1250 017b 696E7431 		.ascii	"int16_t\000"
 1250      365F7400 
 1251              	.LASF11:
 1252 0183 6C6F6E67 		.ascii	"long long int\000"
ARM GAS  C:\Users\Austina\AppData\Local\Temp\ccFnJDs9.s 			page 27


 1252      206C6F6E 
 1252      6720696E 
 1252      7400
 1253              	.LASF1:
 1254 0191 7369676E 		.ascii	"signed char\000"
 1254      65642063 
 1254      68617200 
 1255              	.LASF79:
 1256 019d 70657269 		.ascii	"periDivCmdTypeSelPos\000"
 1256      44697643 
 1256      6D645479 
 1256      70655365 
 1256      6C506F73 
 1257              	.LASF25:
 1258 01b2 70726F74 		.ascii	"protBase\000"
 1258      42617365 
 1258      00
 1259              	.LASF37:
 1260 01bb 69706356 		.ascii	"ipcVersion\000"
 1260      65727369 
 1260      6F6E00
 1261              	.LASF99:
 1262 01c6 63707573 		.ascii	"cpussCm0NmiCtlOffset\000"
 1262      73436D30 
 1262      4E6D6943 
 1262      746C4F66 
 1262      66736574 
 1263              	.LASF47:
 1264 01db 73727373 		.ascii	"srssNumClkpath\000"
 1264      4E756D43 
 1264      6C6B7061 
 1264      746800
 1265              	.LASF26:
 1266 01ea 6873696F 		.ascii	"hsiomBase\000"
 1266      6D426173 
 1266      6500
 1267              	.LASF144:
 1268 01f4 63795F73 		.ascii	"cy_stc_tcpwm_pwm_config\000"
 1268      74635F74 
 1268      6370776D 
 1268      5F70776D 
 1268      5F636F6E 
 1269              	.LASF8:
 1270 020c 6C6F6E67 		.ascii	"long int\000"
 1270      20696E74 
 1270      00
 1271              	.LASF57:
 1272 0215 63727970 		.ascii	"cryptoMemSize\000"
 1272      746F4D65 
 1272      6D53697A 
 1272      6500
 1273              	.LASF23:
 1274 0223 70657269 		.ascii	"periBase\000"
 1274      42617365 
 1274      00
 1275              	.LASF55:
 1276 022c 73797350 		.ascii	"sysPmSimoPresent\000"
ARM GAS  C:\Users\Austina\AppData\Local\Temp\ccFnJDs9.s 			page 28


 1276      6D53696D 
 1276      6F507265 
 1276      73656E74 
 1276      00
 1277              	.LASF45:
 1278 023d 63707573 		.ascii	"cpussFmIrq\000"
 1278      73466D49 
 1278      727100
 1279              	.LASF110:
 1280 0248 646F7562 		.ascii	"double\000"
 1280      6C6500
 1281              	.LASF84:
 1282 024f 70657269 		.ascii	"periDiv16_5CtlOffset\000"
 1282      44697631 
 1282      365F3543 
 1282      746C4F66 
 1282      66736574 
 1283              	.LASF48:
 1284 0264 73727373 		.ascii	"srssNumPll\000"
 1284      4E756D50 
 1284      6C6C00
 1285              	.LASF146:
 1286 026f 6D61696E 		.ascii	"main\000"
 1286      00
 1287              	.LASF82:
 1288 0274 70657269 		.ascii	"periDiv8CtlOffset\000"
 1288      44697638 
 1288      43746C4F 
 1288      66667365 
 1288      7400
 1289              	.LASF89:
 1290 0286 6770696F 		.ascii	"gpioPrtCfgOutOffset\000"
 1290      50727443 
 1290      66674F75 
 1290      744F6666 
 1290      73657400 
 1291              	.LASF22:
 1292 029a 666C6173 		.ascii	"flashcBase\000"
 1292      68634261 
 1292      736500
 1293              	.LASF9:
 1294 02a5 5F5F7569 		.ascii	"__uint32_t\000"
 1294      6E743332 
 1294      5F7400
 1295              	.LASF52:
 1296 02b0 70617373 		.ascii	"passSarChannels\000"
 1296      53617243 
 1296      68616E6E 
 1296      656C7300 
 1297              	.LASF4:
 1298 02c0 5F5F696E 		.ascii	"__int16_t\000"
 1298      7431365F 
 1298      7400
 1299              	.LASF95:
 1300 02ca 63707573 		.ascii	"cpussCm4PwrCtlOffset\000"
 1300      73436D34 
 1300      50777243 
ARM GAS  C:\Users\Austina\AppData\Local\Temp\ccFnJDs9.s 			page 29


 1300      746C4F66 
 1300      66736574 
 1301              	.LASF90:
 1302 02df 6770696F 		.ascii	"gpioPrtCfgSioOffset\000"
 1302      50727443 
 1302      66675369 
 1302      6F4F6666 
 1302      73657400 
 1303              	.LASF42:
 1304 02f3 63707573 		.ascii	"cpussDwChNr\000"
 1304      73447743 
 1304      684E7200 
 1305              	.LASF13:
 1306 02ff 756E7369 		.ascii	"unsigned int\000"
 1306      676E6564 
 1306      20696E74 
 1306      00
 1307              	.LASF16:
 1308 030c 75696E74 		.ascii	"uint16_t\000"
 1308      31365F74 
 1308      00
 1309              	.LASF75:
 1310 0315 70657269 		.ascii	"periTrCmdGrSelMsk\000"
 1310      5472436D 
 1310      64477253 
 1310      656C4D73 
 1310      6B00
 1311              	.LASF64:
 1312 0327 666C6173 		.ascii	"flashCtlMainWs1Freq\000"
 1312      6843746C 
 1312      4D61696E 
 1312      57733146 
 1312      72657100 
 1313              	.LASF10:
 1314 033b 6C6F6E67 		.ascii	"long unsigned int\000"
 1314      20756E73 
 1314      69676E65 
 1314      6420696E 
 1314      7400
 1315              	.LASF122:
 1316 034d 656E6162 		.ascii	"enableCompareSwap\000"
 1316      6C65436F 
 1316      6D706172 
 1316      65537761 
 1316      7000
 1317              	.LASF40:
 1318 035f 63707573 		.ascii	"cpussIpcNr\000"
 1318      73497063 
 1318      4E7200
 1319              	.LASF27:
 1320 036a 6770696F 		.ascii	"gpioBase\000"
 1320      42617365 
 1320      00
 1321              	.LASF53:
 1322 0373 65704D6F 		.ascii	"epMonitorNr\000"
 1322      6E69746F 
 1322      724E7200 
ARM GAS  C:\Users\Austina\AppData\Local\Temp\ccFnJDs9.s 			page 30


 1323              	.LASF65:
 1324 037f 666C6173 		.ascii	"flashCtlMainWs2Freq\000"
 1324      6843746C 
 1324      4D61696E 
 1324      57733246 
 1324      72657100 
 1325              	.LASF127:
 1326 0393 73776170 		.ascii	"swapInputMode\000"
 1326      496E7075 
 1326      744D6F64 
 1326      6500
 1327              	.LASF76:
 1328 03a1 70657269 		.ascii	"periTrGrOffset\000"
 1328      54724772 
 1328      4F666673 
 1328      657400
 1329              	.LASF103:
 1330 03b0 63707573 		.ascii	"cpussRam1Ctl0\000"
 1330      7352616D 
 1330      3143746C 
 1330      3000
 1331              	.LASF133:
 1332 03be 6B696C6C 		.ascii	"killInputMode\000"
 1332      496E7075 
 1332      744D6F64 
 1332      6500
 1333              	.LASF77:
 1334 03cc 70657269 		.ascii	"periTrGrSize\000"
 1334      54724772 
 1334      53697A65 
 1334      00
 1335              	.LASF35:
 1336 03d9 6770696F 		.ascii	"gpioVersion\000"
 1336      56657273 
 1336      696F6E00 
 1337              	.LASF107:
 1338 03e5 63795F73 		.ascii	"cy_stc_device_t\000"
 1338      74635F64 
 1338      65766963 
 1338      655F7400 
 1339              	.LASF124:
 1340 03f5 696E7665 		.ascii	"invertPWMOut\000"
 1340      72745057 
 1340      4D4F7574 
 1340      00
 1341              	.LASF115:
 1342 0402 64656164 		.ascii	"deadTimeClocks\000"
 1342      54696D65 
 1342      436C6F63 
 1342      6B7300
 1343              	.LASF100:
 1344 0411 63707573 		.ascii	"cpussCm4NmiCtlOffset\000"
 1344      73436D34 
 1344      4E6D6943 
 1344      746C4F66 
 1344      66736574 
 1345              	.LASF96:
ARM GAS  C:\Users\Austina\AppData\Local\Temp\ccFnJDs9.s 			page 31


 1346 0426 63707573 		.ascii	"cpussTrimRamCtlOffset\000"
 1346      73547269 
 1346      6D52616D 
 1346      43746C4F 
 1346      66667365 
 1347              	.LASF132:
 1348 043c 73746172 		.ascii	"startInput\000"
 1348      74496E70 
 1348      757400
 1349              	.LASF31:
 1350 0447 63707573 		.ascii	"cpussVersion\000"
 1350      73566572 
 1350      73696F6E 
 1350      00
 1351              	.LASF147:
 1352 0454 4C454442 		.ascii	"LEDBlink_Start\000"
 1352      6C696E6B 
 1352      5F537461 
 1352      727400
 1353              	.LASF38:
 1354 0463 70657269 		.ascii	"periVersion\000"
 1354      56657273 
 1354      696F6E00 
 1355              	.LASF94:
 1356 046f 63707573 		.ascii	"cpussCm0StatusOffset\000"
 1356      73436D30 
 1356      53746174 
 1356      75734F66 
 1356      66736574 
 1357              	.LASF19:
 1358 0484 73697A65 		.ascii	"sizetype\000"
 1358      74797065 
 1358      00
 1359              	.LASF68:
 1360 048d 64774368 		.ascii	"dwChOffset\000"
 1360      4F666673 
 1360      657400
 1361              	.LASF43:
 1362 0498 63707573 		.ascii	"cpussFlashPaSize\000"
 1362      73466C61 
 1362      73685061 
 1362      53697A65 
 1362      00
 1363              	.LASF81:
 1364 04a9 70657269 		.ascii	"periDivCmdPaTypeSelPos\000"
 1364      44697643 
 1364      6D645061 
 1364      54797065 
 1364      53656C50 
 1365              	.LASF104:
 1366 04c0 63707573 		.ascii	"cpussRam2Ctl0\000"
 1366      7352616D 
 1366      3243746C 
 1366      3000
 1367              	.LASF72:
 1368 04ce 64775374 		.ascii	"dwStatusChIdxPos\000"
 1368      61747573 
ARM GAS  C:\Users\Austina\AppData\Local\Temp\ccFnJDs9.s 			page 32


 1368      43684964 
 1368      78506F73 
 1368      00
 1369              	.LASF54:
 1370 04df 75646250 		.ascii	"udbPresent\000"
 1370      72657365 
 1370      6E7400
 1371              	.LASF34:
 1372 04ea 666C6173 		.ascii	"flashcVersion\000"
 1372      68635665 
 1372      7273696F 
 1372      6E00
 1373              	.LASF30:
 1374 04f8 63727970 		.ascii	"cryptoBase\000"
 1374      746F4261 
 1374      736500
 1375              	.LASF51:
 1376 0503 736D6966 		.ascii	"smifDeviceNr\000"
 1376      44657669 
 1376      63654E72 
 1376      00
 1377              	.LASF145:
 1378 0510 5F5F656E 		.ascii	"__enable_irq\000"
 1378      61626C65 
 1378      5F697271 
 1378      00
 1379              	.LASF141:
 1380 051d 474E5520 		.ascii	"GNU C11 5.4.1 20160609 (release) [ARM/embedded-5-br"
 1380      43313120 
 1380      352E342E 
 1380      31203230 
 1380      31363036 
 1381 0550 616E6368 		.ascii	"anch revision 237715] -mcpu=cortex-m4 -mfloat-abi=s"
 1381      20726576 
 1381      6973696F 
 1381      6E203233 
 1381      37373135 
 1382 0583 6F667466 		.ascii	"oftfp -mfpu=fpv4-sp-d16 -mthumb -g -Og -ffunction-s"
 1382      70202D6D 
 1382      6670753D 
 1382      66707634 
 1382      2D73702D 
 1383 05b6 65637469 		.ascii	"ections -ffat-lto-objects\000"
 1383      6F6E7320 
 1383      2D666661 
 1383      742D6C74 
 1383      6F2D6F62 
 1384              	.LASF112:
 1385 05d0 70776D4D 		.ascii	"pwmMode\000"
 1385      6F646500 
 1386              	.LASF109:
 1387 05d8 666C6F61 		.ascii	"float\000"
 1387      7400
 1388              	.LASF73:
 1389 05de 64775374 		.ascii	"dwStatusChIdxMsk\000"
 1389      61747573 
 1389      43684964 
ARM GAS  C:\Users\Austina\AppData\Local\Temp\ccFnJDs9.s 			page 33


 1389      784D736B 
 1389      00
 1390              	.LASF139:
 1391 05ef 63795F64 		.ascii	"cy_device\000"
 1391      65766963 
 1391      6500
 1392              	.LASF101:
 1393 05f9 63707573 		.ascii	"cpussRomCtl\000"
 1393      73526F6D 
 1393      43746C00 
 1394              	.LASF71:
 1395 0605 64774368 		.ascii	"dwChCtlPreemptablePos\000"
 1395      43746C50 
 1395      7265656D 
 1395      70746162 
 1395      6C65506F 
 1396              	.LASF126:
 1397 061b 6B696C6C 		.ascii	"killMode\000"
 1397      4D6F6465 
 1397      00
 1398              	.LASF24:
 1399 0624 75646242 		.ascii	"udbBase\000"
 1399      61736500 
 1400              	.LASF111:
 1401 062c 5F426F6F 		.ascii	"_Bool\000"
 1401      6C00
 1402              	.LASF17:
 1403 0632 696E7433 		.ascii	"int32_t\000"
 1403      325F7400 
 1404              	.LASF2:
 1405 063a 756E7369 		.ascii	"unsigned char\000"
 1405      676E6564 
 1405      20636861 
 1405      7200
 1406              	.LASF67:
 1407 0648 666C6173 		.ascii	"flashCtlMainWs4Freq\000"
 1407      6843746C 
 1407      4D61696E 
 1407      57733446 
 1407      72657100 
 1408              	.LASF0:
 1409 065c 73686F72 		.ascii	"short int\000"
 1409      7420696E 
 1409      7400
 1410              	.LASF78:
 1411 0666 70657269 		.ascii	"periDivCmdDivSelMsk\000"
 1411      44697643 
 1411      6D644469 
 1411      7653656C 
 1411      4D736B00 
 1412              	.LASF119:
 1413 067a 656E6162 		.ascii	"enablePeriodSwap\000"
 1413      6C655065 
 1413      72696F64 
 1413      53776170 
 1413      00
 1414              	.LASF128:
ARM GAS  C:\Users\Austina\AppData\Local\Temp\ccFnJDs9.s 			page 34


 1415 068b 73776170 		.ascii	"swapInput\000"
 1415      496E7075 
 1415      7400
 1416              	.LASF49:
 1417 0695 73727373 		.ascii	"srssNumHfroot\000"
 1417      4E756D48 
 1417      66726F6F 
 1417      7400
 1418              	.LASF62:
 1419 06a3 666C6173 		.ascii	"flashEraseDelay\000"
 1419      68457261 
 1419      73654465 
 1419      6C617900 
 1420              	.LASF18:
 1421 06b3 75696E74 		.ascii	"uint32_t\000"
 1421      33325F74 
 1421      00
 1422              	.LASF120:
 1423 06bc 636F6D70 		.ascii	"compare0\000"
 1423      61726530 
 1423      00
 1424              	.LASF20:
 1425 06c5 6C6F6E67 		.ascii	"long double\000"
 1425      20646F75 
 1425      626C6500 
 1426              	.LASF108:
 1427 06d1 63686172 		.ascii	"char\000"
 1427      00
 1428              	.LASF136:
 1429 06d6 636F756E 		.ascii	"countInput\000"
 1429      74496E70 
 1429      757400
 1430              	.LASF39:
 1431 06e1 70726F74 		.ascii	"protVersion\000"
 1431      56657273 
 1431      696F6E00 
 1432              	.LASF102:
 1433 06ed 63707573 		.ascii	"cpussRam0Ctl0\000"
 1433      7352616D 
 1433      3043746C 
 1433      3000
 1434              	.LASF5:
 1435 06fb 5F5F7569 		.ascii	"__uint16_t\000"
 1435      6E743136 
 1435      5F7400
 1436              	.LASF83:
 1437 0706 70657269 		.ascii	"periDiv16CtlOffset\000"
 1437      44697631 
 1437      3643746C 
 1437      4F666673 
 1437      657400
 1438              	.LASF7:
 1439 0719 5F5F696E 		.ascii	"__int32_t\000"
 1439      7433325F 
 1439      7400
 1440              	.LASF36:
 1441 0723 6873696F 		.ascii	"hsiomVersion\000"
ARM GAS  C:\Users\Austina\AppData\Local\Temp\ccFnJDs9.s 			page 35


 1441      6D566572 
 1441      73696F6E 
 1441      00
 1442              	.LASF123:
 1443 0730 696E7465 		.ascii	"interruptSources\000"
 1443      72727570 
 1443      74536F75 
 1443      72636573 
 1443      00
 1444              	.LASF130:
 1445 0741 72656C6F 		.ascii	"reloadInput\000"
 1445      6164496E 
 1445      70757400 
 1446              	.LASF6:
 1447 074d 73686F72 		.ascii	"short unsigned int\000"
 1447      7420756E 
 1447      7369676E 
 1447      65642069 
 1447      6E7400
 1448              	.LASF69:
 1449 0760 64774368 		.ascii	"dwChSize\000"
 1449      53697A65 
 1449      00
 1450              	.LASF105:
 1451 0769 69706353 		.ascii	"ipcStructSize\000"
 1451      74727563 
 1451      7453697A 
 1451      6500
 1452              	.LASF131:
 1453 0777 73746172 		.ascii	"startInputMode\000"
 1453      74496E70 
 1453      75744D6F 
 1453      646500
 1454              	.LASF44:
 1455 0786 63707573 		.ascii	"cpussIpc0Irq\000"
 1455      73497063 
 1455      30497271 
 1455      00
 1456              	.LASF117:
 1457 0793 70657269 		.ascii	"period0\000"
 1457      6F643000 
 1458              	.LASF118:
 1459 079b 70657269 		.ascii	"period1\000"
 1459      6F643100 
 1460              	.LASF121:
 1461 07a3 636F6D70 		.ascii	"compare1\000"
 1461      61726531 
 1461      00
 1462              	.LASF91:
 1463 07ac 63707573 		.ascii	"cpussCm0ClockCtlOffset\000"
 1463      73436D30 
 1463      436C6F63 
 1463      6B43746C 
 1463      4F666673 
 1464              	.LASF87:
 1465 07c3 6770696F 		.ascii	"gpioPrtCfgOffset\000"
 1465      50727443 
ARM GAS  C:\Users\Austina\AppData\Local\Temp\ccFnJDs9.s 			page 36


 1465      66674F66 
 1465      66736574 
 1465      00
 1466              	.LASF46:
 1467 07d4 63707573 		.ascii	"cpussNotConnectedIrq\000"
 1467      734E6F74 
 1467      436F6E6E 
 1467      65637465 
 1467      64497271 
 1468              	.LASF125:
 1469 07e9 696E7665 		.ascii	"invertPWMOutN\000"
 1469      72745057 
 1469      4D4F7574 
 1469      4E00
 1470              	.LASF60:
 1471 07f7 666C6173 		.ascii	"flashWriteDelay\000"
 1471      68577269 
 1471      74654465 
 1471      6C617900 
 1472              	.LASF14:
 1473 0807 75696E74 		.ascii	"uint8_t\000"
 1473      385F7400 
 1474              	.LASF143:
 1475 080f 433A5C41 		.ascii	"C:\\Alen\\GitHub_Denzerek\\BLEControlledArm\\BLE_AR"
 1475      6C656E5C 
 1475      47697448 
 1475      75625F44 
 1475      656E7A65 
 1476 083e 4D5F576F 		.ascii	"M_Workspace\\BasicKillSwitch_UDB.cydsn\000"
 1476      726B7370 
 1476      6163655C 
 1476      42617369 
 1476      634B696C 
 1477              	.LASF93:
 1478 0864 63707573 		.ascii	"cpussCm4StatusOffset\000"
 1478      73436D34 
 1478      53746174 
 1478      75734F66 
 1478      66736574 
 1479              	.LASF86:
 1480 0879 6770696F 		.ascii	"gpioPrtIntrCfgOffset\000"
 1480      50727449 
 1480      6E747243 
 1480      66674F66 
 1480      66736574 
 1481              	.LASF137:
 1482 088e 63795F73 		.ascii	"cy_stc_tcpwm_pwm_config_t\000"
 1482      74635F74 
 1482      6370776D 
 1482      5F70776D 
 1482      5F636F6E 
 1483              	.LASF129:
 1484 08a8 72656C6F 		.ascii	"reloadInputMode\000"
 1484      6164496E 
 1484      7075744D 
 1484      6F646500 
 1485              	.LASF97:
ARM GAS  C:\Users\Austina\AppData\Local\Temp\ccFnJDs9.s 			page 37


 1486 08b8 63707573 		.ascii	"cpussTrimRomCtlOffset\000"
 1486      73547269 
 1486      6D526F6D 
 1486      43746C4F 
 1486      66667365 
 1487              	.LASF135:
 1488 08ce 636F756E 		.ascii	"countInputMode\000"
 1488      74496E70 
 1488      75744D6F 
 1488      646500
 1489              	.LASF33:
 1490 08dd 64775665 		.ascii	"dwVersion\000"
 1490      7273696F 
 1490      6E00
 1491              	.LASF29:
 1492 08e7 69706342 		.ascii	"ipcBase\000"
 1492      61736500 
 1493              	.LASF80:
 1494 08ef 70657269 		.ascii	"periDivCmdPaDivSelPos\000"
 1494      44697643 
 1494      6D645061 
 1494      44697653 
 1494      656C506F 
 1495              	.LASF61:
 1496 0905 666C6173 		.ascii	"flashProgramDelay\000"
 1496      6850726F 
 1496      6772616D 
 1496      44656C61 
 1496      7900
 1497              	.LASF142:
 1498 0917 6D61696E 		.ascii	"main_cm4.c\000"
 1498      5F636D34 
 1498      2E6300
 1499              	.LASF58:
 1500 0922 666C6173 		.ascii	"flashRwwRequired\000"
 1500      68527777 
 1500      52657175 
 1500      69726564 
 1500      00
 1501              		.ident	"GCC: (GNU Tools for ARM Embedded Processors) 5.4.1 20160609 (release) [ARM/embedded-5-bran
