ARM GAS  C:\Users\Austina\AppData\Local\Temp\ccK60D7F.s 			page 1


   1              		.syntax unified
   2              		.cpu cortex-m4
   3              		.eabi_attribute 27, 1
   4              		.fpu fpv4-sp-d16
   5              		.eabi_attribute 20, 1
   6              		.eabi_attribute 21, 1
   7              		.eabi_attribute 23, 3
   8              		.eabi_attribute 24, 1
   9              		.eabi_attribute 25, 1
  10              		.eabi_attribute 26, 1
  11              		.eabi_attribute 30, 1
  12              		.eabi_attribute 34, 1
  13              		.eabi_attribute 18, 4
  14              		.thumb
  15              		.syntax unified
  16              		.file	"BLE_custom_config.c"
  17              		.text
  18              	.Ltext0:
  19              		.cfi_sections	.debug_frame
  20              		.global	cy_ble_customConfig
  21              		.global	cy_ble_customCServ
  22              		.section	.rodata
  23              		.align	2
  24              		.type	cy_ble_customUuid16, %object
  25              		.size	cy_ble_customUuid16, 8
  26              	cy_ble_customUuid16:
  27 0000 0229     		.short	10498
  28 0002 0229     		.short	10498
  29 0004 0229     		.short	10498
  30 0006 0229     		.short	10498
  31              		.type	cy_ble_customUuid128, %object
  32              		.size	cy_ble_customUuid128, 272
  33              	cy_ble_customUuid128:
  34 0008 52       		.byte	82
  35 0009 08       		.byte	8
  36 000a 46       		.byte	70
  37 000b 60       		.byte	96
  38 000c F7       		.byte	-9
  39 000d CD       		.byte	-51
  40 000e 05       		.byte	5
  41 000f B8       		.byte	-72
  42 0010 A4       		.byte	-92
  43 0011 42       		.byte	66
  44 0012 A1       		.byte	-95
  45 0013 62       		.byte	98
  46 0014 09       		.byte	9
  47 0015 9F       		.byte	-97
  48 0016 89       		.byte	-119
  49 0017 02       		.byte	2
  50 0018 3F       		.byte	63
  51 0019 DA       		.byte	-38
  52 001a 0F       		.byte	15
  53 001b 3E       		.byte	62
  54 001c 44       		.byte	68
  55 001d 65       		.byte	101
  56 001e C5       		.byte	-59
  57 001f A4       		.byte	-92
ARM GAS  C:\Users\Austina\AppData\Local\Temp\ccK60D7F.s 			page 2


  58 0020 67       		.byte	103
  59 0021 48       		.byte	72
  60 0022 7D       		.byte	125
  61 0023 AA       		.byte	-86
  62 0024 4B       		.byte	75
  63 0025 87       		.byte	-121
  64 0026 CF       		.byte	-49
  65 0027 EB       		.byte	-21
  66 0028 A3       		.byte	-93
  67 0029 CE       		.byte	-50
  68 002a E3       		.byte	-29
  69 002b 69       		.byte	105
  70 002c DB       		.byte	-37
  71 002d F9       		.byte	-7
  72 002e B1       		.byte	-79
  73 002f 98       		.byte	-104
  74 0030 C0       		.byte	-64
  75 0031 49       		.byte	73
  76 0032 84       		.byte	-124
  77 0033 43       		.byte	67
  78 0034 46       		.byte	70
  79 0035 99       		.byte	-103
  80 0036 E6       		.byte	-26
  81 0037 1A       		.byte	26
  82 0038 7F       		.byte	127
  83 0039 C5       		.byte	-59
  84 003a 4D       		.byte	77
  85 003b 39       		.byte	57
  86 003c 68       		.byte	104
  87 003d 7E       		.byte	126
  88 003e B4       		.byte	-76
  89 003f A8       		.byte	-88
  90 0040 7B       		.byte	123
  91 0041 4A       		.byte	74
  92 0042 48       		.byte	72
  93 0043 75       		.byte	117
  94 0044 A5       		.byte	-91
  95 0045 C2       		.byte	-62
  96 0046 12       		.byte	18
  97 0047 34       		.byte	52
  98 0048 A3       		.byte	-93
  99 0049 CE       		.byte	-50
 100 004a E3       		.byte	-29
 101 004b 69       		.byte	105
 102 004c DB       		.byte	-37
 103 004d F9       		.byte	-7
 104 004e B1       		.byte	-79
 105 004f 98       		.byte	-104
 106 0050 C0       		.byte	-64
 107 0051 49       		.byte	73
 108 0052 84       		.byte	-124
 109 0053 43       		.byte	67
 110 0054 46       		.byte	70
 111 0055 99       		.byte	-103
 112 0056 E6       		.byte	-26
 113 0057 1A       		.byte	26
 114 0058 37       		.byte	55
ARM GAS  C:\Users\Austina\AppData\Local\Temp\ccK60D7F.s 			page 3


 115 0059 0D       		.byte	13
 116 005a 2C       		.byte	44
 117 005b 36       		.byte	54
 118 005c EE       		.byte	-18
 119 005d 90       		.byte	-112
 120 005e D7       		.byte	-41
 121 005f 8A       		.byte	-118
 122 0060 4B       		.byte	75
 123 0061 44       		.byte	68
 124 0062 C8       		.byte	-56
 125 0063 D1       		.byte	-47
 126 0064 11       		.byte	17
 127 0065 32       		.byte	50
 128 0066 32       		.byte	50
 129 0067 AD       		.byte	-83
 130 0068 A3       		.byte	-93
 131 0069 CE       		.byte	-50
 132 006a E3       		.byte	-29
 133 006b 69       		.byte	105
 134 006c DB       		.byte	-37
 135 006d F9       		.byte	-7
 136 006e B1       		.byte	-79
 137 006f 98       		.byte	-104
 138 0070 C0       		.byte	-64
 139 0071 49       		.byte	73
 140 0072 84       		.byte	-124
 141 0073 43       		.byte	67
 142 0074 46       		.byte	70
 143 0075 99       		.byte	-103
 144 0076 E6       		.byte	-26
 145 0077 1A       		.byte	26
 146 0078 36       		.byte	54
 147 0079 AC       		.byte	-84
 148 007a 71       		.byte	113
 149 007b 39       		.byte	57
 150 007c 21       		.byte	33
 151 007d 56       		.byte	86
 152 007e 80       		.byte	-128
 153 007f A8       		.byte	-88
 154 0080 91       		.byte	-111
 155 0081 41       		.byte	65
 156 0082 28       		.byte	40
 157 0083 AF       		.byte	-81
 158 0084 FD       		.byte	-3
 159 0085 8D       		.byte	-115
 160 0086 13       		.byte	19
 161 0087 BA       		.byte	-70
 162 0088 A3       		.byte	-93
 163 0089 CE       		.byte	-50
 164 008a E3       		.byte	-29
 165 008b 69       		.byte	105
 166 008c DB       		.byte	-37
 167 008d F9       		.byte	-7
 168 008e B1       		.byte	-79
 169 008f 98       		.byte	-104
 170 0090 C0       		.byte	-64
 171 0091 49       		.byte	73
ARM GAS  C:\Users\Austina\AppData\Local\Temp\ccK60D7F.s 			page 4


 172 0092 84       		.byte	-124
 173 0093 43       		.byte	67
 174 0094 46       		.byte	70
 175 0095 99       		.byte	-103
 176 0096 E6       		.byte	-26
 177 0097 1A       		.byte	26
 178 0098 AF       		.byte	-81
 179 0099 14       		.byte	20
 180 009a C3       		.byte	-61
 181 009b 7F       		.byte	127
 182 009c C1       		.byte	-63
 183 009d 01       		.byte	1
 184 009e E9       		.byte	-23
 185 009f BA       		.byte	-70
 186 00a0 91       		.byte	-111
 187 00a1 40       		.byte	64
 188 00a2 B9       		.byte	-71
 189 00a3 20       		.byte	32
 190 00a4 20       		.byte	32
 191 00a5 C8       		.byte	-56
 192 00a6 58       		.byte	88
 193 00a7 DE       		.byte	-34
 194 00a8 A3       		.byte	-93
 195 00a9 CE       		.byte	-50
 196 00aa E3       		.byte	-29
 197 00ab 69       		.byte	105
 198 00ac DB       		.byte	-37
 199 00ad F9       		.byte	-7
 200 00ae B1       		.byte	-79
 201 00af 98       		.byte	-104
 202 00b0 C0       		.byte	-64
 203 00b1 49       		.byte	73
 204 00b2 84       		.byte	-124
 205 00b3 43       		.byte	67
 206 00b4 46       		.byte	70
 207 00b5 99       		.byte	-103
 208 00b6 E6       		.byte	-26
 209 00b7 1A       		.byte	26
 210 00b8 1C       		.byte	28
 211 00b9 2A       		.byte	42
 212 00ba 80       		.byte	-128
 213 00bb 59       		.byte	89
 214 00bc 6A       		.byte	106
 215 00bd A0       		.byte	-96
 216 00be FF       		.byte	-1
 217 00bf 8A       		.byte	-118
 218 00c0 66       		.byte	102
 219 00c1 4D       		.byte	77
 220 00c2 5B       		.byte	91
 221 00c3 E1       		.byte	-31
 222 00c4 25       		.byte	37
 223 00c5 54       		.byte	84
 224 00c6 17       		.byte	23
 225 00c7 15       		.byte	21
 226 00c8 A3       		.byte	-93
 227 00c9 CE       		.byte	-50
 228 00ca E3       		.byte	-29
ARM GAS  C:\Users\Austina\AppData\Local\Temp\ccK60D7F.s 			page 5


 229 00cb 69       		.byte	105
 230 00cc DB       		.byte	-37
 231 00cd F9       		.byte	-7
 232 00ce B1       		.byte	-79
 233 00cf 98       		.byte	-104
 234 00d0 C0       		.byte	-64
 235 00d1 49       		.byte	73
 236 00d2 84       		.byte	-124
 237 00d3 43       		.byte	67
 238 00d4 46       		.byte	70
 239 00d5 99       		.byte	-103
 240 00d6 E6       		.byte	-26
 241 00d7 1A       		.byte	26
 242 00d8 25       		.byte	37
 243 00d9 9A       		.byte	-102
 244 00da 70       		.byte	112
 245 00db 12       		.byte	18
 246 00dc 46       		.byte	70
 247 00dd 8C       		.byte	-116
 248 00de 42       		.byte	66
 249 00df B9       		.byte	-71
 250 00e0 DE       		.byte	-34
 251 00e1 46       		.byte	70
 252 00e2 F1       		.byte	-15
 253 00e3 43       		.byte	67
 254 00e4 7C       		.byte	124
 255 00e5 35       		.byte	53
 256 00e6 D2       		.byte	-46
 257 00e7 BC       		.byte	-68
 258 00e8 A3       		.byte	-93
 259 00e9 CE       		.byte	-50
 260 00ea E3       		.byte	-29
 261 00eb 69       		.byte	105
 262 00ec DB       		.byte	-37
 263 00ed F9       		.byte	-7
 264 00ee B1       		.byte	-79
 265 00ef 98       		.byte	-104
 266 00f0 C0       		.byte	-64
 267 00f1 49       		.byte	73
 268 00f2 84       		.byte	-124
 269 00f3 43       		.byte	67
 270 00f4 46       		.byte	70
 271 00f5 99       		.byte	-103
 272 00f6 E6       		.byte	-26
 273 00f7 1A       		.byte	26
 274 00f8 A4       		.byte	-92
 275 00f9 B8       		.byte	-72
 276 00fa 24       		.byte	36
 277 00fb 5B       		.byte	91
 278 00fc 50       		.byte	80
 279 00fd 46       		.byte	70
 280 00fe FE       		.byte	-2
 281 00ff 9A       		.byte	-102
 282 0100 C0       		.byte	-64
 283 0101 41       		.byte	65
 284 0102 E4       		.byte	-28
 285 0103 84       		.byte	-124
ARM GAS  C:\Users\Austina\AppData\Local\Temp\ccK60D7F.s 			page 6


 286 0104 24       		.byte	36
 287 0105 7C       		.byte	124
 288 0106 7D       		.byte	125
 289 0107 50       		.byte	80
 290 0108 A3       		.byte	-93
 291 0109 CE       		.byte	-50
 292 010a E3       		.byte	-29
 293 010b 69       		.byte	105
 294 010c DB       		.byte	-37
 295 010d F9       		.byte	-7
 296 010e B1       		.byte	-79
 297 010f 98       		.byte	-104
 298 0110 C0       		.byte	-64
 299 0111 49       		.byte	73
 300 0112 84       		.byte	-124
 301 0113 43       		.byte	67
 302 0114 46       		.byte	70
 303 0115 99       		.byte	-103
 304 0116 E6       		.byte	-26
 305 0117 1A       		.byte	26
 306              		.data
 307              		.align	2
 308              		.type	cy_ble_customConfig, %object
 309              		.size	cy_ble_customConfig, 4
 310              	cy_ble_customConfig:
 311 0000 00000000 		.word	cy_ble_customCServ
 312              		.type	cy_ble_customCServ, %object
 313              		.size	cy_ble_customCServ, 16
 314              	cy_ble_customCServ:
 315 0004 0000     		.short	0
 316 0006 0000     		.space	2
 317 0008 08000000 		.word	cy_ble_customUuid128
 318 000c 02       		.byte	2
 319 000d 08       		.byte	8
 320 000e 0000     		.space	2
 321 0010 14000000 		.word	cy_ble_customCChar
 322              		.type	cy_ble_customCChar, %object
 323              		.size	cy_ble_customCChar, 128
 324              	cy_ble_customCChar:
 325 0014 0000     		.short	0
 326 0016 0000     		.short	0
 327 0018 18000000 		.word	cy_ble_customUuid128+16
 328 001c 02       		.byte	2
 329 001d 00       		.byte	0
 330 001e 02       		.byte	2
 331 001f 00       		.space	1
 332 0020 94000000 		.word	cy_ble_customCDesc
 333 0024 0000     		.short	0
 334 0026 0000     		.short	0
 335 0028 38000000 		.word	cy_ble_customUuid128+48
 336 002c 02       		.byte	2
 337 002d 00       		.byte	0
 338 002e 02       		.byte	2
 339 002f 00       		.space	1
 340 0030 AC000000 		.word	cy_ble_customCDesc+24
 341 0034 0000     		.short	0
 342 0036 0000     		.short	0
ARM GAS  C:\Users\Austina\AppData\Local\Temp\ccK60D7F.s 			page 7


 343 0038 58000000 		.word	cy_ble_customUuid128+80
 344 003c 02       		.byte	2
 345 003d 00       		.byte	0
 346 003e 01       		.byte	1
 347 003f 00       		.space	1
 348 0040 C4000000 		.word	cy_ble_customCDesc+48
 349 0044 0000     		.short	0
 350 0046 0000     		.short	0
 351 0048 78000000 		.word	cy_ble_customUuid128+112
 352 004c 02       		.byte	2
 353 004d 00       		.byte	0
 354 004e 01       		.byte	1
 355 004f 00       		.space	1
 356 0050 D0000000 		.word	cy_ble_customCDesc+60
 357 0054 0000     		.short	0
 358 0056 0000     		.short	0
 359 0058 98000000 		.word	cy_ble_customUuid128+144
 360 005c 02       		.byte	2
 361 005d 00       		.byte	0
 362 005e 02       		.byte	2
 363 005f 00       		.space	1
 364 0060 DC000000 		.word	cy_ble_customCDesc+72
 365 0064 0000     		.short	0
 366 0066 0000     		.short	0
 367 0068 B8000000 		.word	cy_ble_customUuid128+176
 368 006c 02       		.byte	2
 369 006d 00       		.byte	0
 370 006e 02       		.byte	2
 371 006f 00       		.space	1
 372 0070 F4000000 		.word	cy_ble_customCDesc+96
 373 0074 0000     		.short	0
 374 0076 0000     		.short	0
 375 0078 D8000000 		.word	cy_ble_customUuid128+208
 376 007c 02       		.byte	2
 377 007d 00       		.byte	0
 378 007e 01       		.byte	1
 379 007f 00       		.space	1
 380 0080 0C010000 		.word	cy_ble_customCDesc+120
 381 0084 0000     		.short	0
 382 0086 0000     		.short	0
 383 0088 F8000000 		.word	cy_ble_customUuid128+240
 384 008c 02       		.byte	2
 385 008d 00       		.byte	0
 386 008e 01       		.byte	1
 387 008f 00       		.space	1
 388 0090 18010000 		.word	cy_ble_customCDesc+132
 389              		.type	cy_ble_customCDesc, %object
 390              		.size	cy_ble_customCDesc, 144
 391              	cy_ble_customCDesc:
 392 0094 0000     		.short	0
 393 0096 0000     		.space	2
 394 0098 28000000 		.word	cy_ble_customUuid128+32
 395 009c 02       		.byte	2
 396 009d 000000   		.space	3
 397 00a0 0000     		.short	0
 398 00a2 0000     		.space	2
 399 00a4 00000000 		.word	cy_ble_customUuid16
ARM GAS  C:\Users\Austina\AppData\Local\Temp\ccK60D7F.s 			page 8


 400 00a8 01       		.byte	1
 401 00a9 000000   		.space	3
 402 00ac 0000     		.short	0
 403 00ae 0000     		.space	2
 404 00b0 48000000 		.word	cy_ble_customUuid128+64
 405 00b4 02       		.byte	2
 406 00b5 000000   		.space	3
 407 00b8 0000     		.short	0
 408 00ba 0000     		.space	2
 409 00bc 02000000 		.word	cy_ble_customUuid16+2
 410 00c0 01       		.byte	1
 411 00c1 000000   		.space	3
 412 00c4 0000     		.short	0
 413 00c6 0000     		.space	2
 414 00c8 68000000 		.word	cy_ble_customUuid128+96
 415 00cc 02       		.byte	2
 416 00cd 000000   		.space	3
 417 00d0 0000     		.short	0
 418 00d2 0000     		.space	2
 419 00d4 88000000 		.word	cy_ble_customUuid128+128
 420 00d8 02       		.byte	2
 421 00d9 000000   		.space	3
 422 00dc 0000     		.short	0
 423 00de 0000     		.space	2
 424 00e0 A8000000 		.word	cy_ble_customUuid128+160
 425 00e4 02       		.byte	2
 426 00e5 000000   		.space	3
 427 00e8 0000     		.short	0
 428 00ea 0000     		.space	2
 429 00ec 04000000 		.word	cy_ble_customUuid16+4
 430 00f0 01       		.byte	1
 431 00f1 000000   		.space	3
 432 00f4 0000     		.short	0
 433 00f6 0000     		.space	2
 434 00f8 C8000000 		.word	cy_ble_customUuid128+192
 435 00fc 02       		.byte	2
 436 00fd 000000   		.space	3
 437 0100 0000     		.short	0
 438 0102 0000     		.space	2
 439 0104 06000000 		.word	cy_ble_customUuid16+6
 440 0108 01       		.byte	1
 441 0109 000000   		.space	3
 442 010c 0000     		.short	0
 443 010e 0000     		.space	2
 444 0110 E8000000 		.word	cy_ble_customUuid128+224
 445 0114 02       		.byte	2
 446 0115 000000   		.space	3
 447 0118 0000     		.short	0
 448 011a 0000     		.space	2
 449 011c 08010000 		.word	cy_ble_customUuid128+256
 450 0120 02       		.byte	2
 451 0121 000000   		.space	3
 452              		.text
 453              	.Letext0:
 454              		.file 1 "c:\\program files (x86)\\cypress\\psoc creator\\4.4\\psoc creator\\import\\gnu\\arm\\5.4.
 455              		.file 2 "c:\\program files (x86)\\cypress\\psoc creator\\4.4\\psoc creator\\import\\gnu\\arm\\5.4.
 456              		.file 3 "Generated_Source\\PSoC6\\pdl\\drivers/peripheral/device/cy_device.h"
ARM GAS  C:\Users\Austina\AppData\Local\Temp\ccK60D7F.s 			page 9


 457              		.file 4 "Generated_Source\\PSoC6\\pdl\\middleware/ble/cy_ble_stack_host_main.h"
 458              		.file 5 "Generated_Source\\PSoC6\\pdl\\middleware/ble/cy_ble_stack_gatt.h"
 459              		.file 6 "Generated_Source\\PSoC6\\pdl\\middleware/ble/cy_ble_gap.h"
 460              		.file 7 "Generated_Source\\PSoC6\\pdl\\middleware/ble/cy_ble_custom.h"
 461              		.file 8 "Generated_Source\\PSoC6\\BLE_custom_config.c"
 462              		.file 9 "Generated_Source\\PSoC6\\pdl\\cmsis/include/core_cm4.h"
 463              		.section	.debug_info,"",%progbits
 464              	.Ldebug_info0:
 465 0000 93080000 		.4byte	0x893
 466 0004 0400     		.2byte	0x4
 467 0006 00000000 		.4byte	.Ldebug_abbrev0
 468 000a 04       		.byte	0x4
 469 000b 01       		.uleb128 0x1
 470 000c 7C060000 		.4byte	.LASF161
 471 0010 0C       		.byte	0xc
 472 0011 32040000 		.4byte	.LASF162
 473 0015 460A0000 		.4byte	.LASF163
 474 0019 00000000 		.4byte	.Ldebug_line0
 475 001d 02       		.uleb128 0x2
 476 001e 04       		.byte	0x4
 477 001f 05       		.byte	0x5
 478 0020 696E7400 		.ascii	"int\000"
 479 0024 03       		.uleb128 0x3
 480 0025 04       		.byte	0x4
 481 0026 07       		.byte	0x7
 482 0027 83030000 		.4byte	.LASF0
 483 002b 03       		.uleb128 0x3
 484 002c 08       		.byte	0x8
 485 002d 05       		.byte	0x5
 486 002e 85010000 		.4byte	.LASF1
 487 0032 03       		.uleb128 0x3
 488 0033 08       		.byte	0x8
 489 0034 04       		.byte	0x4
 490 0035 FA080000 		.4byte	.LASF2
 491 0039 03       		.uleb128 0x3
 492 003a 01       		.byte	0x1
 493 003b 06       		.byte	0x6
 494 003c 93010000 		.4byte	.LASF3
 495 0040 04       		.uleb128 0x4
 496 0041 86000000 		.4byte	.LASF5
 497 0045 01       		.byte	0x1
 498 0046 1D       		.byte	0x1d
 499 0047 4B000000 		.4byte	0x4b
 500 004b 03       		.uleb128 0x3
 501 004c 01       		.byte	0x1
 502 004d 08       		.byte	0x8
 503 004e FB070000 		.4byte	.LASF4
 504 0052 04       		.uleb128 0x4
 505 0053 12030000 		.4byte	.LASF6
 506 0057 01       		.byte	0x1
 507 0058 29       		.byte	0x29
 508 0059 5D000000 		.4byte	0x5d
 509 005d 03       		.uleb128 0x3
 510 005e 02       		.byte	0x2
 511 005f 05       		.byte	0x5
 512 0060 1D080000 		.4byte	.LASF7
 513 0064 04       		.uleb128 0x4
ARM GAS  C:\Users\Austina\AppData\Local\Temp\ccK60D7F.s 			page 10


 514 0065 2A090000 		.4byte	.LASF8
 515 0069 01       		.byte	0x1
 516 006a 2B       		.byte	0x2b
 517 006b 6F000000 		.4byte	0x6f
 518 006f 03       		.uleb128 0x3
 519 0070 02       		.byte	0x2
 520 0071 07       		.byte	0x7
 521 0072 B8090000 		.4byte	.LASF9
 522 0076 04       		.uleb128 0x4
 523 0077 61090000 		.4byte	.LASF10
 524 007b 01       		.byte	0x1
 525 007c 3F       		.byte	0x3f
 526 007d 81000000 		.4byte	0x81
 527 0081 03       		.uleb128 0x3
 528 0082 04       		.byte	0x4
 529 0083 05       		.byte	0x5
 530 0084 E7010000 		.4byte	.LASF11
 531 0088 04       		.uleb128 0x4
 532 0089 BC020000 		.4byte	.LASF12
 533 008d 01       		.byte	0x1
 534 008e 41       		.byte	0x41
 535 008f 93000000 		.4byte	0x93
 536 0093 03       		.uleb128 0x3
 537 0094 04       		.byte	0x4
 538 0095 07       		.byte	0x7
 539 0096 F2030000 		.4byte	.LASF13
 540 009a 03       		.uleb128 0x3
 541 009b 08       		.byte	0x8
 542 009c 07       		.byte	0x7
 543 009d 02010000 		.4byte	.LASF14
 544 00a1 03       		.uleb128 0x3
 545 00a2 04       		.byte	0x4
 546 00a3 07       		.byte	0x7
 547 00a4 BA050000 		.4byte	.LASF15
 548 00a8 03       		.uleb128 0x3
 549 00a9 01       		.byte	0x1
 550 00aa 08       		.byte	0x8
 551 00ab 06090000 		.4byte	.LASF16
 552 00af 04       		.uleb128 0x4
 553 00b0 D80A0000 		.4byte	.LASF17
 554 00b4 02       		.byte	0x2
 555 00b5 18       		.byte	0x18
 556 00b6 40000000 		.4byte	0x40
 557 00ba 04       		.uleb128 0x4
 558 00bb 7D010000 		.4byte	.LASF18
 559 00bf 02       		.byte	0x2
 560 00c0 20       		.byte	0x20
 561 00c1 52000000 		.4byte	0x52
 562 00c5 04       		.uleb128 0x4
 563 00c6 D7030000 		.4byte	.LASF19
 564 00ca 02       		.byte	0x2
 565 00cb 24       		.byte	0x24
 566 00cc 64000000 		.4byte	0x64
 567 00d0 04       		.uleb128 0x4
 568 00d1 F3070000 		.4byte	.LASF20
 569 00d5 02       		.byte	0x2
 570 00d6 2C       		.byte	0x2c
ARM GAS  C:\Users\Austina\AppData\Local\Temp\ccK60D7F.s 			page 11


 571 00d7 76000000 		.4byte	0x76
 572 00db 04       		.uleb128 0x4
 573 00dc C6080000 		.4byte	.LASF21
 574 00e0 02       		.byte	0x2
 575 00e1 30       		.byte	0x30
 576 00e2 88000000 		.4byte	0x88
 577 00e6 05       		.uleb128 0x5
 578 00e7 B8       		.byte	0xb8
 579 00e8 03       		.byte	0x3
 580 00e9 34       		.byte	0x34
 581 00ea F7040000 		.4byte	0x4f7
 582 00ee 06       		.uleb128 0x6
 583 00ef CF000000 		.4byte	.LASF22
 584 00f3 03       		.byte	0x3
 585 00f4 37       		.byte	0x37
 586 00f5 DB000000 		.4byte	0xdb
 587 00f9 00       		.byte	0
 588 00fa 06       		.uleb128 0x6
 589 00fb B1020000 		.4byte	.LASF23
 590 00ff 03       		.byte	0x3
 591 0100 38       		.byte	0x38
 592 0101 DB000000 		.4byte	0xdb
 593 0105 04       		.byte	0x4
 594 0106 06       		.uleb128 0x6
 595 0107 15020000 		.4byte	.LASF24
 596 010b 03       		.byte	0x3
 597 010c 39       		.byte	0x39
 598 010d DB000000 		.4byte	0xdb
 599 0111 08       		.byte	0x8
 600 0112 06       		.uleb128 0x6
 601 0113 BB070000 		.4byte	.LASF25
 602 0117 03       		.byte	0x3
 603 0118 3A       		.byte	0x3a
 604 0119 DB000000 		.4byte	0xdb
 605 011d 0C       		.byte	0xc
 606 011e 06       		.uleb128 0x6
 607 011f B4010000 		.4byte	.LASF26
 608 0123 03       		.byte	0x3
 609 0124 3B       		.byte	0x3b
 610 0125 DB000000 		.4byte	0xdb
 611 0129 10       		.byte	0x10
 612 012a 06       		.uleb128 0x6
 613 012b DD010000 		.4byte	.LASF27
 614 012f 03       		.byte	0x3
 615 0130 3C       		.byte	0x3c
 616 0131 DB000000 		.4byte	0xdb
 617 0135 14       		.byte	0x14
 618 0136 06       		.uleb128 0x6
 619 0137 29040000 		.4byte	.LASF28
 620 013b 03       		.byte	0x3
 621 013c 3D       		.byte	0x3d
 622 013d DB000000 		.4byte	0xdb
 623 0141 18       		.byte	0x18
 624 0142 06       		.uleb128 0x6
 625 0143 6F000000 		.4byte	.LASF29
 626 0147 03       		.byte	0x3
 627 0148 3E       		.byte	0x3e
ARM GAS  C:\Users\Austina\AppData\Local\Temp\ccK60D7F.s 			page 12


 628 0149 DB000000 		.4byte	0xdb
 629 014d 1C       		.byte	0x1c
 630 014e 06       		.uleb128 0x6
 631 014f 420B0000 		.4byte	.LASF30
 632 0153 03       		.byte	0x3
 633 0154 3F       		.byte	0x3f
 634 0155 DB000000 		.4byte	0xdb
 635 0159 20       		.byte	0x20
 636 015a 06       		.uleb128 0x6
 637 015b 64060000 		.4byte	.LASF31
 638 015f 03       		.byte	0x3
 639 0160 40       		.byte	0x40
 640 0161 DB000000 		.4byte	0xdb
 641 0165 24       		.byte	0x24
 642 0166 06       		.uleb128 0x6
 643 0167 3B050000 		.4byte	.LASF32
 644 016b 03       		.byte	0x3
 645 016c 43       		.byte	0x43
 646 016d AF000000 		.4byte	0xaf
 647 0171 28       		.byte	0x28
 648 0172 06       		.uleb128 0x6
 649 0173 55000000 		.4byte	.LASF33
 650 0177 03       		.byte	0x3
 651 0178 44       		.byte	0x44
 652 0179 AF000000 		.4byte	0xaf
 653 017d 29       		.byte	0x29
 654 017e 06       		.uleb128 0x6
 655 017f 380B0000 		.4byte	.LASF34
 656 0183 03       		.byte	0x3
 657 0184 45       		.byte	0x45
 658 0185 AF000000 		.4byte	0xaf
 659 0189 2A       		.byte	0x2a
 660 018a 06       		.uleb128 0x6
 661 018b 56060000 		.4byte	.LASF35
 662 018f 03       		.byte	0x3
 663 0190 46       		.byte	0x46
 664 0191 AF000000 		.4byte	0xaf
 665 0195 2B       		.byte	0x2b
 666 0196 06       		.uleb128 0x6
 667 0197 A2040000 		.4byte	.LASF36
 668 019b 03       		.byte	0x3
 669 019c 47       		.byte	0x47
 670 019d AF000000 		.4byte	0xaf
 671 01a1 2C       		.byte	0x2c
 672 01a2 06       		.uleb128 0x6
 673 01a3 6B090000 		.4byte	.LASF37
 674 01a7 03       		.byte	0x3
 675 01a8 48       		.byte	0x48
 676 01a9 AF000000 		.4byte	0xaf
 677 01ad 2D       		.byte	0x2d
 678 01ae 06       		.uleb128 0x6
 679 01af BD010000 		.4byte	.LASF38
 680 01b3 03       		.byte	0x3
 681 01b4 49       		.byte	0x49
 682 01b5 AF000000 		.4byte	0xaf
 683 01b9 2E       		.byte	0x2e
 684 01ba 06       		.uleb128 0x6
ARM GAS  C:\Users\Austina\AppData\Local\Temp\ccK60D7F.s 			page 13


 685 01bb 65050000 		.4byte	.LASF39
 686 01bf 03       		.byte	0x3
 687 01c0 4A       		.byte	0x4a
 688 01c1 AF000000 		.4byte	0xaf
 689 01c5 2F       		.byte	0x2f
 690 01c6 06       		.uleb128 0x6
 691 01c7 10090000 		.4byte	.LASF40
 692 01cb 03       		.byte	0x3
 693 01cc 4B       		.byte	0x4b
 694 01cd AF000000 		.4byte	0xaf
 695 01d1 30       		.byte	0x30
 696 01d2 06       		.uleb128 0x6
 697 01d3 1E040000 		.4byte	.LASF41
 698 01d7 03       		.byte	0x3
 699 01d8 4E       		.byte	0x4e
 700 01d9 AF000000 		.4byte	0xaf
 701 01dd 31       		.byte	0x31
 702 01de 06       		.uleb128 0x6
 703 01df 78000000 		.4byte	.LASF42
 704 01e3 03       		.byte	0x3
 705 01e4 4F       		.byte	0x4f
 706 01e5 AF000000 		.4byte	0xaf
 707 01e9 32       		.byte	0x32
 708 01ea 06       		.uleb128 0x6
 709 01eb 77030000 		.4byte	.LASF43
 710 01ef 03       		.byte	0x3
 711 01f0 50       		.byte	0x50
 712 01f1 AF000000 		.4byte	0xaf
 713 01f5 33       		.byte	0x33
 714 01f6 06       		.uleb128 0x6
 715 01f7 D9050000 		.4byte	.LASF44
 716 01fb 03       		.byte	0x3
 717 01fc 51       		.byte	0x51
 718 01fd AF000000 		.4byte	0xaf
 719 0201 34       		.byte	0x34
 720 0202 06       		.uleb128 0x6
 721 0203 E2090000 		.4byte	.LASF45
 722 0207 03       		.byte	0x3
 723 0208 52       		.byte	0x52
 724 0209 BA000000 		.4byte	0xba
 725 020d 36       		.byte	0x36
 726 020e 06       		.uleb128 0x6
 727 020f 2F020000 		.4byte	.LASF46
 728 0213 03       		.byte	0x3
 729 0214 53       		.byte	0x53
 730 0215 BA000000 		.4byte	0xba
 731 0219 38       		.byte	0x38
 732 021a 06       		.uleb128 0x6
 733 021b A80A0000 		.4byte	.LASF47
 734 021f 03       		.byte	0x3
 735 0220 54       		.byte	0x54
 736 0221 BA000000 		.4byte	0xba
 737 0225 3A       		.byte	0x3a
 738 0226 06       		.uleb128 0x6
 739 0227 290B0000 		.4byte	.LASF48
 740 022b 03       		.byte	0x3
 741 022c 55       		.byte	0x55
ARM GAS  C:\Users\Austina\AppData\Local\Temp\ccK60D7F.s 			page 14


 742 022d AF000000 		.4byte	0xaf
 743 0231 3C       		.byte	0x3c
 744 0232 06       		.uleb128 0x6
 745 0233 56020000 		.4byte	.LASF49
 746 0237 03       		.byte	0x3
 747 0238 56       		.byte	0x56
 748 0239 AF000000 		.4byte	0xaf
 749 023d 3D       		.byte	0x3d
 750 023e 06       		.uleb128 0x6
 751 023f 9D080000 		.4byte	.LASF50
 752 0243 03       		.byte	0x3
 753 0244 57       		.byte	0x57
 754 0245 AF000000 		.4byte	0xaf
 755 0249 3E       		.byte	0x3e
 756 024a 06       		.uleb128 0x6
 757 024b 63000000 		.4byte	.LASF51
 758 024f 03       		.byte	0x3
 759 0250 58       		.byte	0x58
 760 0251 AF000000 		.4byte	0xaf
 761 0255 3F       		.byte	0x3f
 762 0256 06       		.uleb128 0x6
 763 0257 6F060000 		.4byte	.LASF52
 764 025b 03       		.byte	0x3
 765 025c 59       		.byte	0x59
 766 025d AF000000 		.4byte	0xaf
 767 0261 40       		.byte	0x40
 768 0262 06       		.uleb128 0x6
 769 0263 E1020000 		.4byte	.LASF53
 770 0267 03       		.byte	0x3
 771 0268 5A       		.byte	0x5a
 772 0269 AF000000 		.4byte	0xaf
 773 026d 41       		.byte	0x41
 774 026e 06       		.uleb128 0x6
 775 026f D3040000 		.4byte	.LASF54
 776 0273 03       		.byte	0x3
 777 0274 5B       		.byte	0x5b
 778 0275 AF000000 		.4byte	0xaf
 779 0279 42       		.byte	0x42
 780 027a 06       		.uleb128 0x6
 781 027b 34060000 		.4byte	.LASF55
 782 027f 03       		.byte	0x3
 783 0280 5C       		.byte	0x5c
 784 0281 AF000000 		.4byte	0xaf
 785 0285 43       		.byte	0x43
 786 0286 06       		.uleb128 0x6
 787 0287 1E020000 		.4byte	.LASF56
 788 028b 03       		.byte	0x3
 789 028c 5D       		.byte	0x5d
 790 028d AF000000 		.4byte	0xaf
 791 0291 44       		.byte	0x44
 792 0292 06       		.uleb128 0x6
 793 0293 00000000 		.4byte	.LASF57
 794 0297 03       		.byte	0x3
 795 0298 5E       		.byte	0x5e
 796 0299 DB000000 		.4byte	0xdb
 797 029d 48       		.byte	0x48
 798 029e 06       		.uleb128 0x6
ARM GAS  C:\Users\Austina\AppData\Local\Temp\ccK60D7F.s 			page 15


 799 029f 07020000 		.4byte	.LASF58
 800 02a3 03       		.byte	0x3
 801 02a4 5F       		.byte	0x5f
 802 02a5 DB000000 		.4byte	0xdb
 803 02a9 4C       		.byte	0x4c
 804 02aa 06       		.uleb128 0x6
 805 02ab BB0B0000 		.4byte	.LASF59
 806 02af 03       		.byte	0x3
 807 02b0 60       		.byte	0x60
 808 02b1 AF000000 		.4byte	0xaf
 809 02b5 50       		.byte	0x50
 810 02b6 06       		.uleb128 0x6
 811 02b7 57010000 		.4byte	.LASF60
 812 02bb 03       		.byte	0x3
 813 02bc 61       		.byte	0x61
 814 02bd AF000000 		.4byte	0xaf
 815 02c1 51       		.byte	0x51
 816 02c2 06       		.uleb128 0x6
 817 02c3 2F070000 		.4byte	.LASF61
 818 02c7 03       		.byte	0x3
 819 02c8 62       		.byte	0x62
 820 02c9 AF000000 		.4byte	0xaf
 821 02cd 52       		.byte	0x52
 822 02ce 06       		.uleb128 0x6
 823 02cf 78090000 		.4byte	.LASF62
 824 02d3 03       		.byte	0x3
 825 02d4 63       		.byte	0x63
 826 02d5 AF000000 		.4byte	0xaf
 827 02d9 53       		.byte	0x53
 828 02da 06       		.uleb128 0x6
 829 02db AB080000 		.4byte	.LASF63
 830 02df 03       		.byte	0x3
 831 02e0 64       		.byte	0x64
 832 02e1 AF000000 		.4byte	0xaf
 833 02e5 54       		.byte	0x54
 834 02e6 06       		.uleb128 0x6
 835 02e7 69010000 		.4byte	.LASF64
 836 02eb 03       		.byte	0x3
 837 02ec 65       		.byte	0x65
 838 02ed AF000000 		.4byte	0xaf
 839 02f1 55       		.byte	0x55
 840 02f2 06       		.uleb128 0x6
 841 02f3 A4090000 		.4byte	.LASF65
 842 02f7 03       		.byte	0x3
 843 02f8 66       		.byte	0x66
 844 02f9 AF000000 		.4byte	0xaf
 845 02fd 56       		.byte	0x56
 846 02fe 06       		.uleb128 0x6
 847 02ff 4B080000 		.4byte	.LASF66
 848 0303 03       		.byte	0x3
 849 0304 67       		.byte	0x67
 850 0305 AF000000 		.4byte	0xaf
 851 0309 57       		.byte	0x57
 852 030a 06       		.uleb128 0x6
 853 030b 1A000000 		.4byte	.LASF67
 854 030f 03       		.byte	0x3
 855 0310 68       		.byte	0x68
ARM GAS  C:\Users\Austina\AppData\Local\Temp\ccK60D7F.s 			page 16


 856 0311 AF000000 		.4byte	0xaf
 857 0315 58       		.byte	0x58
 858 0316 06       		.uleb128 0x6
 859 0317 09080000 		.4byte	.LASF68
 860 031b 03       		.byte	0x3
 861 031c 69       		.byte	0x69
 862 031d AF000000 		.4byte	0xaf
 863 0321 59       		.byte	0x59
 864 0322 06       		.uleb128 0x6
 865 0323 C3050000 		.4byte	.LASF69
 866 0327 03       		.byte	0x3
 867 0328 6E       		.byte	0x6e
 868 0329 C5000000 		.4byte	0xc5
 869 032d 5A       		.byte	0x5a
 870 032e 06       		.uleb128 0x6
 871 032f CB090000 		.4byte	.LASF70
 872 0333 03       		.byte	0x3
 873 0334 6F       		.byte	0x6f
 874 0335 C5000000 		.4byte	0xc5
 875 0339 5C       		.byte	0x5c
 876 033a 06       		.uleb128 0x6
 877 033b D9000000 		.4byte	.LASF71
 878 033f 03       		.byte	0x3
 879 0340 70       		.byte	0x70
 880 0341 AF000000 		.4byte	0xaf
 881 0345 5E       		.byte	0x5e
 882 0346 06       		.uleb128 0x6
 883 0347 A5070000 		.4byte	.LASF72
 884 034b 03       		.byte	0x3
 885 034c 71       		.byte	0x71
 886 034d AF000000 		.4byte	0xaf
 887 0351 5F       		.byte	0x5f
 888 0352 06       		.uleb128 0x6
 889 0353 23060000 		.4byte	.LASF73
 890 0357 03       		.byte	0x3
 891 0358 72       		.byte	0x72
 892 0359 AF000000 		.4byte	0xaf
 893 035d 60       		.byte	0x60
 894 035e 06       		.uleb128 0x6
 895 035f 69070000 		.4byte	.LASF74
 896 0363 03       		.byte	0x3
 897 0364 73       		.byte	0x73
 898 0365 DB000000 		.4byte	0xdb
 899 0369 64       		.byte	0x64
 900 036a 06       		.uleb128 0x6
 901 036b 27080000 		.4byte	.LASF75
 902 036f 03       		.byte	0x3
 903 0370 76       		.byte	0x76
 904 0371 C5000000 		.4byte	0xc5
 905 0375 68       		.byte	0x68
 906 0376 06       		.uleb128 0x6
 907 0377 E0030000 		.4byte	.LASF76
 908 037b 03       		.byte	0x3
 909 037c 77       		.byte	0x77
 910 037d C5000000 		.4byte	0xc5
 911 0381 6A       		.byte	0x6a
 912 0382 06       		.uleb128 0x6
ARM GAS  C:\Users\Austina\AppData\Local\Temp\ccK60D7F.s 			page 17


 913 0383 67040000 		.4byte	.LASF77
 914 0387 03       		.byte	0x3
 915 0388 78       		.byte	0x78
 916 0389 C5000000 		.4byte	0xc5
 917 038d 6C       		.byte	0x6c
 918 038e 06       		.uleb128 0x6
 919 038f 95040000 		.4byte	.LASF78
 920 0393 03       		.byte	0x3
 921 0394 79       		.byte	0x79
 922 0395 C5000000 		.4byte	0xc5
 923 0399 6E       		.byte	0x6e
 924 039a 06       		.uleb128 0x6
 925 039b 37080000 		.4byte	.LASF79
 926 039f 03       		.byte	0x3
 927 03a0 7B       		.byte	0x7b
 928 03a1 AF000000 		.4byte	0xaf
 929 03a5 70       		.byte	0x70
 930 03a6 06       		.uleb128 0x6
 931 03a7 9F010000 		.4byte	.LASF80
 932 03ab 03       		.byte	0x3
 933 03ac 7C       		.byte	0x7c
 934 03ad AF000000 		.4byte	0xaf
 935 03b1 71       		.byte	0x71
 936 03b2 06       		.uleb128 0x6
 937 03b3 4A0B0000 		.4byte	.LASF81
 938 03b7 03       		.byte	0x3
 939 03b8 7D       		.byte	0x7d
 940 03b9 AF000000 		.4byte	0xaf
 941 03bd 72       		.byte	0x72
 942 03be 06       		.uleb128 0x6
 943 03bf EA050000 		.4byte	.LASF82
 944 03c3 03       		.byte	0x3
 945 03c4 7E       		.byte	0x7e
 946 03c5 AF000000 		.4byte	0xaf
 947 03c9 73       		.byte	0x73
 948 03ca 06       		.uleb128 0x6
 949 03cb 61020000 		.4byte	.LASF83
 950 03cf 03       		.byte	0x3
 951 03d0 80       		.byte	0x80
 952 03d1 C5000000 		.4byte	0xc5
 953 03d5 74       		.byte	0x74
 954 03d6 06       		.uleb128 0x6
 955 03d7 4E090000 		.4byte	.LASF84
 956 03db 03       		.byte	0x3
 957 03dc 81       		.byte	0x81
 958 03dd C5000000 		.4byte	0xc5
 959 03e1 76       		.byte	0x76
 960 03e2 06       		.uleb128 0x6
 961 03e3 EF090000 		.4byte	.LASF85
 962 03e7 03       		.byte	0x3
 963 03e8 82       		.byte	0x82
 964 03e9 C5000000 		.4byte	0xc5
 965 03ed 78       		.byte	0x78
 966 03ee 06       		.uleb128 0x6
 967 03ef 90000000 		.4byte	.LASF86
 968 03f3 03       		.byte	0x3
 969 03f4 83       		.byte	0x83
ARM GAS  C:\Users\Austina\AppData\Local\Temp\ccK60D7F.s 			page 18


 970 03f5 C5000000 		.4byte	0xc5
 971 03f9 7A       		.byte	0x7a
 972 03fa 06       		.uleb128 0x6
 973 03fb F50A0000 		.4byte	.LASF87
 974 03ff 03       		.byte	0x3
 975 0400 86       		.byte	0x86
 976 0401 AF000000 		.4byte	0xaf
 977 0405 7C       		.byte	0x7c
 978 0406 06       		.uleb128 0x6
 979 0407 040A0000 		.4byte	.LASF88
 980 040b 03       		.byte	0x3
 981 040c 87       		.byte	0x87
 982 040d AF000000 		.4byte	0xaf
 983 0411 7D       		.byte	0x7d
 984 0412 06       		.uleb128 0x6
 985 0413 2E000000 		.4byte	.LASF89
 986 0417 03       		.byte	0x3
 987 0418 88       		.byte	0x88
 988 0419 AF000000 		.4byte	0xaf
 989 041d 7E       		.byte	0x7e
 990 041e 06       		.uleb128 0x6
 991 041f 9D020000 		.4byte	.LASF90
 992 0423 03       		.byte	0x3
 993 0424 89       		.byte	0x89
 994 0425 AF000000 		.4byte	0xaf
 995 0429 7F       		.byte	0x7f
 996 042a 06       		.uleb128 0x6
 997 042b 63030000 		.4byte	.LASF91
 998 042f 03       		.byte	0x3
 999 0430 8A       		.byte	0x8a
 1000 0431 AF000000 		.4byte	0xaf
 1001 0435 80       		.byte	0x80
 1002 0436 06       		.uleb128 0x6
 1003 0437 1E050000 		.4byte	.LASF92
 1004 043b 03       		.byte	0x3
 1005 043c 8D       		.byte	0x8d
 1006 043d DB000000 		.4byte	0xdb
 1007 0441 84       		.byte	0x84
 1008 0442 06       		.uleb128 0x6
 1009 0443 F0010000 		.4byte	.LASF93
 1010 0447 03       		.byte	0x3
 1011 0448 8E       		.byte	0x8e
 1012 0449 DB000000 		.4byte	0xdb
 1013 044d 88       		.byte	0x88
 1014 044e 06       		.uleb128 0x6
 1015 044f E00A0000 		.4byte	.LASF94
 1016 0453 03       		.byte	0x3
 1017 0454 8F       		.byte	0x8f
 1018 0455 DB000000 		.4byte	0xdb
 1019 0459 8C       		.byte	0x8c
 1020 045a 06       		.uleb128 0x6
 1021 045b 84050000 		.4byte	.LASF95
 1022 045f 03       		.byte	0x3
 1023 0460 90       		.byte	0x90
 1024 0461 DB000000 		.4byte	0xdb
 1025 0465 90       		.byte	0x90
 1026 0466 06       		.uleb128 0x6
ARM GAS  C:\Users\Austina\AppData\Local\Temp\ccK60D7F.s 			page 19


 1027 0467 BE040000 		.4byte	.LASF96
 1028 046b 03       		.byte	0x3
 1029 046c 91       		.byte	0x91
 1030 046d DB000000 		.4byte	0xdb
 1031 0471 94       		.byte	0x94
 1032 0472 06       		.uleb128 0x6
 1033 0473 08050000 		.4byte	.LASF97
 1034 0477 03       		.byte	0x3
 1035 0478 92       		.byte	0x92
 1036 0479 DB000000 		.4byte	0xdb
 1037 047d 98       		.byte	0x98
 1038 047e 06       		.uleb128 0x6
 1039 047f 0A0B0000 		.4byte	.LASF98
 1040 0483 03       		.byte	0x3
 1041 0484 93       		.byte	0x93
 1042 0485 DB000000 		.4byte	0xdb
 1043 0489 9C       		.byte	0x9c
 1044 048a 06       		.uleb128 0x6
 1045 048b 23010000 		.4byte	.LASF99
 1046 048f 03       		.byte	0x3
 1047 0490 94       		.byte	0x94
 1048 0491 DB000000 		.4byte	0xdb
 1049 0495 A0       		.byte	0xa0
 1050 0496 06       		.uleb128 0x6
 1051 0497 C8010000 		.4byte	.LASF100
 1052 049b 03       		.byte	0x3
 1053 049c 95       		.byte	0x95
 1054 049d C5000000 		.4byte	0xc5
 1055 04a1 A4       		.byte	0xa4
 1056 04a2 06       		.uleb128 0x6
 1057 04a3 DF040000 		.4byte	.LASF101
 1058 04a7 03       		.byte	0x3
 1059 04a8 96       		.byte	0x96
 1060 04a9 C5000000 		.4byte	0xc5
 1061 04ad A6       		.byte	0xa6
 1062 04ae 06       		.uleb128 0x6
 1063 04af 99070000 		.4byte	.LASF102
 1064 04b3 03       		.byte	0x3
 1065 04b4 97       		.byte	0x97
 1066 04b5 C5000000 		.4byte	0xc5
 1067 04b9 A8       		.byte	0xa8
 1068 04ba 06       		.uleb128 0x6
 1069 04bb 1C090000 		.4byte	.LASF103
 1070 04bf 03       		.byte	0x3
 1071 04c0 98       		.byte	0x98
 1072 04c1 C5000000 		.4byte	0xc5
 1073 04c5 AA       		.byte	0xaa
 1074 04c6 06       		.uleb128 0x6
 1075 04c7 76040000 		.4byte	.LASF104
 1076 04cb 03       		.byte	0x3
 1077 04cc 99       		.byte	0x99
 1078 04cd C5000000 		.4byte	0xc5
 1079 04d1 AC       		.byte	0xac
 1080 04d2 06       		.uleb128 0x6
 1081 04d3 01060000 		.4byte	.LASF105
 1082 04d7 03       		.byte	0x3
 1083 04d8 9A       		.byte	0x9a
ARM GAS  C:\Users\Austina\AppData\Local\Temp\ccK60D7F.s 			page 20


 1084 04d9 C5000000 		.4byte	0xc5
 1085 04dd AE       		.byte	0xae
 1086 04de 06       		.uleb128 0x6
 1087 04df D4090000 		.4byte	.LASF106
 1088 04e3 03       		.byte	0x3
 1089 04e4 9D       		.byte	0x9d
 1090 04e5 C5000000 		.4byte	0xc5
 1091 04e9 B0       		.byte	0xb0
 1092 04ea 06       		.uleb128 0x6
 1093 04eb 41000000 		.4byte	.LASF107
 1094 04ef 03       		.byte	0x3
 1095 04f0 9E       		.byte	0x9e
 1096 04f1 DB000000 		.4byte	0xdb
 1097 04f5 B4       		.byte	0xb4
 1098 04f6 00       		.byte	0
 1099 04f7 04       		.uleb128 0x4
 1100 04f8 AE040000 		.4byte	.LASF108
 1101 04fc 03       		.byte	0x3
 1102 04fd 9F       		.byte	0x9f
 1103 04fe E6000000 		.4byte	0xe6
 1104 0502 03       		.uleb128 0x3
 1105 0503 04       		.byte	0x4
 1106 0504 04       		.byte	0x4
 1107 0505 63070000 		.4byte	.LASF109
 1108 0509 03       		.uleb128 0x3
 1109 050a 08       		.byte	0x8
 1110 050b 04       		.byte	0x4
 1111 050c 3A020000 		.4byte	.LASF110
 1112 0510 07       		.uleb128 0x7
 1113 0511 02       		.byte	0x2
 1114 0512 04       		.byte	0x4
 1115 0513 6401     		.2byte	0x164
 1116 0515 34050000 		.4byte	0x534
 1117 0519 08       		.uleb128 0x8
 1118 051a 200B0000 		.4byte	.LASF111
 1119 051e 04       		.byte	0x4
 1120 051f 6E01     		.2byte	0x16e
 1121 0521 AF000000 		.4byte	0xaf
 1122 0525 00       		.byte	0
 1123 0526 08       		.uleb128 0x8
 1124 0527 35050000 		.4byte	.LASF112
 1125 052b 04       		.byte	0x4
 1126 052c 7201     		.2byte	0x172
 1127 052e AF000000 		.4byte	0xaf
 1128 0532 01       		.byte	0x1
 1129 0533 00       		.byte	0
 1130 0534 09       		.uleb128 0x9
 1131 0535 A5000000 		.4byte	.LASF113
 1132 0539 04       		.byte	0x4
 1133 053a 7401     		.2byte	0x174
 1134 053c 10050000 		.4byte	0x510
 1135 0540 0A       		.uleb128 0xa
 1136 0541 AF000000 		.4byte	0xaf
 1137 0545 50050000 		.4byte	0x550
 1138 0549 0B       		.uleb128 0xb
 1139 054a A1000000 		.4byte	0xa1
 1140 054e 0F       		.byte	0xf
ARM GAS  C:\Users\Austina\AppData\Local\Temp\ccK60D7F.s 			page 21


 1141 054f 00       		.byte	0
 1142 0550 09       		.uleb128 0x9
 1143 0551 5F080000 		.4byte	.LASF114
 1144 0555 05       		.byte	0x5
 1145 0556 6901     		.2byte	0x169
 1146 0558 C5000000 		.4byte	0xc5
 1147 055c 07       		.uleb128 0x7
 1148 055d 10       		.byte	0x10
 1149 055e 05       		.byte	0x5
 1150 055f 6C01     		.2byte	0x16c
 1151 0561 73050000 		.4byte	0x573
 1152 0565 08       		.uleb128 0x8
 1153 0566 33030000 		.4byte	.LASF115
 1154 056a 05       		.byte	0x5
 1155 056b 6F01     		.2byte	0x16f
 1156 056d 40050000 		.4byte	0x540
 1157 0571 00       		.byte	0
 1158 0572 00       		.byte	0
 1159 0573 09       		.uleb128 0x9
 1160 0574 600B0000 		.4byte	.LASF116
 1161 0578 05       		.byte	0x5
 1162 0579 7001     		.2byte	0x170
 1163 057b 5C050000 		.4byte	0x55c
 1164 057f 09       		.uleb128 0x9
 1165 0580 48050000 		.4byte	.LASF117
 1166 0584 05       		.byte	0x5
 1167 0585 7F01     		.2byte	0x17f
 1168 0587 C5000000 		.4byte	0xc5
 1169 058b 0C       		.uleb128 0xc
 1170 058c 01       		.byte	0x1
 1171 058d 4B000000 		.4byte	0x4b
 1172 0591 06       		.byte	0x6
 1173 0592 75       		.byte	0x75
 1174 0593 B0050000 		.4byte	0x5b0
 1175 0597 0D       		.uleb128 0xd
 1176 0598 C7020000 		.4byte	.LASF118
 1177 059c 00       		.byte	0
 1178 059d 0D       		.uleb128 0xd
 1179 059e F1020000 		.4byte	.LASF119
 1180 05a2 01       		.byte	0x1
 1181 05a3 0D       		.uleb128 0xd
 1182 05a4 BD0A0000 		.4byte	.LASF120
 1183 05a8 02       		.byte	0x2
 1184 05a9 0D       		.uleb128 0xd
 1185 05aa 99050000 		.4byte	.LASF121
 1186 05ae 03       		.byte	0x3
 1187 05af 00       		.byte	0
 1188 05b0 04       		.uleb128 0x4
 1189 05b1 1C030000 		.4byte	.LASF122
 1190 05b5 06       		.byte	0x6
 1191 05b6 7A       		.byte	0x7a
 1192 05b7 8B050000 		.4byte	0x58b
 1193 05bb 0C       		.uleb128 0xc
 1194 05bc 01       		.byte	0x1
 1195 05bd 4B000000 		.4byte	0x4b
 1196 05c1 06       		.byte	0x6
 1197 05c2 87       		.byte	0x87
ARM GAS  C:\Users\Austina\AppData\Local\Temp\ccK60D7F.s 			page 22


 1198 05c3 F8050000 		.4byte	0x5f8
 1199 05c7 0D       		.uleb128 0xd
 1200 05c8 150A0000 		.4byte	.LASF123
 1201 05cc 00       		.byte	0
 1202 05cd 0D       		.uleb128 0xd
 1203 05ce 8A0B0000 		.4byte	.LASF124
 1204 05d2 01       		.byte	0x1
 1205 05d3 0D       		.uleb128 0xd
 1206 05d4 90030000 		.4byte	.LASF125
 1207 05d8 02       		.byte	0x2
 1208 05d9 0D       		.uleb128 0xd
 1209 05da 39030000 		.4byte	.LASF126
 1210 05de 03       		.byte	0x3
 1211 05df 0D       		.uleb128 0xd
 1212 05e0 73020000 		.4byte	.LASF127
 1213 05e4 04       		.byte	0x4
 1214 05e5 0D       		.uleb128 0xd
 1215 05e6 C3070000 		.4byte	.LASF128
 1216 05ea 05       		.byte	0x5
 1217 05eb 0D       		.uleb128 0xd
 1218 05ec AC030000 		.4byte	.LASF129
 1219 05f0 06       		.byte	0x6
 1220 05f1 0D       		.uleb128 0xd
 1221 05f2 3F070000 		.4byte	.LASF130
 1222 05f6 07       		.byte	0x7
 1223 05f7 00       		.byte	0
 1224 05f8 04       		.uleb128 0x4
 1225 05f9 3F060000 		.4byte	.LASF131
 1226 05fd 06       		.byte	0x6
 1227 05fe 90       		.byte	0x90
 1228 05ff BB050000 		.4byte	0x5bb
 1229 0603 03       		.uleb128 0x3
 1230 0604 01       		.byte	0x1
 1231 0605 02       		.byte	0x2
 1232 0606 ED070000 		.4byte	.LASF132
 1233 060a 05       		.uleb128 0x5
 1234 060b 0C       		.byte	0xc
 1235 060c 07       		.byte	0x7
 1236 060d 55       		.byte	0x55
 1237 060e 37060000 		.4byte	0x637
 1238 0612 06       		.uleb128 0x6
 1239 0613 13040000 		.4byte	.LASF133
 1240 0617 07       		.byte	0x7
 1241 0618 58       		.byte	0x58
 1242 0619 37060000 		.4byte	0x637
 1243 061d 00       		.byte	0
 1244 061e 06       		.uleb128 0x6
 1245 061f 0B090000 		.4byte	.LASF134
 1246 0623 07       		.byte	0x7
 1247 0624 5B       		.byte	0x5b
 1248 0625 47060000 		.4byte	0x647
 1249 0629 04       		.byte	0x4
 1250 062a 06       		.uleb128 0x6
 1251 062b CE050000 		.4byte	.LASF135
 1252 062f 07       		.byte	0x7
 1253 0630 5E       		.byte	0x5e
 1254 0631 AF000000 		.4byte	0xaf
ARM GAS  C:\Users\Austina\AppData\Local\Temp\ccK60D7F.s 			page 23


 1255 0635 08       		.byte	0x8
 1256 0636 00       		.byte	0
 1257 0637 0A       		.uleb128 0xa
 1258 0638 7F050000 		.4byte	0x57f
 1259 063c 47060000 		.4byte	0x647
 1260 0640 0B       		.uleb128 0xb
 1261 0641 A1000000 		.4byte	0xa1
 1262 0645 00       		.byte	0
 1263 0646 00       		.byte	0
 1264 0647 0E       		.uleb128 0xe
 1265 0648 04       		.byte	0x4
 1266 0649 4D060000 		.4byte	0x64d
 1267 064d 0F       		.uleb128 0xf
 1268 064e 04       		.uleb128 0x4
 1269 064f E8000000 		.4byte	.LASF136
 1270 0653 07       		.byte	0x7
 1271 0654 5F       		.byte	0x5f
 1272 0655 0A060000 		.4byte	0x60a
 1273 0659 05       		.uleb128 0x5
 1274 065a 10       		.byte	0x10
 1275 065b 07       		.byte	0x7
 1276 065c 62       		.byte	0x62
 1277 065d B6060000 		.4byte	0x6b6
 1278 0661 06       		.uleb128 0x6
 1279 0662 750B0000 		.4byte	.LASF137
 1280 0666 07       		.byte	0x7
 1281 0667 65       		.byte	0x65
 1282 0668 37060000 		.4byte	0x637
 1283 066c 00       		.byte	0
 1284 066d 06       		.uleb128 0x6
 1285 066e CF080000 		.4byte	.LASF138
 1286 0672 07       		.byte	0x7
 1287 0673 68       		.byte	0x68
 1288 0674 37060000 		.4byte	0x637
 1289 0678 02       		.byte	0x2
 1290 0679 06       		.uleb128 0x6
 1291 067a 0B090000 		.4byte	.LASF134
 1292 067e 07       		.byte	0x7
 1293 067f 6B       		.byte	0x6b
 1294 0680 47060000 		.4byte	0x647
 1295 0684 04       		.byte	0x4
 1296 0685 06       		.uleb128 0x6
 1297 0686 CE050000 		.4byte	.LASF135
 1298 068a 07       		.byte	0x7
 1299 068b 6E       		.byte	0x6e
 1300 068c AF000000 		.4byte	0xaf
 1301 0690 08       		.byte	0x8
 1302 0691 06       		.uleb128 0x6
 1303 0692 BB080000 		.4byte	.LASF139
 1304 0696 07       		.byte	0x7
 1305 0697 71       		.byte	0x71
 1306 0698 B6060000 		.4byte	0x6b6
 1307 069c 09       		.byte	0x9
 1308 069d 06       		.uleb128 0x6
 1309 069e 5D040000 		.4byte	.LASF140
 1310 06a2 07       		.byte	0x7
 1311 06a3 74       		.byte	0x74
ARM GAS  C:\Users\Austina\AppData\Local\Temp\ccK60D7F.s 			page 24


 1312 06a4 AF000000 		.4byte	0xaf
 1313 06a8 0A       		.byte	0xa
 1314 06a9 06       		.uleb128 0x6
 1315 06aa CC0B0000 		.4byte	.LASF141
 1316 06ae 07       		.byte	0x7
 1317 06af 77       		.byte	0x77
 1318 06b0 C6060000 		.4byte	0x6c6
 1319 06b4 0C       		.byte	0xc
 1320 06b5 00       		.byte	0
 1321 06b6 0A       		.uleb128 0xa
 1322 06b7 AF000000 		.4byte	0xaf
 1323 06bb C6060000 		.4byte	0x6c6
 1324 06bf 0B       		.uleb128 0xb
 1325 06c0 A1000000 		.4byte	0xa1
 1326 06c4 00       		.byte	0
 1327 06c5 00       		.byte	0
 1328 06c6 0E       		.uleb128 0xe
 1329 06c7 04       		.byte	0x4
 1330 06c8 4E060000 		.4byte	0x64e
 1331 06cc 04       		.uleb128 0x4
 1332 06cd 8A090000 		.4byte	.LASF142
 1333 06d1 07       		.byte	0x7
 1334 06d2 78       		.byte	0x78
 1335 06d3 59060000 		.4byte	0x659
 1336 06d7 05       		.uleb128 0x5
 1337 06d8 10       		.byte	0x10
 1338 06d9 07       		.byte	0x7
 1339 06da 7B       		.byte	0x7b
 1340 06db 1C070000 		.4byte	0x71c
 1341 06df 06       		.uleb128 0x6
 1342 06e0 BE000000 		.4byte	.LASF143
 1343 06e4 07       		.byte	0x7
 1344 06e5 7E       		.byte	0x7e
 1345 06e6 37060000 		.4byte	0x637
 1346 06ea 00       		.byte	0
 1347 06eb 06       		.uleb128 0x6
 1348 06ec 0B090000 		.4byte	.LASF134
 1349 06f0 07       		.byte	0x7
 1350 06f1 81       		.byte	0x81
 1351 06f2 47060000 		.4byte	0x647
 1352 06f6 04       		.byte	0x4
 1353 06f7 06       		.uleb128 0x6
 1354 06f8 CE050000 		.4byte	.LASF135
 1355 06fc 07       		.byte	0x7
 1356 06fd 84       		.byte	0x84
 1357 06fe AF000000 		.4byte	0xaf
 1358 0702 08       		.byte	0x8
 1359 0703 06       		.uleb128 0x6
 1360 0704 19010000 		.4byte	.LASF144
 1361 0708 07       		.byte	0x7
 1362 0709 87       		.byte	0x87
 1363 070a AF000000 		.4byte	0xaf
 1364 070e 09       		.byte	0x9
 1365 070f 06       		.uleb128 0x6
 1366 0710 04040000 		.4byte	.LASF145
 1367 0714 07       		.byte	0x7
 1368 0715 8A       		.byte	0x8a
ARM GAS  C:\Users\Austina\AppData\Local\Temp\ccK60D7F.s 			page 25


 1369 0716 1C070000 		.4byte	0x71c
 1370 071a 0C       		.byte	0xc
 1371 071b 00       		.byte	0
 1372 071c 0E       		.uleb128 0xe
 1373 071d 04       		.byte	0x4
 1374 071e CC060000 		.4byte	0x6cc
 1375 0722 04       		.uleb128 0x4
 1376 0723 7A070000 		.4byte	.LASF146
 1377 0727 07       		.byte	0x7
 1378 0728 8B       		.byte	0x8b
 1379 0729 D7060000 		.4byte	0x6d7
 1380 072d 05       		.uleb128 0x5
 1381 072e 04       		.byte	0x4
 1382 072f 07       		.byte	0x7
 1383 0730 90       		.byte	0x90
 1384 0731 42070000 		.4byte	0x742
 1385 0735 06       		.uleb128 0x6
 1386 0736 12000000 		.4byte	.LASF147
 1387 073a 07       		.byte	0x7
 1388 073b 99       		.byte	0x99
 1389 073c 42070000 		.4byte	0x742
 1390 0740 00       		.byte	0
 1391 0741 00       		.byte	0
 1392 0742 0E       		.uleb128 0xe
 1393 0743 04       		.byte	0x4
 1394 0744 22070000 		.4byte	0x722
 1395 0748 04       		.uleb128 0x4
 1396 0749 82080000 		.4byte	.LASF148
 1397 074d 07       		.byte	0x7
 1398 074e 9B       		.byte	0x9b
 1399 074f 2D070000 		.4byte	0x72d
 1400 0753 0A       		.uleb128 0xa
 1401 0754 63070000 		.4byte	0x763
 1402 0758 63070000 		.4byte	0x763
 1403 075c 0B       		.uleb128 0xb
 1404 075d A1000000 		.4byte	0xa1
 1405 0761 10       		.byte	0x10
 1406 0762 00       		.byte	0
 1407 0763 10       		.uleb128 0x10
 1408 0764 73050000 		.4byte	0x573
 1409 0768 11       		.uleb128 0x11
 1410 0769 41020000 		.4byte	.LASF149
 1411 076d 08       		.byte	0x8
 1412 076e 20       		.byte	0x20
 1413 076f 79070000 		.4byte	0x779
 1414 0773 05       		.uleb128 0x5
 1415 0774 03       		.byte	0x3
 1416 0775 08000000 		.4byte	cy_ble_customUuid128
 1417 0779 10       		.uleb128 0x10
 1418 077a 53070000 		.4byte	0x753
 1419 077e 0A       		.uleb128 0xa
 1420 077f 8E070000 		.4byte	0x78e
 1421 0783 8E070000 		.4byte	0x78e
 1422 0787 0B       		.uleb128 0xb
 1423 0788 A1000000 		.4byte	0xa1
 1424 078c 03       		.byte	0x3
 1425 078d 00       		.byte	0
ARM GAS  C:\Users\Austina\AppData\Local\Temp\ccK60D7F.s 			page 26


 1426 078e 10       		.uleb128 0x10
 1427 078f 50050000 		.4byte	0x550
 1428 0793 11       		.uleb128 0x11
 1429 0794 F4040000 		.4byte	.LASF150
 1430 0798 08       		.byte	0x8
 1431 0799 45       		.byte	0x45
 1432 079a A4070000 		.4byte	0x7a4
 1433 079e 05       		.uleb128 0x5
 1434 079f 03       		.byte	0x3
 1435 07a0 00000000 		.4byte	cy_ble_customUuid16
 1436 07a4 10       		.uleb128 0x10
 1437 07a5 7E070000 		.4byte	0x77e
 1438 07a9 0A       		.uleb128 0xa
 1439 07aa 4E060000 		.4byte	0x64e
 1440 07ae B9070000 		.4byte	0x7b9
 1441 07b2 0B       		.uleb128 0xb
 1442 07b3 A1000000 		.4byte	0xa1
 1443 07b7 0B       		.byte	0xb
 1444 07b8 00       		.byte	0
 1445 07b9 11       		.uleb128 0x11
 1446 07ba 71050000 		.4byte	.LASF151
 1447 07be 08       		.byte	0x8
 1448 07bf 50       		.byte	0x50
 1449 07c0 A9070000 		.4byte	0x7a9
 1450 07c4 05       		.uleb128 0x5
 1451 07c5 03       		.byte	0x3
 1452 07c6 94000000 		.4byte	cy_ble_customCDesc
 1453 07ca 0A       		.uleb128 0xa
 1454 07cb CC060000 		.4byte	0x6cc
 1455 07cf DA070000 		.4byte	0x7da
 1456 07d3 0B       		.uleb128 0xb
 1457 07d4 A1000000 		.4byte	0xa1
 1458 07d8 07       		.byte	0x7
 1459 07d9 00       		.byte	0
 1460 07da 11       		.uleb128 0x11
 1461 07db 6F080000 		.4byte	.LASF152
 1462 07df 08       		.byte	0x8
 1463 07e0 A7       		.byte	0xa7
 1464 07e1 CA070000 		.4byte	0x7ca
 1465 07e5 05       		.uleb128 0x5
 1466 07e6 03       		.byte	0x3
 1467 07e7 14000000 		.4byte	cy_ble_customCChar
 1468 07eb 12       		.uleb128 0x12
 1469 07ec 8F070000 		.4byte	.LASF153
 1470 07f0 03       		.byte	0x3
 1471 07f1 A7       		.byte	0xa7
 1472 07f2 F6070000 		.4byte	0x7f6
 1473 07f6 0E       		.uleb128 0xe
 1474 07f7 04       		.byte	0x4
 1475 07f8 FC070000 		.4byte	0x7fc
 1476 07fc 10       		.uleb128 0x10
 1477 07fd F7040000 		.4byte	0x4f7
 1478 0801 13       		.uleb128 0x13
 1479 0802 39010000 		.4byte	.LASF154
 1480 0806 09       		.byte	0x9
 1481 0807 F907     		.2byte	0x7f9
 1482 0809 0D080000 		.4byte	0x80d
ARM GAS  C:\Users\Austina\AppData\Local\Temp\ccK60D7F.s 			page 27


 1483 080d 14       		.uleb128 0x14
 1484 080e D0000000 		.4byte	0xd0
 1485 0812 13       		.uleb128 0x13
 1486 0813 46010000 		.4byte	.LASF155
 1487 0817 06       		.byte	0x6
 1488 0818 2702     		.2byte	0x227
 1489 081a B0050000 		.4byte	0x5b0
 1490 081e 0A       		.uleb128 0xa
 1491 081f 34050000 		.4byte	0x534
 1492 0823 2E080000 		.4byte	0x82e
 1493 0827 0B       		.uleb128 0xb
 1494 0828 A1000000 		.4byte	0xa1
 1495 082c 00       		.byte	0
 1496 082d 00       		.byte	0
 1497 082e 13       		.uleb128 0x13
 1498 082f 340A0000 		.4byte	.LASF156
 1499 0833 06       		.byte	0x6
 1500 0834 2C02     		.2byte	0x22c
 1501 0836 1E080000 		.4byte	0x81e
 1502 083a 0A       		.uleb128 0xa
 1503 083b F8050000 		.4byte	0x5f8
 1504 083f 4A080000 		.4byte	0x84a
 1505 0843 0B       		.uleb128 0xb
 1506 0844 A1000000 		.4byte	0xa1
 1507 0848 00       		.byte	0
 1508 0849 00       		.byte	0
 1509 084a 13       		.uleb128 0x13
 1510 084b 84040000 		.4byte	.LASF157
 1511 084f 06       		.byte	0x6
 1512 0850 2D02     		.2byte	0x22d
 1513 0852 3A080000 		.4byte	0x83a
 1514 0856 13       		.uleb128 0x13
 1515 0857 35090000 		.4byte	.LASF158
 1516 085b 06       		.byte	0x6
 1517 085c 5202     		.2byte	0x252
 1518 085e AF000000 		.4byte	0xaf
 1519 0862 0A       		.uleb128 0xa
 1520 0863 22070000 		.4byte	0x722
 1521 0867 72080000 		.4byte	0x872
 1522 086b 0B       		.uleb128 0xb
 1523 086c A1000000 		.4byte	0xa1
 1524 0870 00       		.byte	0
 1525 0871 00       		.byte	0
 1526 0872 15       		.uleb128 0x15
 1527 0873 E7080000 		.4byte	.LASF159
 1528 0877 08       		.byte	0x8
 1529 0878 0201     		.2byte	0x102
 1530 087a 62080000 		.4byte	0x862
 1531 087e 05       		.uleb128 0x5
 1532 087f 03       		.byte	0x3
 1533 0880 00000000 		.4byte	cy_ble_customCServ
 1534 0884 15       		.uleb128 0x15
 1535 0885 0F060000 		.4byte	.LASF160
 1536 0889 08       		.byte	0x8
 1537 088a 1701     		.2byte	0x117
 1538 088c 48070000 		.4byte	0x748
 1539 0890 05       		.uleb128 0x5
ARM GAS  C:\Users\Austina\AppData\Local\Temp\ccK60D7F.s 			page 28


 1540 0891 03       		.byte	0x3
 1541 0892 00000000 		.4byte	cy_ble_customConfig
 1542 0896 00       		.byte	0
 1543              		.section	.debug_abbrev,"",%progbits
 1544              	.Ldebug_abbrev0:
 1545 0000 01       		.uleb128 0x1
 1546 0001 11       		.uleb128 0x11
 1547 0002 01       		.byte	0x1
 1548 0003 25       		.uleb128 0x25
 1549 0004 0E       		.uleb128 0xe
 1550 0005 13       		.uleb128 0x13
 1551 0006 0B       		.uleb128 0xb
 1552 0007 03       		.uleb128 0x3
 1553 0008 0E       		.uleb128 0xe
 1554 0009 1B       		.uleb128 0x1b
 1555 000a 0E       		.uleb128 0xe
 1556 000b 10       		.uleb128 0x10
 1557 000c 17       		.uleb128 0x17
 1558 000d 00       		.byte	0
 1559 000e 00       		.byte	0
 1560 000f 02       		.uleb128 0x2
 1561 0010 24       		.uleb128 0x24
 1562 0011 00       		.byte	0
 1563 0012 0B       		.uleb128 0xb
 1564 0013 0B       		.uleb128 0xb
 1565 0014 3E       		.uleb128 0x3e
 1566 0015 0B       		.uleb128 0xb
 1567 0016 03       		.uleb128 0x3
 1568 0017 08       		.uleb128 0x8
 1569 0018 00       		.byte	0
 1570 0019 00       		.byte	0
 1571 001a 03       		.uleb128 0x3
 1572 001b 24       		.uleb128 0x24
 1573 001c 00       		.byte	0
 1574 001d 0B       		.uleb128 0xb
 1575 001e 0B       		.uleb128 0xb
 1576 001f 3E       		.uleb128 0x3e
 1577 0020 0B       		.uleb128 0xb
 1578 0021 03       		.uleb128 0x3
 1579 0022 0E       		.uleb128 0xe
 1580 0023 00       		.byte	0
 1581 0024 00       		.byte	0
 1582 0025 04       		.uleb128 0x4
 1583 0026 16       		.uleb128 0x16
 1584 0027 00       		.byte	0
 1585 0028 03       		.uleb128 0x3
 1586 0029 0E       		.uleb128 0xe
 1587 002a 3A       		.uleb128 0x3a
 1588 002b 0B       		.uleb128 0xb
 1589 002c 3B       		.uleb128 0x3b
 1590 002d 0B       		.uleb128 0xb
 1591 002e 49       		.uleb128 0x49
 1592 002f 13       		.uleb128 0x13
 1593 0030 00       		.byte	0
 1594 0031 00       		.byte	0
 1595 0032 05       		.uleb128 0x5
 1596 0033 13       		.uleb128 0x13
ARM GAS  C:\Users\Austina\AppData\Local\Temp\ccK60D7F.s 			page 29


 1597 0034 01       		.byte	0x1
 1598 0035 0B       		.uleb128 0xb
 1599 0036 0B       		.uleb128 0xb
 1600 0037 3A       		.uleb128 0x3a
 1601 0038 0B       		.uleb128 0xb
 1602 0039 3B       		.uleb128 0x3b
 1603 003a 0B       		.uleb128 0xb
 1604 003b 01       		.uleb128 0x1
 1605 003c 13       		.uleb128 0x13
 1606 003d 00       		.byte	0
 1607 003e 00       		.byte	0
 1608 003f 06       		.uleb128 0x6
 1609 0040 0D       		.uleb128 0xd
 1610 0041 00       		.byte	0
 1611 0042 03       		.uleb128 0x3
 1612 0043 0E       		.uleb128 0xe
 1613 0044 3A       		.uleb128 0x3a
 1614 0045 0B       		.uleb128 0xb
 1615 0046 3B       		.uleb128 0x3b
 1616 0047 0B       		.uleb128 0xb
 1617 0048 49       		.uleb128 0x49
 1618 0049 13       		.uleb128 0x13
 1619 004a 38       		.uleb128 0x38
 1620 004b 0B       		.uleb128 0xb
 1621 004c 00       		.byte	0
 1622 004d 00       		.byte	0
 1623 004e 07       		.uleb128 0x7
 1624 004f 13       		.uleb128 0x13
 1625 0050 01       		.byte	0x1
 1626 0051 0B       		.uleb128 0xb
 1627 0052 0B       		.uleb128 0xb
 1628 0053 3A       		.uleb128 0x3a
 1629 0054 0B       		.uleb128 0xb
 1630 0055 3B       		.uleb128 0x3b
 1631 0056 05       		.uleb128 0x5
 1632 0057 01       		.uleb128 0x1
 1633 0058 13       		.uleb128 0x13
 1634 0059 00       		.byte	0
 1635 005a 00       		.byte	0
 1636 005b 08       		.uleb128 0x8
 1637 005c 0D       		.uleb128 0xd
 1638 005d 00       		.byte	0
 1639 005e 03       		.uleb128 0x3
 1640 005f 0E       		.uleb128 0xe
 1641 0060 3A       		.uleb128 0x3a
 1642 0061 0B       		.uleb128 0xb
 1643 0062 3B       		.uleb128 0x3b
 1644 0063 05       		.uleb128 0x5
 1645 0064 49       		.uleb128 0x49
 1646 0065 13       		.uleb128 0x13
 1647 0066 38       		.uleb128 0x38
 1648 0067 0B       		.uleb128 0xb
 1649 0068 00       		.byte	0
 1650 0069 00       		.byte	0
 1651 006a 09       		.uleb128 0x9
 1652 006b 16       		.uleb128 0x16
 1653 006c 00       		.byte	0
ARM GAS  C:\Users\Austina\AppData\Local\Temp\ccK60D7F.s 			page 30


 1654 006d 03       		.uleb128 0x3
 1655 006e 0E       		.uleb128 0xe
 1656 006f 3A       		.uleb128 0x3a
 1657 0070 0B       		.uleb128 0xb
 1658 0071 3B       		.uleb128 0x3b
 1659 0072 05       		.uleb128 0x5
 1660 0073 49       		.uleb128 0x49
 1661 0074 13       		.uleb128 0x13
 1662 0075 00       		.byte	0
 1663 0076 00       		.byte	0
 1664 0077 0A       		.uleb128 0xa
 1665 0078 01       		.uleb128 0x1
 1666 0079 01       		.byte	0x1
 1667 007a 49       		.uleb128 0x49
 1668 007b 13       		.uleb128 0x13
 1669 007c 01       		.uleb128 0x1
 1670 007d 13       		.uleb128 0x13
 1671 007e 00       		.byte	0
 1672 007f 00       		.byte	0
 1673 0080 0B       		.uleb128 0xb
 1674 0081 21       		.uleb128 0x21
 1675 0082 00       		.byte	0
 1676 0083 49       		.uleb128 0x49
 1677 0084 13       		.uleb128 0x13
 1678 0085 2F       		.uleb128 0x2f
 1679 0086 0B       		.uleb128 0xb
 1680 0087 00       		.byte	0
 1681 0088 00       		.byte	0
 1682 0089 0C       		.uleb128 0xc
 1683 008a 04       		.uleb128 0x4
 1684 008b 01       		.byte	0x1
 1685 008c 0B       		.uleb128 0xb
 1686 008d 0B       		.uleb128 0xb
 1687 008e 49       		.uleb128 0x49
 1688 008f 13       		.uleb128 0x13
 1689 0090 3A       		.uleb128 0x3a
 1690 0091 0B       		.uleb128 0xb
 1691 0092 3B       		.uleb128 0x3b
 1692 0093 0B       		.uleb128 0xb
 1693 0094 01       		.uleb128 0x1
 1694 0095 13       		.uleb128 0x13
 1695 0096 00       		.byte	0
 1696 0097 00       		.byte	0
 1697 0098 0D       		.uleb128 0xd
 1698 0099 28       		.uleb128 0x28
 1699 009a 00       		.byte	0
 1700 009b 03       		.uleb128 0x3
 1701 009c 0E       		.uleb128 0xe
 1702 009d 1C       		.uleb128 0x1c
 1703 009e 0B       		.uleb128 0xb
 1704 009f 00       		.byte	0
 1705 00a0 00       		.byte	0
 1706 00a1 0E       		.uleb128 0xe
 1707 00a2 0F       		.uleb128 0xf
 1708 00a3 00       		.byte	0
 1709 00a4 0B       		.uleb128 0xb
 1710 00a5 0B       		.uleb128 0xb
ARM GAS  C:\Users\Austina\AppData\Local\Temp\ccK60D7F.s 			page 31


 1711 00a6 49       		.uleb128 0x49
 1712 00a7 13       		.uleb128 0x13
 1713 00a8 00       		.byte	0
 1714 00a9 00       		.byte	0
 1715 00aa 0F       		.uleb128 0xf
 1716 00ab 26       		.uleb128 0x26
 1717 00ac 00       		.byte	0
 1718 00ad 00       		.byte	0
 1719 00ae 00       		.byte	0
 1720 00af 10       		.uleb128 0x10
 1721 00b0 26       		.uleb128 0x26
 1722 00b1 00       		.byte	0
 1723 00b2 49       		.uleb128 0x49
 1724 00b3 13       		.uleb128 0x13
 1725 00b4 00       		.byte	0
 1726 00b5 00       		.byte	0
 1727 00b6 11       		.uleb128 0x11
 1728 00b7 34       		.uleb128 0x34
 1729 00b8 00       		.byte	0
 1730 00b9 03       		.uleb128 0x3
 1731 00ba 0E       		.uleb128 0xe
 1732 00bb 3A       		.uleb128 0x3a
 1733 00bc 0B       		.uleb128 0xb
 1734 00bd 3B       		.uleb128 0x3b
 1735 00be 0B       		.uleb128 0xb
 1736 00bf 49       		.uleb128 0x49
 1737 00c0 13       		.uleb128 0x13
 1738 00c1 02       		.uleb128 0x2
 1739 00c2 18       		.uleb128 0x18
 1740 00c3 00       		.byte	0
 1741 00c4 00       		.byte	0
 1742 00c5 12       		.uleb128 0x12
 1743 00c6 34       		.uleb128 0x34
 1744 00c7 00       		.byte	0
 1745 00c8 03       		.uleb128 0x3
 1746 00c9 0E       		.uleb128 0xe
 1747 00ca 3A       		.uleb128 0x3a
 1748 00cb 0B       		.uleb128 0xb
 1749 00cc 3B       		.uleb128 0x3b
 1750 00cd 0B       		.uleb128 0xb
 1751 00ce 49       		.uleb128 0x49
 1752 00cf 13       		.uleb128 0x13
 1753 00d0 3F       		.uleb128 0x3f
 1754 00d1 19       		.uleb128 0x19
 1755 00d2 3C       		.uleb128 0x3c
 1756 00d3 19       		.uleb128 0x19
 1757 00d4 00       		.byte	0
 1758 00d5 00       		.byte	0
 1759 00d6 13       		.uleb128 0x13
 1760 00d7 34       		.uleb128 0x34
 1761 00d8 00       		.byte	0
 1762 00d9 03       		.uleb128 0x3
 1763 00da 0E       		.uleb128 0xe
 1764 00db 3A       		.uleb128 0x3a
 1765 00dc 0B       		.uleb128 0xb
 1766 00dd 3B       		.uleb128 0x3b
 1767 00de 05       		.uleb128 0x5
ARM GAS  C:\Users\Austina\AppData\Local\Temp\ccK60D7F.s 			page 32


 1768 00df 49       		.uleb128 0x49
 1769 00e0 13       		.uleb128 0x13
 1770 00e1 3F       		.uleb128 0x3f
 1771 00e2 19       		.uleb128 0x19
 1772 00e3 3C       		.uleb128 0x3c
 1773 00e4 19       		.uleb128 0x19
 1774 00e5 00       		.byte	0
 1775 00e6 00       		.byte	0
 1776 00e7 14       		.uleb128 0x14
 1777 00e8 35       		.uleb128 0x35
 1778 00e9 00       		.byte	0
 1779 00ea 49       		.uleb128 0x49
 1780 00eb 13       		.uleb128 0x13
 1781 00ec 00       		.byte	0
 1782 00ed 00       		.byte	0
 1783 00ee 15       		.uleb128 0x15
 1784 00ef 34       		.uleb128 0x34
 1785 00f0 00       		.byte	0
 1786 00f1 03       		.uleb128 0x3
 1787 00f2 0E       		.uleb128 0xe
 1788 00f3 3A       		.uleb128 0x3a
 1789 00f4 0B       		.uleb128 0xb
 1790 00f5 3B       		.uleb128 0x3b
 1791 00f6 05       		.uleb128 0x5
 1792 00f7 49       		.uleb128 0x49
 1793 00f8 13       		.uleb128 0x13
 1794 00f9 3F       		.uleb128 0x3f
 1795 00fa 19       		.uleb128 0x19
 1796 00fb 02       		.uleb128 0x2
 1797 00fc 18       		.uleb128 0x18
 1798 00fd 00       		.byte	0
 1799 00fe 00       		.byte	0
 1800 00ff 00       		.byte	0
 1801              		.section	.debug_aranges,"",%progbits
 1802 0000 14000000 		.4byte	0x14
 1803 0004 0200     		.2byte	0x2
 1804 0006 00000000 		.4byte	.Ldebug_info0
 1805 000a 04       		.byte	0x4
 1806 000b 00       		.byte	0
 1807 000c 0000     		.2byte	0
 1808 000e 0000     		.2byte	0
 1809 0010 00000000 		.4byte	0
 1810 0014 00000000 		.4byte	0
 1811              		.section	.debug_line,"",%progbits
 1812              	.Ldebug_line0:
 1813 0000 3F020000 		.section	.debug_str,"MS",%progbits,1
 1813      02003902 
 1813      00000201 
 1813      FB0E0D00 
 1813      01010101 
 1814              	.LASF57:
 1815 0000 70726F74 		.ascii	"protBusMasterMask\000"
 1815      4275734D 
 1815      61737465 
 1815      724D6173 
 1815      6B00
 1816              	.LASF147:
ARM GAS  C:\Users\Austina\AppData\Local\Temp\ccK60D7F.s 			page 33


 1817 0012 63757374 		.ascii	"customc\000"
 1817      6F6D6300 
 1818              	.LASF67:
 1819 001a 666C6173 		.ascii	"flashCtlMainWs3Freq\000"
 1819      6843746C 
 1819      4D61696E 
 1819      57733346 
 1819      72657100 
 1820              	.LASF89:
 1821 002e 6770696F 		.ascii	"gpioPrtCfgInOffset\000"
 1821      50727443 
 1821      6667496E 
 1821      4F666673 
 1821      657400
 1822              	.LASF107:
 1823 0041 6970634C 		.ascii	"ipcLockStatusOffset\000"
 1823      6F636B53 
 1823      74617475 
 1823      734F6666 
 1823      73657400 
 1824              	.LASF33:
 1825 0055 63727970 		.ascii	"cryptoVersion\000"
 1825      746F5665 
 1825      7273696F 
 1825      6E00
 1826              	.LASF51:
 1827 0063 70657269 		.ascii	"periClockNr\000"
 1827      436C6F63 
 1827      6B4E7200 
 1828              	.LASF29:
 1829 006f 70617373 		.ascii	"passBase\000"
 1829      42617365 
 1829      00
 1830              	.LASF42:
 1831 0078 63707573 		.ascii	"cpussIpcIrqNr\000"
 1831      73497063 
 1831      4972714E 
 1831      7200
 1832              	.LASF5:
 1833 0086 5F5F7569 		.ascii	"__uint8_t\000"
 1833      6E74385F 
 1833      7400
 1834              	.LASF86:
 1835 0090 70657269 		.ascii	"periDiv24_5CtlOffset\000"
 1835      44697632 
 1835      345F3543 
 1835      746C4F66 
 1835      66736574 
 1836              	.LASF113:
 1837 00a5 63795F73 		.ascii	"cy_stc_ble_conn_handle_t\000"
 1837      74635F62 
 1837      6C655F63 
 1837      6F6E6E5F 
 1837      68616E64 
 1838              	.LASF143:
 1839 00be 63757374 		.ascii	"customServHandle\000"
 1839      6F6D5365 
ARM GAS  C:\Users\Austina\AppData\Local\Temp\ccK60D7F.s 			page 34


 1839      72764861 
 1839      6E646C65 
 1839      00
 1840              	.LASF22:
 1841 00cf 63707573 		.ascii	"cpussBase\000"
 1841      73426173 
 1841      6500
 1842              	.LASF71:
 1843 00d9 64774368 		.ascii	"dwChCtlPrioPos\000"
 1843      43746C50 
 1843      72696F50 
 1843      6F7300
 1844              	.LASF136:
 1845 00e8 63795F73 		.ascii	"cy_stc_ble_customc_desc_t\000"
 1845      74635F62 
 1845      6C655F63 
 1845      7573746F 
 1845      6D635F64 
 1846              	.LASF14:
 1847 0102 6C6F6E67 		.ascii	"long long unsigned int\000"
 1847      206C6F6E 
 1847      6720756E 
 1847      7369676E 
 1847      65642069 
 1848              	.LASF144:
 1849 0119 63686172 		.ascii	"charCount\000"
 1849      436F756E 
 1849      7400
 1850              	.LASF99:
 1851 0123 63707573 		.ascii	"cpussSysTickCtlOffset\000"
 1851      73537973 
 1851      5469636B 
 1851      43746C4F 
 1851      66667365 
 1852              	.LASF154:
 1853 0139 49544D5F 		.ascii	"ITM_RxBuffer\000"
 1853      52784275 
 1853      66666572 
 1853      00
 1854              	.LASF155:
 1855 0146 63795F62 		.ascii	"cy_ble_scanState\000"
 1855      6C655F73 
 1855      63616E53 
 1855      74617465 
 1855      00
 1856              	.LASF60:
 1857 0157 666C6173 		.ascii	"flashPipeRequired\000"
 1857      68506970 
 1857      65526571 
 1857      75697265 
 1857      6400
 1858              	.LASF64:
 1859 0169 666C6173 		.ascii	"flashCtlMainWs0Freq\000"
 1859      6843746C 
 1859      4D61696E 
 1859      57733046 
 1859      72657100 
ARM GAS  C:\Users\Austina\AppData\Local\Temp\ccK60D7F.s 			page 35


 1860              	.LASF18:
 1861 017d 696E7431 		.ascii	"int16_t\000"
 1861      365F7400 
 1862              	.LASF1:
 1863 0185 6C6F6E67 		.ascii	"long long int\000"
 1863      206C6F6E 
 1863      6720696E 
 1863      7400
 1864              	.LASF3:
 1865 0193 7369676E 		.ascii	"signed char\000"
 1865      65642063 
 1865      68617200 
 1866              	.LASF80:
 1867 019f 70657269 		.ascii	"periDivCmdTypeSelPos\000"
 1867      44697643 
 1867      6D645479 
 1867      70655365 
 1867      6C506F73 
 1868              	.LASF26:
 1869 01b4 70726F74 		.ascii	"protBase\000"
 1869      42617365 
 1869      00
 1870              	.LASF38:
 1871 01bd 69706356 		.ascii	"ipcVersion\000"
 1871      65727369 
 1871      6F6E00
 1872              	.LASF100:
 1873 01c8 63707573 		.ascii	"cpussCm0NmiCtlOffset\000"
 1873      73436D30 
 1873      4E6D6943 
 1873      746C4F66 
 1873      66736574 
 1874              	.LASF27:
 1875 01dd 6873696F 		.ascii	"hsiomBase\000"
 1875      6D426173 
 1875      6500
 1876              	.LASF11:
 1877 01e7 6C6F6E67 		.ascii	"long int\000"
 1877      20696E74 
 1877      00
 1878              	.LASF93:
 1879 01f0 63707573 		.ascii	"cpussCm4ClockCtlOffset\000"
 1879      73436D34 
 1879      436C6F63 
 1879      6B43746C 
 1879      4F666673 
 1880              	.LASF58:
 1881 0207 63727970 		.ascii	"cryptoMemSize\000"
 1881      746F4D65 
 1881      6D53697A 
 1881      6500
 1882              	.LASF24:
 1883 0215 70657269 		.ascii	"periBase\000"
 1883      42617365 
 1883      00
 1884              	.LASF56:
 1885 021e 73797350 		.ascii	"sysPmSimoPresent\000"
ARM GAS  C:\Users\Austina\AppData\Local\Temp\ccK60D7F.s 			page 36


 1885      6D53696D 
 1885      6F507265 
 1885      73656E74 
 1885      00
 1886              	.LASF46:
 1887 022f 63707573 		.ascii	"cpussFmIrq\000"
 1887      73466D49 
 1887      727100
 1888              	.LASF110:
 1889 023a 646F7562 		.ascii	"double\000"
 1889      6C6500
 1890              	.LASF149:
 1891 0241 63795F62 		.ascii	"cy_ble_customUuid128\000"
 1891      6C655F63 
 1891      7573746F 
 1891      6D557569 
 1891      64313238 
 1892              	.LASF49:
 1893 0256 73727373 		.ascii	"srssNumPll\000"
 1893      4E756D50 
 1893      6C6C00
 1894              	.LASF83:
 1895 0261 70657269 		.ascii	"periDiv8CtlOffset\000"
 1895      44697638 
 1895      43746C4F 
 1895      66667365 
 1895      7400
 1896              	.LASF127:
 1897 0273 43595F42 		.ascii	"CY_BLE_CONN_STATE_CLIENT_INCL_DISCOVERING\000"
 1897      4C455F43 
 1897      4F4E4E5F 
 1897      53544154 
 1897      455F434C 
 1898              	.LASF90:
 1899 029d 6770696F 		.ascii	"gpioPrtCfgOutOffset\000"
 1899      50727443 
 1899      66674F75 
 1899      744F6666 
 1899      73657400 
 1900              	.LASF23:
 1901 02b1 666C6173 		.ascii	"flashcBase\000"
 1901      68634261 
 1901      736500
 1902              	.LASF12:
 1903 02bc 5F5F7569 		.ascii	"__uint32_t\000"
 1903      6E743332 
 1903      5F7400
 1904              	.LASF118:
 1905 02c7 43595F42 		.ascii	"CY_BLE_SCAN_STATE_STOPPED\000"
 1905      4C455F53 
 1905      43414E5F 
 1905      53544154 
 1905      455F5354 
 1906              	.LASF53:
 1907 02e1 70617373 		.ascii	"passSarChannels\000"
 1907      53617243 
 1907      68616E6E 
ARM GAS  C:\Users\Austina\AppData\Local\Temp\ccK60D7F.s 			page 37


 1907      656C7300 
 1908              	.LASF119:
 1909 02f1 43595F42 		.ascii	"CY_BLE_SCAN_STATE_SCAN_INITIATED\000"
 1909      4C455F53 
 1909      43414E5F 
 1909      53544154 
 1909      455F5343 
 1910              	.LASF6:
 1911 0312 5F5F696E 		.ascii	"__int16_t\000"
 1911      7431365F 
 1911      7400
 1912              	.LASF122:
 1913 031c 63795F65 		.ascii	"cy_en_ble_scan_state_t\000"
 1913      6E5F626C 
 1913      655F7363 
 1913      616E5F73 
 1913      74617465 
 1914              	.LASF115:
 1915 0333 76616C75 		.ascii	"value\000"
 1915      6500
 1916              	.LASF126:
 1917 0339 43595F42 		.ascii	"CY_BLE_CONN_STATE_CLIENT_SRVC_DISCOVERING\000"
 1917      4C455F43 
 1917      4F4E4E5F 
 1917      53544154 
 1917      455F434C 
 1918              	.LASF91:
 1919 0363 6770696F 		.ascii	"gpioPrtCfgSioOffset\000"
 1919      50727443 
 1919      66675369 
 1919      6F4F6666 
 1919      73657400 
 1920              	.LASF43:
 1921 0377 63707573 		.ascii	"cpussDwChNr\000"
 1921      73447743 
 1921      684E7200 
 1922              	.LASF0:
 1923 0383 756E7369 		.ascii	"unsigned int\000"
 1923      676E6564 
 1923      20696E74 
 1923      00
 1924              	.LASF125:
 1925 0390 43595F42 		.ascii	"CY_BLE_CONN_STATE_CONNECTED\000"
 1925      4C455F43 
 1925      4F4E4E5F 
 1925      53544154 
 1925      455F434F 
 1926              	.LASF129:
 1927 03ac 43595F42 		.ascii	"CY_BLE_CONN_STATE_CLIENT_DESCR_DISCOVERING\000"
 1927      4C455F43 
 1927      4F4E4E5F 
 1927      53544154 
 1927      455F434C 
 1928              	.LASF19:
 1929 03d7 75696E74 		.ascii	"uint16_t\000"
 1929      31365F74 
 1929      00
ARM GAS  C:\Users\Austina\AppData\Local\Temp\ccK60D7F.s 			page 38


 1930              	.LASF76:
 1931 03e0 70657269 		.ascii	"periTrCmdGrSelMsk\000"
 1931      5472436D 
 1931      64477253 
 1931      656C4D73 
 1931      6B00
 1932              	.LASF13:
 1933 03f2 6C6F6E67 		.ascii	"long unsigned int\000"
 1933      20756E73 
 1933      69676E65 
 1933      6420696E 
 1933      7400
 1934              	.LASF145:
 1935 0404 63757374 		.ascii	"customServChar\000"
 1935      6F6D5365 
 1935      72764368 
 1935      617200
 1936              	.LASF133:
 1937 0413 64657363 		.ascii	"descHandle\000"
 1937      48616E64 
 1937      6C6500
 1938              	.LASF41:
 1939 041e 63707573 		.ascii	"cpussIpcNr\000"
 1939      73497063 
 1939      4E7200
 1940              	.LASF28:
 1941 0429 6770696F 		.ascii	"gpioBase\000"
 1941      42617365 
 1941      00
 1942              	.LASF162:
 1943 0432 47656E65 		.ascii	"Generated_Source\\PSoC6\\BLE_custom_config.c\000"
 1943      72617465 
 1943      645F536F 
 1943      75726365 
 1943      5C50536F 
 1944              	.LASF140:
 1945 045d 64657363 		.ascii	"descCount\000"
 1945      436F756E 
 1945      7400
 1946              	.LASF77:
 1947 0467 70657269 		.ascii	"periTrGrOffset\000"
 1947      54724772 
 1947      4F666673 
 1947      657400
 1948              	.LASF104:
 1949 0476 63707573 		.ascii	"cpussRam1Ctl0\000"
 1949      7352616D 
 1949      3143746C 
 1949      3000
 1950              	.LASF157:
 1951 0484 63795F62 		.ascii	"cy_ble_connState\000"
 1951      6C655F63 
 1951      6F6E6E53 
 1951      74617465 
 1951      00
 1952              	.LASF78:
 1953 0495 70657269 		.ascii	"periTrGrSize\000"
ARM GAS  C:\Users\Austina\AppData\Local\Temp\ccK60D7F.s 			page 39


 1953      54724772 
 1953      53697A65 
 1953      00
 1954              	.LASF36:
 1955 04a2 6770696F 		.ascii	"gpioVersion\000"
 1955      56657273 
 1955      696F6E00 
 1956              	.LASF108:
 1957 04ae 63795F73 		.ascii	"cy_stc_device_t\000"
 1957      74635F64 
 1957      65766963 
 1957      655F7400 
 1958              	.LASF96:
 1959 04be 63707573 		.ascii	"cpussCm4PwrCtlOffset\000"
 1959      73436D34 
 1959      50777243 
 1959      746C4F66 
 1959      66736574 
 1960              	.LASF54:
 1961 04d3 65704D6F 		.ascii	"epMonitorNr\000"
 1961      6E69746F 
 1961      724E7200 
 1962              	.LASF101:
 1963 04df 63707573 		.ascii	"cpussCm4NmiCtlOffset\000"
 1963      73436D34 
 1963      4E6D6943 
 1963      746C4F66 
 1963      66736574 
 1964              	.LASF150:
 1965 04f4 63795F62 		.ascii	"cy_ble_customUuid16\000"
 1965      6C655F63 
 1965      7573746F 
 1965      6D557569 
 1965      64313600 
 1966              	.LASF97:
 1967 0508 63707573 		.ascii	"cpussTrimRamCtlOffset\000"
 1967      73547269 
 1967      6D52616D 
 1967      43746C4F 
 1967      66667365 
 1968              	.LASF92:
 1969 051e 63707573 		.ascii	"cpussCm0ClockCtlOffset\000"
 1969      73436D30 
 1969      436C6F63 
 1969      6B43746C 
 1969      4F666673 
 1970              	.LASF112:
 1971 0535 61747449 		.ascii	"attId\000"
 1971      6400
 1972              	.LASF32:
 1973 053b 63707573 		.ascii	"cpussVersion\000"
 1973      73566572 
 1973      73696F6E 
 1973      00
 1974              	.LASF117:
 1975 0548 63795F62 		.ascii	"cy_ble_gatt_db_attr_handle_t\000"
 1975      6C655F67 
ARM GAS  C:\Users\Austina\AppData\Local\Temp\ccK60D7F.s 			page 40


 1975      6174745F 
 1975      64625F61 
 1975      7474725F 
 1976              	.LASF39:
 1977 0565 70657269 		.ascii	"periVersion\000"
 1977      56657273 
 1977      696F6E00 
 1978              	.LASF151:
 1979 0571 63795F62 		.ascii	"cy_ble_customCDesc\000"
 1979      6C655F63 
 1979      7573746F 
 1979      6D434465 
 1979      736300
 1980              	.LASF95:
 1981 0584 63707573 		.ascii	"cpussCm0StatusOffset\000"
 1981      73436D30 
 1981      53746174 
 1981      75734F66 
 1981      66736574 
 1982              	.LASF121:
 1983 0599 43595F42 		.ascii	"CY_BLE_SCAN_STATE_STOP_INITIATED\000"
 1983      4C455F53 
 1983      43414E5F 
 1983      53544154 
 1983      455F5354 
 1984              	.LASF15:
 1985 05ba 73697A65 		.ascii	"sizetype\000"
 1985      74797065 
 1985      00
 1986              	.LASF69:
 1987 05c3 64774368 		.ascii	"dwChOffset\000"
 1987      4F666673 
 1987      657400
 1988              	.LASF135:
 1989 05ce 75756964 		.ascii	"uuidFormat\000"
 1989      466F726D 
 1989      617400
 1990              	.LASF44:
 1991 05d9 63707573 		.ascii	"cpussFlashPaSize\000"
 1991      73466C61 
 1991      73685061 
 1991      53697A65 
 1991      00
 1992              	.LASF82:
 1993 05ea 70657269 		.ascii	"periDivCmdPaTypeSelPos\000"
 1993      44697643 
 1993      6D645061 
 1993      54797065 
 1993      53656C50 
 1994              	.LASF105:
 1995 0601 63707573 		.ascii	"cpussRam2Ctl0\000"
 1995      7352616D 
 1995      3243746C 
 1995      3000
 1996              	.LASF160:
 1997 060f 63795F62 		.ascii	"cy_ble_customConfig\000"
 1997      6C655F63 
ARM GAS  C:\Users\Austina\AppData\Local\Temp\ccK60D7F.s 			page 41


 1997      7573746F 
 1997      6D436F6E 
 1997      66696700 
 1998              	.LASF73:
 1999 0623 64775374 		.ascii	"dwStatusChIdxPos\000"
 1999      61747573 
 1999      43684964 
 1999      78506F73 
 1999      00
 2000              	.LASF55:
 2001 0634 75646250 		.ascii	"udbPresent\000"
 2001      72657365 
 2001      6E7400
 2002              	.LASF131:
 2003 063f 63795F65 		.ascii	"cy_en_ble_conn_state_t\000"
 2003      6E5F626C 
 2003      655F636F 
 2003      6E6E5F73 
 2003      74617465 
 2004              	.LASF35:
 2005 0656 666C6173 		.ascii	"flashcVersion\000"
 2005      68635665 
 2005      7273696F 
 2005      6E00
 2006              	.LASF31:
 2007 0664 63727970 		.ascii	"cryptoBase\000"
 2007      746F4261 
 2007      736500
 2008              	.LASF52:
 2009 066f 736D6966 		.ascii	"smifDeviceNr\000"
 2009      44657669 
 2009      63654E72 
 2009      00
 2010              	.LASF161:
 2011 067c 474E5520 		.ascii	"GNU C11 5.4.1 20160609 (release) [ARM/embedded-5-br"
 2011      43313120 
 2011      352E342E 
 2011      31203230 
 2011      31363036 
 2012 06af 616E6368 		.ascii	"anch revision 237715] -mcpu=cortex-m4 -mfloat-abi=s"
 2012      20726576 
 2012      6973696F 
 2012      6E203233 
 2012      37373135 
 2013 06e2 6F667466 		.ascii	"oftfp -mfpu=fpv4-sp-d16 -mthumb -g -Og -ffunction-s"
 2013      70202D6D 
 2013      6670753D 
 2013      66707634 
 2013      2D73702D 
 2014 0715 65637469 		.ascii	"ections -ffat-lto-objects\000"
 2014      6F6E7320 
 2014      2D666661 
 2014      742D6C74 
 2014      6F2D6F62 
 2015              	.LASF61:
 2016 072f 666C6173 		.ascii	"flashWriteDelay\000"
 2016      68577269 
ARM GAS  C:\Users\Austina\AppData\Local\Temp\ccK60D7F.s 			page 42


 2016      74654465 
 2016      6C617900 
 2017              	.LASF130:
 2018 073f 43595F42 		.ascii	"CY_BLE_CONN_STATE_CLIENT_DISCOVERED\000"
 2018      4C455F43 
 2018      4F4E4E5F 
 2018      53544154 
 2018      455F434C 
 2019              	.LASF109:
 2020 0763 666C6F61 		.ascii	"float\000"
 2020      7400
 2021              	.LASF74:
 2022 0769 64775374 		.ascii	"dwStatusChIdxMsk\000"
 2022      61747573 
 2022      43684964 
 2022      784D736B 
 2022      00
 2023              	.LASF146:
 2024 077a 63795F73 		.ascii	"cy_stc_ble_customc_t\000"
 2024      74635F62 
 2024      6C655F63 
 2024      7573746F 
 2024      6D635F74 
 2025              	.LASF153:
 2026 078f 63795F64 		.ascii	"cy_device\000"
 2026      65766963 
 2026      6500
 2027              	.LASF102:
 2028 0799 63707573 		.ascii	"cpussRomCtl\000"
 2028      73526F6D 
 2028      43746C00 
 2029              	.LASF72:
 2030 07a5 64774368 		.ascii	"dwChCtlPreemptablePos\000"
 2030      43746C50 
 2030      7265656D 
 2030      70746162 
 2030      6C65506F 
 2031              	.LASF25:
 2032 07bb 75646242 		.ascii	"udbBase\000"
 2032      61736500 
 2033              	.LASF128:
 2034 07c3 43595F42 		.ascii	"CY_BLE_CONN_STATE_CLIENT_CHAR_DISCOVERING\000"
 2034      4C455F43 
 2034      4F4E4E5F 
 2034      53544154 
 2034      455F434C 
 2035              	.LASF132:
 2036 07ed 5F426F6F 		.ascii	"_Bool\000"
 2036      6C00
 2037              	.LASF20:
 2038 07f3 696E7433 		.ascii	"int32_t\000"
 2038      325F7400 
 2039              	.LASF4:
 2040 07fb 756E7369 		.ascii	"unsigned char\000"
 2040      676E6564 
 2040      20636861 
 2040      7200
ARM GAS  C:\Users\Austina\AppData\Local\Temp\ccK60D7F.s 			page 43


 2041              	.LASF68:
 2042 0809 666C6173 		.ascii	"flashCtlMainWs4Freq\000"
 2042      6843746C 
 2042      4D61696E 
 2042      57733446 
 2042      72657100 
 2043              	.LASF7:
 2044 081d 73686F72 		.ascii	"short int\000"
 2044      7420696E 
 2044      7400
 2045              	.LASF75:
 2046 0827 70657269 		.ascii	"periTrCmdOffset\000"
 2046      5472436D 
 2046      644F6666 
 2046      73657400 
 2047              	.LASF79:
 2048 0837 70657269 		.ascii	"periDivCmdDivSelMsk\000"
 2048      44697643 
 2048      6D644469 
 2048      7653656C 
 2048      4D736B00 
 2049              	.LASF66:
 2050 084b 666C6173 		.ascii	"flashCtlMainWs2Freq\000"
 2050      6843746C 
 2050      4D61696E 
 2050      57733246 
 2050      72657100 
 2051              	.LASF114:
 2052 085f 63795F62 		.ascii	"cy_ble_uuid16_t\000"
 2052      6C655F75 
 2052      75696431 
 2052      365F7400 
 2053              	.LASF152:
 2054 086f 63795F62 		.ascii	"cy_ble_customCChar\000"
 2054      6C655F63 
 2054      7573746F 
 2054      6D434368 
 2054      617200
 2055              	.LASF148:
 2056 0882 63795F73 		.ascii	"cy_stc_ble_custom_config_t\000"
 2056      74635F62 
 2056      6C655F63 
 2056      7573746F 
 2056      6D5F636F 
 2057              	.LASF50:
 2058 089d 73727373 		.ascii	"srssNumHfroot\000"
 2058      4E756D48 
 2058      66726F6F 
 2058      7400
 2059              	.LASF63:
 2060 08ab 666C6173 		.ascii	"flashEraseDelay\000"
 2060      68457261 
 2060      73654465 
 2060      6C617900 
 2061              	.LASF139:
 2062 08bb 70726F70 		.ascii	"properties\000"
 2062      65727469 
ARM GAS  C:\Users\Austina\AppData\Local\Temp\ccK60D7F.s 			page 44


 2062      657300
 2063              	.LASF21:
 2064 08c6 75696E74 		.ascii	"uint32_t\000"
 2064      33325F74 
 2064      00
 2065              	.LASF138:
 2066 08cf 63757374 		.ascii	"customServCharEndHandle\000"
 2066      6F6D5365 
 2066      72764368 
 2066      6172456E 
 2066      6448616E 
 2067              	.LASF159:
 2068 08e7 63795F62 		.ascii	"cy_ble_customCServ\000"
 2068      6C655F63 
 2068      7573746F 
 2068      6D435365 
 2068      727600
 2069              	.LASF2:
 2070 08fa 6C6F6E67 		.ascii	"long double\000"
 2070      20646F75 
 2070      626C6500 
 2071              	.LASF16:
 2072 0906 63686172 		.ascii	"char\000"
 2072      00
 2073              	.LASF134:
 2074 090b 75756964 		.ascii	"uuid\000"
 2074      00
 2075              	.LASF40:
 2076 0910 70726F74 		.ascii	"protVersion\000"
 2076      56657273 
 2076      696F6E00 
 2077              	.LASF103:
 2078 091c 63707573 		.ascii	"cpussRam0Ctl0\000"
 2078      7352616D 
 2078      3043746C 
 2078      3000
 2079              	.LASF8:
 2080 092a 5F5F7569 		.ascii	"__uint16_t\000"
 2080      6E743136 
 2080      5F7400
 2081              	.LASF158:
 2082 0935 63795F62 		.ascii	"cy_ble_pendingFlashWrite\000"
 2082      6C655F70 
 2082      656E6469 
 2082      6E67466C 
 2082      61736857 
 2083              	.LASF84:
 2084 094e 70657269 		.ascii	"periDiv16CtlOffset\000"
 2084      44697631 
 2084      3643746C 
 2084      4F666673 
 2084      657400
 2085              	.LASF10:
 2086 0961 5F5F696E 		.ascii	"__int32_t\000"
 2086      7433325F 
 2086      7400
 2087              	.LASF37:
ARM GAS  C:\Users\Austina\AppData\Local\Temp\ccK60D7F.s 			page 45


 2088 096b 6873696F 		.ascii	"hsiomVersion\000"
 2088      6D566572 
 2088      73696F6E 
 2088      00
 2089              	.LASF62:
 2090 0978 666C6173 		.ascii	"flashProgramDelay\000"
 2090      6850726F 
 2090      6772616D 
 2090      44656C61 
 2090      7900
 2091              	.LASF142:
 2092 098a 63795F73 		.ascii	"cy_stc_ble_customc_char_t\000"
 2092      74635F62 
 2092      6C655F63 
 2092      7573746F 
 2092      6D635F63 
 2093              	.LASF65:
 2094 09a4 666C6173 		.ascii	"flashCtlMainWs1Freq\000"
 2094      6843746C 
 2094      4D61696E 
 2094      57733146 
 2094      72657100 
 2095              	.LASF9:
 2096 09b8 73686F72 		.ascii	"short unsigned int\000"
 2096      7420756E 
 2096      7369676E 
 2096      65642069 
 2096      6E7400
 2097              	.LASF70:
 2098 09cb 64774368 		.ascii	"dwChSize\000"
 2098      53697A65 
 2098      00
 2099              	.LASF106:
 2100 09d4 69706353 		.ascii	"ipcStructSize\000"
 2100      74727563 
 2100      7453697A 
 2100      6500
 2101              	.LASF45:
 2102 09e2 63707573 		.ascii	"cpussIpc0Irq\000"
 2102      73497063 
 2102      30497271 
 2102      00
 2103              	.LASF85:
 2104 09ef 70657269 		.ascii	"periDiv16_5CtlOffset\000"
 2104      44697631 
 2104      365F3543 
 2104      746C4F66 
 2104      66736574 
 2105              	.LASF88:
 2106 0a04 6770696F 		.ascii	"gpioPrtCfgOffset\000"
 2106      50727443 
 2106      66674F66 
 2106      66736574 
 2106      00
 2107              	.LASF123:
 2108 0a15 43595F42 		.ascii	"CY_BLE_CONN_STATE_DISCONNECTED\000"
 2108      4C455F43 
ARM GAS  C:\Users\Austina\AppData\Local\Temp\ccK60D7F.s 			page 46


 2108      4F4E4E5F 
 2108      53544154 
 2108      455F4449 
 2109              	.LASF156:
 2110 0a34 63795F62 		.ascii	"cy_ble_connHandle\000"
 2110      6C655F63 
 2110      6F6E6E48 
 2110      616E646C 
 2110      6500
 2111              	.LASF163:
 2112 0a46 433A5C41 		.ascii	"C:\\Alen\\GitHub_Denzerek\\BLEControlledArm\\BLE_AR"
 2112      6C656E5C 
 2112      47697448 
 2112      75625F44 
 2112      656E7A65 
 2113 0a75 4D5F576F 		.ascii	"M_Workspace\\UARTBLECentral_MainArmController.cydsn"
 2113      726B7370 
 2113      6163655C 
 2113      55415254 
 2113      424C4543 
 2114 0aa7 00       		.ascii	"\000"
 2115              	.LASF47:
 2116 0aa8 63707573 		.ascii	"cpussNotConnectedIrq\000"
 2116      734E6F74 
 2116      436F6E6E 
 2116      65637465 
 2116      64497271 
 2117              	.LASF120:
 2118 0abd 43595F42 		.ascii	"CY_BLE_SCAN_STATE_SCANNING\000"
 2118      4C455F53 
 2118      43414E5F 
 2118      53544154 
 2118      455F5343 
 2119              	.LASF17:
 2120 0ad8 75696E74 		.ascii	"uint8_t\000"
 2120      385F7400 
 2121              	.LASF94:
 2122 0ae0 63707573 		.ascii	"cpussCm4StatusOffset\000"
 2122      73436D34 
 2122      53746174 
 2122      75734F66 
 2122      66736574 
 2123              	.LASF87:
 2124 0af5 6770696F 		.ascii	"gpioPrtIntrCfgOffset\000"
 2124      50727449 
 2124      6E747243 
 2124      66674F66 
 2124      66736574 
 2125              	.LASF98:
 2126 0b0a 63707573 		.ascii	"cpussTrimRomCtlOffset\000"
 2126      73547269 
 2126      6D526F6D 
 2126      43746C4F 
 2126      66667365 
 2127              	.LASF111:
 2128 0b20 62644861 		.ascii	"bdHandle\000"
 2128      6E646C65 
ARM GAS  C:\Users\Austina\AppData\Local\Temp\ccK60D7F.s 			page 47


 2128      00
 2129              	.LASF48:
 2130 0b29 73727373 		.ascii	"srssNumClkpath\000"
 2130      4E756D43 
 2130      6C6B7061 
 2130      746800
 2131              	.LASF34:
 2132 0b38 64775665 		.ascii	"dwVersion\000"
 2132      7273696F 
 2132      6E00
 2133              	.LASF30:
 2134 0b42 69706342 		.ascii	"ipcBase\000"
 2134      61736500 
 2135              	.LASF81:
 2136 0b4a 70657269 		.ascii	"periDivCmdPaDivSelPos\000"
 2136      44697643 
 2136      6D645061 
 2136      44697653 
 2136      656C506F 
 2137              	.LASF116:
 2138 0b60 63795F73 		.ascii	"cy_stc_ble_uuid128_t\000"
 2138      74635F62 
 2138      6C655F75 
 2138      75696431 
 2138      32385F74 
 2139              	.LASF137:
 2140 0b75 63757374 		.ascii	"customServCharHandle\000"
 2140      6F6D5365 
 2140      72764368 
 2140      61724861 
 2140      6E646C65 
 2141              	.LASF124:
 2142 0b8a 43595F42 		.ascii	"CY_BLE_CONN_STATE_CLIENT_DISCONNECTED_DISCOVERED\000"
 2142      4C455F43 
 2142      4F4E4E5F 
 2142      53544154 
 2142      455F434C 
 2143              	.LASF59:
 2144 0bbb 666C6173 		.ascii	"flashRwwRequired\000"
 2144      68527777 
 2144      52657175 
 2144      69726564 
 2144      00
 2145              	.LASF141:
 2146 0bcc 63757374 		.ascii	"customServCharDesc\000"
 2146      6F6D5365 
 2146      72764368 
 2146      61724465 
 2146      736300
 2147              		.ident	"GCC: (GNU Tools for ARM Embedded Processors) 5.4.1 20160609 (release) [ARM/embedded-5-bran
