ARM GAS  C:\Users\Austina\AppData\Local\Temp\cccSWznC.s 			page 1


   1              		.syntax unified
   2              		.cpu cortex-m4
   3              		.eabi_attribute 27, 1
   4              		.fpu fpv4-sp-d16
   5              		.eabi_attribute 20, 1
   6              		.eabi_attribute 21, 1
   7              		.eabi_attribute 23, 3
   8              		.eabi_attribute 24, 1
   9              		.eabi_attribute 25, 1
  10              		.eabi_attribute 26, 1
  11              		.eabi_attribute 30, 1
  12              		.eabi_attribute 34, 1
  13              		.eabi_attribute 18, 4
  14              		.thumb
  15              		.syntax unified
  16              		.file	"capSenseTask.c"
  17              		.text
  18              	.Ltext0:
  19              		.cfi_sections	.debug_frame
  20              		.section	.text.capsenseTask,"ax",%progbits
  21              		.align	2
  22              		.global	capsenseTask
  23              		.thumb
  24              		.thumb_func
  25              		.type	capsenseTask, %function
  26              	capsenseTask:
  27              	.LFB502:
  28              		.file 1 "capSenseTask.c"
   1:capSenseTask.c **** /* ========================================
   2:capSenseTask.c ****  *
   3:capSenseTask.c ****  * Copyright YOUR COMPANY, THE YEAR
   4:capSenseTask.c ****  * All Rights Reserved
   5:capSenseTask.c ****  * UNPUBLISHED, LICENSED SOFTWARE.
   6:capSenseTask.c ****  *
   7:capSenseTask.c ****  * CONFIDENTIAL AND PROPRIETARY INFORMATION
   8:capSenseTask.c ****  * WHICH IS THE PROPERTY OF your company.
   9:capSenseTask.c ****  *
  10:capSenseTask.c ****  * ========================================
  11:capSenseTask.c **** */
  12:capSenseTask.c **** 
  13:capSenseTask.c **** #include "capSenseTask.h"
  14:capSenseTask.c **** #include "BLETask.h"
  15:capSenseTask.c **** 
  16:capSenseTask.c **** void capsenseTask(void *arg)
  17:capSenseTask.c **** {
  29              		.loc 1 17 0
  30              		.cfi_startproc
  31              		@ args = 0, pretend = 0, frame = 0
  32              		@ frame_needed = 0, uses_anonymous_args = 0
  33              	.LVL0:
  34 0000 10B5     		push	{r4, lr}
  35              		.cfi_def_cfa_offset 8
  36              		.cfi_offset 4, -8
  37              		.cfi_offset 14, -4
  38              	.LVL1:
  18:capSenseTask.c ****     (void) arg;
  19:capSenseTask.c ****     
ARM GAS  C:\Users\Austina\AppData\Local\Temp\cccSWznC.s 			page 2


  20:capSenseTask.c ****     motors_t currentMotor = M1;  
  21:capSenseTask.c ****     
  22:capSenseTask.c ****     CapSense_Start();
  39              		.loc 1 22 0
  40 0002 FFF7FEFF 		bl	CapSense_Start
  41              	.LVL2:
  23:capSenseTask.c ****     CapSense_ScanAllWidgets();
  42              		.loc 1 23 0
  43 0006 FFF7FEFF 		bl	CapSense_ScanAllWidgets
  44              	.LVL3:
  24:capSenseTask.c ****     
  25:capSenseTask.c ****     cap_print("Capsense Task Started")
  45              		.loc 1 25 0
  46 000a 2048     		ldr	r0, .L9
  47 000c FFF7FEFF 		bl	printf
  48              	.LVL4:
  49 0010 1F48     		ldr	r0, .L9+4
  50 0012 FFF7FEFF 		bl	printf
  51              	.LVL5:
  52 0016 1F48     		ldr	r0, .L9+8
  53 0018 FFF7FEFF 		bl	puts
  54              	.LVL6:
  20:capSenseTask.c ****     
  55              		.loc 1 20 0
  56 001c 0024     		movs	r4, #0
  57              	.LVL7:
  58              	.L2:
  26:capSenseTask.c ****     
  27:capSenseTask.c ****     for(;;)
  28:capSenseTask.c ****     {
  29:capSenseTask.c ****         if(!CapSense_IsBusy())
  59              		.loc 1 29 0
  60 001e FFF7FEFF 		bl	CapSense_IsBusy
  61              	.LVL8:
  62 0022 70BB     		cbnz	r0, .L3
  63              	.LBB2:
  30:capSenseTask.c ****         {
  31:capSenseTask.c ****             CapSense_ProcessAllWidgets();
  64              		.loc 1 31 0
  65 0024 FFF7FEFF 		bl	CapSense_ProcessAllWidgets
  66              	.LVL9:
  32:capSenseTask.c ****             int pos;
  33:capSenseTask.c ****             pos = CapSense_GetCentroidPos(CapSense_LINEARSLIDER0_WDGT_ID);
  67              		.loc 1 33 0
  68 0028 0020     		movs	r0, #0
  69 002a FFF7FEFF 		bl	CapSense_GetCentroidPos
  70              	.LVL10:
  34:capSenseTask.c ****             
  35:capSenseTask.c ****             if(pos < 0xFFFF)
  71              		.loc 1 35 0
  72 002e 4FF6FE73 		movw	r3, #65534
  73 0032 9842     		cmp	r0, r3
  74 0034 04DC     		bgt	.L4
  36:capSenseTask.c ****             {
  37:capSenseTask.c ****                 writeMotorPosition(currentMotor,POS_ABSOLUTE,pos);
  75              		.loc 1 37 0
  76 0036 C2B2     		uxtb	r2, r0
ARM GAS  C:\Users\Austina\AppData\Local\Temp\cccSWznC.s 			page 3


  77 0038 0021     		movs	r1, #0
  78 003a 2046     		mov	r0, r4
  79              	.LVL11:
  80 003c FFF7FEFF 		bl	writeMotorPosition
  81              	.LVL12:
  82              	.L4:
  38:capSenseTask.c ****             }
  39:capSenseTask.c ****             
  40:capSenseTask.c ****             if(CapSense_IsWidgetActive(CapSense_BUTTON0_WDGT_ID))
  83              		.loc 1 40 0
  84 0040 0120     		movs	r0, #1
  85 0042 FFF7FEFF 		bl	CapSense_IsWidgetActive
  86              	.LVL13:
  87 0046 48B1     		cbz	r0, .L5
  41:capSenseTask.c ****             {
  42:capSenseTask.c ****                 cap_print("Motor M1 selected");
  88              		.loc 1 42 0
  89 0048 1048     		ldr	r0, .L9
  90 004a FFF7FEFF 		bl	printf
  91              	.LVL14:
  92 004e 1248     		ldr	r0, .L9+12
  93 0050 FFF7FEFF 		bl	printf
  94              	.LVL15:
  95 0054 0F48     		ldr	r0, .L9+8
  96 0056 FFF7FEFF 		bl	puts
  97              	.LVL16:
  43:capSenseTask.c ****                 currentMotor = M1;   
  98              		.loc 1 43 0
  99 005a 0024     		movs	r4, #0
 100              	.LVL17:
 101              	.L5:
  44:capSenseTask.c ****             }
  45:capSenseTask.c ****             
  46:capSenseTask.c ****             if(CapSense_IsWidgetActive(CapSense_BUTTON1_WDGT_ID))
 102              		.loc 1 46 0
 103 005c 0220     		movs	r0, #2
 104 005e FFF7FEFF 		bl	CapSense_IsWidgetActive
 105              	.LVL18:
 106 0062 48B1     		cbz	r0, .L6
  47:capSenseTask.c ****             {
  48:capSenseTask.c ****                 cap_print("Motor M2 Selected");
 107              		.loc 1 48 0
 108 0064 0948     		ldr	r0, .L9
 109 0066 FFF7FEFF 		bl	printf
 110              	.LVL19:
 111 006a 0C48     		ldr	r0, .L9+16
 112 006c FFF7FEFF 		bl	printf
 113              	.LVL20:
 114 0070 0848     		ldr	r0, .L9+8
 115 0072 FFF7FEFF 		bl	puts
 116              	.LVL21:
  49:capSenseTask.c ****                 currentMotor = M2;   
 117              		.loc 1 49 0
 118 0076 0124     		movs	r4, #1
 119              	.LVL22:
 120              	.L6:
  50:capSenseTask.c ****             }
ARM GAS  C:\Users\Austina\AppData\Local\Temp\cccSWznC.s 			page 4


  51:capSenseTask.c ****             CapSense_UpdateAllBaselines();
 121              		.loc 1 51 0
 122 0078 FFF7FEFF 		bl	CapSense_UpdateAllBaselines
 123              	.LVL23:
  52:capSenseTask.c ****             CapSense_ScanAllWidgets();
 124              		.loc 1 52 0
 125 007c FFF7FEFF 		bl	CapSense_ScanAllWidgets
 126              	.LVL24:
 127              	.LBE2:
 128 0080 CDE7     		b	.L2
 129              	.L3:
  53:capSenseTask.c ****         }
  54:capSenseTask.c ****         else
  55:capSenseTask.c ****         {
  56:capSenseTask.c ****             vTaskDelay(50);
 130              		.loc 1 56 0
 131 0082 3220     		movs	r0, #50
 132 0084 FFF7FEFF 		bl	vTaskDelay
 133              	.LVL25:
 134 0088 C9E7     		b	.L2
 135              	.L10:
 136 008a 00BF     		.align	2
 137              	.L9:
 138 008c 00000000 		.word	.LC0
 139 0090 10000000 		.word	.LC1
 140 0094 28000000 		.word	.LC2
 141 0098 2C000000 		.word	.LC3
 142 009c 40000000 		.word	.LC4
 143              		.cfi_endproc
 144              	.LFE502:
 145              		.size	capsenseTask, .-capsenseTask
 146              		.section	.rodata.str1.4,"aMS",%progbits,1
 147              		.align	2
 148              	.LC0:
 149 0000 5B204341 		.ascii	"[ CAP TASK ] : \000"
 149      50205441 
 149      534B205D 
 149      203A2000 
 150              	.LC1:
 151 0010 43617073 		.ascii	"Capsense Task Started\000"
 151      656E7365 
 151      20546173 
 151      6B205374 
 151      61727465 
 152 0026 0000     		.space	2
 153              	.LC2:
 154 0028 0D00     		.ascii	"\015\000"
 155 002a 0000     		.space	2
 156              	.LC3:
 157 002c 4D6F746F 		.ascii	"Motor M1 selected\000"
 157      72204D31 
 157      2073656C 
 157      65637465 
 157      6400
 158 003e 0000     		.space	2
 159              	.LC4:
 160 0040 4D6F746F 		.ascii	"Motor M2 Selected\000"
ARM GAS  C:\Users\Austina\AppData\Local\Temp\cccSWznC.s 			page 5


 160      72204D32 
 160      2053656C 
 160      65637465 
 160      6400
 161              		.text
 162              	.Letext0:
 163              		.file 2 "c:\\program files (x86)\\cypress\\psoc creator\\4.4\\psoc creator\\import\\gnu\\arm\\5.4.
 164              		.file 3 "c:\\program files (x86)\\cypress\\psoc creator\\4.4\\psoc creator\\import\\gnu\\arm\\5.4.
 165              		.file 4 "Generated_Source\\PSoC6\\pdl\\drivers/peripheral/device/cy_device.h"
 166              		.file 5 "Generated_Source\\PSoC6\\pdl\\drivers/peripheral/scb/cy_scb_uart.h"
 167              		.file 6 "Generated_Source\\PSoC6\\pdl\\middleware/ble/cy_ble_stack_host_main.h"
 168              		.file 7 "Generated_Source\\PSoC6\\pdl\\middleware/ble/cy_ble_gap.h"
 169              		.file 8 "BLETask.h"
 170              		.file 9 "Generated_Source\\PSoC6\\pdl\\cmsis/include/core_cm4.h"
 171              		.file 10 "Generated_Source\\PSoC6/UART.h"
 172              		.file 11 "Generated_Source\\PSoC6/CapSense_Control.h"
 173              		.file 12 "Generated_Source\\PSoC6/CapSense_Structure.h"
 174              		.file 13 "c:\\program files (x86)\\cypress\\psoc creator\\4.4\\psoc creator\\import\\gnu\\arm\\5.4
 175              		.file 14 "Generated_Source\\PSoC6/CapSense_Filter.h"
 176              		.file 15 "Generated_Source\\PSoC6/CapSense_Sensing.h"
 177              		.file 16 "Generated_Source\\PSoC6\\pdl\\rtos/FreeRTOS/10.0.1/Source/include/task.h"
 178              		.file 17 "<built-in>"
 179              		.section	.debug_info,"",%progbits
 180              	.Ldebug_info0:
 181 0000 BD090000 		.4byte	0x9bd
 182 0004 0400     		.2byte	0x4
 183 0006 00000000 		.4byte	.Ldebug_abbrev0
 184 000a 04       		.byte	0x4
 185 000b 01       		.uleb128 0x1
 186 000c 32060000 		.4byte	.LASF167
 187 0010 0C       		.byte	0xc
 188 0011 37020000 		.4byte	.LASF168
 189 0015 46020000 		.4byte	.LASF169
 190 0019 00000000 		.4byte	.Ldebug_ranges0+0
 191 001d 00000000 		.4byte	0
 192 0021 00000000 		.4byte	.Ldebug_line0
 193 0025 02       		.uleb128 0x2
 194 0026 02       		.byte	0x2
 195 0027 05       		.byte	0x5
 196 0028 1C080000 		.4byte	.LASF0
 197 002c 02       		.uleb128 0x2
 198 002d 01       		.byte	0x1
 199 002e 06       		.byte	0x6
 200 002f C6010000 		.4byte	.LASF1
 201 0033 03       		.uleb128 0x3
 202 0034 9D000000 		.4byte	.LASF3
 203 0038 02       		.byte	0x2
 204 0039 1D       		.byte	0x1d
 205 003a 3E000000 		.4byte	0x3e
 206 003e 02       		.uleb128 0x2
 207 003f 01       		.byte	0x1
 208 0040 08       		.byte	0x8
 209 0041 D8070000 		.4byte	.LASF2
 210 0045 03       		.uleb128 0x3
 211 0046 89030000 		.4byte	.LASF4
 212 004a 02       		.byte	0x2
 213 004b 29       		.byte	0x29
ARM GAS  C:\Users\Austina\AppData\Local\Temp\cccSWznC.s 			page 6


 214 004c 25000000 		.4byte	0x25
 215 0050 03       		.uleb128 0x3
 216 0051 5C090000 		.4byte	.LASF5
 217 0055 02       		.byte	0x2
 218 0056 2B       		.byte	0x2b
 219 0057 5B000000 		.4byte	0x5b
 220 005b 02       		.uleb128 0x2
 221 005c 02       		.byte	0x2
 222 005d 07       		.byte	0x7
 223 005e 22030000 		.4byte	.LASF6
 224 0062 03       		.uleb128 0x3
 225 0063 93090000 		.4byte	.LASF7
 226 0067 02       		.byte	0x2
 227 0068 3F       		.byte	0x3f
 228 0069 6D000000 		.4byte	0x6d
 229 006d 02       		.uleb128 0x2
 230 006e 04       		.byte	0x4
 231 006f 05       		.byte	0x5
 232 0070 A0020000 		.4byte	.LASF8
 233 0074 03       		.uleb128 0x3
 234 0075 54030000 		.4byte	.LASF9
 235 0079 02       		.byte	0x2
 236 007a 41       		.byte	0x41
 237 007b 7F000000 		.4byte	0x7f
 238 007f 02       		.uleb128 0x2
 239 0080 04       		.byte	0x4
 240 0081 07       		.byte	0x7
 241 0082 3C040000 		.4byte	.LASF10
 242 0086 02       		.uleb128 0x2
 243 0087 08       		.byte	0x8
 244 0088 05       		.byte	0x5
 245 0089 AB030000 		.4byte	.LASF11
 246 008d 02       		.uleb128 0x2
 247 008e 08       		.byte	0x8
 248 008f 07       		.byte	0x7
 249 0090 09010000 		.4byte	.LASF12
 250 0094 04       		.uleb128 0x4
 251 0095 04       		.byte	0x4
 252 0096 05       		.byte	0x5
 253 0097 696E7400 		.ascii	"int\000"
 254 009b 02       		.uleb128 0x2
 255 009c 04       		.byte	0x4
 256 009d 07       		.byte	0x7
 257 009e 01040000 		.4byte	.LASF13
 258 00a2 03       		.uleb128 0x3
 259 00a3 C10A0000 		.4byte	.LASF14
 260 00a7 03       		.byte	0x3
 261 00a8 18       		.byte	0x18
 262 00a9 33000000 		.4byte	0x33
 263 00ad 03       		.uleb128 0x3
 264 00ae A5010000 		.4byte	.LASF15
 265 00b2 03       		.byte	0x3
 266 00b3 20       		.byte	0x20
 267 00b4 45000000 		.4byte	0x45
 268 00b8 03       		.uleb128 0x3
 269 00b9 E0020000 		.4byte	.LASF16
 270 00bd 03       		.byte	0x3
ARM GAS  C:\Users\Austina\AppData\Local\Temp\cccSWznC.s 			page 7


 271 00be 24       		.byte	0x24
 272 00bf 50000000 		.4byte	0x50
 273 00c3 03       		.uleb128 0x3
 274 00c4 D0070000 		.4byte	.LASF17
 275 00c8 03       		.byte	0x3
 276 00c9 2C       		.byte	0x2c
 277 00ca 62000000 		.4byte	0x62
 278 00ce 03       		.uleb128 0x3
 279 00cf 3D0A0000 		.4byte	.LASF18
 280 00d3 03       		.byte	0x3
 281 00d4 30       		.byte	0x30
 282 00d5 74000000 		.4byte	0x74
 283 00d9 02       		.uleb128 0x2
 284 00da 04       		.byte	0x4
 285 00db 07       		.byte	0x7
 286 00dc 98050000 		.4byte	.LASF19
 287 00e0 05       		.uleb128 0x5
 288 00e1 CE000000 		.4byte	0xce
 289 00e5 02       		.uleb128 0x2
 290 00e6 08       		.byte	0x8
 291 00e7 04       		.byte	0x4
 292 00e8 F5080000 		.4byte	.LASF20
 293 00ec 06       		.uleb128 0x6
 294 00ed B8       		.byte	0xb8
 295 00ee 04       		.byte	0x4
 296 00ef 34       		.byte	0x34
 297 00f0 FD040000 		.4byte	0x4fd
 298 00f4 07       		.uleb128 0x7
 299 00f5 F0000000 		.4byte	.LASF21
 300 00f9 04       		.byte	0x4
 301 00fa 37       		.byte	0x37
 302 00fb CE000000 		.4byte	0xce
 303 00ff 00       		.byte	0
 304 0100 07       		.uleb128 0x7
 305 0101 49030000 		.4byte	.LASF22
 306 0105 04       		.byte	0x4
 307 0106 38       		.byte	0x38
 308 0107 CE000000 		.4byte	0xce
 309 010b 04       		.byte	0x4
 310 010c 07       		.uleb128 0x7
 311 010d C6020000 		.4byte	.LASF23
 312 0111 04       		.byte	0x4
 313 0112 39       		.byte	0x39
 314 0113 CE000000 		.4byte	0xce
 315 0117 08       		.byte	0x8
 316 0118 07       		.uleb128 0x7
 317 0119 98070000 		.4byte	.LASF24
 318 011d 04       		.byte	0x4
 319 011e 3A       		.byte	0x3a
 320 011f CE000000 		.4byte	0xce
 321 0123 0C       		.byte	0xc
 322 0124 07       		.uleb128 0x7
 323 0125 1F050000 		.4byte	.LASF25
 324 0129 04       		.byte	0x4
 325 012a 3B       		.byte	0x3b
 326 012b CE000000 		.4byte	0xce
 327 012f 10       		.byte	0x10
ARM GAS  C:\Users\Austina\AppData\Local\Temp\cccSWznC.s 			page 8


 328 0130 07       		.uleb128 0x7
 329 0131 2D020000 		.4byte	.LASF26
 330 0135 04       		.byte	0x4
 331 0136 3C       		.byte	0x3c
 332 0137 CE000000 		.4byte	0xce
 333 013b 14       		.byte	0x14
 334 013c 07       		.uleb128 0x7
 335 013d 260A0000 		.4byte	.LASF27
 336 0141 04       		.byte	0x4
 337 0142 3D       		.byte	0x3d
 338 0143 CE000000 		.4byte	0xce
 339 0147 18       		.byte	0x18
 340 0148 07       		.uleb128 0x7
 341 0149 78000000 		.4byte	.LASF28
 342 014d 04       		.byte	0x4
 343 014e 3E       		.byte	0x3e
 344 014f CE000000 		.4byte	0xce
 345 0153 1C       		.byte	0x1c
 346 0154 07       		.uleb128 0x7
 347 0155 580B0000 		.4byte	.LASF29
 348 0159 04       		.byte	0x4
 349 015a 3F       		.byte	0x3f
 350 015b CE000000 		.4byte	0xce
 351 015f 20       		.byte	0x20
 352 0160 07       		.uleb128 0x7
 353 0161 5B050000 		.4byte	.LASF30
 354 0165 04       		.byte	0x4
 355 0166 40       		.byte	0x40
 356 0167 CE000000 		.4byte	0xce
 357 016b 24       		.byte	0x24
 358 016c 07       		.uleb128 0x7
 359 016d CC0B0000 		.4byte	.LASF31
 360 0171 04       		.byte	0x4
 361 0172 43       		.byte	0x43
 362 0173 A2000000 		.4byte	0xa2
 363 0177 28       		.byte	0x28
 364 0178 07       		.uleb128 0x7
 365 0179 5E000000 		.4byte	.LASF32
 366 017d 04       		.byte	0x4
 367 017e 44       		.byte	0x44
 368 017f A2000000 		.4byte	0xa2
 369 0183 29       		.byte	0x29
 370 0184 07       		.uleb128 0x7
 371 0185 4E0B0000 		.4byte	.LASF33
 372 0189 04       		.byte	0x4
 373 018a 45       		.byte	0x45
 374 018b A2000000 		.4byte	0xa2
 375 018f 2A       		.byte	0x2a
 376 0190 07       		.uleb128 0x7
 377 0191 17060000 		.4byte	.LASF34
 378 0195 04       		.byte	0x4
 379 0196 46       		.byte	0x46
 380 0197 A2000000 		.4byte	0xa2
 381 019b 2B       		.byte	0x2b
 382 019c 07       		.uleb128 0x7
 383 019d FA040000 		.4byte	.LASF35
 384 01a1 04       		.byte	0x4
ARM GAS  C:\Users\Austina\AppData\Local\Temp\cccSWznC.s 			page 9


 385 01a2 47       		.byte	0x47
 386 01a3 A2000000 		.4byte	0xa2
 387 01a7 2C       		.byte	0x2c
 388 01a8 07       		.uleb128 0x7
 389 01a9 9D090000 		.4byte	.LASF36
 390 01ad 04       		.byte	0x4
 391 01ae 48       		.byte	0x48
 392 01af A2000000 		.4byte	0xa2
 393 01b3 2D       		.byte	0x2d
 394 01b4 07       		.uleb128 0x7
 395 01b5 5D080000 		.4byte	.LASF37
 396 01b9 04       		.byte	0x4
 397 01ba 49       		.byte	0x49
 398 01bb A2000000 		.4byte	0xa2
 399 01bf 2E       		.byte	0x2e
 400 01c0 07       		.uleb128 0x7
 401 01c1 6B050000 		.4byte	.LASF38
 402 01c5 04       		.byte	0x4
 403 01c6 4A       		.byte	0x4a
 404 01c7 A2000000 		.4byte	0xa2
 405 01cb 2F       		.byte	0x2f
 406 01cc 07       		.uleb128 0x7
 407 01cd E6050000 		.4byte	.LASF39
 408 01d1 04       		.byte	0x4
 409 01d2 4B       		.byte	0x4b
 410 01d3 A2000000 		.4byte	0xa2
 411 01d7 30       		.byte	0x30
 412 01d8 07       		.uleb128 0x7
 413 01d9 7A040000 		.4byte	.LASF40
 414 01dd 04       		.byte	0x4
 415 01de 4E       		.byte	0x4e
 416 01df A2000000 		.4byte	0xa2
 417 01e3 31       		.byte	0x31
 418 01e4 07       		.uleb128 0x7
 419 01e5 8F000000 		.4byte	.LASF41
 420 01e9 04       		.byte	0x4
 421 01ea 4F       		.byte	0x4f
 422 01eb A2000000 		.4byte	0xa2
 423 01ef 32       		.byte	0x32
 424 01f0 07       		.uleb128 0x7
 425 01f1 85040000 		.4byte	.LASF42
 426 01f5 04       		.byte	0x4
 427 01f6 50       		.byte	0x50
 428 01f7 A2000000 		.4byte	0xa2
 429 01fb 33       		.byte	0x33
 430 01fc 07       		.uleb128 0x7
 431 01fd A7000000 		.4byte	.LASF43
 432 0201 04       		.byte	0x4
 433 0202 51       		.byte	0x51
 434 0203 A2000000 		.4byte	0xa2
 435 0207 34       		.byte	0x34
 436 0208 07       		.uleb128 0x7
 437 0209 190A0000 		.4byte	.LASF44
 438 020d 04       		.byte	0x4
 439 020e 52       		.byte	0x52
 440 020f AD000000 		.4byte	0xad
 441 0213 36       		.byte	0x36
ARM GAS  C:\Users\Austina\AppData\Local\Temp\cccSWznC.s 			page 10


 442 0214 07       		.uleb128 0x7
 443 0215 C8080000 		.4byte	.LASF45
 444 0219 04       		.byte	0x4
 445 021a 53       		.byte	0x53
 446 021b AD000000 		.4byte	0xad
 447 021f 38       		.byte	0x38
 448 0220 07       		.uleb128 0x7
 449 0221 910A0000 		.4byte	.LASF46
 450 0225 04       		.byte	0x4
 451 0226 54       		.byte	0x54
 452 0227 AD000000 		.4byte	0xad
 453 022b 3A       		.byte	0x3a
 454 022c 07       		.uleb128 0x7
 455 022d 1E020000 		.4byte	.LASF47
 456 0231 04       		.byte	0x4
 457 0232 55       		.byte	0x55
 458 0233 A2000000 		.4byte	0xa2
 459 0237 3C       		.byte	0x3c
 460 0238 07       		.uleb128 0x7
 461 0239 05030000 		.4byte	.LASF48
 462 023d 04       		.byte	0x4
 463 023e 56       		.byte	0x56
 464 023f A2000000 		.4byte	0xa2
 465 0243 3D       		.byte	0x3d
 466 0244 07       		.uleb128 0x7
 467 0245 8F080000 		.4byte	.LASF49
 468 0249 04       		.byte	0x4
 469 024a 57       		.byte	0x57
 470 024b A2000000 		.4byte	0xa2
 471 024f 3E       		.byte	0x3e
 472 0250 07       		.uleb128 0x7
 473 0251 6C000000 		.4byte	.LASF50
 474 0255 04       		.byte	0x4
 475 0256 58       		.byte	0x58
 476 0257 A2000000 		.4byte	0xa2
 477 025b 3F       		.byte	0x3f
 478 025c 07       		.uleb128 0x7
 479 025d 25060000 		.4byte	.LASF51
 480 0261 04       		.byte	0x4
 481 0262 59       		.byte	0x59
 482 0263 A2000000 		.4byte	0xa2
 483 0267 40       		.byte	0x40
 484 0268 07       		.uleb128 0x7
 485 0269 79030000 		.4byte	.LASF52
 486 026d 04       		.byte	0x4
 487 026e 5A       		.byte	0x5a
 488 026f A2000000 		.4byte	0xa2
 489 0273 41       		.byte	0x41
 490 0274 07       		.uleb128 0x7
 491 0275 DA050000 		.4byte	.LASF53
 492 0279 04       		.byte	0x4
 493 027a 5B       		.byte	0x5b
 494 027b A2000000 		.4byte	0xa2
 495 027f 42       		.byte	0x42
 496 0280 07       		.uleb128 0x7
 497 0281 03060000 		.4byte	.LASF54
 498 0285 04       		.byte	0x4
ARM GAS  C:\Users\Austina\AppData\Local\Temp\cccSWznC.s 			page 11


 499 0286 5C       		.byte	0x5c
 500 0287 A2000000 		.4byte	0xa2
 501 028b 43       		.byte	0x43
 502 028c 07       		.uleb128 0x7
 503 028d CF020000 		.4byte	.LASF55
 504 0291 04       		.byte	0x4
 505 0292 5D       		.byte	0x5d
 506 0293 A2000000 		.4byte	0xa2
 507 0297 44       		.byte	0x44
 508 0298 07       		.uleb128 0x7
 509 0299 07000000 		.4byte	.LASF56
 510 029d 04       		.byte	0x4
 511 029e 5E       		.byte	0x5e
 512 029f CE000000 		.4byte	0xce
 513 02a3 48       		.byte	0x48
 514 02a4 07       		.uleb128 0x7
 515 02a5 A9020000 		.4byte	.LASF57
 516 02a9 04       		.byte	0x4
 517 02aa 5F       		.byte	0x5f
 518 02ab CE000000 		.4byte	0xce
 519 02af 4C       		.byte	0x4c
 520 02b0 07       		.uleb128 0x7
 521 02b1 D90B0000 		.4byte	.LASF58
 522 02b5 04       		.byte	0x4
 523 02b6 60       		.byte	0x60
 524 02b7 A2000000 		.4byte	0xa2
 525 02bb 50       		.byte	0x50
 526 02bc 07       		.uleb128 0x7
 527 02bd 7F010000 		.4byte	.LASF59
 528 02c1 04       		.byte	0x4
 529 02c2 61       		.byte	0x61
 530 02c3 A2000000 		.4byte	0xa2
 531 02c7 51       		.byte	0x51
 532 02c8 07       		.uleb128 0x7
 533 02c9 E5060000 		.4byte	.LASF60
 534 02cd 04       		.byte	0x4
 535 02ce 62       		.byte	0x62
 536 02cf A2000000 		.4byte	0xa2
 537 02d3 52       		.byte	0x52
 538 02d4 07       		.uleb128 0x7
 539 02d5 AA090000 		.4byte	.LASF61
 540 02d9 04       		.byte	0x4
 541 02da 63       		.byte	0x63
 542 02db A2000000 		.4byte	0xa2
 543 02df 53       		.byte	0x53
 544 02e0 07       		.uleb128 0x7
 545 02e1 88070000 		.4byte	.LASF62
 546 02e5 04       		.byte	0x4
 547 02e6 64       		.byte	0x64
 548 02e7 A2000000 		.4byte	0xa2
 549 02eb 54       		.byte	0x54
 550 02ec 07       		.uleb128 0x7
 551 02ed 91010000 		.4byte	.LASF63
 552 02f1 04       		.byte	0x4
 553 02f2 65       		.byte	0x65
 554 02f3 A2000000 		.4byte	0xa2
 555 02f7 55       		.byte	0x55
ARM GAS  C:\Users\Austina\AppData\Local\Temp\cccSWznC.s 			page 12


 556 02f8 07       		.uleb128 0x7
 557 02f9 48090000 		.4byte	.LASF64
 558 02fd 04       		.byte	0x4
 559 02fe 66       		.byte	0x66
 560 02ff A2000000 		.4byte	0xa2
 561 0303 56       		.byte	0x56
 562 0304 07       		.uleb128 0x7
 563 0305 91040000 		.4byte	.LASF65
 564 0309 04       		.byte	0x4
 565 030a 67       		.byte	0x67
 566 030b A2000000 		.4byte	0xa2
 567 030f 57       		.byte	0x57
 568 0310 07       		.uleb128 0x7
 569 0311 23000000 		.4byte	.LASF66
 570 0315 04       		.byte	0x4
 571 0316 68       		.byte	0x68
 572 0317 A2000000 		.4byte	0xa2
 573 031b 58       		.byte	0x58
 574 031c 07       		.uleb128 0x7
 575 031d E6070000 		.4byte	.LASF67
 576 0321 04       		.byte	0x4
 577 0322 69       		.byte	0x69
 578 0323 A2000000 		.4byte	0xa2
 579 0327 59       		.byte	0x59
 580 0328 07       		.uleb128 0x7
 581 0329 A1050000 		.4byte	.LASF68
 582 032d 04       		.byte	0x4
 583 032e 6E       		.byte	0x6e
 584 032f B8000000 		.4byte	0xb8
 585 0333 5A       		.byte	0x5a
 586 0334 07       		.uleb128 0x7
 587 0335 020A0000 		.4byte	.LASF69
 588 0339 04       		.byte	0x4
 589 033a 6F       		.byte	0x6f
 590 033b B8000000 		.4byte	0xb8
 591 033f 5C       		.byte	0x5c
 592 0340 07       		.uleb128 0x7
 593 0341 FA000000 		.4byte	.LASF70
 594 0345 04       		.byte	0x4
 595 0346 70       		.byte	0x70
 596 0347 A2000000 		.4byte	0xa2
 597 034b 5E       		.byte	0x5e
 598 034c 07       		.uleb128 0x7
 599 034d 61070000 		.4byte	.LASF71
 600 0351 04       		.byte	0x4
 601 0352 71       		.byte	0x71
 602 0353 A2000000 		.4byte	0xa2
 603 0357 5F       		.byte	0x5f
 604 0358 07       		.uleb128 0x7
 605 0359 F2050000 		.4byte	.LASF72
 606 035d 04       		.byte	0x4
 607 035e 72       		.byte	0x72
 608 035f A2000000 		.4byte	0xa2
 609 0363 60       		.byte	0x60
 610 0364 07       		.uleb128 0x7
 611 0365 3A070000 		.4byte	.LASF73
 612 0369 04       		.byte	0x4
ARM GAS  C:\Users\Austina\AppData\Local\Temp\cccSWznC.s 			page 13


 613 036a 73       		.byte	0x73
 614 036b CE000000 		.4byte	0xce
 615 036f 64       		.byte	0x64
 616 0370 07       		.uleb128 0x7
 617 0371 20010000 		.4byte	.LASF74
 618 0375 04       		.byte	0x4
 619 0376 76       		.byte	0x76
 620 0377 B8000000 		.4byte	0xb8
 621 037b 68       		.byte	0x68
 622 037c 07       		.uleb128 0x7
 623 037d 2A040000 		.4byte	.LASF75
 624 0381 04       		.byte	0x4
 625 0382 77       		.byte	0x77
 626 0383 B8000000 		.4byte	0xb8
 627 0387 6A       		.byte	0x6a
 628 0388 07       		.uleb128 0x7
 629 0389 B2040000 		.4byte	.LASF76
 630 038d 04       		.byte	0x4
 631 038e 78       		.byte	0x78
 632 038f B8000000 		.4byte	0xb8
 633 0393 6C       		.byte	0x6c
 634 0394 07       		.uleb128 0x7
 635 0395 D3080000 		.4byte	.LASF77
 636 0399 04       		.byte	0x4
 637 039a 79       		.byte	0x79
 638 039b B8000000 		.4byte	0xb8
 639 039f 6E       		.byte	0x6e
 640 03a0 07       		.uleb128 0x7
 641 03a1 68080000 		.4byte	.LASF78
 642 03a5 04       		.byte	0x4
 643 03a6 7B       		.byte	0x7b
 644 03a7 A2000000 		.4byte	0xa2
 645 03ab 70       		.byte	0x70
 646 03ac 07       		.uleb128 0x7
 647 03ad D2010000 		.4byte	.LASF79
 648 03b1 04       		.byte	0x4
 649 03b2 7C       		.byte	0x7c
 650 03b3 A2000000 		.4byte	0xa2
 651 03b7 71       		.byte	0x71
 652 03b8 07       		.uleb128 0x7
 653 03b9 600B0000 		.4byte	.LASF80
 654 03bd 04       		.byte	0x4
 655 03be 7D       		.byte	0x7d
 656 03bf A2000000 		.4byte	0xa2
 657 03c3 72       		.byte	0x72
 658 03c4 07       		.uleb128 0x7
 659 03c5 C3050000 		.4byte	.LASF81
 660 03c9 04       		.byte	0x4
 661 03ca 7E       		.byte	0x7e
 662 03cb A2000000 		.4byte	0xa2
 663 03cf 73       		.byte	0x73
 664 03d0 07       		.uleb128 0x7
 665 03d1 10030000 		.4byte	.LASF82
 666 03d5 04       		.byte	0x4
 667 03d6 80       		.byte	0x80
 668 03d7 B8000000 		.4byte	0xb8
 669 03db 74       		.byte	0x74
ARM GAS  C:\Users\Austina\AppData\Local\Temp\cccSWznC.s 			page 14


 670 03dc 07       		.uleb128 0x7
 671 03dd 80090000 		.4byte	.LASF83
 672 03e1 04       		.byte	0x4
 673 03e2 81       		.byte	0x81
 674 03e3 B8000000 		.4byte	0xb8
 675 03e7 76       		.byte	0x76
 676 03e8 07       		.uleb128 0x7
 677 03e9 F0020000 		.4byte	.LASF84
 678 03ed 04       		.byte	0x4
 679 03ee 82       		.byte	0x82
 680 03ef B8000000 		.4byte	0xb8
 681 03f3 78       		.byte	0x78
 682 03f4 07       		.uleb128 0x7
 683 03f5 07080000 		.4byte	.LASF85
 684 03f9 04       		.byte	0x4
 685 03fa 83       		.byte	0x83
 686 03fb B8000000 		.4byte	0xb8
 687 03ff 7A       		.byte	0x7a
 688 0400 07       		.uleb128 0x7
 689 0401 F60A0000 		.4byte	.LASF86
 690 0405 04       		.byte	0x4
 691 0406 86       		.byte	0x86
 692 0407 A2000000 		.4byte	0xa2
 693 040b 7C       		.byte	0x7c
 694 040c 07       		.uleb128 0x7
 695 040d E9040000 		.4byte	.LASF87
 696 0411 04       		.byte	0x4
 697 0412 87       		.byte	0x87
 698 0413 A2000000 		.4byte	0xa2
 699 0417 7D       		.byte	0x7d
 700 0418 07       		.uleb128 0x7
 701 0419 37000000 		.4byte	.LASF88
 702 041d 04       		.byte	0x4
 703 041e 88       		.byte	0x88
 704 041f A2000000 		.4byte	0xa2
 705 0423 7E       		.byte	0x7e
 706 0424 07       		.uleb128 0x7
 707 0425 35030000 		.4byte	.LASF89
 708 0429 04       		.byte	0x4
 709 042a 89       		.byte	0x89
 710 042b A2000000 		.4byte	0xa2
 711 042f 7F       		.byte	0x7f
 712 0430 07       		.uleb128 0x7
 713 0431 D8030000 		.4byte	.LASF90
 714 0435 04       		.byte	0x4
 715 0436 8A       		.byte	0x8a
 716 0437 A2000000 		.4byte	0xa2
 717 043b 80       		.byte	0x80
 718 043c 07       		.uleb128 0x7
 719 043d 3E050000 		.4byte	.LASF91
 720 0441 04       		.byte	0x4
 721 0442 8D       		.byte	0x8d
 722 0443 CE000000 		.4byte	0xce
 723 0447 84       		.byte	0x84
 724 0448 07       		.uleb128 0x7
 725 0449 B8000000 		.4byte	.LASF92
 726 044d 04       		.byte	0x4
ARM GAS  C:\Users\Austina\AppData\Local\Temp\cccSWznC.s 			page 15


 727 044e 8E       		.byte	0x8e
 728 044f CE000000 		.4byte	0xce
 729 0453 88       		.byte	0x88
 730 0454 07       		.uleb128 0x7
 731 0455 E10A0000 		.4byte	.LASF93
 732 0459 04       		.byte	0x4
 733 045a 8F       		.byte	0x8f
 734 045b CE000000 		.4byte	0xce
 735 045f 8C       		.byte	0x8c
 736 0460 07       		.uleb128 0x7
 737 0461 EC030000 		.4byte	.LASF94
 738 0465 04       		.byte	0x4
 739 0466 90       		.byte	0x90
 740 0467 CE000000 		.4byte	0xce
 741 046b 90       		.byte	0x90
 742 046c 07       		.uleb128 0x7
 743 046d B9030000 		.4byte	.LASF95
 744 0471 04       		.byte	0x4
 745 0472 91       		.byte	0x91
 746 0473 CE000000 		.4byte	0xce
 747 0477 94       		.byte	0x94
 748 0478 07       		.uleb128 0x7
 749 0479 28050000 		.4byte	.LASF96
 750 047d 04       		.byte	0x4
 751 047e 92       		.byte	0x92
 752 047f CE000000 		.4byte	0xce
 753 0483 98       		.byte	0x98
 754 0484 07       		.uleb128 0x7
 755 0485 260B0000 		.4byte	.LASF97
 756 0489 04       		.byte	0x4
 757 048a 93       		.byte	0x93
 758 048b CE000000 		.4byte	0xce
 759 048f 9C       		.byte	0x9c
 760 0490 07       		.uleb128 0x7
 761 0491 3A010000 		.4byte	.LASF98
 762 0495 04       		.byte	0x4
 763 0496 94       		.byte	0x94
 764 0497 CE000000 		.4byte	0xce
 765 049b A0       		.byte	0xa0
 766 049c 07       		.uleb128 0x7
 767 049d 09020000 		.4byte	.LASF99
 768 04a1 04       		.byte	0x4
 769 04a2 95       		.byte	0x95
 770 04a3 B8000000 		.4byte	0xb8
 771 04a7 A4       		.byte	0xa4
 772 04a8 07       		.uleb128 0x7
 773 04a9 E0080000 		.4byte	.LASF100
 774 04ad 04       		.byte	0x4
 775 04ae 96       		.byte	0x96
 776 04af B8000000 		.4byte	0xb8
 777 04b3 A6       		.byte	0xa6
 778 04b4 07       		.uleb128 0x7
 779 04b5 55070000 		.4byte	.LASF101
 780 04b9 04       		.byte	0x4
 781 04ba 97       		.byte	0x97
 782 04bb B8000000 		.4byte	0xb8
 783 04bf A8       		.byte	0xa8
ARM GAS  C:\Users\Austina\AppData\Local\Temp\cccSWznC.s 			page 16


 784 04c0 07       		.uleb128 0x7
 785 04c1 26080000 		.4byte	.LASF102
 786 04c5 04       		.byte	0x4
 787 04c6 98       		.byte	0x98
 788 04c7 B8000000 		.4byte	0xb8
 789 04cb AA       		.byte	0xaa
 790 04cc 07       		.uleb128 0x7
 791 04cd C1040000 		.4byte	.LASF103
 792 04d1 04       		.byte	0x4
 793 04d2 99       		.byte	0x99
 794 04d3 B8000000 		.4byte	0xb8
 795 04d7 AC       		.byte	0xac
 796 04d8 07       		.uleb128 0x7
 797 04d9 81000000 		.4byte	.LASF104
 798 04dd 04       		.byte	0x4
 799 04de 9A       		.byte	0x9a
 800 04df B8000000 		.4byte	0xb8
 801 04e3 AE       		.byte	0xae
 802 04e4 07       		.uleb128 0x7
 803 04e5 0B0A0000 		.4byte	.LASF105
 804 04e9 04       		.byte	0x4
 805 04ea 9D       		.byte	0x9d
 806 04eb B8000000 		.4byte	0xb8
 807 04ef B0       		.byte	0xb0
 808 04f0 07       		.uleb128 0x7
 809 04f1 4A000000 		.4byte	.LASF106
 810 04f5 04       		.byte	0x4
 811 04f6 9E       		.byte	0x9e
 812 04f7 CE000000 		.4byte	0xce
 813 04fb B4       		.byte	0xb4
 814 04fc 00       		.byte	0
 815 04fd 03       		.uleb128 0x3
 816 04fe 06050000 		.4byte	.LASF107
 817 0502 04       		.byte	0x4
 818 0503 9F       		.byte	0x9f
 819 0504 EC000000 		.4byte	0xec
 820 0508 02       		.uleb128 0x2
 821 0509 01       		.byte	0x1
 822 050a 08       		.byte	0x8
 823 050b 19090000 		.4byte	.LASF108
 824 050f 02       		.uleb128 0x2
 825 0510 04       		.byte	0x4
 826 0511 04       		.byte	0x4
 827 0512 19070000 		.4byte	.LASF109
 828 0516 02       		.uleb128 0x2
 829 0517 08       		.byte	0x8
 830 0518 04       		.byte	0x4
 831 0519 E9020000 		.4byte	.LASF110
 832 051d 08       		.uleb128 0x8
 833 051e 04       		.byte	0x4
 834 051f 02       		.uleb128 0x2
 835 0520 01       		.byte	0x1
 836 0521 02       		.byte	0x2
 837 0522 CA070000 		.4byte	.LASF111
 838 0526 09       		.uleb128 0x9
 839 0527 04       		.byte	0x4
 840 0528 2C050000 		.4byte	0x52c
ARM GAS  C:\Users\Austina\AppData\Local\Temp\cccSWznC.s 			page 17


 841 052c 0A       		.uleb128 0xa
 842 052d 37050000 		.4byte	0x537
 843 0531 0B       		.uleb128 0xb
 844 0532 CE000000 		.4byte	0xce
 845 0536 00       		.byte	0
 846 0537 0C       		.uleb128 0xc
 847 0538 4E040000 		.4byte	.LASF112
 848 053c 05       		.byte	0x5
 849 053d D901     		.2byte	0x1d9
 850 053f 26050000 		.4byte	0x526
 851 0543 0D       		.uleb128 0xd
 852 0544 830B0000 		.4byte	.LASF170
 853 0548 38       		.byte	0x38
 854 0549 05       		.byte	0x5
 855 054a 7502     		.2byte	0x275
 856 054c 07060000 		.4byte	0x607
 857 0550 0E       		.uleb128 0xe
 858 0551 450B0000 		.4byte	.LASF113
 859 0555 05       		.byte	0x5
 860 0556 7802     		.2byte	0x278
 861 0558 E0000000 		.4byte	0xe0
 862 055c 00       		.byte	0
 863 055d 0E       		.uleb128 0xe
 864 055e 0E060000 		.4byte	.LASF114
 865 0562 05       		.byte	0x5
 866 0563 7902     		.2byte	0x279
 867 0565 E0000000 		.4byte	0xe0
 868 0569 04       		.byte	0x4
 869 056a 0E       		.uleb128 0xe
 870 056b 30010000 		.4byte	.LASF115
 871 056f 05       		.byte	0x5
 872 0570 7B02     		.2byte	0x27b
 873 0572 1D050000 		.4byte	0x51d
 874 0576 08       		.byte	0x8
 875 0577 0E       		.uleb128 0xe
 876 0578 CA090000 		.4byte	.LASF116
 877 057c 05       		.byte	0x5
 878 057d 7C02     		.2byte	0x27c
 879 057f CE000000 		.4byte	0xce
 880 0583 0C       		.byte	0xc
 881 0584 0E       		.uleb128 0xe
 882 0585 BC090000 		.4byte	.LASF117
 883 0589 05       		.byte	0x5
 884 058a 7D02     		.2byte	0x27d
 885 058c E0000000 		.4byte	0xe0
 886 0590 10       		.byte	0x10
 887 0591 0E       		.uleb128 0xe
 888 0592 180B0000 		.4byte	.LASF118
 889 0596 05       		.byte	0x5
 890 0597 7E02     		.2byte	0x27e
 891 0599 E0000000 		.4byte	0xe0
 892 059d 14       		.byte	0x14
 893 059e 0E       		.uleb128 0xe
 894 059f 370A0000 		.4byte	.LASF119
 895 05a3 05       		.byte	0x5
 896 05a4 8002     		.2byte	0x280
 897 05a6 1D050000 		.4byte	0x51d
ARM GAS  C:\Users\Austina\AppData\Local\Temp\cccSWznC.s 			page 18


 898 05aa 18       		.byte	0x18
 899 05ab 0E       		.uleb128 0xe
 900 05ac 19000000 		.4byte	.LASF120
 901 05b0 05       		.byte	0x5
 902 05b1 8102     		.2byte	0x281
 903 05b3 CE000000 		.4byte	0xce
 904 05b7 1C       		.byte	0x1c
 905 05b8 0E       		.uleb128 0xe
 906 05b9 93030000 		.4byte	.LASF121
 907 05bd 05       		.byte	0x5
 908 05be 8202     		.2byte	0x282
 909 05c0 E0000000 		.4byte	0xe0
 910 05c4 20       		.byte	0x20
 911 05c5 0E       		.uleb128 0xe
 912 05c6 68010000 		.4byte	.LASF122
 913 05ca 05       		.byte	0x5
 914 05cb 8402     		.2byte	0x284
 915 05cd 1D050000 		.4byte	0x51d
 916 05d1 24       		.byte	0x24
 917 05d2 0E       		.uleb128 0xe
 918 05d3 CE030000 		.4byte	.LASF123
 919 05d7 05       		.byte	0x5
 920 05d8 8502     		.2byte	0x285
 921 05da CE000000 		.4byte	0xce
 922 05de 28       		.byte	0x28
 923 05df 0E       		.uleb128 0xe
 924 05e0 77070000 		.4byte	.LASF124
 925 05e4 05       		.byte	0x5
 926 05e5 8602     		.2byte	0x286
 927 05e7 E0000000 		.4byte	0xe0
 928 05eb 2C       		.byte	0x2c
 929 05ec 0E       		.uleb128 0xe
 930 05ed E0040000 		.4byte	.LASF125
 931 05f1 05       		.byte	0x5
 932 05f2 8B02     		.2byte	0x28b
 933 05f4 37050000 		.4byte	0x537
 934 05f8 30       		.byte	0x30
 935 05f9 0E       		.uleb128 0xe
 936 05fa 2F0A0000 		.4byte	.LASF126
 937 05fe 05       		.byte	0x5
 938 05ff 8E02     		.2byte	0x28e
 939 0601 CE000000 		.4byte	0xce
 940 0605 34       		.byte	0x34
 941 0606 00       		.byte	0
 942 0607 0C       		.uleb128 0xc
 943 0608 460A0000 		.4byte	.LASF127
 944 060c 05       		.byte	0x5
 945 060d 9102     		.2byte	0x291
 946 060f 43050000 		.4byte	0x543
 947 0613 0F       		.uleb128 0xf
 948 0614 02       		.byte	0x2
 949 0615 06       		.byte	0x6
 950 0616 6401     		.2byte	0x164
 951 0618 37060000 		.4byte	0x637
 952 061c 0E       		.uleb128 0xe
 953 061d 3C0B0000 		.4byte	.LASF128
 954 0621 06       		.byte	0x6
ARM GAS  C:\Users\Austina\AppData\Local\Temp\cccSWznC.s 			page 19


 955 0622 6E01     		.2byte	0x16e
 956 0624 A2000000 		.4byte	0xa2
 957 0628 00       		.byte	0
 958 0629 0E       		.uleb128 0xe
 959 062a 55050000 		.4byte	.LASF129
 960 062e 06       		.byte	0x6
 961 062f 7201     		.2byte	0x172
 962 0631 A2000000 		.4byte	0xa2
 963 0635 01       		.byte	0x1
 964 0636 00       		.byte	0
 965 0637 0C       		.uleb128 0xc
 966 0638 AD010000 		.4byte	.LASF130
 967 063c 06       		.byte	0x6
 968 063d 7401     		.2byte	0x174
 969 063f 13060000 		.4byte	0x613
 970 0643 10       		.uleb128 0x10
 971 0644 01       		.byte	0x1
 972 0645 3E000000 		.4byte	0x3e
 973 0649 07       		.byte	0x7
 974 064a 75       		.byte	0x75
 975 064b 68060000 		.4byte	0x668
 976 064f 11       		.uleb128 0x11
 977 0650 5F030000 		.4byte	.LASF131
 978 0654 00       		.byte	0
 979 0655 11       		.uleb128 0x11
 980 0656 CF000000 		.4byte	.LASF132
 981 065a 01       		.byte	0x1
 982 065b 11       		.uleb128 0x11
 983 065c A60A0000 		.4byte	.LASF133
 984 0660 02       		.byte	0x2
 985 0661 11       		.uleb128 0x11
 986 0662 77050000 		.4byte	.LASF134
 987 0666 03       		.byte	0x3
 988 0667 00       		.byte	0
 989 0668 03       		.uleb128 0x3
 990 0669 F2010000 		.4byte	.LASF135
 991 066d 07       		.byte	0x7
 992 066e 7A       		.byte	0x7a
 993 066f 43060000 		.4byte	0x643
 994 0673 10       		.uleb128 0x10
 995 0674 01       		.byte	0x1
 996 0675 3E000000 		.4byte	0x3e
 997 0679 07       		.byte	0x7
 998 067a 87       		.byte	0x87
 999 067b B0060000 		.4byte	0x6b0
 1000 067f 11       		.uleb128 0x11
 1001 0680 600A0000 		.4byte	.LASF136
 1002 0684 00       		.byte	0
 1003 0685 11       		.uleb128 0x11
 1004 0686 9B0B0000 		.4byte	.LASF137
 1005 068a 01       		.byte	0x1
 1006 068b 11       		.uleb128 0x11
 1007 068c 0E040000 		.4byte	.LASF138
 1008 0690 02       		.byte	0x2
 1009 0691 11       		.uleb128 0x11
 1010 0692 D8090000 		.4byte	.LASF139
 1011 0696 03       		.byte	0x3
ARM GAS  C:\Users\Austina\AppData\Local\Temp\cccSWznC.s 			page 20


 1012 0697 11       		.uleb128 0x11
 1013 0698 1E090000 		.4byte	.LASF140
 1014 069c 04       		.byte	0x4
 1015 069d 11       		.uleb128 0x11
 1016 069e A0070000 		.4byte	.LASF141
 1017 06a2 05       		.byte	0x5
 1018 06a3 11       		.uleb128 0x11
 1019 06a4 9D080000 		.4byte	.LASF142
 1020 06a8 06       		.byte	0x6
 1021 06a9 11       		.uleb128 0x11
 1022 06aa F5060000 		.4byte	.LASF143
 1023 06ae 07       		.byte	0x7
 1024 06af 00       		.byte	0
 1025 06b0 03       		.uleb128 0x3
 1026 06b1 AC050000 		.4byte	.LASF144
 1027 06b5 07       		.byte	0x7
 1028 06b6 90       		.byte	0x90
 1029 06b7 73060000 		.4byte	0x673
 1030 06bb 10       		.uleb128 0x10
 1031 06bc 01       		.byte	0x1
 1032 06bd 3E000000 		.4byte	0x3e
 1033 06c1 08       		.byte	0x8
 1034 06c2 11       		.byte	0x11
 1035 06c3 E2060000 		.4byte	0x6e2
 1036 06c7 12       		.uleb128 0x12
 1037 06c8 4D3100   		.ascii	"M1\000"
 1038 06cb 00       		.byte	0
 1039 06cc 12       		.uleb128 0x12
 1040 06cd 4D3200   		.ascii	"M2\000"
 1041 06d0 01       		.byte	0x1
 1042 06d1 12       		.uleb128 0x12
 1043 06d2 4D3300   		.ascii	"M3\000"
 1044 06d5 02       		.byte	0x2
 1045 06d6 12       		.uleb128 0x12
 1046 06d7 4D3400   		.ascii	"M4\000"
 1047 06da 03       		.byte	0x3
 1048 06db 11       		.uleb128 0x11
 1049 06dc 9A020000 		.4byte	.LASF145
 1050 06e0 04       		.byte	0x4
 1051 06e1 00       		.byte	0
 1052 06e2 03       		.uleb128 0x3
 1053 06e3 16050000 		.4byte	.LASF146
 1054 06e7 08       		.byte	0x8
 1055 06e8 17       		.byte	0x17
 1056 06e9 BB060000 		.4byte	0x6bb
 1057 06ed 10       		.uleb128 0x10
 1058 06ee 01       		.byte	0x1
 1059 06ef 3E000000 		.4byte	0x3e
 1060 06f3 08       		.byte	0x8
 1061 06f4 19       		.byte	0x19
 1062 06f5 06070000 		.4byte	0x706
 1063 06f9 11       		.uleb128 0x11
 1064 06fa A5040000 		.4byte	.LASF147
 1065 06fe 00       		.byte	0
 1066 06ff 11       		.uleb128 0x11
 1067 0700 34080000 		.4byte	.LASF148
 1068 0704 01       		.byte	0x1
ARM GAS  C:\Users\Austina\AppData\Local\Temp\cccSWznC.s 			page 21


 1069 0705 00       		.byte	0
 1070 0706 13       		.uleb128 0x13
 1071 0707 0B0B0000 		.4byte	.LASF171
 1072 070b 01       		.byte	0x1
 1073 070c 10       		.byte	0x10
 1074 070d 00000000 		.4byte	.LFB502
 1075 0711 A0000000 		.4byte	.LFE502-.LFB502
 1076 0715 01       		.uleb128 0x1
 1077 0716 9C       		.byte	0x9c
 1078 0717 BE080000 		.4byte	0x8be
 1079 071b 14       		.uleb128 0x14
 1080 071c 61726700 		.ascii	"arg\000"
 1081 0720 01       		.byte	0x1
 1082 0721 10       		.byte	0x10
 1083 0722 1D050000 		.4byte	0x51d
 1084 0726 00000000 		.4byte	.LLST0
 1085 072a 15       		.uleb128 0x15
 1086 072b 760B0000 		.4byte	.LASF149
 1087 072f 01       		.byte	0x1
 1088 0730 14       		.byte	0x14
 1089 0731 E2060000 		.4byte	0x6e2
 1090 0735 21000000 		.4byte	.LLST1
 1091 0739 16       		.uleb128 0x16
 1092 073a 24000000 		.4byte	.LBB2
 1093 073e 5C000000 		.4byte	.LBE2-.LBB2
 1094 0742 4D080000 		.4byte	0x84d
 1095 0746 17       		.uleb128 0x17
 1096 0747 706F7300 		.ascii	"pos\000"
 1097 074b 01       		.byte	0x1
 1098 074c 20       		.byte	0x20
 1099 074d 94000000 		.4byte	0x94
 1100 0751 6E000000 		.4byte	.LLST2
 1101 0755 18       		.uleb128 0x18
 1102 0756 28000000 		.4byte	.LVL9
 1103 075a 40090000 		.4byte	0x940
 1104 075e 19       		.uleb128 0x19
 1105 075f 2E000000 		.4byte	.LVL10
 1106 0763 4B090000 		.4byte	0x94b
 1107 0767 71070000 		.4byte	0x771
 1108 076b 1A       		.uleb128 0x1a
 1109 076c 01       		.uleb128 0x1
 1110 076d 50       		.byte	0x50
 1111 076e 01       		.uleb128 0x1
 1112 076f 30       		.byte	0x30
 1113 0770 00       		.byte	0
 1114 0771 19       		.uleb128 0x19
 1115 0772 40000000 		.4byte	.LVL12
 1116 0776 57090000 		.4byte	0x957
 1117 077a 8A070000 		.4byte	0x78a
 1118 077e 1A       		.uleb128 0x1a
 1119 077f 01       		.uleb128 0x1
 1120 0780 50       		.byte	0x50
 1121 0781 02       		.uleb128 0x2
 1122 0782 74       		.byte	0x74
 1123 0783 00       		.sleb128 0
 1124 0784 1A       		.uleb128 0x1a
 1125 0785 01       		.uleb128 0x1
ARM GAS  C:\Users\Austina\AppData\Local\Temp\cccSWznC.s 			page 22


 1126 0786 51       		.byte	0x51
 1127 0787 01       		.uleb128 0x1
 1128 0788 30       		.byte	0x30
 1129 0789 00       		.byte	0
 1130 078a 19       		.uleb128 0x19
 1131 078b 46000000 		.4byte	.LVL13
 1132 078f 62090000 		.4byte	0x962
 1133 0793 9D070000 		.4byte	0x79d
 1134 0797 1A       		.uleb128 0x1a
 1135 0798 01       		.uleb128 0x1
 1136 0799 50       		.byte	0x50
 1137 079a 01       		.uleb128 0x1
 1138 079b 31       		.byte	0x31
 1139 079c 00       		.byte	0
 1140 079d 19       		.uleb128 0x19
 1141 079e 4E000000 		.4byte	.LVL14
 1142 07a2 6E090000 		.4byte	0x96e
 1143 07a6 B4070000 		.4byte	0x7b4
 1144 07aa 1A       		.uleb128 0x1a
 1145 07ab 01       		.uleb128 0x1
 1146 07ac 50       		.byte	0x50
 1147 07ad 05       		.uleb128 0x5
 1148 07ae 03       		.byte	0x3
 1149 07af 00000000 		.4byte	.LC0
 1150 07b3 00       		.byte	0
 1151 07b4 19       		.uleb128 0x19
 1152 07b5 54000000 		.4byte	.LVL15
 1153 07b9 6E090000 		.4byte	0x96e
 1154 07bd CB070000 		.4byte	0x7cb
 1155 07c1 1A       		.uleb128 0x1a
 1156 07c2 01       		.uleb128 0x1
 1157 07c3 50       		.byte	0x50
 1158 07c4 05       		.uleb128 0x5
 1159 07c5 03       		.byte	0x3
 1160 07c6 2C000000 		.4byte	.LC3
 1161 07ca 00       		.byte	0
 1162 07cb 19       		.uleb128 0x19
 1163 07cc 5A000000 		.4byte	.LVL16
 1164 07d0 79090000 		.4byte	0x979
 1165 07d4 E2070000 		.4byte	0x7e2
 1166 07d8 1A       		.uleb128 0x1a
 1167 07d9 01       		.uleb128 0x1
 1168 07da 50       		.byte	0x50
 1169 07db 05       		.uleb128 0x5
 1170 07dc 03       		.byte	0x3
 1171 07dd 28000000 		.4byte	.LC2
 1172 07e1 00       		.byte	0
 1173 07e2 19       		.uleb128 0x19
 1174 07e3 62000000 		.4byte	.LVL18
 1175 07e7 62090000 		.4byte	0x962
 1176 07eb F5070000 		.4byte	0x7f5
 1177 07ef 1A       		.uleb128 0x1a
 1178 07f0 01       		.uleb128 0x1
 1179 07f1 50       		.byte	0x50
 1180 07f2 01       		.uleb128 0x1
 1181 07f3 32       		.byte	0x32
 1182 07f4 00       		.byte	0
ARM GAS  C:\Users\Austina\AppData\Local\Temp\cccSWznC.s 			page 23


 1183 07f5 19       		.uleb128 0x19
 1184 07f6 6A000000 		.4byte	.LVL19
 1185 07fa 6E090000 		.4byte	0x96e
 1186 07fe 0C080000 		.4byte	0x80c
 1187 0802 1A       		.uleb128 0x1a
 1188 0803 01       		.uleb128 0x1
 1189 0804 50       		.byte	0x50
 1190 0805 05       		.uleb128 0x5
 1191 0806 03       		.byte	0x3
 1192 0807 00000000 		.4byte	.LC0
 1193 080b 00       		.byte	0
 1194 080c 19       		.uleb128 0x19
 1195 080d 70000000 		.4byte	.LVL20
 1196 0811 6E090000 		.4byte	0x96e
 1197 0815 23080000 		.4byte	0x823
 1198 0819 1A       		.uleb128 0x1a
 1199 081a 01       		.uleb128 0x1
 1200 081b 50       		.byte	0x50
 1201 081c 05       		.uleb128 0x5
 1202 081d 03       		.byte	0x3
 1203 081e 40000000 		.4byte	.LC4
 1204 0822 00       		.byte	0
 1205 0823 19       		.uleb128 0x19
 1206 0824 76000000 		.4byte	.LVL21
 1207 0828 79090000 		.4byte	0x979
 1208 082c 3A080000 		.4byte	0x83a
 1209 0830 1A       		.uleb128 0x1a
 1210 0831 01       		.uleb128 0x1
 1211 0832 50       		.byte	0x50
 1212 0833 05       		.uleb128 0x5
 1213 0834 03       		.byte	0x3
 1214 0835 28000000 		.4byte	.LC2
 1215 0839 00       		.byte	0
 1216 083a 18       		.uleb128 0x18
 1217 083b 7C000000 		.4byte	.LVL23
 1218 083f 88090000 		.4byte	0x988
 1219 0843 18       		.uleb128 0x18
 1220 0844 80000000 		.4byte	.LVL24
 1221 0848 93090000 		.4byte	0x993
 1222 084c 00       		.byte	0
 1223 084d 18       		.uleb128 0x18
 1224 084e 06000000 		.4byte	.LVL2
 1225 0852 9E090000 		.4byte	0x99e
 1226 0856 18       		.uleb128 0x18
 1227 0857 0A000000 		.4byte	.LVL3
 1228 085b 93090000 		.4byte	0x993
 1229 085f 19       		.uleb128 0x19
 1230 0860 10000000 		.4byte	.LVL4
 1231 0864 6E090000 		.4byte	0x96e
 1232 0868 76080000 		.4byte	0x876
 1233 086c 1A       		.uleb128 0x1a
 1234 086d 01       		.uleb128 0x1
 1235 086e 50       		.byte	0x50
 1236 086f 05       		.uleb128 0x5
 1237 0870 03       		.byte	0x3
 1238 0871 00000000 		.4byte	.LC0
 1239 0875 00       		.byte	0
ARM GAS  C:\Users\Austina\AppData\Local\Temp\cccSWznC.s 			page 24


 1240 0876 19       		.uleb128 0x19
 1241 0877 16000000 		.4byte	.LVL5
 1242 087b 6E090000 		.4byte	0x96e
 1243 087f 8D080000 		.4byte	0x88d
 1244 0883 1A       		.uleb128 0x1a
 1245 0884 01       		.uleb128 0x1
 1246 0885 50       		.byte	0x50
 1247 0886 05       		.uleb128 0x5
 1248 0887 03       		.byte	0x3
 1249 0888 10000000 		.4byte	.LC1
 1250 088c 00       		.byte	0
 1251 088d 19       		.uleb128 0x19
 1252 088e 1C000000 		.4byte	.LVL6
 1253 0892 79090000 		.4byte	0x979
 1254 0896 A4080000 		.4byte	0x8a4
 1255 089a 1A       		.uleb128 0x1a
 1256 089b 01       		.uleb128 0x1
 1257 089c 50       		.byte	0x50
 1258 089d 05       		.uleb128 0x5
 1259 089e 03       		.byte	0x3
 1260 089f 28000000 		.4byte	.LC2
 1261 08a3 00       		.byte	0
 1262 08a4 18       		.uleb128 0x18
 1263 08a5 22000000 		.4byte	.LVL8
 1264 08a9 A9090000 		.4byte	0x9a9
 1265 08ad 1B       		.uleb128 0x1b
 1266 08ae 88000000 		.4byte	.LVL25
 1267 08b2 B4090000 		.4byte	0x9b4
 1268 08b6 1A       		.uleb128 0x1a
 1269 08b7 01       		.uleb128 0x1
 1270 08b8 50       		.byte	0x50
 1271 08b9 02       		.uleb128 0x2
 1272 08ba 08       		.byte	0x8
 1273 08bb 32       		.byte	0x32
 1274 08bc 00       		.byte	0
 1275 08bd 00       		.byte	0
 1276 08be 1C       		.uleb128 0x1c
 1277 08bf FA070000 		.4byte	.LASF150
 1278 08c3 09       		.byte	0x9
 1279 08c4 F907     		.2byte	0x7f9
 1280 08c6 CA080000 		.4byte	0x8ca
 1281 08ca 05       		.uleb128 0x5
 1282 08cb C3000000 		.4byte	0xc3
 1283 08cf 1D       		.uleb128 0x1d
 1284 08d0 4B070000 		.4byte	.LASF151
 1285 08d4 04       		.byte	0x4
 1286 08d5 A7       		.byte	0xa7
 1287 08d6 DA080000 		.4byte	0x8da
 1288 08da 09       		.uleb128 0x9
 1289 08db 04       		.byte	0x4
 1290 08dc E0080000 		.4byte	0x8e0
 1291 08e0 1E       		.uleb128 0x1e
 1292 08e1 FD040000 		.4byte	0x4fd
 1293 08e5 1C       		.uleb128 0x1c
 1294 08e6 6E010000 		.4byte	.LASF152
 1295 08ea 07       		.byte	0x7
 1296 08eb 2702     		.2byte	0x227
ARM GAS  C:\Users\Austina\AppData\Local\Temp\cccSWznC.s 			page 25


 1297 08ed 68060000 		.4byte	0x668
 1298 08f1 1F       		.uleb128 0x1f
 1299 08f2 37060000 		.4byte	0x637
 1300 08f6 01090000 		.4byte	0x901
 1301 08fa 20       		.uleb128 0x20
 1302 08fb D9000000 		.4byte	0xd9
 1303 08ff 00       		.byte	0
 1304 0900 00       		.byte	0
 1305 0901 1C       		.uleb128 0x1c
 1306 0902 7F0A0000 		.4byte	.LASF153
 1307 0906 07       		.byte	0x7
 1308 0907 2C02     		.2byte	0x22c
 1309 0909 F1080000 		.4byte	0x8f1
 1310 090d 1F       		.uleb128 0x1f
 1311 090e B0060000 		.4byte	0x6b0
 1312 0912 1D090000 		.4byte	0x91d
 1313 0916 20       		.uleb128 0x20
 1314 0917 D9000000 		.4byte	0xd9
 1315 091b 00       		.byte	0
 1316 091c 00       		.byte	0
 1317 091d 1C       		.uleb128 0x1c
 1318 091e CF040000 		.4byte	.LASF154
 1319 0922 07       		.byte	0x7
 1320 0923 2D02     		.2byte	0x22d
 1321 0925 0D090000 		.4byte	0x90d
 1322 0929 1C       		.uleb128 0x1c
 1323 092a 67090000 		.4byte	.LASF155
 1324 092e 07       		.byte	0x7
 1325 092f 5202     		.2byte	0x252
 1326 0931 A2000000 		.4byte	0xa2
 1327 0935 1D       		.uleb128 0x1d
 1328 0936 6D040000 		.4byte	.LASF156
 1329 093a 0A       		.byte	0xa
 1330 093b 87       		.byte	0x87
 1331 093c 07060000 		.4byte	0x607
 1332 0940 21       		.uleb128 0x21
 1333 0941 1F070000 		.4byte	.LASF157
 1334 0945 1F070000 		.4byte	.LASF157
 1335 0949 0B       		.byte	0xb
 1336 094a 3E       		.byte	0x3e
 1337 094b 22       		.uleb128 0x22
 1338 094c 01090000 		.4byte	.LASF158
 1339 0950 01090000 		.4byte	.LASF158
 1340 0954 0C       		.byte	0xc
 1341 0955 A504     		.2byte	0x4a5
 1342 0957 21       		.uleb128 0x21
 1343 0958 7C080000 		.4byte	.LASF159
 1344 095c 7C080000 		.4byte	.LASF159
 1345 0960 08       		.byte	0x8
 1346 0961 2C       		.byte	0x2c
 1347 0962 22       		.uleb128 0x22
 1348 0963 C90A0000 		.4byte	.LASF160
 1349 0967 C90A0000 		.4byte	.LASF160
 1350 096b 0C       		.byte	0xc
 1351 096c 9904     		.2byte	0x499
 1352 096e 21       		.uleb128 0x21
 1353 096f 00000000 		.4byte	.LASF161
ARM GAS  C:\Users\Austina\AppData\Local\Temp\cccSWznC.s 			page 26


 1354 0973 00000000 		.4byte	.LASF161
 1355 0977 0D       		.byte	0xd
 1356 0978 BB       		.byte	0xbb
 1357 0979 23       		.uleb128 0x23
 1358 097a 66050000 		.4byte	.LASF172
 1359 097e B7020000 		.4byte	.LASF173
 1360 0982 11       		.byte	0x11
 1361 0983 00       		.byte	0
 1362 0984 66050000 		.4byte	.LASF172
 1363 0988 21       		.uleb128 0x21
 1364 0989 41080000 		.4byte	.LASF162
 1365 098d 41080000 		.4byte	.LASF162
 1366 0991 0E       		.byte	0xe
 1367 0992 3D       		.byte	0x3d
 1368 0993 21       		.uleb128 0x21
 1369 0994 50010000 		.4byte	.LASF163
 1370 0998 50010000 		.4byte	.LASF163
 1371 099c 0F       		.byte	0xf
 1372 099d 55       		.byte	0x55
 1373 099e 21       		.uleb128 0x21
 1374 099f 9C030000 		.4byte	.LASF164
 1375 09a3 9C030000 		.4byte	.LASF164
 1376 09a7 0B       		.byte	0xb
 1377 09a8 3A       		.byte	0x3a
 1378 09a9 21       		.uleb128 0x21
 1379 09aa EA0B0000 		.4byte	.LASF165
 1380 09ae EA0B0000 		.4byte	.LASF165
 1381 09b2 0F       		.byte	0xf
 1382 09b3 56       		.byte	0x56
 1383 09b4 22       		.uleb128 0x22
 1384 09b5 E7010000 		.4byte	.LASF166
 1385 09b9 E7010000 		.4byte	.LASF166
 1386 09bd 10       		.byte	0x10
 1387 09be ED02     		.2byte	0x2ed
 1388 09c0 00       		.byte	0
 1389              		.section	.debug_abbrev,"",%progbits
 1390              	.Ldebug_abbrev0:
 1391 0000 01       		.uleb128 0x1
 1392 0001 11       		.uleb128 0x11
 1393 0002 01       		.byte	0x1
 1394 0003 25       		.uleb128 0x25
 1395 0004 0E       		.uleb128 0xe
 1396 0005 13       		.uleb128 0x13
 1397 0006 0B       		.uleb128 0xb
 1398 0007 03       		.uleb128 0x3
 1399 0008 0E       		.uleb128 0xe
 1400 0009 1B       		.uleb128 0x1b
 1401 000a 0E       		.uleb128 0xe
 1402 000b 55       		.uleb128 0x55
 1403 000c 17       		.uleb128 0x17
 1404 000d 11       		.uleb128 0x11
 1405 000e 01       		.uleb128 0x1
 1406 000f 10       		.uleb128 0x10
 1407 0010 17       		.uleb128 0x17
 1408 0011 00       		.byte	0
 1409 0012 00       		.byte	0
 1410 0013 02       		.uleb128 0x2
ARM GAS  C:\Users\Austina\AppData\Local\Temp\cccSWznC.s 			page 27


 1411 0014 24       		.uleb128 0x24
 1412 0015 00       		.byte	0
 1413 0016 0B       		.uleb128 0xb
 1414 0017 0B       		.uleb128 0xb
 1415 0018 3E       		.uleb128 0x3e
 1416 0019 0B       		.uleb128 0xb
 1417 001a 03       		.uleb128 0x3
 1418 001b 0E       		.uleb128 0xe
 1419 001c 00       		.byte	0
 1420 001d 00       		.byte	0
 1421 001e 03       		.uleb128 0x3
 1422 001f 16       		.uleb128 0x16
 1423 0020 00       		.byte	0
 1424 0021 03       		.uleb128 0x3
 1425 0022 0E       		.uleb128 0xe
 1426 0023 3A       		.uleb128 0x3a
 1427 0024 0B       		.uleb128 0xb
 1428 0025 3B       		.uleb128 0x3b
 1429 0026 0B       		.uleb128 0xb
 1430 0027 49       		.uleb128 0x49
 1431 0028 13       		.uleb128 0x13
 1432 0029 00       		.byte	0
 1433 002a 00       		.byte	0
 1434 002b 04       		.uleb128 0x4
 1435 002c 24       		.uleb128 0x24
 1436 002d 00       		.byte	0
 1437 002e 0B       		.uleb128 0xb
 1438 002f 0B       		.uleb128 0xb
 1439 0030 3E       		.uleb128 0x3e
 1440 0031 0B       		.uleb128 0xb
 1441 0032 03       		.uleb128 0x3
 1442 0033 08       		.uleb128 0x8
 1443 0034 00       		.byte	0
 1444 0035 00       		.byte	0
 1445 0036 05       		.uleb128 0x5
 1446 0037 35       		.uleb128 0x35
 1447 0038 00       		.byte	0
 1448 0039 49       		.uleb128 0x49
 1449 003a 13       		.uleb128 0x13
 1450 003b 00       		.byte	0
 1451 003c 00       		.byte	0
 1452 003d 06       		.uleb128 0x6
 1453 003e 13       		.uleb128 0x13
 1454 003f 01       		.byte	0x1
 1455 0040 0B       		.uleb128 0xb
 1456 0041 0B       		.uleb128 0xb
 1457 0042 3A       		.uleb128 0x3a
 1458 0043 0B       		.uleb128 0xb
 1459 0044 3B       		.uleb128 0x3b
 1460 0045 0B       		.uleb128 0xb
 1461 0046 01       		.uleb128 0x1
 1462 0047 13       		.uleb128 0x13
 1463 0048 00       		.byte	0
 1464 0049 00       		.byte	0
 1465 004a 07       		.uleb128 0x7
 1466 004b 0D       		.uleb128 0xd
 1467 004c 00       		.byte	0
ARM GAS  C:\Users\Austina\AppData\Local\Temp\cccSWznC.s 			page 28


 1468 004d 03       		.uleb128 0x3
 1469 004e 0E       		.uleb128 0xe
 1470 004f 3A       		.uleb128 0x3a
 1471 0050 0B       		.uleb128 0xb
 1472 0051 3B       		.uleb128 0x3b
 1473 0052 0B       		.uleb128 0xb
 1474 0053 49       		.uleb128 0x49
 1475 0054 13       		.uleb128 0x13
 1476 0055 38       		.uleb128 0x38
 1477 0056 0B       		.uleb128 0xb
 1478 0057 00       		.byte	0
 1479 0058 00       		.byte	0
 1480 0059 08       		.uleb128 0x8
 1481 005a 0F       		.uleb128 0xf
 1482 005b 00       		.byte	0
 1483 005c 0B       		.uleb128 0xb
 1484 005d 0B       		.uleb128 0xb
 1485 005e 00       		.byte	0
 1486 005f 00       		.byte	0
 1487 0060 09       		.uleb128 0x9
 1488 0061 0F       		.uleb128 0xf
 1489 0062 00       		.byte	0
 1490 0063 0B       		.uleb128 0xb
 1491 0064 0B       		.uleb128 0xb
 1492 0065 49       		.uleb128 0x49
 1493 0066 13       		.uleb128 0x13
 1494 0067 00       		.byte	0
 1495 0068 00       		.byte	0
 1496 0069 0A       		.uleb128 0xa
 1497 006a 15       		.uleb128 0x15
 1498 006b 01       		.byte	0x1
 1499 006c 27       		.uleb128 0x27
 1500 006d 19       		.uleb128 0x19
 1501 006e 01       		.uleb128 0x1
 1502 006f 13       		.uleb128 0x13
 1503 0070 00       		.byte	0
 1504 0071 00       		.byte	0
 1505 0072 0B       		.uleb128 0xb
 1506 0073 05       		.uleb128 0x5
 1507 0074 00       		.byte	0
 1508 0075 49       		.uleb128 0x49
 1509 0076 13       		.uleb128 0x13
 1510 0077 00       		.byte	0
 1511 0078 00       		.byte	0
 1512 0079 0C       		.uleb128 0xc
 1513 007a 16       		.uleb128 0x16
 1514 007b 00       		.byte	0
 1515 007c 03       		.uleb128 0x3
 1516 007d 0E       		.uleb128 0xe
 1517 007e 3A       		.uleb128 0x3a
 1518 007f 0B       		.uleb128 0xb
 1519 0080 3B       		.uleb128 0x3b
 1520 0081 05       		.uleb128 0x5
 1521 0082 49       		.uleb128 0x49
 1522 0083 13       		.uleb128 0x13
 1523 0084 00       		.byte	0
 1524 0085 00       		.byte	0
ARM GAS  C:\Users\Austina\AppData\Local\Temp\cccSWznC.s 			page 29


 1525 0086 0D       		.uleb128 0xd
 1526 0087 13       		.uleb128 0x13
 1527 0088 01       		.byte	0x1
 1528 0089 03       		.uleb128 0x3
 1529 008a 0E       		.uleb128 0xe
 1530 008b 0B       		.uleb128 0xb
 1531 008c 0B       		.uleb128 0xb
 1532 008d 3A       		.uleb128 0x3a
 1533 008e 0B       		.uleb128 0xb
 1534 008f 3B       		.uleb128 0x3b
 1535 0090 05       		.uleb128 0x5
 1536 0091 01       		.uleb128 0x1
 1537 0092 13       		.uleb128 0x13
 1538 0093 00       		.byte	0
 1539 0094 00       		.byte	0
 1540 0095 0E       		.uleb128 0xe
 1541 0096 0D       		.uleb128 0xd
 1542 0097 00       		.byte	0
 1543 0098 03       		.uleb128 0x3
 1544 0099 0E       		.uleb128 0xe
 1545 009a 3A       		.uleb128 0x3a
 1546 009b 0B       		.uleb128 0xb
 1547 009c 3B       		.uleb128 0x3b
 1548 009d 05       		.uleb128 0x5
 1549 009e 49       		.uleb128 0x49
 1550 009f 13       		.uleb128 0x13
 1551 00a0 38       		.uleb128 0x38
 1552 00a1 0B       		.uleb128 0xb
 1553 00a2 00       		.byte	0
 1554 00a3 00       		.byte	0
 1555 00a4 0F       		.uleb128 0xf
 1556 00a5 13       		.uleb128 0x13
 1557 00a6 01       		.byte	0x1
 1558 00a7 0B       		.uleb128 0xb
 1559 00a8 0B       		.uleb128 0xb
 1560 00a9 3A       		.uleb128 0x3a
 1561 00aa 0B       		.uleb128 0xb
 1562 00ab 3B       		.uleb128 0x3b
 1563 00ac 05       		.uleb128 0x5
 1564 00ad 01       		.uleb128 0x1
 1565 00ae 13       		.uleb128 0x13
 1566 00af 00       		.byte	0
 1567 00b0 00       		.byte	0
 1568 00b1 10       		.uleb128 0x10
 1569 00b2 04       		.uleb128 0x4
 1570 00b3 01       		.byte	0x1
 1571 00b4 0B       		.uleb128 0xb
 1572 00b5 0B       		.uleb128 0xb
 1573 00b6 49       		.uleb128 0x49
 1574 00b7 13       		.uleb128 0x13
 1575 00b8 3A       		.uleb128 0x3a
 1576 00b9 0B       		.uleb128 0xb
 1577 00ba 3B       		.uleb128 0x3b
 1578 00bb 0B       		.uleb128 0xb
 1579 00bc 01       		.uleb128 0x1
 1580 00bd 13       		.uleb128 0x13
 1581 00be 00       		.byte	0
ARM GAS  C:\Users\Austina\AppData\Local\Temp\cccSWznC.s 			page 30


 1582 00bf 00       		.byte	0
 1583 00c0 11       		.uleb128 0x11
 1584 00c1 28       		.uleb128 0x28
 1585 00c2 00       		.byte	0
 1586 00c3 03       		.uleb128 0x3
 1587 00c4 0E       		.uleb128 0xe
 1588 00c5 1C       		.uleb128 0x1c
 1589 00c6 0B       		.uleb128 0xb
 1590 00c7 00       		.byte	0
 1591 00c8 00       		.byte	0
 1592 00c9 12       		.uleb128 0x12
 1593 00ca 28       		.uleb128 0x28
 1594 00cb 00       		.byte	0
 1595 00cc 03       		.uleb128 0x3
 1596 00cd 08       		.uleb128 0x8
 1597 00ce 1C       		.uleb128 0x1c
 1598 00cf 0B       		.uleb128 0xb
 1599 00d0 00       		.byte	0
 1600 00d1 00       		.byte	0
 1601 00d2 13       		.uleb128 0x13
 1602 00d3 2E       		.uleb128 0x2e
 1603 00d4 01       		.byte	0x1
 1604 00d5 3F       		.uleb128 0x3f
 1605 00d6 19       		.uleb128 0x19
 1606 00d7 03       		.uleb128 0x3
 1607 00d8 0E       		.uleb128 0xe
 1608 00d9 3A       		.uleb128 0x3a
 1609 00da 0B       		.uleb128 0xb
 1610 00db 3B       		.uleb128 0x3b
 1611 00dc 0B       		.uleb128 0xb
 1612 00dd 27       		.uleb128 0x27
 1613 00de 19       		.uleb128 0x19
 1614 00df 8701     		.uleb128 0x87
 1615 00e1 19       		.uleb128 0x19
 1616 00e2 11       		.uleb128 0x11
 1617 00e3 01       		.uleb128 0x1
 1618 00e4 12       		.uleb128 0x12
 1619 00e5 06       		.uleb128 0x6
 1620 00e6 40       		.uleb128 0x40
 1621 00e7 18       		.uleb128 0x18
 1622 00e8 9742     		.uleb128 0x2117
 1623 00ea 19       		.uleb128 0x19
 1624 00eb 01       		.uleb128 0x1
 1625 00ec 13       		.uleb128 0x13
 1626 00ed 00       		.byte	0
 1627 00ee 00       		.byte	0
 1628 00ef 14       		.uleb128 0x14
 1629 00f0 05       		.uleb128 0x5
 1630 00f1 00       		.byte	0
 1631 00f2 03       		.uleb128 0x3
 1632 00f3 08       		.uleb128 0x8
 1633 00f4 3A       		.uleb128 0x3a
 1634 00f5 0B       		.uleb128 0xb
 1635 00f6 3B       		.uleb128 0x3b
 1636 00f7 0B       		.uleb128 0xb
 1637 00f8 49       		.uleb128 0x49
 1638 00f9 13       		.uleb128 0x13
ARM GAS  C:\Users\Austina\AppData\Local\Temp\cccSWznC.s 			page 31


 1639 00fa 02       		.uleb128 0x2
 1640 00fb 17       		.uleb128 0x17
 1641 00fc 00       		.byte	0
 1642 00fd 00       		.byte	0
 1643 00fe 15       		.uleb128 0x15
 1644 00ff 34       		.uleb128 0x34
 1645 0100 00       		.byte	0
 1646 0101 03       		.uleb128 0x3
 1647 0102 0E       		.uleb128 0xe
 1648 0103 3A       		.uleb128 0x3a
 1649 0104 0B       		.uleb128 0xb
 1650 0105 3B       		.uleb128 0x3b
 1651 0106 0B       		.uleb128 0xb
 1652 0107 49       		.uleb128 0x49
 1653 0108 13       		.uleb128 0x13
 1654 0109 02       		.uleb128 0x2
 1655 010a 17       		.uleb128 0x17
 1656 010b 00       		.byte	0
 1657 010c 00       		.byte	0
 1658 010d 16       		.uleb128 0x16
 1659 010e 0B       		.uleb128 0xb
 1660 010f 01       		.byte	0x1
 1661 0110 11       		.uleb128 0x11
 1662 0111 01       		.uleb128 0x1
 1663 0112 12       		.uleb128 0x12
 1664 0113 06       		.uleb128 0x6
 1665 0114 01       		.uleb128 0x1
 1666 0115 13       		.uleb128 0x13
 1667 0116 00       		.byte	0
 1668 0117 00       		.byte	0
 1669 0118 17       		.uleb128 0x17
 1670 0119 34       		.uleb128 0x34
 1671 011a 00       		.byte	0
 1672 011b 03       		.uleb128 0x3
 1673 011c 08       		.uleb128 0x8
 1674 011d 3A       		.uleb128 0x3a
 1675 011e 0B       		.uleb128 0xb
 1676 011f 3B       		.uleb128 0x3b
 1677 0120 0B       		.uleb128 0xb
 1678 0121 49       		.uleb128 0x49
 1679 0122 13       		.uleb128 0x13
 1680 0123 02       		.uleb128 0x2
 1681 0124 17       		.uleb128 0x17
 1682 0125 00       		.byte	0
 1683 0126 00       		.byte	0
 1684 0127 18       		.uleb128 0x18
 1685 0128 898201   		.uleb128 0x4109
 1686 012b 00       		.byte	0
 1687 012c 11       		.uleb128 0x11
 1688 012d 01       		.uleb128 0x1
 1689 012e 31       		.uleb128 0x31
 1690 012f 13       		.uleb128 0x13
 1691 0130 00       		.byte	0
 1692 0131 00       		.byte	0
 1693 0132 19       		.uleb128 0x19
 1694 0133 898201   		.uleb128 0x4109
 1695 0136 01       		.byte	0x1
ARM GAS  C:\Users\Austina\AppData\Local\Temp\cccSWznC.s 			page 32


 1696 0137 11       		.uleb128 0x11
 1697 0138 01       		.uleb128 0x1
 1698 0139 31       		.uleb128 0x31
 1699 013a 13       		.uleb128 0x13
 1700 013b 01       		.uleb128 0x1
 1701 013c 13       		.uleb128 0x13
 1702 013d 00       		.byte	0
 1703 013e 00       		.byte	0
 1704 013f 1A       		.uleb128 0x1a
 1705 0140 8A8201   		.uleb128 0x410a
 1706 0143 00       		.byte	0
 1707 0144 02       		.uleb128 0x2
 1708 0145 18       		.uleb128 0x18
 1709 0146 9142     		.uleb128 0x2111
 1710 0148 18       		.uleb128 0x18
 1711 0149 00       		.byte	0
 1712 014a 00       		.byte	0
 1713 014b 1B       		.uleb128 0x1b
 1714 014c 898201   		.uleb128 0x4109
 1715 014f 01       		.byte	0x1
 1716 0150 11       		.uleb128 0x11
 1717 0151 01       		.uleb128 0x1
 1718 0152 31       		.uleb128 0x31
 1719 0153 13       		.uleb128 0x13
 1720 0154 00       		.byte	0
 1721 0155 00       		.byte	0
 1722 0156 1C       		.uleb128 0x1c
 1723 0157 34       		.uleb128 0x34
 1724 0158 00       		.byte	0
 1725 0159 03       		.uleb128 0x3
 1726 015a 0E       		.uleb128 0xe
 1727 015b 3A       		.uleb128 0x3a
 1728 015c 0B       		.uleb128 0xb
 1729 015d 3B       		.uleb128 0x3b
 1730 015e 05       		.uleb128 0x5
 1731 015f 49       		.uleb128 0x49
 1732 0160 13       		.uleb128 0x13
 1733 0161 3F       		.uleb128 0x3f
 1734 0162 19       		.uleb128 0x19
 1735 0163 3C       		.uleb128 0x3c
 1736 0164 19       		.uleb128 0x19
 1737 0165 00       		.byte	0
 1738 0166 00       		.byte	0
 1739 0167 1D       		.uleb128 0x1d
 1740 0168 34       		.uleb128 0x34
 1741 0169 00       		.byte	0
 1742 016a 03       		.uleb128 0x3
 1743 016b 0E       		.uleb128 0xe
 1744 016c 3A       		.uleb128 0x3a
 1745 016d 0B       		.uleb128 0xb
 1746 016e 3B       		.uleb128 0x3b
 1747 016f 0B       		.uleb128 0xb
 1748 0170 49       		.uleb128 0x49
 1749 0171 13       		.uleb128 0x13
 1750 0172 3F       		.uleb128 0x3f
 1751 0173 19       		.uleb128 0x19
 1752 0174 3C       		.uleb128 0x3c
ARM GAS  C:\Users\Austina\AppData\Local\Temp\cccSWznC.s 			page 33


 1753 0175 19       		.uleb128 0x19
 1754 0176 00       		.byte	0
 1755 0177 00       		.byte	0
 1756 0178 1E       		.uleb128 0x1e
 1757 0179 26       		.uleb128 0x26
 1758 017a 00       		.byte	0
 1759 017b 49       		.uleb128 0x49
 1760 017c 13       		.uleb128 0x13
 1761 017d 00       		.byte	0
 1762 017e 00       		.byte	0
 1763 017f 1F       		.uleb128 0x1f
 1764 0180 01       		.uleb128 0x1
 1765 0181 01       		.byte	0x1
 1766 0182 49       		.uleb128 0x49
 1767 0183 13       		.uleb128 0x13
 1768 0184 01       		.uleb128 0x1
 1769 0185 13       		.uleb128 0x13
 1770 0186 00       		.byte	0
 1771 0187 00       		.byte	0
 1772 0188 20       		.uleb128 0x20
 1773 0189 21       		.uleb128 0x21
 1774 018a 00       		.byte	0
 1775 018b 49       		.uleb128 0x49
 1776 018c 13       		.uleb128 0x13
 1777 018d 2F       		.uleb128 0x2f
 1778 018e 0B       		.uleb128 0xb
 1779 018f 00       		.byte	0
 1780 0190 00       		.byte	0
 1781 0191 21       		.uleb128 0x21
 1782 0192 2E       		.uleb128 0x2e
 1783 0193 00       		.byte	0
 1784 0194 3F       		.uleb128 0x3f
 1785 0195 19       		.uleb128 0x19
 1786 0196 3C       		.uleb128 0x3c
 1787 0197 19       		.uleb128 0x19
 1788 0198 6E       		.uleb128 0x6e
 1789 0199 0E       		.uleb128 0xe
 1790 019a 03       		.uleb128 0x3
 1791 019b 0E       		.uleb128 0xe
 1792 019c 3A       		.uleb128 0x3a
 1793 019d 0B       		.uleb128 0xb
 1794 019e 3B       		.uleb128 0x3b
 1795 019f 0B       		.uleb128 0xb
 1796 01a0 00       		.byte	0
 1797 01a1 00       		.byte	0
 1798 01a2 22       		.uleb128 0x22
 1799 01a3 2E       		.uleb128 0x2e
 1800 01a4 00       		.byte	0
 1801 01a5 3F       		.uleb128 0x3f
 1802 01a6 19       		.uleb128 0x19
 1803 01a7 3C       		.uleb128 0x3c
 1804 01a8 19       		.uleb128 0x19
 1805 01a9 6E       		.uleb128 0x6e
 1806 01aa 0E       		.uleb128 0xe
 1807 01ab 03       		.uleb128 0x3
 1808 01ac 0E       		.uleb128 0xe
 1809 01ad 3A       		.uleb128 0x3a
ARM GAS  C:\Users\Austina\AppData\Local\Temp\cccSWznC.s 			page 34


 1810 01ae 0B       		.uleb128 0xb
 1811 01af 3B       		.uleb128 0x3b
 1812 01b0 05       		.uleb128 0x5
 1813 01b1 00       		.byte	0
 1814 01b2 00       		.byte	0
 1815 01b3 23       		.uleb128 0x23
 1816 01b4 2E       		.uleb128 0x2e
 1817 01b5 00       		.byte	0
 1818 01b6 3F       		.uleb128 0x3f
 1819 01b7 19       		.uleb128 0x19
 1820 01b8 3C       		.uleb128 0x3c
 1821 01b9 19       		.uleb128 0x19
 1822 01ba 6E       		.uleb128 0x6e
 1823 01bb 0E       		.uleb128 0xe
 1824 01bc 03       		.uleb128 0x3
 1825 01bd 0E       		.uleb128 0xe
 1826 01be 3A       		.uleb128 0x3a
 1827 01bf 0B       		.uleb128 0xb
 1828 01c0 3B       		.uleb128 0x3b
 1829 01c1 0B       		.uleb128 0xb
 1830 01c2 6E       		.uleb128 0x6e
 1831 01c3 0E       		.uleb128 0xe
 1832 01c4 00       		.byte	0
 1833 01c5 00       		.byte	0
 1834 01c6 00       		.byte	0
 1835              		.section	.debug_loc,"",%progbits
 1836              	.Ldebug_loc0:
 1837              	.LLST0:
 1838 0000 00000000 		.4byte	.LVL0
 1839 0004 05000000 		.4byte	.LVL2-1
 1840 0008 0100     		.2byte	0x1
 1841 000a 50       		.byte	0x50
 1842 000b 05000000 		.4byte	.LVL2-1
 1843 000f A0000000 		.4byte	.LFE502
 1844 0013 0400     		.2byte	0x4
 1845 0015 F3       		.byte	0xf3
 1846 0016 01       		.uleb128 0x1
 1847 0017 50       		.byte	0x50
 1848 0018 9F       		.byte	0x9f
 1849 0019 00000000 		.4byte	0
 1850 001d 00000000 		.4byte	0
 1851              	.LLST1:
 1852 0021 02000000 		.4byte	.LVL1
 1853 0025 1E000000 		.4byte	.LVL7
 1854 0029 0200     		.2byte	0x2
 1855 002b 30       		.byte	0x30
 1856 002c 9F       		.byte	0x9f
 1857 002d 1E000000 		.4byte	.LVL7
 1858 0031 5A000000 		.4byte	.LVL16
 1859 0035 0100     		.2byte	0x1
 1860 0037 54       		.byte	0x54
 1861 0038 5A000000 		.4byte	.LVL16
 1862 003c 5C000000 		.4byte	.LVL17
 1863 0040 0200     		.2byte	0x2
 1864 0042 30       		.byte	0x30
 1865 0043 9F       		.byte	0x9f
 1866 0044 5C000000 		.4byte	.LVL17
ARM GAS  C:\Users\Austina\AppData\Local\Temp\cccSWznC.s 			page 35


 1867 0048 76000000 		.4byte	.LVL21
 1868 004c 0100     		.2byte	0x1
 1869 004e 54       		.byte	0x54
 1870 004f 76000000 		.4byte	.LVL21
 1871 0053 78000000 		.4byte	.LVL22
 1872 0057 0200     		.2byte	0x2
 1873 0059 31       		.byte	0x31
 1874 005a 9F       		.byte	0x9f
 1875 005b 78000000 		.4byte	.LVL22
 1876 005f A0000000 		.4byte	.LFE502
 1877 0063 0100     		.2byte	0x1
 1878 0065 54       		.byte	0x54
 1879 0066 00000000 		.4byte	0
 1880 006a 00000000 		.4byte	0
 1881              	.LLST2:
 1882 006e 2E000000 		.4byte	.LVL10
 1883 0072 3C000000 		.4byte	.LVL11
 1884 0076 0100     		.2byte	0x1
 1885 0078 50       		.byte	0x50
 1886 0079 00000000 		.4byte	0
 1887 007d 00000000 		.4byte	0
 1888              		.section	.debug_aranges,"",%progbits
 1889 0000 1C000000 		.4byte	0x1c
 1890 0004 0200     		.2byte	0x2
 1891 0006 00000000 		.4byte	.Ldebug_info0
 1892 000a 04       		.byte	0x4
 1893 000b 00       		.byte	0
 1894 000c 0000     		.2byte	0
 1895 000e 0000     		.2byte	0
 1896 0010 00000000 		.4byte	.LFB502
 1897 0014 A0000000 		.4byte	.LFE502-.LFB502
 1898 0018 00000000 		.4byte	0
 1899 001c 00000000 		.4byte	0
 1900              		.section	.debug_ranges,"",%progbits
 1901              	.Ldebug_ranges0:
 1902 0000 00000000 		.4byte	.LFB502
 1903 0004 A0000000 		.4byte	.LFE502
 1904 0008 00000000 		.4byte	0
 1905 000c 00000000 		.4byte	0
 1906              		.section	.debug_line,"",%progbits
 1907              	.Ldebug_line0:
 1908 0000 B0030000 		.section	.debug_str,"MS",%progbits,1
 1908      02008703 
 1908      00000201 
 1908      FB0E0D00 
 1908      01010101 
 1909              	.LASF161:
 1910 0000 7072696E 		.ascii	"printf\000"
 1910      746600
 1911              	.LASF56:
 1912 0007 70726F74 		.ascii	"protBusMasterMask\000"
 1912      4275734D 
 1912      61737465 
 1912      724D6173 
 1912      6B00
 1913              	.LASF120:
 1914 0019 72784275 		.ascii	"rxBufSize\000"
ARM GAS  C:\Users\Austina\AppData\Local\Temp\cccSWznC.s 			page 36


 1914      6653697A 
 1914      6500
 1915              	.LASF66:
 1916 0023 666C6173 		.ascii	"flashCtlMainWs3Freq\000"
 1916      6843746C 
 1916      4D61696E 
 1916      57733346 
 1916      72657100 
 1917              	.LASF88:
 1918 0037 6770696F 		.ascii	"gpioPrtCfgInOffset\000"
 1918      50727443 
 1918      6667496E 
 1918      4F666673 
 1918      657400
 1919              	.LASF106:
 1920 004a 6970634C 		.ascii	"ipcLockStatusOffset\000"
 1920      6F636B53 
 1920      74617475 
 1920      734F6666 
 1920      73657400 
 1921              	.LASF32:
 1922 005e 63727970 		.ascii	"cryptoVersion\000"
 1922      746F5665 
 1922      7273696F 
 1922      6E00
 1923              	.LASF50:
 1924 006c 70657269 		.ascii	"periClockNr\000"
 1924      436C6F63 
 1924      6B4E7200 
 1925              	.LASF28:
 1926 0078 70617373 		.ascii	"passBase\000"
 1926      42617365 
 1926      00
 1927              	.LASF104:
 1928 0081 63707573 		.ascii	"cpussRam2Ctl0\000"
 1928      7352616D 
 1928      3243746C 
 1928      3000
 1929              	.LASF41:
 1930 008f 63707573 		.ascii	"cpussIpcIrqNr\000"
 1930      73497063 
 1930      4972714E 
 1930      7200
 1931              	.LASF3:
 1932 009d 5F5F7569 		.ascii	"__uint8_t\000"
 1932      6E74385F 
 1932      7400
 1933              	.LASF43:
 1934 00a7 63707573 		.ascii	"cpussFlashPaSize\000"
 1934      73466C61 
 1934      73685061 
 1934      53697A65 
 1934      00
 1935              	.LASF92:
 1936 00b8 63707573 		.ascii	"cpussCm4ClockCtlOffset\000"
 1936      73436D34 
 1936      436C6F63 
ARM GAS  C:\Users\Austina\AppData\Local\Temp\cccSWznC.s 			page 37


 1936      6B43746C 
 1936      4F666673 
 1937              	.LASF132:
 1938 00cf 43595F42 		.ascii	"CY_BLE_SCAN_STATE_SCAN_INITIATED\000"
 1938      4C455F53 
 1938      43414E5F 
 1938      53544154 
 1938      455F5343 
 1939              	.LASF21:
 1940 00f0 63707573 		.ascii	"cpussBase\000"
 1940      73426173 
 1940      6500
 1941              	.LASF70:
 1942 00fa 64774368 		.ascii	"dwChCtlPrioPos\000"
 1942      43746C50 
 1942      72696F50 
 1942      6F7300
 1943              	.LASF12:
 1944 0109 6C6F6E67 		.ascii	"long long unsigned int\000"
 1944      206C6F6E 
 1944      6720756E 
 1944      7369676E 
 1944      65642069 
 1945              	.LASF74:
 1946 0120 70657269 		.ascii	"periTrCmdOffset\000"
 1946      5472436D 
 1946      644F6666 
 1946      73657400 
 1947              	.LASF115:
 1948 0130 72785269 		.ascii	"rxRingBuf\000"
 1948      6E674275 
 1948      6600
 1949              	.LASF98:
 1950 013a 63707573 		.ascii	"cpussSysTickCtlOffset\000"
 1950      73537973 
 1950      5469636B 
 1950      43746C4F 
 1950      66667365 
 1951              	.LASF163:
 1952 0150 43617053 		.ascii	"CapSense_ScanAllWidgets\000"
 1952      656E7365 
 1952      5F536361 
 1952      6E416C6C 
 1952      57696467 
 1953              	.LASF122:
 1954 0168 74784275 		.ascii	"txBuf\000"
 1954      6600
 1955              	.LASF152:
 1956 016e 63795F62 		.ascii	"cy_ble_scanState\000"
 1956      6C655F73 
 1956      63616E53 
 1956      74617465 
 1956      00
 1957              	.LASF59:
 1958 017f 666C6173 		.ascii	"flashPipeRequired\000"
 1958      68506970 
 1958      65526571 
ARM GAS  C:\Users\Austina\AppData\Local\Temp\cccSWznC.s 			page 38


 1958      75697265 
 1958      6400
 1959              	.LASF63:
 1960 0191 666C6173 		.ascii	"flashCtlMainWs0Freq\000"
 1960      6843746C 
 1960      4D61696E 
 1960      57733046 
 1960      72657100 
 1961              	.LASF15:
 1962 01a5 696E7431 		.ascii	"int16_t\000"
 1962      365F7400 
 1963              	.LASF130:
 1964 01ad 63795F73 		.ascii	"cy_stc_ble_conn_handle_t\000"
 1964      74635F62 
 1964      6C655F63 
 1964      6F6E6E5F 
 1964      68616E64 
 1965              	.LASF1:
 1966 01c6 7369676E 		.ascii	"signed char\000"
 1966      65642063 
 1966      68617200 
 1967              	.LASF79:
 1968 01d2 70657269 		.ascii	"periDivCmdTypeSelPos\000"
 1968      44697643 
 1968      6D645479 
 1968      70655365 
 1968      6C506F73 
 1969              	.LASF166:
 1970 01e7 76546173 		.ascii	"vTaskDelay\000"
 1970      6B44656C 
 1970      617900
 1971              	.LASF135:
 1972 01f2 63795F65 		.ascii	"cy_en_ble_scan_state_t\000"
 1972      6E5F626C 
 1972      655F7363 
 1972      616E5F73 
 1972      74617465 
 1973              	.LASF99:
 1974 0209 63707573 		.ascii	"cpussCm0NmiCtlOffset\000"
 1974      73436D30 
 1974      4E6D6943 
 1974      746C4F66 
 1974      66736574 
 1975              	.LASF47:
 1976 021e 73727373 		.ascii	"srssNumClkpath\000"
 1976      4E756D43 
 1976      6C6B7061 
 1976      746800
 1977              	.LASF26:
 1978 022d 6873696F 		.ascii	"hsiomBase\000"
 1978      6D426173 
 1978      6500
 1979              	.LASF168:
 1980 0237 63617053 		.ascii	"capSenseTask.c\000"
 1980      656E7365 
 1980      5461736B 
 1980      2E6300
ARM GAS  C:\Users\Austina\AppData\Local\Temp\cccSWznC.s 			page 39


 1981              	.LASF169:
 1982 0246 433A5C41 		.ascii	"C:\\Alen\\GitHub_Denzerek\\BLEControlledArm\\BLE_AR"
 1982      6C656E5C 
 1982      47697448 
 1982      75625F44 
 1982      656E7A65 
 1983 0275 4D5F576F 		.ascii	"M_Workspace\\CapsenseBLECentral.cydsn\000"
 1983      726B7370 
 1983      6163655C 
 1983      43617073 
 1983      656E7365 
 1984              	.LASF145:
 1985 029a 4D5F4D41 		.ascii	"M_MAX\000"
 1985      5800
 1986              	.LASF8:
 1987 02a0 6C6F6E67 		.ascii	"long int\000"
 1987      20696E74 
 1987      00
 1988              	.LASF57:
 1989 02a9 63727970 		.ascii	"cryptoMemSize\000"
 1989      746F4D65 
 1989      6D53697A 
 1989      6500
 1990              	.LASF173:
 1991 02b7 5F5F6275 		.ascii	"__builtin_puts\000"
 1991      696C7469 
 1991      6E5F7075 
 1991      747300
 1992              	.LASF23:
 1993 02c6 70657269 		.ascii	"periBase\000"
 1993      42617365 
 1993      00
 1994              	.LASF55:
 1995 02cf 73797350 		.ascii	"sysPmSimoPresent\000"
 1995      6D53696D 
 1995      6F507265 
 1995      73656E74 
 1995      00
 1996              	.LASF16:
 1997 02e0 75696E74 		.ascii	"uint16_t\000"
 1997      31365F74 
 1997      00
 1998              	.LASF110:
 1999 02e9 646F7562 		.ascii	"double\000"
 1999      6C6500
 2000              	.LASF84:
 2001 02f0 70657269 		.ascii	"periDiv16_5CtlOffset\000"
 2001      44697631 
 2001      365F3543 
 2001      746C4F66 
 2001      66736574 
 2002              	.LASF48:
 2003 0305 73727373 		.ascii	"srssNumPll\000"
 2003      4E756D50 
 2003      6C6C00
 2004              	.LASF82:
 2005 0310 70657269 		.ascii	"periDiv8CtlOffset\000"
ARM GAS  C:\Users\Austina\AppData\Local\Temp\cccSWznC.s 			page 40


 2005      44697638 
 2005      43746C4F 
 2005      66667365 
 2005      7400
 2006              	.LASF6:
 2007 0322 73686F72 		.ascii	"short unsigned int\000"
 2007      7420756E 
 2007      7369676E 
 2007      65642069 
 2007      6E7400
 2008              	.LASF89:
 2009 0335 6770696F 		.ascii	"gpioPrtCfgOutOffset\000"
 2009      50727443 
 2009      66674F75 
 2009      744F6666 
 2009      73657400 
 2010              	.LASF22:
 2011 0349 666C6173 		.ascii	"flashcBase\000"
 2011      68634261 
 2011      736500
 2012              	.LASF9:
 2013 0354 5F5F7569 		.ascii	"__uint32_t\000"
 2013      6E743332 
 2013      5F7400
 2014              	.LASF131:
 2015 035f 43595F42 		.ascii	"CY_BLE_SCAN_STATE_STOPPED\000"
 2015      4C455F53 
 2015      43414E5F 
 2015      53544154 
 2015      455F5354 
 2016              	.LASF52:
 2017 0379 70617373 		.ascii	"passSarChannels\000"
 2017      53617243 
 2017      68616E6E 
 2017      656C7300 
 2018              	.LASF4:
 2019 0389 5F5F696E 		.ascii	"__int16_t\000"
 2019      7431365F 
 2019      7400
 2020              	.LASF121:
 2021 0393 72784275 		.ascii	"rxBufIdx\000"
 2021      66496478 
 2021      00
 2022              	.LASF164:
 2023 039c 43617053 		.ascii	"CapSense_Start\000"
 2023      656E7365 
 2023      5F537461 
 2023      727400
 2024              	.LASF11:
 2025 03ab 6C6F6E67 		.ascii	"long long int\000"
 2025      206C6F6E 
 2025      6720696E 
 2025      7400
 2026              	.LASF95:
 2027 03b9 63707573 		.ascii	"cpussCm4PwrCtlOffset\000"
 2027      73436D34 
 2027      50777243 
ARM GAS  C:\Users\Austina\AppData\Local\Temp\cccSWznC.s 			page 41


 2027      746C4F66 
 2027      66736574 
 2028              	.LASF123:
 2029 03ce 74784275 		.ascii	"txBufSize\000"
 2029      6653697A 
 2029      6500
 2030              	.LASF90:
 2031 03d8 6770696F 		.ascii	"gpioPrtCfgSioOffset\000"
 2031      50727443 
 2031      66675369 
 2031      6F4F6666 
 2031      73657400 
 2032              	.LASF94:
 2033 03ec 63707573 		.ascii	"cpussCm0StatusOffset\000"
 2033      73436D30 
 2033      53746174 
 2033      75734F66 
 2033      66736574 
 2034              	.LASF13:
 2035 0401 756E7369 		.ascii	"unsigned int\000"
 2035      676E6564 
 2035      20696E74 
 2035      00
 2036              	.LASF138:
 2037 040e 43595F42 		.ascii	"CY_BLE_CONN_STATE_CONNECTED\000"
 2037      4C455F43 
 2037      4F4E4E5F 
 2037      53544154 
 2037      455F434F 
 2038              	.LASF75:
 2039 042a 70657269 		.ascii	"periTrCmdGrSelMsk\000"
 2039      5472436D 
 2039      64477253 
 2039      656C4D73 
 2039      6B00
 2040              	.LASF10:
 2041 043c 6C6F6E67 		.ascii	"long unsigned int\000"
 2041      20756E73 
 2041      69676E65 
 2041      6420696E 
 2041      7400
 2042              	.LASF112:
 2043 044e 63795F63 		.ascii	"cy_cb_scb_uart_handle_events_t\000"
 2043      625F7363 
 2043      625F7561 
 2043      72745F68 
 2043      616E646C 
 2044              	.LASF156:
 2045 046d 55415254 		.ascii	"UART_context\000"
 2045      5F636F6E 
 2045      74657874 
 2045      00
 2046              	.LASF40:
 2047 047a 63707573 		.ascii	"cpussIpcNr\000"
 2047      73497063 
 2047      4E7200
 2048              	.LASF42:
ARM GAS  C:\Users\Austina\AppData\Local\Temp\cccSWznC.s 			page 42


 2049 0485 63707573 		.ascii	"cpussDwChNr\000"
 2049      73447743 
 2049      684E7200 
 2050              	.LASF65:
 2051 0491 666C6173 		.ascii	"flashCtlMainWs2Freq\000"
 2051      6843746C 
 2051      4D61696E 
 2051      57733246 
 2051      72657100 
 2052              	.LASF147:
 2053 04a5 504F535F 		.ascii	"POS_ABSOLUTE\000"
 2053      4142534F 
 2053      4C555445 
 2053      00
 2054              	.LASF76:
 2055 04b2 70657269 		.ascii	"periTrGrOffset\000"
 2055      54724772 
 2055      4F666673 
 2055      657400
 2056              	.LASF103:
 2057 04c1 63707573 		.ascii	"cpussRam1Ctl0\000"
 2057      7352616D 
 2057      3143746C 
 2057      3000
 2058              	.LASF154:
 2059 04cf 63795F62 		.ascii	"cy_ble_connState\000"
 2059      6C655F63 
 2059      6F6E6E53 
 2059      74617465 
 2059      00
 2060              	.LASF125:
 2061 04e0 63624576 		.ascii	"cbEvents\000"
 2061      656E7473 
 2061      00
 2062              	.LASF87:
 2063 04e9 6770696F 		.ascii	"gpioPrtCfgOffset\000"
 2063      50727443 
 2063      66674F66 
 2063      66736574 
 2063      00
 2064              	.LASF35:
 2065 04fa 6770696F 		.ascii	"gpioVersion\000"
 2065      56657273 
 2065      696F6E00 
 2066              	.LASF107:
 2067 0506 63795F73 		.ascii	"cy_stc_device_t\000"
 2067      74635F64 
 2067      65766963 
 2067      655F7400 
 2068              	.LASF146:
 2069 0516 6D6F746F 		.ascii	"motors_t\000"
 2069      72735F74 
 2069      00
 2070              	.LASF25:
 2071 051f 70726F74 		.ascii	"protBase\000"
 2071      42617365 
 2071      00
ARM GAS  C:\Users\Austina\AppData\Local\Temp\cccSWznC.s 			page 43


 2072              	.LASF96:
 2073 0528 63707573 		.ascii	"cpussTrimRamCtlOffset\000"
 2073      73547269 
 2073      6D52616D 
 2073      43746C4F 
 2073      66667365 
 2074              	.LASF91:
 2075 053e 63707573 		.ascii	"cpussCm0ClockCtlOffset\000"
 2075      73436D30 
 2075      436C6F63 
 2075      6B43746C 
 2075      4F666673 
 2076              	.LASF129:
 2077 0555 61747449 		.ascii	"attId\000"
 2077      6400
 2078              	.LASF30:
 2079 055b 63727970 		.ascii	"cryptoBase\000"
 2079      746F4261 
 2079      736500
 2080              	.LASF172:
 2081 0566 70757473 		.ascii	"puts\000"
 2081      00
 2082              	.LASF38:
 2083 056b 70657269 		.ascii	"periVersion\000"
 2083      56657273 
 2083      696F6E00 
 2084              	.LASF134:
 2085 0577 43595F42 		.ascii	"CY_BLE_SCAN_STATE_STOP_INITIATED\000"
 2085      4C455F53 
 2085      43414E5F 
 2085      53544154 
 2085      455F5354 
 2086              	.LASF19:
 2087 0598 73697A65 		.ascii	"sizetype\000"
 2087      74797065 
 2087      00
 2088              	.LASF68:
 2089 05a1 64774368 		.ascii	"dwChOffset\000"
 2089      4F666673 
 2089      657400
 2090              	.LASF144:
 2091 05ac 63795F65 		.ascii	"cy_en_ble_conn_state_t\000"
 2091      6E5F626C 
 2091      655F636F 
 2091      6E6E5F73 
 2091      74617465 
 2092              	.LASF81:
 2093 05c3 70657269 		.ascii	"periDivCmdPaTypeSelPos\000"
 2093      44697643 
 2093      6D645061 
 2093      54797065 
 2093      53656C50 
 2094              	.LASF53:
 2095 05da 65704D6F 		.ascii	"epMonitorNr\000"
 2095      6E69746F 
 2095      724E7200 
 2096              	.LASF39:
ARM GAS  C:\Users\Austina\AppData\Local\Temp\cccSWznC.s 			page 44


 2097 05e6 70726F74 		.ascii	"protVersion\000"
 2097      56657273 
 2097      696F6E00 
 2098              	.LASF72:
 2099 05f2 64775374 		.ascii	"dwStatusChIdxPos\000"
 2099      61747573 
 2099      43684964 
 2099      78506F73 
 2099      00
 2100              	.LASF54:
 2101 0603 75646250 		.ascii	"udbPresent\000"
 2101      72657365 
 2101      6E7400
 2102              	.LASF114:
 2103 060e 72785374 		.ascii	"rxStatus\000"
 2103      61747573 
 2103      00
 2104              	.LASF34:
 2105 0617 666C6173 		.ascii	"flashcVersion\000"
 2105      68635665 
 2105      7273696F 
 2105      6E00
 2106              	.LASF51:
 2107 0625 736D6966 		.ascii	"smifDeviceNr\000"
 2107      44657669 
 2107      63654E72 
 2107      00
 2108              	.LASF167:
 2109 0632 474E5520 		.ascii	"GNU C11 5.4.1 20160609 (release) [ARM/embedded-5-br"
 2109      43313120 
 2109      352E342E 
 2109      31203230 
 2109      31363036 
 2110 0665 616E6368 		.ascii	"anch revision 237715] -mcpu=cortex-m4 -mfloat-abi=s"
 2110      20726576 
 2110      6973696F 
 2110      6E203233 
 2110      37373135 
 2111 0698 6F667466 		.ascii	"oftfp -mfpu=fpv4-sp-d16 -mthumb -g -Og -ffunction-s"
 2111      70202D6D 
 2111      6670753D 
 2111      66707634 
 2111      2D73702D 
 2112 06cb 65637469 		.ascii	"ections -ffat-lto-objects\000"
 2112      6F6E7320 
 2112      2D666661 
 2112      742D6C74 
 2112      6F2D6F62 
 2113              	.LASF60:
 2114 06e5 666C6173 		.ascii	"flashWriteDelay\000"
 2114      68577269 
 2114      74654465 
 2114      6C617900 
 2115              	.LASF143:
 2116 06f5 43595F42 		.ascii	"CY_BLE_CONN_STATE_CLIENT_DISCOVERED\000"
 2116      4C455F43 
 2116      4F4E4E5F 
ARM GAS  C:\Users\Austina\AppData\Local\Temp\cccSWznC.s 			page 45


 2116      53544154 
 2116      455F434C 
 2117              	.LASF109:
 2118 0719 666C6F61 		.ascii	"float\000"
 2118      7400
 2119              	.LASF157:
 2120 071f 43617053 		.ascii	"CapSense_ProcessAllWidgets\000"
 2120      656E7365 
 2120      5F50726F 
 2120      63657373 
 2120      416C6C57 
 2121              	.LASF73:
 2122 073a 64775374 		.ascii	"dwStatusChIdxMsk\000"
 2122      61747573 
 2122      43684964 
 2122      784D736B 
 2122      00
 2123              	.LASF151:
 2124 074b 63795F64 		.ascii	"cy_device\000"
 2124      65766963 
 2124      6500
 2125              	.LASF101:
 2126 0755 63707573 		.ascii	"cpussRomCtl\000"
 2126      73526F6D 
 2126      43746C00 
 2127              	.LASF71:
 2128 0761 64774368 		.ascii	"dwChCtlPreemptablePos\000"
 2128      43746C50 
 2128      7265656D 
 2128      70746162 
 2128      6C65506F 
 2129              	.LASF124:
 2130 0777 74784C65 		.ascii	"txLeftToTransmit\000"
 2130      6674546F 
 2130      5472616E 
 2130      736D6974 
 2130      00
 2131              	.LASF62:
 2132 0788 666C6173 		.ascii	"flashEraseDelay\000"
 2132      68457261 
 2132      73654465 
 2132      6C617900 
 2133              	.LASF24:
 2134 0798 75646242 		.ascii	"udbBase\000"
 2134      61736500 
 2135              	.LASF141:
 2136 07a0 43595F42 		.ascii	"CY_BLE_CONN_STATE_CLIENT_CHAR_DISCOVERING\000"
 2136      4C455F43 
 2136      4F4E4E5F 
 2136      53544154 
 2136      455F434C 
 2137              	.LASF111:
 2138 07ca 5F426F6F 		.ascii	"_Bool\000"
 2138      6C00
 2139              	.LASF17:
 2140 07d0 696E7433 		.ascii	"int32_t\000"
 2140      325F7400 
ARM GAS  C:\Users\Austina\AppData\Local\Temp\cccSWznC.s 			page 46


 2141              	.LASF2:
 2142 07d8 756E7369 		.ascii	"unsigned char\000"
 2142      676E6564 
 2142      20636861 
 2142      7200
 2143              	.LASF67:
 2144 07e6 666C6173 		.ascii	"flashCtlMainWs4Freq\000"
 2144      6843746C 
 2144      4D61696E 
 2144      57733446 
 2144      72657100 
 2145              	.LASF150:
 2146 07fa 49544D5F 		.ascii	"ITM_RxBuffer\000"
 2146      52784275 
 2146      66666572 
 2146      00
 2147              	.LASF85:
 2148 0807 70657269 		.ascii	"periDiv24_5CtlOffset\000"
 2148      44697632 
 2148      345F3543 
 2148      746C4F66 
 2148      66736574 
 2149              	.LASF0:
 2150 081c 73686F72 		.ascii	"short int\000"
 2150      7420696E 
 2150      7400
 2151              	.LASF102:
 2152 0826 63707573 		.ascii	"cpussRam0Ctl0\000"
 2152      7352616D 
 2152      3043746C 
 2152      3000
 2153              	.LASF148:
 2154 0834 504F535F 		.ascii	"POS_RELATIVE\000"
 2154      52454C41 
 2154      54495645 
 2154      00
 2155              	.LASF162:
 2156 0841 43617053 		.ascii	"CapSense_UpdateAllBaselines\000"
 2156      656E7365 
 2156      5F557064 
 2156      61746541 
 2156      6C6C4261 
 2157              	.LASF37:
 2158 085d 69706356 		.ascii	"ipcVersion\000"
 2158      65727369 
 2158      6F6E00
 2159              	.LASF78:
 2160 0868 70657269 		.ascii	"periDivCmdDivSelMsk\000"
 2160      44697643 
 2160      6D644469 
 2160      7653656C 
 2160      4D736B00 
 2161              	.LASF159:
 2162 087c 77726974 		.ascii	"writeMotorPosition\000"
 2162      654D6F74 
 2162      6F72506F 
 2162      73697469 
ARM GAS  C:\Users\Austina\AppData\Local\Temp\cccSWznC.s 			page 47


 2162      6F6E00
 2163              	.LASF49:
 2164 088f 73727373 		.ascii	"srssNumHfroot\000"
 2164      4E756D48 
 2164      66726F6F 
 2164      7400
 2165              	.LASF142:
 2166 089d 43595F42 		.ascii	"CY_BLE_CONN_STATE_CLIENT_DESCR_DISCOVERING\000"
 2166      4C455F43 
 2166      4F4E4E5F 
 2166      53544154 
 2166      455F434C 
 2167              	.LASF45:
 2168 08c8 63707573 		.ascii	"cpussFmIrq\000"
 2168      73466D49 
 2168      727100
 2169              	.LASF77:
 2170 08d3 70657269 		.ascii	"periTrGrSize\000"
 2170      54724772 
 2170      53697A65 
 2170      00
 2171              	.LASF100:
 2172 08e0 63707573 		.ascii	"cpussCm4NmiCtlOffset\000"
 2172      73436D34 
 2172      4E6D6943 
 2172      746C4F66 
 2172      66736574 
 2173              	.LASF20:
 2174 08f5 6C6F6E67 		.ascii	"long double\000"
 2174      20646F75 
 2174      626C6500 
 2175              	.LASF158:
 2176 0901 43617053 		.ascii	"CapSense_GetCentroidPos\000"
 2176      656E7365 
 2176      5F476574 
 2176      43656E74 
 2176      726F6964 
 2177              	.LASF108:
 2178 0919 63686172 		.ascii	"char\000"
 2178      00
 2179              	.LASF140:
 2180 091e 43595F42 		.ascii	"CY_BLE_CONN_STATE_CLIENT_INCL_DISCOVERING\000"
 2180      4C455F43 
 2180      4F4E4E5F 
 2180      53544154 
 2180      455F434C 
 2181              	.LASF64:
 2182 0948 666C6173 		.ascii	"flashCtlMainWs1Freq\000"
 2182      6843746C 
 2182      4D61696E 
 2182      57733146 
 2182      72657100 
 2183              	.LASF5:
 2184 095c 5F5F7569 		.ascii	"__uint16_t\000"
 2184      6E743136 
 2184      5F7400
 2185              	.LASF155:
ARM GAS  C:\Users\Austina\AppData\Local\Temp\cccSWznC.s 			page 48


 2186 0967 63795F62 		.ascii	"cy_ble_pendingFlashWrite\000"
 2186      6C655F70 
 2186      656E6469 
 2186      6E67466C 
 2186      61736857 
 2187              	.LASF83:
 2188 0980 70657269 		.ascii	"periDiv16CtlOffset\000"
 2188      44697631 
 2188      3643746C 
 2188      4F666673 
 2188      657400
 2189              	.LASF7:
 2190 0993 5F5F696E 		.ascii	"__int32_t\000"
 2190      7433325F 
 2190      7400
 2191              	.LASF36:
 2192 099d 6873696F 		.ascii	"hsiomVersion\000"
 2192      6D566572 
 2192      73696F6E 
 2192      00
 2193              	.LASF61:
 2194 09aa 666C6173 		.ascii	"flashProgramDelay\000"
 2194      6850726F 
 2194      6772616D 
 2194      44656C61 
 2194      7900
 2195              	.LASF117:
 2196 09bc 72785269 		.ascii	"rxRingBufHead\000"
 2196      6E674275 
 2196      66486561 
 2196      6400
 2197              	.LASF116:
 2198 09ca 72785269 		.ascii	"rxRingBufSize\000"
 2198      6E674275 
 2198      6653697A 
 2198      6500
 2199              	.LASF139:
 2200 09d8 43595F42 		.ascii	"CY_BLE_CONN_STATE_CLIENT_SRVC_DISCOVERING\000"
 2200      4C455F43 
 2200      4F4E4E5F 
 2200      53544154 
 2200      455F434C 
 2201              	.LASF69:
 2202 0a02 64774368 		.ascii	"dwChSize\000"
 2202      53697A65 
 2202      00
 2203              	.LASF105:
 2204 0a0b 69706353 		.ascii	"ipcStructSize\000"
 2204      74727563 
 2204      7453697A 
 2204      6500
 2205              	.LASF44:
 2206 0a19 63707573 		.ascii	"cpussIpc0Irq\000"
 2206      73497063 
 2206      30497271 
 2206      00
 2207              	.LASF27:
ARM GAS  C:\Users\Austina\AppData\Local\Temp\cccSWznC.s 			page 49


 2208 0a26 6770696F 		.ascii	"gpioBase\000"
 2208      42617365 
 2208      00
 2209              	.LASF126:
 2210 0a2f 696E6974 		.ascii	"initKey\000"
 2210      4B657900 
 2211              	.LASF119:
 2212 0a37 72784275 		.ascii	"rxBuf\000"
 2212      6600
 2213              	.LASF18:
 2214 0a3d 75696E74 		.ascii	"uint32_t\000"
 2214      33325F74 
 2214      00
 2215              	.LASF127:
 2216 0a46 63795F73 		.ascii	"cy_stc_scb_uart_context_t\000"
 2216      74635F73 
 2216      63625F75 
 2216      6172745F 
 2216      636F6E74 
 2217              	.LASF136:
 2218 0a60 43595F42 		.ascii	"CY_BLE_CONN_STATE_DISCONNECTED\000"
 2218      4C455F43 
 2218      4F4E4E5F 
 2218      53544154 
 2218      455F4449 
 2219              	.LASF153:
 2220 0a7f 63795F62 		.ascii	"cy_ble_connHandle\000"
 2220      6C655F63 
 2220      6F6E6E48 
 2220      616E646C 
 2220      6500
 2221              	.LASF46:
 2222 0a91 63707573 		.ascii	"cpussNotConnectedIrq\000"
 2222      734E6F74 
 2222      436F6E6E 
 2222      65637465 
 2222      64497271 
 2223              	.LASF133:
 2224 0aa6 43595F42 		.ascii	"CY_BLE_SCAN_STATE_SCANNING\000"
 2224      4C455F53 
 2224      43414E5F 
 2224      53544154 
 2224      455F5343 
 2225              	.LASF14:
 2226 0ac1 75696E74 		.ascii	"uint8_t\000"
 2226      385F7400 
 2227              	.LASF160:
 2228 0ac9 43617053 		.ascii	"CapSense_IsWidgetActive\000"
 2228      656E7365 
 2228      5F497357 
 2228      69646765 
 2228      74416374 
 2229              	.LASF93:
 2230 0ae1 63707573 		.ascii	"cpussCm4StatusOffset\000"
 2230      73436D34 
 2230      53746174 
 2230      75734F66 
ARM GAS  C:\Users\Austina\AppData\Local\Temp\cccSWznC.s 			page 50


 2230      66736574 
 2231              	.LASF86:
 2232 0af6 6770696F 		.ascii	"gpioPrtIntrCfgOffset\000"
 2232      50727449 
 2232      6E747243 
 2232      66674F66 
 2232      66736574 
 2233              	.LASF171:
 2234 0b0b 63617073 		.ascii	"capsenseTask\000"
 2234      656E7365 
 2234      5461736B 
 2234      00
 2235              	.LASF118:
 2236 0b18 72785269 		.ascii	"rxRingBufTail\000"
 2236      6E674275 
 2236      66546169 
 2236      6C00
 2237              	.LASF97:
 2238 0b26 63707573 		.ascii	"cpussTrimRomCtlOffset\000"
 2238      73547269 
 2238      6D526F6D 
 2238      43746C4F 
 2238      66667365 
 2239              	.LASF128:
 2240 0b3c 62644861 		.ascii	"bdHandle\000"
 2240      6E646C65 
 2240      00
 2241              	.LASF113:
 2242 0b45 74785374 		.ascii	"txStatus\000"
 2242      61747573 
 2242      00
 2243              	.LASF33:
 2244 0b4e 64775665 		.ascii	"dwVersion\000"
 2244      7273696F 
 2244      6E00
 2245              	.LASF29:
 2246 0b58 69706342 		.ascii	"ipcBase\000"
 2246      61736500 
 2247              	.LASF80:
 2248 0b60 70657269 		.ascii	"periDivCmdPaDivSelPos\000"
 2248      44697643 
 2248      6D645061 
 2248      44697653 
 2248      656C506F 
 2249              	.LASF149:
 2250 0b76 63757272 		.ascii	"currentMotor\000"
 2250      656E744D 
 2250      6F746F72 
 2250      00
 2251              	.LASF170:
 2252 0b83 63795F73 		.ascii	"cy_stc_scb_uart_context\000"
 2252      74635F73 
 2252      63625F75 
 2252      6172745F 
 2252      636F6E74 
 2253              	.LASF137:
 2254 0b9b 43595F42 		.ascii	"CY_BLE_CONN_STATE_CLIENT_DISCONNECTED_DISCOVERED\000"
ARM GAS  C:\Users\Austina\AppData\Local\Temp\cccSWznC.s 			page 51


 2254      4C455F43 
 2254      4F4E4E5F 
 2254      53544154 
 2254      455F434C 
 2255              	.LASF31:
 2256 0bcc 63707573 		.ascii	"cpussVersion\000"
 2256      73566572 
 2256      73696F6E 
 2256      00
 2257              	.LASF58:
 2258 0bd9 666C6173 		.ascii	"flashRwwRequired\000"
 2258      68527777 
 2258      52657175 
 2258      69726564 
 2258      00
 2259              	.LASF165:
 2260 0bea 43617053 		.ascii	"CapSense_IsBusy\000"
 2260      656E7365 
 2260      5F497342 
 2260      75737900 
 2261              		.ident	"GCC: (GNU Tools for ARM Embedded Processors) 5.4.1 20160609 (release) [ARM/embedded-5-bran
