ARM GAS  C:\Users\Austina\AppData\Local\Temp\ccNnjSd2.s 			page 1


   1              		.syntax unified
   2              		.cpu cortex-m0plus
   3              		.fpu softvfp
   4              		.eabi_attribute 20, 1
   5              		.eabi_attribute 21, 1
   6              		.eabi_attribute 23, 3
   7              		.eabi_attribute 24, 1
   8              		.eabi_attribute 25, 1
   9              		.eabi_attribute 26, 1
  10              		.eabi_attribute 30, 1
  11              		.eabi_attribute 34, 0
  12              		.eabi_attribute 18, 4
  13              		.thumb
  14              		.syntax unified
  15              		.file	"main_cm0p.c"
  16              		.text
  17              	.Ltext0:
  18              		.cfi_sections	.debug_frame
  19              		.section	.text.main,"ax",%progbits
  20              		.align	2
  21              		.global	main
  22              		.code	16
  23              		.thumb_func
  24              		.type	main, %function
  25              	main:
  26              	.LFB621:
  27              		.file 1 "main_cm0p.c"
   1:main_cm0p.c   **** /* ========================================
   2:main_cm0p.c   ****  *
   3:main_cm0p.c   ****  * Copyright YOUR COMPANY, THE YEAR
   4:main_cm0p.c   ****  * All Rights Reserved
   5:main_cm0p.c   ****  * UNPUBLISHED, LICENSED SOFTWARE.
   6:main_cm0p.c   ****  *
   7:main_cm0p.c   ****  * CONFIDENTIAL AND PROPRIETARY INFORMATION
   8:main_cm0p.c   ****  * WHICH IS THE PROPERTY OF your company.
   9:main_cm0p.c   ****  *
  10:main_cm0p.c   ****  * ========================================
  11:main_cm0p.c   **** */
  12:main_cm0p.c   **** #include "project.h"
  13:main_cm0p.c   **** 
  14:main_cm0p.c   **** int main(void) 
  15:main_cm0p.c   **** {
  28              		.loc 1 15 0
  29              		.cfi_startproc
  30              		@ Volatile: function does not return.
  31              		@ args = 0, pretend = 0, frame = 0
  32              		@ frame_needed = 0, uses_anonymous_args = 0
  33 0000 10B5     		push	{r4, lr}
  34              		.cfi_def_cfa_offset 8
  35              		.cfi_offset 4, -8
  36              		.cfi_offset 14, -4
  37              	.LBB4:
  38              	.LBB5:
  39              		.file 2 "Generated_Source\\PSoC6\\pdl\\cmsis/include/cmsis_gcc.h"
   1:Generated_Source\PSoC6\pdl\cmsis/include/cmsis_gcc.h **** /**************************************************************************//**
   2:Generated_Source\PSoC6\pdl\cmsis/include/cmsis_gcc.h ****  * @file     cmsis_gcc.h
   3:Generated_Source\PSoC6\pdl\cmsis/include/cmsis_gcc.h ****  * @brief    CMSIS compiler GCC header file
ARM GAS  C:\Users\Austina\AppData\Local\Temp\ccNnjSd2.s 			page 2


   4:Generated_Source\PSoC6\pdl\cmsis/include/cmsis_gcc.h ****  * @version  V5.0.1
   5:Generated_Source\PSoC6\pdl\cmsis/include/cmsis_gcc.h ****  * @date     02. February 2017
   6:Generated_Source\PSoC6\pdl\cmsis/include/cmsis_gcc.h ****  ******************************************************************************/
   7:Generated_Source\PSoC6\pdl\cmsis/include/cmsis_gcc.h **** /*
   8:Generated_Source\PSoC6\pdl\cmsis/include/cmsis_gcc.h ****  * Copyright (c) 2009-2017 ARM Limited. All rights reserved.
   9:Generated_Source\PSoC6\pdl\cmsis/include/cmsis_gcc.h ****  *
  10:Generated_Source\PSoC6\pdl\cmsis/include/cmsis_gcc.h ****  * SPDX-License-Identifier: Apache-2.0
  11:Generated_Source\PSoC6\pdl\cmsis/include/cmsis_gcc.h ****  *
  12:Generated_Source\PSoC6\pdl\cmsis/include/cmsis_gcc.h ****  * Licensed under the Apache License, Version 2.0 (the License); you may
  13:Generated_Source\PSoC6\pdl\cmsis/include/cmsis_gcc.h ****  * not use this file except in compliance with the License.
  14:Generated_Source\PSoC6\pdl\cmsis/include/cmsis_gcc.h ****  * You may obtain a copy of the License at
  15:Generated_Source\PSoC6\pdl\cmsis/include/cmsis_gcc.h ****  *
  16:Generated_Source\PSoC6\pdl\cmsis/include/cmsis_gcc.h ****  * www.apache.org/licenses/LICENSE-2.0
  17:Generated_Source\PSoC6\pdl\cmsis/include/cmsis_gcc.h ****  *
  18:Generated_Source\PSoC6\pdl\cmsis/include/cmsis_gcc.h ****  * Unless required by applicable law or agreed to in writing, software
  19:Generated_Source\PSoC6\pdl\cmsis/include/cmsis_gcc.h ****  * distributed under the License is distributed on an AS IS BASIS, WITHOUT
  20:Generated_Source\PSoC6\pdl\cmsis/include/cmsis_gcc.h ****  * WARRANTIES OR CONDITIONS OF ANY KIND, either express or implied.
  21:Generated_Source\PSoC6\pdl\cmsis/include/cmsis_gcc.h ****  * See the License for the specific language governing permissions and
  22:Generated_Source\PSoC6\pdl\cmsis/include/cmsis_gcc.h ****  * limitations under the License.
  23:Generated_Source\PSoC6\pdl\cmsis/include/cmsis_gcc.h ****  */
  24:Generated_Source\PSoC6\pdl\cmsis/include/cmsis_gcc.h **** 
  25:Generated_Source\PSoC6\pdl\cmsis/include/cmsis_gcc.h **** #ifndef __CMSIS_GCC_H
  26:Generated_Source\PSoC6\pdl\cmsis/include/cmsis_gcc.h **** #define __CMSIS_GCC_H
  27:Generated_Source\PSoC6\pdl\cmsis/include/cmsis_gcc.h **** 
  28:Generated_Source\PSoC6\pdl\cmsis/include/cmsis_gcc.h **** /* ignore some GCC warnings */
  29:Generated_Source\PSoC6\pdl\cmsis/include/cmsis_gcc.h **** #pragma GCC diagnostic push
  30:Generated_Source\PSoC6\pdl\cmsis/include/cmsis_gcc.h **** #pragma GCC diagnostic ignored "-Wsign-conversion"
  31:Generated_Source\PSoC6\pdl\cmsis/include/cmsis_gcc.h **** #pragma GCC diagnostic ignored "-Wconversion"
  32:Generated_Source\PSoC6\pdl\cmsis/include/cmsis_gcc.h **** #pragma GCC diagnostic ignored "-Wunused-parameter"
  33:Generated_Source\PSoC6\pdl\cmsis/include/cmsis_gcc.h **** 
  34:Generated_Source\PSoC6\pdl\cmsis/include/cmsis_gcc.h **** /* CMSIS compiler specific defines */
  35:Generated_Source\PSoC6\pdl\cmsis/include/cmsis_gcc.h **** #ifndef   __ASM
  36:Generated_Source\PSoC6\pdl\cmsis/include/cmsis_gcc.h ****   #define __ASM                     __asm
  37:Generated_Source\PSoC6\pdl\cmsis/include/cmsis_gcc.h **** #endif
  38:Generated_Source\PSoC6\pdl\cmsis/include/cmsis_gcc.h **** #ifndef   __INLINE
  39:Generated_Source\PSoC6\pdl\cmsis/include/cmsis_gcc.h ****   #define __INLINE                  inline
  40:Generated_Source\PSoC6\pdl\cmsis/include/cmsis_gcc.h **** #endif
  41:Generated_Source\PSoC6\pdl\cmsis/include/cmsis_gcc.h **** #ifndef   __STATIC_INLINE
  42:Generated_Source\PSoC6\pdl\cmsis/include/cmsis_gcc.h ****   #define __STATIC_INLINE           static inline
  43:Generated_Source\PSoC6\pdl\cmsis/include/cmsis_gcc.h **** #endif
  44:Generated_Source\PSoC6\pdl\cmsis/include/cmsis_gcc.h **** #ifndef   __NO_RETURN
  45:Generated_Source\PSoC6\pdl\cmsis/include/cmsis_gcc.h ****   #define __NO_RETURN               __attribute__((noreturn))
  46:Generated_Source\PSoC6\pdl\cmsis/include/cmsis_gcc.h **** #endif
  47:Generated_Source\PSoC6\pdl\cmsis/include/cmsis_gcc.h **** #ifndef   __USED
  48:Generated_Source\PSoC6\pdl\cmsis/include/cmsis_gcc.h ****   #define __USED                    __attribute__((used))
  49:Generated_Source\PSoC6\pdl\cmsis/include/cmsis_gcc.h **** #endif
  50:Generated_Source\PSoC6\pdl\cmsis/include/cmsis_gcc.h **** #ifndef   __WEAK
  51:Generated_Source\PSoC6\pdl\cmsis/include/cmsis_gcc.h ****   #define __WEAK                    __attribute__((weak))
  52:Generated_Source\PSoC6\pdl\cmsis/include/cmsis_gcc.h **** #endif
  53:Generated_Source\PSoC6\pdl\cmsis/include/cmsis_gcc.h **** #ifndef   __UNALIGNED_UINT32
  54:Generated_Source\PSoC6\pdl\cmsis/include/cmsis_gcc.h **** #pragma GCC diagnostic push
  55:Generated_Source\PSoC6\pdl\cmsis/include/cmsis_gcc.h **** #pragma GCC diagnostic ignored "-Wpacked"
  56:Generated_Source\PSoC6\pdl\cmsis/include/cmsis_gcc.h **** #pragma GCC diagnostic ignored "-Wattributes"
  57:Generated_Source\PSoC6\pdl\cmsis/include/cmsis_gcc.h ****   struct __attribute__((packed)) T_UINT32 { uint32_t v; };
  58:Generated_Source\PSoC6\pdl\cmsis/include/cmsis_gcc.h **** #pragma GCC diagnostic pop
  59:Generated_Source\PSoC6\pdl\cmsis/include/cmsis_gcc.h ****   #define __UNALIGNED_UINT32(x)     (((struct T_UINT32 *)(x))->v)
  60:Generated_Source\PSoC6\pdl\cmsis/include/cmsis_gcc.h **** #endif
ARM GAS  C:\Users\Austina\AppData\Local\Temp\ccNnjSd2.s 			page 3


  61:Generated_Source\PSoC6\pdl\cmsis/include/cmsis_gcc.h **** #ifndef   __ALIGNED
  62:Generated_Source\PSoC6\pdl\cmsis/include/cmsis_gcc.h ****   #define __ALIGNED(x)              __attribute__((aligned(x)))
  63:Generated_Source\PSoC6\pdl\cmsis/include/cmsis_gcc.h **** #endif
  64:Generated_Source\PSoC6\pdl\cmsis/include/cmsis_gcc.h **** #ifndef   __PACKED
  65:Generated_Source\PSoC6\pdl\cmsis/include/cmsis_gcc.h ****   #define __PACKED                  __attribute__((packed, aligned(1)))
  66:Generated_Source\PSoC6\pdl\cmsis/include/cmsis_gcc.h **** #endif
  67:Generated_Source\PSoC6\pdl\cmsis/include/cmsis_gcc.h **** #ifndef   __PACKED_STRUCT
  68:Generated_Source\PSoC6\pdl\cmsis/include/cmsis_gcc.h ****   #define __PACKED_STRUCT           struct __attribute__((packed, aligned(1)))
  69:Generated_Source\PSoC6\pdl\cmsis/include/cmsis_gcc.h **** #endif
  70:Generated_Source\PSoC6\pdl\cmsis/include/cmsis_gcc.h **** 
  71:Generated_Source\PSoC6\pdl\cmsis/include/cmsis_gcc.h **** 
  72:Generated_Source\PSoC6\pdl\cmsis/include/cmsis_gcc.h **** /* ###########################  Core Function Access  ########################### */
  73:Generated_Source\PSoC6\pdl\cmsis/include/cmsis_gcc.h **** /** \ingroup  CMSIS_Core_FunctionInterface
  74:Generated_Source\PSoC6\pdl\cmsis/include/cmsis_gcc.h ****     \defgroup CMSIS_Core_RegAccFunctions CMSIS Core Register Access Functions
  75:Generated_Source\PSoC6\pdl\cmsis/include/cmsis_gcc.h ****   @{
  76:Generated_Source\PSoC6\pdl\cmsis/include/cmsis_gcc.h ****  */
  77:Generated_Source\PSoC6\pdl\cmsis/include/cmsis_gcc.h **** 
  78:Generated_Source\PSoC6\pdl\cmsis/include/cmsis_gcc.h **** /**
  79:Generated_Source\PSoC6\pdl\cmsis/include/cmsis_gcc.h ****   \brief   Enable IRQ Interrupts
  80:Generated_Source\PSoC6\pdl\cmsis/include/cmsis_gcc.h ****   \details Enables IRQ interrupts by clearing the I-bit in the CPSR.
  81:Generated_Source\PSoC6\pdl\cmsis/include/cmsis_gcc.h ****            Can only be executed in Privileged modes.
  82:Generated_Source\PSoC6\pdl\cmsis/include/cmsis_gcc.h ****  */
  83:Generated_Source\PSoC6\pdl\cmsis/include/cmsis_gcc.h **** __attribute__((always_inline)) __STATIC_INLINE void __enable_irq(void)
  84:Generated_Source\PSoC6\pdl\cmsis/include/cmsis_gcc.h **** {
  85:Generated_Source\PSoC6\pdl\cmsis/include/cmsis_gcc.h ****   __ASM volatile ("cpsie i" : : : "memory");
  40              		.loc 2 85 0
  41              		.syntax divided
  42              	@ 85 "Generated_Source\PSoC6\pdl\cmsis/include/cmsis_gcc.h" 1
  43 0002 62B6     		cpsie i
  44              	@ 0 "" 2
  45              		.thumb
  46              		.syntax unified
  47              	.LBE5:
  48              	.LBE4:
  16:main_cm0p.c   ****     __enable_irq(); /* Enable global interrupts. */
  17:main_cm0p.c   ****     /* Enable CM4.  CY_CORTEX_M4_APPL_ADDR must be updated if CM4 memory layout is changed. */
  18:main_cm0p.c   ****     Cy_SysEnableCM4(CY_CORTEX_M4_APPL_ADDR); 
  49              		.loc 1 18 0
  50 0004 0148     		ldr	r0, .L3
  51 0006 FFF7FEFF 		bl	Cy_SysEnableCM4
  52              	.LVL0:
  53              	.L2:
  54 000a FEE7     		b	.L2
  55              	.L4:
  56              		.align	2
  57              	.L3:
  58 000c 00000810 		.word	268959744
  59              		.cfi_endproc
  60              	.LFE621:
  61              		.size	main, .-main
  62              		.text
  63              	.Letext0:
  64              		.file 3 "c:\\program files (x86)\\cypress\\psoc creator\\4.2\\psoc creator\\import\\gnu\\arm\\5.4.
  65              		.file 4 "c:\\program files (x86)\\cypress\\psoc creator\\4.2\\psoc creator\\import\\gnu\\arm\\5.4.
  66              		.file 5 "Generated_Source\\PSoC6\\pdl\\drivers/peripheral/tcpwm/cy_tcpwm_pwm.h"
  67              		.file 6 "Generated_Source\\PSoC6\\pdl\\drivers/peripheral/scb/cy_scb_i2c.h"
  68              		.file 7 "Generated_Source\\PSoC6\\pdl\\drivers/peripheral/scb/cy_scb_ezi2c.h"
ARM GAS  C:\Users\Austina\AppData\Local\Temp\ccNnjSd2.s 			page 4


  69              		.file 8 "Generated_Source\\PSoC6\\pdl\\drivers/peripheral/scb/cy_scb_uart.h"
  70              		.file 9 "Generated_Source\\PSoC6/UART.h"
  71              		.file 10 "Generated_Source\\PSoC6/PWM_1.h"
  72              		.file 11 "Generated_Source\\PSoC6/PWM_RED.h"
  73              		.file 12 "Generated_Source\\PSoC6/EZI2C.h"
  74              		.file 13 "Generated_Source\\PSoC6/LEDBlink.h"
  75              		.file 14 "Generated_Source\\PSoC6/PWM_2.h"
  76              		.file 15 "Generated_Source\\PSoC6/Dimmer.h"
  77              		.file 16 "Generated_Source\\PSoC6/I2C_ARD.h"
  78              		.file 17 "./system_psoc63.h"
  79              		.section	.debug_info,"",%progbits
  80              	.Ldebug_info0:
  81 0000 92060000 		.4byte	0x692
  82 0004 0400     		.2byte	0x4
  83 0006 00000000 		.4byte	.Ldebug_abbrev0
  84 000a 04       		.byte	0x4
  85 000b 01       		.uleb128 0x1
  86 000c D6050000 		.4byte	.LASF126
  87 0010 0C       		.byte	0xc
  88 0011 C2000000 		.4byte	.LASF127
  89 0015 6F000000 		.4byte	.LASF128
  90 0019 00000000 		.4byte	.Ldebug_ranges0+0
  91 001d 00000000 		.4byte	0
  92 0021 00000000 		.4byte	.Ldebug_line0
  93 0025 02       		.uleb128 0x2
  94 0026 02       		.byte	0x2
  95 0027 05       		.byte	0x5
  96 0028 14050000 		.4byte	.LASF0
  97 002c 02       		.uleb128 0x2
  98 002d 01       		.byte	0x1
  99 002e 08       		.byte	0x8
 100 002f 06050000 		.4byte	.LASF1
 101 0033 02       		.uleb128 0x2
 102 0034 01       		.byte	0x1
 103 0035 06       		.byte	0x6
 104 0036 BE010000 		.4byte	.LASF2
 105 003a 03       		.uleb128 0x3
 106 003b E0000000 		.4byte	.LASF5
 107 003f 03       		.byte	0x3
 108 0040 1D       		.byte	0x1d
 109 0041 2C000000 		.4byte	0x2c
 110 0045 02       		.uleb128 0x2
 111 0046 02       		.byte	0x2
 112 0047 07       		.byte	0x7
 113 0048 65030000 		.4byte	.LASF3
 114 004c 02       		.uleb128 0x2
 115 004d 04       		.byte	0x4
 116 004e 05       		.byte	0x5
 117 004f 5D020000 		.4byte	.LASF4
 118 0053 03       		.uleb128 0x3
 119 0054 C8020000 		.4byte	.LASF6
 120 0058 03       		.byte	0x3
 121 0059 41       		.byte	0x41
 122 005a 5E000000 		.4byte	0x5e
 123 005e 02       		.uleb128 0x2
 124 005f 04       		.byte	0x4
 125 0060 07       		.byte	0x7
ARM GAS  C:\Users\Austina\AppData\Local\Temp\ccNnjSd2.s 			page 5


 126 0061 0C030000 		.4byte	.LASF7
 127 0065 02       		.uleb128 0x2
 128 0066 08       		.byte	0x8
 129 0067 05       		.byte	0x5
 130 0068 B0010000 		.4byte	.LASF8
 131 006c 02       		.uleb128 0x2
 132 006d 08       		.byte	0x8
 133 006e 07       		.byte	0x7
 134 006f 04010000 		.4byte	.LASF9
 135 0073 04       		.uleb128 0x4
 136 0074 04       		.byte	0x4
 137 0075 05       		.byte	0x5
 138 0076 696E7400 		.ascii	"int\000"
 139 007a 02       		.uleb128 0x2
 140 007b 04       		.byte	0x4
 141 007c 07       		.byte	0x7
 142 007d E6020000 		.4byte	.LASF10
 143 0081 03       		.uleb128 0x3
 144 0082 9A070000 		.4byte	.LASF11
 145 0086 04       		.byte	0x4
 146 0087 18       		.byte	0x18
 147 0088 3A000000 		.4byte	0x3a
 148 008c 03       		.uleb128 0x3
 149 008d B8050000 		.4byte	.LASF12
 150 0091 04       		.byte	0x4
 151 0092 30       		.byte	0x30
 152 0093 53000000 		.4byte	0x53
 153 0097 02       		.uleb128 0x2
 154 0098 04       		.byte	0x4
 155 0099 07       		.byte	0x7
 156 009a 24040000 		.4byte	.LASF13
 157 009e 05       		.uleb128 0x5
 158 009f 8C000000 		.4byte	0x8c
 159 00a3 02       		.uleb128 0x2
 160 00a4 08       		.byte	0x8
 161 00a5 04       		.byte	0x4
 162 00a6 71060000 		.4byte	.LASF14
 163 00aa 02       		.uleb128 0x2
 164 00ab 01       		.byte	0x1
 165 00ac 08       		.byte	0x8
 166 00ad 88060000 		.4byte	.LASF15
 167 00b1 02       		.uleb128 0x2
 168 00b2 04       		.byte	0x4
 169 00b3 04       		.byte	0x4
 170 00b4 BC040000 		.4byte	.LASF16
 171 00b8 02       		.uleb128 0x2
 172 00b9 08       		.byte	0x8
 173 00ba 04       		.byte	0x4
 174 00bb 99020000 		.4byte	.LASF17
 175 00bf 06       		.uleb128 0x6
 176 00c0 04       		.byte	0x4
 177 00c1 02       		.uleb128 0x2
 178 00c2 01       		.byte	0x1
 179 00c3 02       		.byte	0x2
 180 00c4 00050000 		.4byte	.LASF18
 181 00c8 07       		.uleb128 0x7
 182 00c9 A0050000 		.4byte	.LASF50
ARM GAS  C:\Users\Austina\AppData\Local\Temp\ccNnjSd2.s 			page 6


 183 00cd 64       		.byte	0x64
 184 00ce 05       		.byte	0x5
 185 00cf 2B       		.byte	0x2b
 186 00d0 01020000 		.4byte	0x201
 187 00d4 08       		.uleb128 0x8
 188 00d5 B4040000 		.4byte	.LASF19
 189 00d9 05       		.byte	0x5
 190 00da 2D       		.byte	0x2d
 191 00db 8C000000 		.4byte	0x8c
 192 00df 00       		.byte	0
 193 00e0 08       		.uleb128 0x8
 194 00e1 1B010000 		.4byte	.LASF20
 195 00e5 05       		.byte	0x5
 196 00e6 2F       		.byte	0x2f
 197 00e7 8C000000 		.4byte	0x8c
 198 00eb 04       		.byte	0x4
 199 00ec 08       		.uleb128 0x8
 200 00ed CE000000 		.4byte	.LASF21
 201 00f1 05       		.byte	0x5
 202 00f2 30       		.byte	0x30
 203 00f3 8C000000 		.4byte	0x8c
 204 00f7 08       		.byte	0x8
 205 00f8 08       		.uleb128 0x8
 206 00f9 E5030000 		.4byte	.LASF22
 207 00fd 05       		.byte	0x5
 208 00fe 31       		.byte	0x31
 209 00ff 8C000000 		.4byte	0x8c
 210 0103 0C       		.byte	0xc
 211 0104 08       		.uleb128 0x8
 212 0105 00000000 		.4byte	.LASF23
 213 0109 05       		.byte	0x5
 214 010a 32       		.byte	0x32
 215 010b 8C000000 		.4byte	0x8c
 216 010f 10       		.byte	0x10
 217 0110 08       		.uleb128 0x8
 218 0111 26070000 		.4byte	.LASF24
 219 0115 05       		.byte	0x5
 220 0116 33       		.byte	0x33
 221 0117 8C000000 		.4byte	0x8c
 222 011b 14       		.byte	0x14
 223 011c 08       		.uleb128 0x8
 224 011d 2E070000 		.4byte	.LASF25
 225 0121 05       		.byte	0x5
 226 0122 34       		.byte	0x34
 227 0123 8C000000 		.4byte	0x8c
 228 0127 18       		.byte	0x18
 229 0128 08       		.uleb128 0x8
 230 0129 49050000 		.4byte	.LASF26
 231 012d 05       		.byte	0x5
 232 012e 35       		.byte	0x35
 233 012f C1000000 		.4byte	0xc1
 234 0133 1C       		.byte	0x1c
 235 0134 08       		.uleb128 0x8
 236 0135 68060000 		.4byte	.LASF27
 237 0139 05       		.byte	0x5
 238 013a 36       		.byte	0x36
 239 013b 8C000000 		.4byte	0x8c
ARM GAS  C:\Users\Austina\AppData\Local\Temp\ccNnjSd2.s 			page 7


 240 013f 20       		.byte	0x20
 241 0140 08       		.uleb128 0x8
 242 0141 36070000 		.4byte	.LASF28
 243 0145 05       		.byte	0x5
 244 0146 37       		.byte	0x37
 245 0147 8C000000 		.4byte	0x8c
 246 014b 24       		.byte	0x24
 247 014c 08       		.uleb128 0x8
 248 014d 1E030000 		.4byte	.LASF29
 249 0151 05       		.byte	0x5
 250 0152 38       		.byte	0x38
 251 0153 C1000000 		.4byte	0xc1
 252 0157 28       		.byte	0x28
 253 0158 08       		.uleb128 0x8
 254 0159 5E040000 		.4byte	.LASF30
 255 015d 05       		.byte	0x5
 256 015e 3A       		.byte	0x3a
 257 015f 8C000000 		.4byte	0x8c
 258 0163 2C       		.byte	0x2c
 259 0164 08       		.uleb128 0x8
 260 0165 D8030000 		.4byte	.LASF31
 261 0169 05       		.byte	0x5
 262 016a 3B       		.byte	0x3b
 263 016b 8C000000 		.4byte	0x8c
 264 016f 30       		.byte	0x30
 265 0170 08       		.uleb128 0x8
 266 0171 8C070000 		.4byte	.LASF32
 267 0175 05       		.byte	0x5
 268 0176 3C       		.byte	0x3c
 269 0177 8C000000 		.4byte	0x8c
 270 017b 34       		.byte	0x34
 271 017c 08       		.uleb128 0x8
 272 017d D1040000 		.4byte	.LASF33
 273 0181 05       		.byte	0x5
 274 0182 3D       		.byte	0x3d
 275 0183 8C000000 		.4byte	0x8c
 276 0187 38       		.byte	0x38
 277 0188 08       		.uleb128 0x8
 278 0189 57030000 		.4byte	.LASF34
 279 018d 05       		.byte	0x5
 280 018e 3E       		.byte	0x3e
 281 018f 8C000000 		.4byte	0x8c
 282 0193 3C       		.byte	0x3c
 283 0194 08       		.uleb128 0x8
 284 0195 76050000 		.4byte	.LASF35
 285 0199 05       		.byte	0x5
 286 019a 40       		.byte	0x40
 287 019b 8C000000 		.4byte	0x8c
 288 019f 40       		.byte	0x40
 289 01a0 08       		.uleb128 0x8
 290 01a1 D7070000 		.4byte	.LASF36
 291 01a5 05       		.byte	0x5
 292 01a6 41       		.byte	0x41
 293 01a7 8C000000 		.4byte	0x8c
 294 01ab 44       		.byte	0x44
 295 01ac 08       		.uleb128 0x8
 296 01ad C5060000 		.4byte	.LASF37
ARM GAS  C:\Users\Austina\AppData\Local\Temp\ccNnjSd2.s 			page 8


 297 01b1 05       		.byte	0x5
 298 01b2 43       		.byte	0x43
 299 01b3 8C000000 		.4byte	0x8c
 300 01b7 48       		.byte	0x48
 301 01b8 08       		.uleb128 0x8
 302 01b9 17070000 		.4byte	.LASF38
 303 01bd 05       		.byte	0x5
 304 01be 44       		.byte	0x44
 305 01bf 8C000000 		.4byte	0x8c
 306 01c3 4C       		.byte	0x4c
 307 01c4 08       		.uleb128 0x8
 308 01c5 8E020000 		.4byte	.LASF39
 309 01c9 05       		.byte	0x5
 310 01ca 46       		.byte	0x46
 311 01cb 8C000000 		.4byte	0x8c
 312 01cf 50       		.byte	0x50
 313 01d0 08       		.uleb128 0x8
 314 01d1 90030000 		.4byte	.LASF40
 315 01d5 05       		.byte	0x5
 316 01d6 47       		.byte	0x47
 317 01d7 8C000000 		.4byte	0x8c
 318 01db 54       		.byte	0x54
 319 01dc 08       		.uleb128 0x8
 320 01dd 65000000 		.4byte	.LASF41
 321 01e1 05       		.byte	0x5
 322 01e2 49       		.byte	0x49
 323 01e3 8C000000 		.4byte	0x8c
 324 01e7 58       		.byte	0x58
 325 01e8 08       		.uleb128 0x8
 326 01e9 02040000 		.4byte	.LASF42
 327 01ed 05       		.byte	0x5
 328 01ee 4A       		.byte	0x4a
 329 01ef 8C000000 		.4byte	0x8c
 330 01f3 5C       		.byte	0x5c
 331 01f4 08       		.uleb128 0x8
 332 01f5 7D060000 		.4byte	.LASF43
 333 01f9 05       		.byte	0x5
 334 01fa 4C       		.byte	0x4c
 335 01fb 8C000000 		.4byte	0x8c
 336 01ff 60       		.byte	0x60
 337 0200 00       		.byte	0
 338 0201 03       		.uleb128 0x3
 339 0202 2B000000 		.4byte	.LASF44
 340 0206 05       		.byte	0x5
 341 0207 4D       		.byte	0x4d
 342 0208 C8000000 		.4byte	0xc8
 343 020c 09       		.uleb128 0x9
 344 020d 01       		.byte	0x1
 345 020e 2C000000 		.4byte	0x2c
 346 0212 06       		.byte	0x6
 347 0213 DE01     		.2byte	0x1de
 348 0215 26020000 		.4byte	0x226
 349 0219 0A       		.uleb128 0xa
 350 021a A8060000 		.4byte	.LASF45
 351 021e 00       		.byte	0
 352 021f 0A       		.uleb128 0xa
 353 0220 72020000 		.4byte	.LASF46
ARM GAS  C:\Users\Austina\AppData\Local\Temp\ccNnjSd2.s 			page 9


 354 0224 01       		.byte	0x1
 355 0225 00       		.byte	0
 356 0226 0B       		.uleb128 0xb
 357 0227 74070000 		.4byte	.LASF47
 358 022b 06       		.byte	0x6
 359 022c E101     		.2byte	0x1e1
 360 022e 0C020000 		.4byte	0x20c
 361 0232 0B       		.uleb128 0xb
 362 0233 3F020000 		.4byte	.LASF48
 363 0237 06       		.byte	0x6
 364 0238 F301     		.2byte	0x1f3
 365 023a 3E020000 		.4byte	0x23e
 366 023e 0C       		.uleb128 0xc
 367 023f 04       		.byte	0x4
 368 0240 44020000 		.4byte	0x244
 369 0244 0D       		.uleb128 0xd
 370 0245 4F020000 		.4byte	0x24f
 371 0249 0E       		.uleb128 0xe
 372 024a 8C000000 		.4byte	0x8c
 373 024e 00       		.byte	0
 374 024f 0B       		.uleb128 0xb
 375 0250 5A050000 		.4byte	.LASF49
 376 0254 06       		.byte	0x6
 377 0255 FE01     		.2byte	0x1fe
 378 0257 5B020000 		.4byte	0x25b
 379 025b 0C       		.uleb128 0xc
 380 025c 04       		.byte	0x4
 381 025d 61020000 		.4byte	0x261
 382 0261 0F       		.uleb128 0xf
 383 0262 26020000 		.4byte	0x226
 384 0266 70020000 		.4byte	0x270
 385 026a 0E       		.uleb128 0xe
 386 026b 8C000000 		.4byte	0x8c
 387 026f 00       		.byte	0
 388 0270 10       		.uleb128 0x10
 389 0271 99010000 		.4byte	.LASF51
 390 0275 4C       		.byte	0x4c
 391 0276 06       		.byte	0x6
 392 0277 6502     		.2byte	0x265
 393 0279 8F030000 		.4byte	0x38f
 394 027d 11       		.uleb128 0x11
 395 027e 0D070000 		.4byte	.LASF52
 396 0282 06       		.byte	0x6
 397 0283 6802     		.2byte	0x268
 398 0285 C1000000 		.4byte	0xc1
 399 0289 00       		.byte	0
 400 028a 11       		.uleb128 0x11
 401 028b 4D030000 		.4byte	.LASF53
 402 028f 06       		.byte	0x6
 403 0290 6902     		.2byte	0x269
 404 0292 C1000000 		.4byte	0xc1
 405 0296 01       		.byte	0x1
 406 0297 11       		.uleb128 0x11
 407 0298 39020000 		.4byte	.LASF54
 408 029c 06       		.byte	0x6
 409 029d 6B02     		.2byte	0x26b
 410 029f 9E000000 		.4byte	0x9e
ARM GAS  C:\Users\Austina\AppData\Local\Temp\ccNnjSd2.s 			page 10


 411 02a3 04       		.byte	0x4
 412 02a4 11       		.uleb128 0x11
 413 02a5 44010000 		.4byte	.LASF55
 414 02a9 06       		.byte	0x6
 415 02aa 6D02     		.2byte	0x26d
 416 02ac 9E000000 		.4byte	0x9e
 417 02b0 08       		.byte	0x8
 418 02b1 11       		.uleb128 0x11
 419 02b2 3D050000 		.4byte	.LASF56
 420 02b6 06       		.byte	0x6
 421 02b7 6E02     		.2byte	0x26e
 422 02b9 C1000000 		.4byte	0xc1
 423 02bd 0C       		.byte	0xc
 424 02be 11       		.uleb128 0x11
 425 02bf 66020000 		.4byte	.LASF57
 426 02c3 06       		.byte	0x6
 427 02c4 6F02     		.2byte	0x26f
 428 02c6 C1000000 		.4byte	0xc1
 429 02ca 0D       		.byte	0xd
 430 02cb 11       		.uleb128 0x11
 431 02cc AF070000 		.4byte	.LASF58
 432 02d0 06       		.byte	0x6
 433 02d1 7102     		.2byte	0x271
 434 02d3 8F030000 		.4byte	0x38f
 435 02d7 10       		.byte	0x10
 436 02d8 11       		.uleb128 0x11
 437 02d9 1E050000 		.4byte	.LASF59
 438 02dd 06       		.byte	0x6
 439 02de 7202     		.2byte	0x272
 440 02e0 8C000000 		.4byte	0x8c
 441 02e4 14       		.byte	0x14
 442 02e5 11       		.uleb128 0x11
 443 02e6 2D040000 		.4byte	.LASF60
 444 02ea 06       		.byte	0x6
 445 02eb 7302     		.2byte	0x273
 446 02ed 9E000000 		.4byte	0x9e
 447 02f1 18       		.byte	0x18
 448 02f2 11       		.uleb128 0x11
 449 02f3 80050000 		.4byte	.LASF61
 450 02f7 06       		.byte	0x6
 451 02f8 7402     		.2byte	0x274
 452 02fa 9E000000 		.4byte	0x9e
 453 02fe 1C       		.byte	0x1c
 454 02ff 11       		.uleb128 0x11
 455 0300 EA000000 		.4byte	.LASF62
 456 0304 06       		.byte	0x6
 457 0305 7602     		.2byte	0x276
 458 0307 9E000000 		.4byte	0x9e
 459 030b 20       		.byte	0x20
 460 030c 11       		.uleb128 0x11
 461 030d 0C080000 		.4byte	.LASF63
 462 0311 06       		.byte	0x6
 463 0312 7702     		.2byte	0x277
 464 0314 95030000 		.4byte	0x395
 465 0318 24       		.byte	0x24
 466 0319 11       		.uleb128 0x11
 467 031a 4D070000 		.4byte	.LASF64
ARM GAS  C:\Users\Austina\AppData\Local\Temp\ccNnjSd2.s 			page 11


 468 031e 06       		.byte	0x6
 469 031f 7902     		.2byte	0x279
 470 0321 8F030000 		.4byte	0x38f
 471 0325 28       		.byte	0x28
 472 0326 11       		.uleb128 0x11
 473 0327 5B070000 		.4byte	.LASF65
 474 032b 06       		.byte	0x6
 475 032c 7A02     		.2byte	0x27a
 476 032e 8C000000 		.4byte	0x8c
 477 0332 2C       		.byte	0x2c
 478 0333 11       		.uleb128 0x11
 479 0334 F3020000 		.4byte	.LASF66
 480 0338 06       		.byte	0x6
 481 0339 7B02     		.2byte	0x27b
 482 033b 9E000000 		.4byte	0x9e
 483 033f 30       		.byte	0x30
 484 0340 11       		.uleb128 0x11
 485 0341 8F050000 		.4byte	.LASF67
 486 0345 06       		.byte	0x6
 487 0346 7C02     		.2byte	0x27c
 488 0348 9E000000 		.4byte	0x9e
 489 034c 34       		.byte	0x34
 490 034d 11       		.uleb128 0x11
 491 034e 11040000 		.4byte	.LASF68
 492 0352 06       		.byte	0x6
 493 0353 7E02     		.2byte	0x27e
 494 0355 8F030000 		.4byte	0x38f
 495 0359 38       		.byte	0x38
 496 035a 11       		.uleb128 0x11
 497 035b F5010000 		.4byte	.LASF69
 498 035f 06       		.byte	0x6
 499 0360 7F02     		.2byte	0x27f
 500 0362 8C000000 		.4byte	0x8c
 501 0366 3C       		.byte	0x3c
 502 0367 11       		.uleb128 0x11
 503 0368 88010000 		.4byte	.LASF70
 504 036c 06       		.byte	0x6
 505 036d 8002     		.2byte	0x280
 506 036f 9E000000 		.4byte	0x9e
 507 0373 40       		.byte	0x40
 508 0374 11       		.uleb128 0x11
 509 0375 9E030000 		.4byte	.LASF71
 510 0379 06       		.byte	0x6
 511 037a 8602     		.2byte	0x286
 512 037c 32020000 		.4byte	0x232
 513 0380 44       		.byte	0x44
 514 0381 11       		.uleb128 0x11
 515 0382 C1020000 		.4byte	.LASF72
 516 0386 06       		.byte	0x6
 517 0387 8D02     		.2byte	0x28d
 518 0389 4F020000 		.4byte	0x24f
 519 038d 48       		.byte	0x48
 520 038e 00       		.byte	0
 521 038f 0C       		.uleb128 0xc
 522 0390 04       		.byte	0x4
 523 0391 81000000 		.4byte	0x81
 524 0395 05       		.uleb128 0x5
ARM GAS  C:\Users\Austina\AppData\Local\Temp\ccNnjSd2.s 			page 12


 525 0396 C1000000 		.4byte	0xc1
 526 039a 0B       		.uleb128 0xb
 527 039b 19020000 		.4byte	.LASF73
 528 039f 06       		.byte	0x6
 529 03a0 9002     		.2byte	0x290
 530 03a2 70020000 		.4byte	0x270
 531 03a6 09       		.uleb128 0x9
 532 03a7 01       		.byte	0x1
 533 03a8 2C000000 		.4byte	0x2c
 534 03ac 07       		.byte	0x7
 535 03ad 2A01     		.2byte	0x12a
 536 03af C0030000 		.4byte	0x3c0
 537 03b3 0A       		.uleb128 0xa
 538 03b4 60010000 		.4byte	.LASF74
 539 03b8 00       		.byte	0
 540 03b9 0A       		.uleb128 0xa
 541 03ba F0060000 		.4byte	.LASF75
 542 03be 01       		.byte	0x1
 543 03bf 00       		.byte	0
 544 03c0 0B       		.uleb128 0xb
 545 03c1 45000000 		.4byte	.LASF76
 546 03c5 07       		.byte	0x7
 547 03c6 2D01     		.2byte	0x12d
 548 03c8 A6030000 		.4byte	0x3a6
 549 03cc 09       		.uleb128 0x9
 550 03cd 01       		.byte	0x1
 551 03ce 2C000000 		.4byte	0x2c
 552 03d2 07       		.byte	0x7
 553 03d3 3201     		.2byte	0x132
 554 03d5 04040000 		.4byte	0x404
 555 03d9 0A       		.uleb128 0xa
 556 03da 3D040000 		.4byte	.LASF77
 557 03de 00       		.byte	0
 558 03df 0A       		.uleb128 0xa
 559 03e0 78030000 		.4byte	.LASF78
 560 03e4 01       		.byte	0x1
 561 03e5 0A       		.uleb128 0xa
 562 03e6 A0020000 		.4byte	.LASF79
 563 03ea 02       		.byte	0x2
 564 03eb 0A       		.uleb128 0xa
 565 03ec B7030000 		.4byte	.LASF80
 566 03f0 03       		.byte	0x3
 567 03f1 0A       		.uleb128 0xa
 568 03f2 7C040000 		.4byte	.LASF81
 569 03f6 04       		.byte	0x4
 570 03f7 0A       		.uleb128 0xa
 571 03f8 98040000 		.4byte	.LASF82
 572 03fc 05       		.byte	0x5
 573 03fd 0A       		.uleb128 0xa
 574 03fe 8D060000 		.4byte	.LASF83
 575 0402 06       		.byte	0x6
 576 0403 00       		.byte	0
 577 0404 0B       		.uleb128 0xb
 578 0405 DA040000 		.4byte	.LASF84
 579 0409 07       		.byte	0x7
 580 040a 3A01     		.2byte	0x13a
 581 040c CC030000 		.4byte	0x3cc
ARM GAS  C:\Users\Austina\AppData\Local\Temp\ccNnjSd2.s 			page 13


 582 0410 10       		.uleb128 0x10
 583 0411 08000000 		.4byte	.LASF85
 584 0415 3C       		.byte	0x3c
 585 0416 07       		.byte	0x7
 586 0417 6601     		.2byte	0x166
 587 0419 FB040000 		.4byte	0x4fb
 588 041d 11       		.uleb128 0x11
 589 041e 39020000 		.4byte	.LASF54
 590 0422 07       		.byte	0x7
 591 0423 6901     		.2byte	0x169
 592 0425 FB040000 		.4byte	0x4fb
 593 0429 00       		.byte	0
 594 042a 11       		.uleb128 0x11
 595 042b 6D070000 		.4byte	.LASF86
 596 042f 07       		.byte	0x7
 597 0430 6A01     		.2byte	0x16a
 598 0432 9E000000 		.4byte	0x9e
 599 0436 04       		.byte	0x4
 600 0437 11       		.uleb128 0x11
 601 0438 07020000 		.4byte	.LASF87
 602 043c 07       		.byte	0x7
 603 043d 6C01     		.2byte	0x16c
 604 043f 81000000 		.4byte	0x81
 605 0443 08       		.byte	0x8
 606 0444 11       		.uleb128 0x11
 607 0445 10020000 		.4byte	.LASF88
 608 0449 07       		.byte	0x7
 609 044a 6D01     		.2byte	0x16d
 610 044c 81000000 		.4byte	0x81
 611 0450 09       		.byte	0x9
 612 0451 11       		.uleb128 0x11
 613 0452 7C010000 		.4byte	.LASF89
 614 0456 07       		.byte	0x7
 615 0457 6E01     		.2byte	0x16e
 616 0459 C0030000 		.4byte	0x3c0
 617 045d 0A       		.byte	0xa
 618 045e 12       		.uleb128 0x12
 619 045f 69647800 		.ascii	"idx\000"
 620 0463 07       		.byte	0x7
 621 0464 7001     		.2byte	0x170
 622 0466 8C000000 		.4byte	0x8c
 623 046a 0C       		.byte	0xc
 624 046b 11       		.uleb128 0x11
 625 046c 1C080000 		.4byte	.LASF90
 626 0470 07       		.byte	0x7
 627 0471 7101     		.2byte	0x171
 628 0473 8C000000 		.4byte	0x8c
 629 0477 10       		.byte	0x10
 630 0478 11       		.uleb128 0x11
 631 0479 26080000 		.4byte	.LASF91
 632 047d 07       		.byte	0x7
 633 047e 7201     		.2byte	0x172
 634 0480 8C000000 		.4byte	0x8c
 635 0484 14       		.byte	0x14
 636 0485 11       		.uleb128 0x11
 637 0486 C1050000 		.4byte	.LASF92
 638 048a 07       		.byte	0x7
ARM GAS  C:\Users\Austina\AppData\Local\Temp\ccNnjSd2.s 			page 14


 639 048b 7401     		.2byte	0x174
 640 048d C1000000 		.4byte	0xc1
 641 0491 18       		.byte	0x18
 642 0492 11       		.uleb128 0x11
 643 0493 32020000 		.4byte	.LASF93
 644 0497 07       		.byte	0x7
 645 0498 7501     		.2byte	0x175
 646 049a 8F030000 		.4byte	0x38f
 647 049e 1C       		.byte	0x1c
 648 049f 11       		.uleb128 0x11
 649 04a0 04030000 		.4byte	.LASF94
 650 04a4 07       		.byte	0x7
 651 04a5 7601     		.2byte	0x176
 652 04a7 8C000000 		.4byte	0x8c
 653 04ab 20       		.byte	0x20
 654 04ac 11       		.uleb128 0x11
 655 04ad DB000000 		.4byte	.LASF95
 656 04b1 07       		.byte	0x7
 657 04b2 7801     		.2byte	0x178
 658 04b4 8F030000 		.4byte	0x38f
 659 04b8 24       		.byte	0x24
 660 04b9 11       		.uleb128 0x11
 661 04ba 51010000 		.4byte	.LASF96
 662 04be 07       		.byte	0x7
 663 04bf 7901     		.2byte	0x179
 664 04c1 8C000000 		.4byte	0x8c
 665 04c5 28       		.byte	0x28
 666 04c6 11       		.uleb128 0x11
 667 04c7 F5070000 		.4byte	.LASF97
 668 04cb 07       		.byte	0x7
 669 04cc 7A01     		.2byte	0x17a
 670 04ce 8C000000 		.4byte	0x8c
 671 04d2 2C       		.byte	0x2c
 672 04d3 11       		.uleb128 0x11
 673 04d4 1F040000 		.4byte	.LASF98
 674 04d8 07       		.byte	0x7
 675 04d9 7C01     		.2byte	0x17c
 676 04db 8F030000 		.4byte	0x38f
 677 04df 30       		.byte	0x30
 678 04e0 11       		.uleb128 0x11
 679 04e1 CD050000 		.4byte	.LASF99
 680 04e5 07       		.byte	0x7
 681 04e6 7D01     		.2byte	0x17d
 682 04e8 8C000000 		.4byte	0x8c
 683 04ec 34       		.byte	0x34
 684 04ed 11       		.uleb128 0x11
 685 04ee F2040000 		.4byte	.LASF100
 686 04f2 07       		.byte	0x7
 687 04f3 7E01     		.2byte	0x17e
 688 04f5 8C000000 		.4byte	0x8c
 689 04f9 38       		.byte	0x38
 690 04fa 00       		.byte	0
 691 04fb 05       		.uleb128 0x5
 692 04fc 04040000 		.4byte	0x404
 693 0500 0B       		.uleb128 0xb
 694 0501 BC070000 		.4byte	.LASF101
 695 0505 07       		.byte	0x7
ARM GAS  C:\Users\Austina\AppData\Local\Temp\ccNnjSd2.s 			page 15


 696 0506 8001     		.2byte	0x180
 697 0508 10040000 		.4byte	0x410
 698 050c 0B       		.uleb128 0xb
 699 050d D1060000 		.4byte	.LASF102
 700 0511 08       		.byte	0x8
 701 0512 AB01     		.2byte	0x1ab
 702 0514 3E020000 		.4byte	0x23e
 703 0518 10       		.uleb128 0x10
 704 0519 35080000 		.4byte	.LASF103
 705 051d 38       		.byte	0x38
 706 051e 08       		.byte	0x8
 707 051f 4702     		.2byte	0x247
 708 0521 DC050000 		.4byte	0x5dc
 709 0525 11       		.uleb128 0x11
 710 0526 03080000 		.4byte	.LASF104
 711 052a 08       		.byte	0x8
 712 052b 4A02     		.2byte	0x24a
 713 052d 9E000000 		.4byte	0x9e
 714 0531 00       		.byte	0
 715 0532 11       		.uleb128 0x11
 716 0533 55040000 		.4byte	.LASF105
 717 0537 08       		.byte	0x8
 718 0538 4B02     		.2byte	0x24b
 719 053a 9E000000 		.4byte	0x9e
 720 053e 04       		.byte	0x4
 721 053f 11       		.uleb128 0x11
 722 0540 3A010000 		.4byte	.LASF106
 723 0544 08       		.byte	0x8
 724 0545 4D02     		.2byte	0x24d
 725 0547 BF000000 		.4byte	0xbf
 726 054b 08       		.byte	0x8
 727 054c 11       		.uleb128 0x11
 728 054d B7060000 		.4byte	.LASF107
 729 0551 08       		.byte	0x8
 730 0552 4E02     		.2byte	0x24e
 731 0554 8C000000 		.4byte	0x8c
 732 0558 0C       		.byte	0xc
 733 0559 11       		.uleb128 0x11
 734 055a F4030000 		.4byte	.LASF108
 735 055e 08       		.byte	0x8
 736 055f 4F02     		.2byte	0x24f
 737 0561 9E000000 		.4byte	0x9e
 738 0565 10       		.byte	0x10
 739 0566 11       		.uleb128 0x11
 740 0567 E7070000 		.4byte	.LASF109
 741 056b 08       		.byte	0x8
 742 056c 5002     		.2byte	0x250
 743 056e 9E000000 		.4byte	0x9e
 744 0572 14       		.byte	0x14
 745 0573 11       		.uleb128 0x11
 746 0574 47070000 		.4byte	.LASF110
 747 0578 08       		.byte	0x8
 748 0579 5202     		.2byte	0x252
 749 057b BF000000 		.4byte	0xbf
 750 057f 18       		.byte	0x18
 751 0580 11       		.uleb128 0x11
 752 0581 21000000 		.4byte	.LASF111
ARM GAS  C:\Users\Austina\AppData\Local\Temp\ccNnjSd2.s 			page 16


 753 0585 08       		.byte	0x8
 754 0586 5302     		.2byte	0x253
 755 0588 8C000000 		.4byte	0x8c
 756 058c 1C       		.byte	0x1c
 757 058d 11       		.uleb128 0x11
 758 058e D3020000 		.4byte	.LASF112
 759 0592 08       		.byte	0x8
 760 0593 5402     		.2byte	0x254
 761 0595 9E000000 		.4byte	0x9e
 762 0599 20       		.byte	0x20
 763 059a 11       		.uleb128 0x11
 764 059b 5A010000 		.4byte	.LASF113
 765 059f 08       		.byte	0x8
 766 05a0 5602     		.2byte	0x256
 767 05a2 BF000000 		.4byte	0xbf
 768 05a6 24       		.byte	0x24
 769 05a7 11       		.uleb128 0x11
 770 05a8 DC020000 		.4byte	.LASF114
 771 05ac 08       		.byte	0x8
 772 05ad 5702     		.2byte	0x257
 773 05af 8C000000 		.4byte	0x8c
 774 05b3 28       		.byte	0x28
 775 05b4 11       		.uleb128 0x11
 776 05b5 E4010000 		.4byte	.LASF115
 777 05b9 08       		.byte	0x8
 778 05ba 5802     		.2byte	0x258
 779 05bc 9E000000 		.4byte	0x9e
 780 05c0 2C       		.byte	0x2c
 781 05c1 11       		.uleb128 0x11
 782 05c2 9E030000 		.4byte	.LASF71
 783 05c6 08       		.byte	0x8
 784 05c7 5D02     		.2byte	0x25d
 785 05c9 0C050000 		.4byte	0x50c
 786 05cd 30       		.byte	0x30
 787 05ce 11       		.uleb128 0x11
 788 05cf 3F070000 		.4byte	.LASF116
 789 05d3 08       		.byte	0x8
 790 05d4 6002     		.2byte	0x260
 791 05d6 8C000000 		.4byte	0x8c
 792 05da 34       		.byte	0x34
 793 05db 00       		.byte	0
 794 05dc 0B       		.uleb128 0xb
 795 05dd CA010000 		.4byte	.LASF117
 796 05e1 08       		.byte	0x8
 797 05e2 6302     		.2byte	0x263
 798 05e4 18050000 		.4byte	0x518
 799 05e8 13       		.uleb128 0x13
 800 05e9 6F040000 		.4byte	.LASF129
 801 05ed 02       		.byte	0x2
 802 05ee 53       		.byte	0x53
 803 05ef 03       		.byte	0x3
 804 05f0 14       		.uleb128 0x14
 805 05f1 30080000 		.4byte	.LASF130
 806 05f5 01       		.byte	0x1
 807 05f6 0E       		.byte	0xe
 808 05f7 73000000 		.4byte	0x73
 809 05fb 00000000 		.4byte	.LFB621
ARM GAS  C:\Users\Austina\AppData\Local\Temp\ccNnjSd2.s 			page 17


 810 05ff 10000000 		.4byte	.LFE621-.LFB621
 811 0603 01       		.uleb128 0x1
 812 0604 9C       		.byte	0x9c
 813 0605 2C060000 		.4byte	0x62c
 814 0609 15       		.uleb128 0x15
 815 060a E8050000 		.4byte	0x5e8
 816 060e 02000000 		.4byte	.LBB4
 817 0612 02000000 		.4byte	.LBE4-.LBB4
 818 0616 01       		.byte	0x1
 819 0617 10       		.byte	0x10
 820 0618 16       		.uleb128 0x16
 821 0619 0A000000 		.4byte	.LVL0
 822 061d 89060000 		.4byte	0x689
 823 0621 17       		.uleb128 0x17
 824 0622 01       		.uleb128 0x1
 825 0623 50       		.byte	0x50
 826 0624 05       		.uleb128 0x5
 827 0625 0C       		.byte	0xc
 828 0626 00000810 		.4byte	0x10080000
 829 062a 00       		.byte	0
 830 062b 00       		.byte	0
 831 062c 18       		.uleb128 0x18
 832 062d 40030000 		.4byte	.LASF118
 833 0631 09       		.byte	0x9
 834 0632 87       		.byte	0x87
 835 0633 DC050000 		.4byte	0x5dc
 836 0637 18       		.uleb128 0x18
 837 0638 81020000 		.4byte	.LASF119
 838 063c 0A       		.byte	0xa
 839 063d 1F       		.byte	0x1f
 840 063e 42060000 		.4byte	0x642
 841 0642 19       		.uleb128 0x19
 842 0643 01020000 		.4byte	0x201
 843 0647 18       		.uleb128 0x18
 844 0648 C2040000 		.4byte	.LASF120
 845 064c 0B       		.byte	0xb
 846 064d 1F       		.byte	0x1f
 847 064e 42060000 		.4byte	0x642
 848 0652 18       		.uleb128 0x18
 849 0653 F6000000 		.4byte	.LASF121
 850 0657 0C       		.byte	0xc
 851 0658 4B       		.byte	0x4b
 852 0659 00050000 		.4byte	0x500
 853 065d 18       		.uleb128 0x18
 854 065e 2A010000 		.4byte	.LASF122
 855 0662 0D       		.byte	0xd
 856 0663 1F       		.byte	0x1f
 857 0664 42060000 		.4byte	0x642
 858 0668 18       		.uleb128 0x18
 859 0669 A2070000 		.4byte	.LASF123
 860 066d 0E       		.byte	0xe
 861 066e 1F       		.byte	0x1f
 862 066f 42060000 		.4byte	0x642
 863 0673 18       		.uleb128 0x18
 864 0674 2F050000 		.4byte	.LASF124
 865 0678 0F       		.byte	0xf
 866 0679 1F       		.byte	0x1f
ARM GAS  C:\Users\Austina\AppData\Local\Temp\ccNnjSd2.s 			page 18


 867 067a 42060000 		.4byte	0x642
 868 067e 18       		.uleb128 0x18
 869 067f 30030000 		.4byte	.LASF125
 870 0683 10       		.byte	0x10
 871 0684 7F       		.byte	0x7f
 872 0685 9A030000 		.4byte	0x39a
 873 0689 1A       		.uleb128 0x1a
 874 068a A7030000 		.4byte	.LASF131
 875 068e A7030000 		.4byte	.LASF131
 876 0692 11       		.byte	0x11
 877 0693 FE01     		.2byte	0x1fe
 878 0695 00       		.byte	0
 879              		.section	.debug_abbrev,"",%progbits
 880              	.Ldebug_abbrev0:
 881 0000 01       		.uleb128 0x1
 882 0001 11       		.uleb128 0x11
 883 0002 01       		.byte	0x1
 884 0003 25       		.uleb128 0x25
 885 0004 0E       		.uleb128 0xe
 886 0005 13       		.uleb128 0x13
 887 0006 0B       		.uleb128 0xb
 888 0007 03       		.uleb128 0x3
 889 0008 0E       		.uleb128 0xe
 890 0009 1B       		.uleb128 0x1b
 891 000a 0E       		.uleb128 0xe
 892 000b 55       		.uleb128 0x55
 893 000c 17       		.uleb128 0x17
 894 000d 11       		.uleb128 0x11
 895 000e 01       		.uleb128 0x1
 896 000f 10       		.uleb128 0x10
 897 0010 17       		.uleb128 0x17
 898 0011 00       		.byte	0
 899 0012 00       		.byte	0
 900 0013 02       		.uleb128 0x2
 901 0014 24       		.uleb128 0x24
 902 0015 00       		.byte	0
 903 0016 0B       		.uleb128 0xb
 904 0017 0B       		.uleb128 0xb
 905 0018 3E       		.uleb128 0x3e
 906 0019 0B       		.uleb128 0xb
 907 001a 03       		.uleb128 0x3
 908 001b 0E       		.uleb128 0xe
 909 001c 00       		.byte	0
 910 001d 00       		.byte	0
 911 001e 03       		.uleb128 0x3
 912 001f 16       		.uleb128 0x16
 913 0020 00       		.byte	0
 914 0021 03       		.uleb128 0x3
 915 0022 0E       		.uleb128 0xe
 916 0023 3A       		.uleb128 0x3a
 917 0024 0B       		.uleb128 0xb
 918 0025 3B       		.uleb128 0x3b
 919 0026 0B       		.uleb128 0xb
 920 0027 49       		.uleb128 0x49
 921 0028 13       		.uleb128 0x13
 922 0029 00       		.byte	0
 923 002a 00       		.byte	0
ARM GAS  C:\Users\Austina\AppData\Local\Temp\ccNnjSd2.s 			page 19


 924 002b 04       		.uleb128 0x4
 925 002c 24       		.uleb128 0x24
 926 002d 00       		.byte	0
 927 002e 0B       		.uleb128 0xb
 928 002f 0B       		.uleb128 0xb
 929 0030 3E       		.uleb128 0x3e
 930 0031 0B       		.uleb128 0xb
 931 0032 03       		.uleb128 0x3
 932 0033 08       		.uleb128 0x8
 933 0034 00       		.byte	0
 934 0035 00       		.byte	0
 935 0036 05       		.uleb128 0x5
 936 0037 35       		.uleb128 0x35
 937 0038 00       		.byte	0
 938 0039 49       		.uleb128 0x49
 939 003a 13       		.uleb128 0x13
 940 003b 00       		.byte	0
 941 003c 00       		.byte	0
 942 003d 06       		.uleb128 0x6
 943 003e 0F       		.uleb128 0xf
 944 003f 00       		.byte	0
 945 0040 0B       		.uleb128 0xb
 946 0041 0B       		.uleb128 0xb
 947 0042 00       		.byte	0
 948 0043 00       		.byte	0
 949 0044 07       		.uleb128 0x7
 950 0045 13       		.uleb128 0x13
 951 0046 01       		.byte	0x1
 952 0047 03       		.uleb128 0x3
 953 0048 0E       		.uleb128 0xe
 954 0049 0B       		.uleb128 0xb
 955 004a 0B       		.uleb128 0xb
 956 004b 3A       		.uleb128 0x3a
 957 004c 0B       		.uleb128 0xb
 958 004d 3B       		.uleb128 0x3b
 959 004e 0B       		.uleb128 0xb
 960 004f 01       		.uleb128 0x1
 961 0050 13       		.uleb128 0x13
 962 0051 00       		.byte	0
 963 0052 00       		.byte	0
 964 0053 08       		.uleb128 0x8
 965 0054 0D       		.uleb128 0xd
 966 0055 00       		.byte	0
 967 0056 03       		.uleb128 0x3
 968 0057 0E       		.uleb128 0xe
 969 0058 3A       		.uleb128 0x3a
 970 0059 0B       		.uleb128 0xb
 971 005a 3B       		.uleb128 0x3b
 972 005b 0B       		.uleb128 0xb
 973 005c 49       		.uleb128 0x49
 974 005d 13       		.uleb128 0x13
 975 005e 38       		.uleb128 0x38
 976 005f 0B       		.uleb128 0xb
 977 0060 00       		.byte	0
 978 0061 00       		.byte	0
 979 0062 09       		.uleb128 0x9
 980 0063 04       		.uleb128 0x4
ARM GAS  C:\Users\Austina\AppData\Local\Temp\ccNnjSd2.s 			page 20


 981 0064 01       		.byte	0x1
 982 0065 0B       		.uleb128 0xb
 983 0066 0B       		.uleb128 0xb
 984 0067 49       		.uleb128 0x49
 985 0068 13       		.uleb128 0x13
 986 0069 3A       		.uleb128 0x3a
 987 006a 0B       		.uleb128 0xb
 988 006b 3B       		.uleb128 0x3b
 989 006c 05       		.uleb128 0x5
 990 006d 01       		.uleb128 0x1
 991 006e 13       		.uleb128 0x13
 992 006f 00       		.byte	0
 993 0070 00       		.byte	0
 994 0071 0A       		.uleb128 0xa
 995 0072 28       		.uleb128 0x28
 996 0073 00       		.byte	0
 997 0074 03       		.uleb128 0x3
 998 0075 0E       		.uleb128 0xe
 999 0076 1C       		.uleb128 0x1c
 1000 0077 0B       		.uleb128 0xb
 1001 0078 00       		.byte	0
 1002 0079 00       		.byte	0
 1003 007a 0B       		.uleb128 0xb
 1004 007b 16       		.uleb128 0x16
 1005 007c 00       		.byte	0
 1006 007d 03       		.uleb128 0x3
 1007 007e 0E       		.uleb128 0xe
 1008 007f 3A       		.uleb128 0x3a
 1009 0080 0B       		.uleb128 0xb
 1010 0081 3B       		.uleb128 0x3b
 1011 0082 05       		.uleb128 0x5
 1012 0083 49       		.uleb128 0x49
 1013 0084 13       		.uleb128 0x13
 1014 0085 00       		.byte	0
 1015 0086 00       		.byte	0
 1016 0087 0C       		.uleb128 0xc
 1017 0088 0F       		.uleb128 0xf
 1018 0089 00       		.byte	0
 1019 008a 0B       		.uleb128 0xb
 1020 008b 0B       		.uleb128 0xb
 1021 008c 49       		.uleb128 0x49
 1022 008d 13       		.uleb128 0x13
 1023 008e 00       		.byte	0
 1024 008f 00       		.byte	0
 1025 0090 0D       		.uleb128 0xd
 1026 0091 15       		.uleb128 0x15
 1027 0092 01       		.byte	0x1
 1028 0093 27       		.uleb128 0x27
 1029 0094 19       		.uleb128 0x19
 1030 0095 01       		.uleb128 0x1
 1031 0096 13       		.uleb128 0x13
 1032 0097 00       		.byte	0
 1033 0098 00       		.byte	0
 1034 0099 0E       		.uleb128 0xe
 1035 009a 05       		.uleb128 0x5
 1036 009b 00       		.byte	0
 1037 009c 49       		.uleb128 0x49
ARM GAS  C:\Users\Austina\AppData\Local\Temp\ccNnjSd2.s 			page 21


 1038 009d 13       		.uleb128 0x13
 1039 009e 00       		.byte	0
 1040 009f 00       		.byte	0
 1041 00a0 0F       		.uleb128 0xf
 1042 00a1 15       		.uleb128 0x15
 1043 00a2 01       		.byte	0x1
 1044 00a3 27       		.uleb128 0x27
 1045 00a4 19       		.uleb128 0x19
 1046 00a5 49       		.uleb128 0x49
 1047 00a6 13       		.uleb128 0x13
 1048 00a7 01       		.uleb128 0x1
 1049 00a8 13       		.uleb128 0x13
 1050 00a9 00       		.byte	0
 1051 00aa 00       		.byte	0
 1052 00ab 10       		.uleb128 0x10
 1053 00ac 13       		.uleb128 0x13
 1054 00ad 01       		.byte	0x1
 1055 00ae 03       		.uleb128 0x3
 1056 00af 0E       		.uleb128 0xe
 1057 00b0 0B       		.uleb128 0xb
 1058 00b1 0B       		.uleb128 0xb
 1059 00b2 3A       		.uleb128 0x3a
 1060 00b3 0B       		.uleb128 0xb
 1061 00b4 3B       		.uleb128 0x3b
 1062 00b5 05       		.uleb128 0x5
 1063 00b6 01       		.uleb128 0x1
 1064 00b7 13       		.uleb128 0x13
 1065 00b8 00       		.byte	0
 1066 00b9 00       		.byte	0
 1067 00ba 11       		.uleb128 0x11
 1068 00bb 0D       		.uleb128 0xd
 1069 00bc 00       		.byte	0
 1070 00bd 03       		.uleb128 0x3
 1071 00be 0E       		.uleb128 0xe
 1072 00bf 3A       		.uleb128 0x3a
 1073 00c0 0B       		.uleb128 0xb
 1074 00c1 3B       		.uleb128 0x3b
 1075 00c2 05       		.uleb128 0x5
 1076 00c3 49       		.uleb128 0x49
 1077 00c4 13       		.uleb128 0x13
 1078 00c5 38       		.uleb128 0x38
 1079 00c6 0B       		.uleb128 0xb
 1080 00c7 00       		.byte	0
 1081 00c8 00       		.byte	0
 1082 00c9 12       		.uleb128 0x12
 1083 00ca 0D       		.uleb128 0xd
 1084 00cb 00       		.byte	0
 1085 00cc 03       		.uleb128 0x3
 1086 00cd 08       		.uleb128 0x8
 1087 00ce 3A       		.uleb128 0x3a
 1088 00cf 0B       		.uleb128 0xb
 1089 00d0 3B       		.uleb128 0x3b
 1090 00d1 05       		.uleb128 0x5
 1091 00d2 49       		.uleb128 0x49
 1092 00d3 13       		.uleb128 0x13
 1093 00d4 38       		.uleb128 0x38
 1094 00d5 0B       		.uleb128 0xb
ARM GAS  C:\Users\Austina\AppData\Local\Temp\ccNnjSd2.s 			page 22


 1095 00d6 00       		.byte	0
 1096 00d7 00       		.byte	0
 1097 00d8 13       		.uleb128 0x13
 1098 00d9 2E       		.uleb128 0x2e
 1099 00da 00       		.byte	0
 1100 00db 03       		.uleb128 0x3
 1101 00dc 0E       		.uleb128 0xe
 1102 00dd 3A       		.uleb128 0x3a
 1103 00de 0B       		.uleb128 0xb
 1104 00df 3B       		.uleb128 0x3b
 1105 00e0 0B       		.uleb128 0xb
 1106 00e1 27       		.uleb128 0x27
 1107 00e2 19       		.uleb128 0x19
 1108 00e3 20       		.uleb128 0x20
 1109 00e4 0B       		.uleb128 0xb
 1110 00e5 00       		.byte	0
 1111 00e6 00       		.byte	0
 1112 00e7 14       		.uleb128 0x14
 1113 00e8 2E       		.uleb128 0x2e
 1114 00e9 01       		.byte	0x1
 1115 00ea 3F       		.uleb128 0x3f
 1116 00eb 19       		.uleb128 0x19
 1117 00ec 03       		.uleb128 0x3
 1118 00ed 0E       		.uleb128 0xe
 1119 00ee 3A       		.uleb128 0x3a
 1120 00ef 0B       		.uleb128 0xb
 1121 00f0 3B       		.uleb128 0x3b
 1122 00f1 0B       		.uleb128 0xb
 1123 00f2 27       		.uleb128 0x27
 1124 00f3 19       		.uleb128 0x19
 1125 00f4 49       		.uleb128 0x49
 1126 00f5 13       		.uleb128 0x13
 1127 00f6 8701     		.uleb128 0x87
 1128 00f8 19       		.uleb128 0x19
 1129 00f9 11       		.uleb128 0x11
 1130 00fa 01       		.uleb128 0x1
 1131 00fb 12       		.uleb128 0x12
 1132 00fc 06       		.uleb128 0x6
 1133 00fd 40       		.uleb128 0x40
 1134 00fe 18       		.uleb128 0x18
 1135 00ff 9742     		.uleb128 0x2117
 1136 0101 19       		.uleb128 0x19
 1137 0102 01       		.uleb128 0x1
 1138 0103 13       		.uleb128 0x13
 1139 0104 00       		.byte	0
 1140 0105 00       		.byte	0
 1141 0106 15       		.uleb128 0x15
 1142 0107 1D       		.uleb128 0x1d
 1143 0108 00       		.byte	0
 1144 0109 31       		.uleb128 0x31
 1145 010a 13       		.uleb128 0x13
 1146 010b 11       		.uleb128 0x11
 1147 010c 01       		.uleb128 0x1
 1148 010d 12       		.uleb128 0x12
 1149 010e 06       		.uleb128 0x6
 1150 010f 58       		.uleb128 0x58
 1151 0110 0B       		.uleb128 0xb
ARM GAS  C:\Users\Austina\AppData\Local\Temp\ccNnjSd2.s 			page 23


 1152 0111 59       		.uleb128 0x59
 1153 0112 0B       		.uleb128 0xb
 1154 0113 00       		.byte	0
 1155 0114 00       		.byte	0
 1156 0115 16       		.uleb128 0x16
 1157 0116 898201   		.uleb128 0x4109
 1158 0119 01       		.byte	0x1
 1159 011a 11       		.uleb128 0x11
 1160 011b 01       		.uleb128 0x1
 1161 011c 31       		.uleb128 0x31
 1162 011d 13       		.uleb128 0x13
 1163 011e 00       		.byte	0
 1164 011f 00       		.byte	0
 1165 0120 17       		.uleb128 0x17
 1166 0121 8A8201   		.uleb128 0x410a
 1167 0124 00       		.byte	0
 1168 0125 02       		.uleb128 0x2
 1169 0126 18       		.uleb128 0x18
 1170 0127 9142     		.uleb128 0x2111
 1171 0129 18       		.uleb128 0x18
 1172 012a 00       		.byte	0
 1173 012b 00       		.byte	0
 1174 012c 18       		.uleb128 0x18
 1175 012d 34       		.uleb128 0x34
 1176 012e 00       		.byte	0
 1177 012f 03       		.uleb128 0x3
 1178 0130 0E       		.uleb128 0xe
 1179 0131 3A       		.uleb128 0x3a
 1180 0132 0B       		.uleb128 0xb
 1181 0133 3B       		.uleb128 0x3b
 1182 0134 0B       		.uleb128 0xb
 1183 0135 49       		.uleb128 0x49
 1184 0136 13       		.uleb128 0x13
 1185 0137 3F       		.uleb128 0x3f
 1186 0138 19       		.uleb128 0x19
 1187 0139 3C       		.uleb128 0x3c
 1188 013a 19       		.uleb128 0x19
 1189 013b 00       		.byte	0
 1190 013c 00       		.byte	0
 1191 013d 19       		.uleb128 0x19
 1192 013e 26       		.uleb128 0x26
 1193 013f 00       		.byte	0
 1194 0140 49       		.uleb128 0x49
 1195 0141 13       		.uleb128 0x13
 1196 0142 00       		.byte	0
 1197 0143 00       		.byte	0
 1198 0144 1A       		.uleb128 0x1a
 1199 0145 2E       		.uleb128 0x2e
 1200 0146 00       		.byte	0
 1201 0147 3F       		.uleb128 0x3f
 1202 0148 19       		.uleb128 0x19
 1203 0149 3C       		.uleb128 0x3c
 1204 014a 19       		.uleb128 0x19
 1205 014b 6E       		.uleb128 0x6e
 1206 014c 0E       		.uleb128 0xe
 1207 014d 03       		.uleb128 0x3
 1208 014e 0E       		.uleb128 0xe
ARM GAS  C:\Users\Austina\AppData\Local\Temp\ccNnjSd2.s 			page 24


 1209 014f 3A       		.uleb128 0x3a
 1210 0150 0B       		.uleb128 0xb
 1211 0151 3B       		.uleb128 0x3b
 1212 0152 05       		.uleb128 0x5
 1213 0153 00       		.byte	0
 1214 0154 00       		.byte	0
 1215 0155 00       		.byte	0
 1216              		.section	.debug_aranges,"",%progbits
 1217 0000 1C000000 		.4byte	0x1c
 1218 0004 0200     		.2byte	0x2
 1219 0006 00000000 		.4byte	.Ldebug_info0
 1220 000a 04       		.byte	0x4
 1221 000b 00       		.byte	0
 1222 000c 0000     		.2byte	0
 1223 000e 0000     		.2byte	0
 1224 0010 00000000 		.4byte	.LFB621
 1225 0014 10000000 		.4byte	.LFE621-.LFB621
 1226 0018 00000000 		.4byte	0
 1227 001c 00000000 		.4byte	0
 1228              		.section	.debug_ranges,"",%progbits
 1229              	.Ldebug_ranges0:
 1230 0000 00000000 		.4byte	.LFB621
 1231 0004 10000000 		.4byte	.LFE621
 1232 0008 00000000 		.4byte	0
 1233 000c 00000000 		.4byte	0
 1234              		.section	.debug_line,"",%progbits
 1235              	.Ldebug_line0:
 1236 0000 AE020000 		.section	.debug_str,"MS",%progbits,1
 1236      02008D02 
 1236      00000201 
 1236      FB0E0D00 
 1236      01010101 
 1237              	.LASF23:
 1238 0000 72756E4D 		.ascii	"runMode\000"
 1238      6F646500 
 1239              	.LASF85:
 1240 0008 63795F73 		.ascii	"cy_stc_scb_ezi2c_context\000"
 1240      74635F73 
 1240      63625F65 
 1240      7A693263 
 1240      5F636F6E 
 1241              	.LASF111:
 1242 0021 72784275 		.ascii	"rxBufSize\000"
 1242      6653697A 
 1242      6500
 1243              	.LASF44:
 1244 002b 63795F73 		.ascii	"cy_stc_tcpwm_pwm_config_t\000"
 1244      74635F74 
 1244      6370776D 
 1244      5F70776D 
 1244      5F636F6E 
 1245              	.LASF76:
 1246 0045 63795F65 		.ascii	"cy_en_scb_ezi2c_sub_addr_size_t\000"
 1246      6E5F7363 
 1246      625F657A 
 1246      6932635F 
 1246      7375625F 
ARM GAS  C:\Users\Austina\AppData\Local\Temp\ccNnjSd2.s 			page 25


 1247              	.LASF41:
 1248 0065 6B696C6C 		.ascii	"killInput\000"
 1248      496E7075 
 1248      7400
 1249              	.LASF128:
 1250 006f 433A5C41 		.ascii	"C:\\Alen\\GitHub_Denzerek\\BLEControlledArm\\BLE_AR"
 1250      6C656E5C 
 1250      47697448 
 1250      75625F44 
 1250      656E7A65 
 1251 009e 4D5F576F 		.ascii	"M_Workspace\\MainArmController.cydsn\000"
 1251      726B7370 
 1251      6163655C 
 1251      4D61696E 
 1251      41726D43 
 1252              	.LASF127:
 1253 00c2 6D61696E 		.ascii	"main_cm0p.c\000"
 1253      5F636D30 
 1253      702E6300 
 1254              	.LASF21:
 1255 00ce 70776D41 		.ascii	"pwmAlignment\000"
 1255      6C69676E 
 1255      6D656E74 
 1255      00
 1256              	.LASF95:
 1257 00db 62756631 		.ascii	"buf1\000"
 1257      00
 1258              	.LASF5:
 1259 00e0 5F5F7569 		.ascii	"__uint8_t\000"
 1259      6E74385F 
 1259      7400
 1260              	.LASF62:
 1261 00ea 736C6176 		.ascii	"slaveStatus\000"
 1261      65537461 
 1261      74757300 
 1262              	.LASF121:
 1263 00f6 455A4932 		.ascii	"EZI2C_context\000"
 1263      435F636F 
 1263      6E746578 
 1263      7400
 1264              	.LASF9:
 1265 0104 6C6F6E67 		.ascii	"long long unsigned int\000"
 1265      206C6F6E 
 1265      6720756E 
 1265      7369676E 
 1265      65642069 
 1266              	.LASF20:
 1267 011b 636C6F63 		.ascii	"clockPrescaler\000"
 1267      6B507265 
 1267      7363616C 
 1267      657200
 1268              	.LASF122:
 1269 012a 4C454442 		.ascii	"LEDBlink_config\000"
 1269      6C696E6B 
 1269      5F636F6E 
 1269      66696700 
 1270              	.LASF106:
ARM GAS  C:\Users\Austina\AppData\Local\Temp\ccNnjSd2.s 			page 26


 1271 013a 72785269 		.ascii	"rxRingBuf\000"
 1271      6E674275 
 1271      6600
 1272              	.LASF55:
 1273 0144 6D617374 		.ascii	"masterStatus\000"
 1273      65725374 
 1273      61747573 
 1273      00
 1274              	.LASF96:
 1275 0151 62756631 		.ascii	"buf1Size\000"
 1275      53697A65 
 1275      00
 1276              	.LASF113:
 1277 015a 74784275 		.ascii	"txBuf\000"
 1277      6600
 1278              	.LASF74:
 1279 0160 43595F53 		.ascii	"CY_SCB_EZI2C_SUB_ADDR8_BITS\000"
 1279      43425F45 
 1279      5A493243 
 1279      5F535542 
 1279      5F414444 
 1280              	.LASF89:
 1281 017c 73756241 		.ascii	"subAddrSize\000"
 1281      64647253 
 1281      697A6500 
 1282              	.LASF70:
 1283 0188 736C6176 		.ascii	"slaveRxBufferIdx\000"
 1283      65527842 
 1283      75666665 
 1283      72496478 
 1283      00
 1284              	.LASF51:
 1285 0199 63795F73 		.ascii	"cy_stc_scb_i2c_context\000"
 1285      74635F73 
 1285      63625F69 
 1285      32635F63 
 1285      6F6E7465 
 1286              	.LASF8:
 1287 01b0 6C6F6E67 		.ascii	"long long int\000"
 1287      206C6F6E 
 1287      6720696E 
 1287      7400
 1288              	.LASF2:
 1289 01be 7369676E 		.ascii	"signed char\000"
 1289      65642063 
 1289      68617200 
 1290              	.LASF117:
 1291 01ca 63795F73 		.ascii	"cy_stc_scb_uart_context_t\000"
 1291      74635F73 
 1291      63625F75 
 1291      6172745F 
 1291      636F6E74 
 1292              	.LASF115:
 1293 01e4 74784C65 		.ascii	"txLeftToTransmit\000"
 1293      6674546F 
 1293      5472616E 
 1293      736D6974 
ARM GAS  C:\Users\Austina\AppData\Local\Temp\ccNnjSd2.s 			page 27


 1293      00
 1294              	.LASF69:
 1295 01f5 736C6176 		.ascii	"slaveRxBufferSize\000"
 1295      65527842 
 1295      75666665 
 1295      7253697A 
 1295      6500
 1296              	.LASF87:
 1297 0207 61646472 		.ascii	"address1\000"
 1297      65737331 
 1297      00
 1298              	.LASF88:
 1299 0210 61646472 		.ascii	"address2\000"
 1299      65737332 
 1299      00
 1300              	.LASF73:
 1301 0219 63795F73 		.ascii	"cy_stc_scb_i2c_context_t\000"
 1301      74635F73 
 1301      63625F69 
 1301      32635F63 
 1301      6F6E7465 
 1302              	.LASF93:
 1303 0232 63757242 		.ascii	"curBuf\000"
 1303      756600
 1304              	.LASF54:
 1305 0239 73746174 		.ascii	"state\000"
 1305      6500
 1306              	.LASF48:
 1307 023f 63795F63 		.ascii	"cy_cb_scb_i2c_handle_events_t\000"
 1307      625F7363 
 1307      625F6932 
 1307      635F6861 
 1307      6E646C65 
 1308              	.LASF4:
 1309 025d 6C6F6E67 		.ascii	"long int\000"
 1309      20696E74 
 1309      00
 1310              	.LASF57:
 1311 0266 6D617374 		.ascii	"masterRdDir\000"
 1311      65725264 
 1311      44697200 
 1312              	.LASF46:
 1313 0272 43595F53 		.ascii	"CY_SCB_I2C_NAK\000"
 1313      43425F49 
 1313      32435F4E 
 1313      414B00
 1314              	.LASF119:
 1315 0281 50574D5F 		.ascii	"PWM_1_config\000"
 1315      315F636F 
 1315      6E666967 
 1315      00
 1316              	.LASF39:
 1317 028e 73746172 		.ascii	"startInput\000"
 1317      74496E70 
 1317      757400
 1318              	.LASF17:
 1319 0299 646F7562 		.ascii	"double\000"
ARM GAS  C:\Users\Austina\AppData\Local\Temp\ccNnjSd2.s 			page 28


 1319      6C6500
 1320              	.LASF79:
 1321 02a0 43595F53 		.ascii	"CY_SCB_EZI2C_STATE_RX_OFFSET_MSB\000"
 1321      43425F45 
 1321      5A493243 
 1321      5F535441 
 1321      54455F52 
 1322              	.LASF72:
 1323 02c1 63624164 		.ascii	"cbAddr\000"
 1323      647200
 1324              	.LASF6:
 1325 02c8 5F5F7569 		.ascii	"__uint32_t\000"
 1325      6E743332 
 1325      5F7400
 1326              	.LASF112:
 1327 02d3 72784275 		.ascii	"rxBufIdx\000"
 1327      66496478 
 1327      00
 1328              	.LASF114:
 1329 02dc 74784275 		.ascii	"txBufSize\000"
 1329      6653697A 
 1329      6500
 1330              	.LASF10:
 1331 02e6 756E7369 		.ascii	"unsigned int\000"
 1331      676E6564 
 1331      20696E74 
 1331      00
 1332              	.LASF66:
 1333 02f3 736C6176 		.ascii	"slaveTxBufferIdx\000"
 1333      65547842 
 1333      75666665 
 1333      72496478 
 1333      00
 1334              	.LASF94:
 1335 0304 62756653 		.ascii	"bufSize\000"
 1335      697A6500 
 1336              	.LASF7:
 1337 030c 6C6F6E67 		.ascii	"long unsigned int\000"
 1337      20756E73 
 1337      69676E65 
 1337      6420696E 
 1337      7400
 1338              	.LASF29:
 1339 031e 656E6162 		.ascii	"enableCompareSwap\000"
 1339      6C65436F 
 1339      6D706172 
 1339      65537761 
 1339      7000
 1340              	.LASF125:
 1341 0330 4932435F 		.ascii	"I2C_ARD_context\000"
 1341      4152445F 
 1341      636F6E74 
 1341      65787400 
 1342              	.LASF118:
 1343 0340 55415254 		.ascii	"UART_context\000"
 1343      5F636F6E 
 1343      74657874 
ARM GAS  C:\Users\Austina\AppData\Local\Temp\ccNnjSd2.s 			page 29


 1343      00
 1344              	.LASF53:
 1345 034d 75736554 		.ascii	"useTxFifo\000"
 1345      78466966 
 1345      6F00
 1346              	.LASF34:
 1347 0357 73776170 		.ascii	"swapInputMode\000"
 1347      496E7075 
 1347      744D6F64 
 1347      6500
 1348              	.LASF3:
 1349 0365 73686F72 		.ascii	"short unsigned int\000"
 1349      7420756E 
 1349      7369676E 
 1349      65642069 
 1349      6E7400
 1350              	.LASF78:
 1351 0378 43595F53 		.ascii	"CY_SCB_EZI2C_STATE_ADDR\000"
 1351      43425F45 
 1351      5A493243 
 1351      5F535441 
 1351      54455F41 
 1352              	.LASF40:
 1353 0390 6B696C6C 		.ascii	"killInputMode\000"
 1353      496E7075 
 1353      744D6F64 
 1353      6500
 1354              	.LASF71:
 1355 039e 63624576 		.ascii	"cbEvents\000"
 1355      656E7473 
 1355      00
 1356              	.LASF131:
 1357 03a7 43795F53 		.ascii	"Cy_SysEnableCM4\000"
 1357      7973456E 
 1357      61626C65 
 1357      434D3400 
 1358              	.LASF80:
 1359 03b7 43595F53 		.ascii	"CY_SCB_EZI2C_STATE_RX_OFFSET_LSB\000"
 1359      43425F45 
 1359      5A493243 
 1359      5F535441 
 1359      54455F52 
 1360              	.LASF31:
 1361 03d8 696E7665 		.ascii	"invertPWMOut\000"
 1361      72745057 
 1361      4D4F7574 
 1361      00
 1362              	.LASF22:
 1363 03e5 64656164 		.ascii	"deadTimeClocks\000"
 1363      54696D65 
 1363      436C6F63 
 1363      6B7300
 1364              	.LASF108:
 1365 03f4 72785269 		.ascii	"rxRingBufHead\000"
 1365      6E674275 
 1365      66486561 
 1365      6400
ARM GAS  C:\Users\Austina\AppData\Local\Temp\ccNnjSd2.s 			page 30


 1366              	.LASF42:
 1367 0402 636F756E 		.ascii	"countInputMode\000"
 1367      74496E70 
 1367      75744D6F 
 1367      646500
 1368              	.LASF68:
 1369 0411 736C6176 		.ascii	"slaveRxBuffer\000"
 1369      65527842 
 1369      75666665 
 1369      7200
 1370              	.LASF98:
 1371 041f 62756632 		.ascii	"buf2\000"
 1371      00
 1372              	.LASF13:
 1373 0424 73697A65 		.ascii	"sizetype\000"
 1373      74797065 
 1373      00
 1374              	.LASF60:
 1375 042d 6D617374 		.ascii	"masterBufferIdx\000"
 1375      65724275 
 1375      66666572 
 1375      49647800 
 1376              	.LASF77:
 1377 043d 43595F53 		.ascii	"CY_SCB_EZI2C_STATE_IDLE\000"
 1377      43425F45 
 1377      5A493243 
 1377      5F535441 
 1377      54455F49 
 1378              	.LASF105:
 1379 0455 72785374 		.ascii	"rxStatus\000"
 1379      61747573 
 1379      00
 1380              	.LASF30:
 1381 045e 696E7465 		.ascii	"interruptSources\000"
 1381      72727570 
 1381      74536F75 
 1381      72636573 
 1381      00
 1382              	.LASF129:
 1383 046f 5F5F656E 		.ascii	"__enable_irq\000"
 1383      61626C65 
 1383      5F697271 
 1383      00
 1384              	.LASF81:
 1385 047c 43595F53 		.ascii	"CY_SCB_EZI2C_STATE_RX_DATA0\000"
 1385      43425F45 
 1385      5A493243 
 1385      5F535441 
 1385      54455F52 
 1386              	.LASF82:
 1387 0498 43595F53 		.ascii	"CY_SCB_EZI2C_STATE_RX_DATA1\000"
 1387      43425F45 
 1387      5A493243 
 1387      5F535441 
 1387      54455F52 
 1388              	.LASF19:
 1389 04b4 70776D4D 		.ascii	"pwmMode\000"
ARM GAS  C:\Users\Austina\AppData\Local\Temp\ccNnjSd2.s 			page 31


 1389      6F646500 
 1390              	.LASF16:
 1391 04bc 666C6F61 		.ascii	"float\000"
 1391      7400
 1392              	.LASF120:
 1393 04c2 50574D5F 		.ascii	"PWM_RED_config\000"
 1393      5245445F 
 1393      636F6E66 
 1393      696700
 1394              	.LASF33:
 1395 04d1 6B696C6C 		.ascii	"killMode\000"
 1395      4D6F6465 
 1395      00
 1396              	.LASF84:
 1397 04da 63795F65 		.ascii	"cy_en_scb_ezi2c_state_t\000"
 1397      6E5F7363 
 1397      625F657A 
 1397      6932635F 
 1397      73746174 
 1398              	.LASF100:
 1399 04f2 62756632 		.ascii	"buf2rwBondary\000"
 1399      7277426F 
 1399      6E646172 
 1399      7900
 1400              	.LASF18:
 1401 0500 5F426F6F 		.ascii	"_Bool\000"
 1401      6C00
 1402              	.LASF1:
 1403 0506 756E7369 		.ascii	"unsigned char\000"
 1403      676E6564 
 1403      20636861 
 1403      7200
 1404              	.LASF0:
 1405 0514 73686F72 		.ascii	"short int\000"
 1405      7420696E 
 1405      7400
 1406              	.LASF59:
 1407 051e 6D617374 		.ascii	"masterBufferSize\000"
 1407      65724275 
 1407      66666572 
 1407      53697A65 
 1407      00
 1408              	.LASF124:
 1409 052f 44696D6D 		.ascii	"Dimmer_config\000"
 1409      65725F63 
 1409      6F6E6669 
 1409      6700
 1410              	.LASF56:
 1411 053d 6D617374 		.ascii	"masterPause\000"
 1411      65725061 
 1411      75736500 
 1412              	.LASF26:
 1413 0549 656E6162 		.ascii	"enablePeriodSwap\000"
 1413      6C655065 
 1413      72696F64 
 1413      53776170 
 1413      00
ARM GAS  C:\Users\Austina\AppData\Local\Temp\ccNnjSd2.s 			page 32


 1414              	.LASF49:
 1415 055a 63795F63 		.ascii	"cy_cb_scb_i2c_handle_addr_t\000"
 1415      625F7363 
 1415      625F6932 
 1415      635F6861 
 1415      6E646C65 
 1416              	.LASF35:
 1417 0576 73776170 		.ascii	"swapInput\000"
 1417      496E7075 
 1417      7400
 1418              	.LASF61:
 1419 0580 6D617374 		.ascii	"masterNumBytes\000"
 1419      65724E75 
 1419      6D427974 
 1419      657300
 1420              	.LASF67:
 1421 058f 736C6176 		.ascii	"slaveTxBufferCnt\000"
 1421      65547842 
 1421      75666665 
 1421      72436E74 
 1421      00
 1422              	.LASF50:
 1423 05a0 63795F73 		.ascii	"cy_stc_tcpwm_pwm_config\000"
 1423      74635F74 
 1423      6370776D 
 1423      5F70776D 
 1423      5F636F6E 
 1424              	.LASF12:
 1425 05b8 75696E74 		.ascii	"uint32_t\000"
 1425      33325F74 
 1425      00
 1426              	.LASF92:
 1427 05c1 61646472 		.ascii	"addr1Active\000"
 1427      31416374 
 1427      69766500 
 1428              	.LASF99:
 1429 05cd 62756632 		.ascii	"buf2Size\000"
 1429      53697A65 
 1429      00
 1430              	.LASF126:
 1431 05d6 474E5520 		.ascii	"GNU C11 5.4.1 20160609 (release) [ARM/embedded-5-br"
 1431      43313120 
 1431      352E342E 
 1431      31203230 
 1431      31363036 
 1432 0609 616E6368 		.ascii	"anch revision 237715] -mcpu=cortex-m0plus -mthumb -"
 1432      20726576 
 1432      6973696F 
 1432      6E203233 
 1432      37373135 
 1433 063c 67202D4F 		.ascii	"g -Og -ffunction-sections -ffat-lto-objects\000"
 1433      67202D66 
 1433      66756E63 
 1433      74696F6E 
 1433      2D736563 
 1434              	.LASF27:
 1435 0668 636F6D70 		.ascii	"compare0\000"
ARM GAS  C:\Users\Austina\AppData\Local\Temp\ccNnjSd2.s 			page 33


 1435      61726530 
 1435      00
 1436              	.LASF14:
 1437 0671 6C6F6E67 		.ascii	"long double\000"
 1437      20646F75 
 1437      626C6500 
 1438              	.LASF43:
 1439 067d 636F756E 		.ascii	"countInput\000"
 1439      74496E70 
 1439      757400
 1440              	.LASF15:
 1441 0688 63686172 		.ascii	"char\000"
 1441      00
 1442              	.LASF83:
 1443 068d 43595F53 		.ascii	"CY_SCB_EZI2C_STATE_TX_DATA\000"
 1443      43425F45 
 1443      5A493243 
 1443      5F535441 
 1443      54455F54 
 1444              	.LASF45:
 1445 06a8 43595F53 		.ascii	"CY_SCB_I2C_ACK\000"
 1445      43425F49 
 1445      32435F41 
 1445      434B00
 1446              	.LASF107:
 1447 06b7 72785269 		.ascii	"rxRingBufSize\000"
 1447      6E674275 
 1447      6653697A 
 1447      6500
 1448              	.LASF37:
 1449 06c5 72656C6F 		.ascii	"reloadInput\000"
 1449      6164496E 
 1449      70757400 
 1450              	.LASF102:
 1451 06d1 63795F63 		.ascii	"cy_cb_scb_uart_handle_events_t\000"
 1451      625F7363 
 1451      625F7561 
 1451      72745F68 
 1451      616E646C 
 1452              	.LASF75:
 1453 06f0 43595F53 		.ascii	"CY_SCB_EZI2C_SUB_ADDR16_BITS\000"
 1453      43425F45 
 1453      5A493243 
 1453      5F535542 
 1453      5F414444 
 1454              	.LASF52:
 1455 070d 75736552 		.ascii	"useRxFifo\000"
 1455      78466966 
 1455      6F00
 1456              	.LASF38:
 1457 0717 73746172 		.ascii	"startInputMode\000"
 1457      74496E70 
 1457      75744D6F 
 1457      646500
 1458              	.LASF24:
 1459 0726 70657269 		.ascii	"period0\000"
 1459      6F643000 
ARM GAS  C:\Users\Austina\AppData\Local\Temp\ccNnjSd2.s 			page 34


 1460              	.LASF25:
 1461 072e 70657269 		.ascii	"period1\000"
 1461      6F643100 
 1462              	.LASF28:
 1463 0736 636F6D70 		.ascii	"compare1\000"
 1463      61726531 
 1463      00
 1464              	.LASF116:
 1465 073f 696E6974 		.ascii	"initKey\000"
 1465      4B657900 
 1466              	.LASF110:
 1467 0747 72784275 		.ascii	"rxBuf\000"
 1467      6600
 1468              	.LASF64:
 1469 074d 736C6176 		.ascii	"slaveTxBuffer\000"
 1469      65547842 
 1469      75666665 
 1469      7200
 1470              	.LASF65:
 1471 075b 736C6176 		.ascii	"slaveTxBufferSize\000"
 1471      65547842 
 1471      75666665 
 1471      7253697A 
 1471      6500
 1472              	.LASF86:
 1473 076d 73746174 		.ascii	"status\000"
 1473      757300
 1474              	.LASF47:
 1475 0774 63795F65 		.ascii	"cy_en_scb_i2c_command_t\000"
 1475      6E5F7363 
 1475      625F6932 
 1475      635F636F 
 1475      6D6D616E 
 1476              	.LASF32:
 1477 078c 696E7665 		.ascii	"invertPWMOutN\000"
 1477      72745057 
 1477      4D4F7574 
 1477      4E00
 1478              	.LASF11:
 1479 079a 75696E74 		.ascii	"uint8_t\000"
 1479      385F7400 
 1480              	.LASF123:
 1481 07a2 50574D5F 		.ascii	"PWM_2_config\000"
 1481      325F636F 
 1481      6E666967 
 1481      00
 1482              	.LASF58:
 1483 07af 6D617374 		.ascii	"masterBuffer\000"
 1483      65724275 
 1483      66666572 
 1483      00
 1484              	.LASF101:
 1485 07bc 63795F73 		.ascii	"cy_stc_scb_ezi2c_context_t\000"
 1485      74635F73 
 1485      63625F65 
 1485      7A693263 
 1485      5F636F6E 
ARM GAS  C:\Users\Austina\AppData\Local\Temp\ccNnjSd2.s 			page 35


 1486              	.LASF36:
 1487 07d7 72656C6F 		.ascii	"reloadInputMode\000"
 1487      6164496E 
 1487      7075744D 
 1487      6F646500 
 1488              	.LASF109:
 1489 07e7 72785269 		.ascii	"rxRingBufTail\000"
 1489      6E674275 
 1489      66546169 
 1489      6C00
 1490              	.LASF97:
 1491 07f5 62756631 		.ascii	"buf1rwBondary\000"
 1491      7277426F 
 1491      6E646172 
 1491      7900
 1492              	.LASF104:
 1493 0803 74785374 		.ascii	"txStatus\000"
 1493      61747573 
 1493      00
 1494              	.LASF63:
 1495 080c 736C6176 		.ascii	"slaveRdBufEmpty\000"
 1495      65526442 
 1495      7566456D 
 1495      70747900 
 1496              	.LASF90:
 1497 081c 62617365 		.ascii	"baseAddr1\000"
 1497      41646472 
 1497      3100
 1498              	.LASF91:
 1499 0826 62617365 		.ascii	"baseAddr2\000"
 1499      41646472 
 1499      3200
 1500              	.LASF130:
 1501 0830 6D61696E 		.ascii	"main\000"
 1501      00
 1502              	.LASF103:
 1503 0835 63795F73 		.ascii	"cy_stc_scb_uart_context\000"
 1503      74635F73 
 1503      63625F75 
 1503      6172745F 
 1503      636F6E74 
 1504              		.ident	"GCC: (GNU Tools for ARM Embedded Processors) 5.4.1 20160609 (release) [ARM/embedded-5-bran
