ARM GAS  C:\Users\Austina\AppData\Local\Temp\cc0YUwNf.s 			page 1


   1              		.syntax unified
   2              		.cpu cortex-m0plus
   3              		.fpu softvfp
   4              		.eabi_attribute 20, 1
   5              		.eabi_attribute 21, 1
   6              		.eabi_attribute 23, 3
   7              		.eabi_attribute 24, 1
   8              		.eabi_attribute 25, 1
   9              		.eabi_attribute 26, 1
  10              		.eabi_attribute 30, 1
  11              		.eabi_attribute 34, 0
  12              		.eabi_attribute 18, 4
  13              		.thumb
  14              		.syntax unified
  15              		.file	"retarget.c"
  16              		.text
  17              	.Ltext0:
  18              		.cfi_sections	.debug_frame
  19              		.syntax divided
  20              		.global _printf_float
  21              		.global _scanf_float
  22              		.thumb
  23              		.syntax unified
  24              		.section	.text._write,"ax",%progbits
  25              		.align	2
  26              		.weak	_write
  27              		.code	16
  28              		.thumb_func
  29              		.type	_write, %function
  30              	_write:
  31              	.LFB622:
  32              		.file 1 "Generated_Source\\PSoC6\\pdl\\utilities\\retarget_io\\retarget.c"
   1:Generated_Source\PSoC6\pdl\utilities\retarget_io/retarget.c **** /***************************************************************************//**
   2:Generated_Source\PSoC6\pdl\utilities\retarget_io/retarget.c **** * \file retarget.c
   3:Generated_Source\PSoC6\pdl\utilities\retarget_io/retarget.c **** * \version 1.10
   4:Generated_Source\PSoC6\pdl\utilities\retarget_io/retarget.c **** *
   5:Generated_Source\PSoC6\pdl\utilities\retarget_io/retarget.c **** * \brief
   6:Generated_Source\PSoC6\pdl\utilities\retarget_io/retarget.c **** * 'Retarget' layer for target-dependent low level function.
   7:Generated_Source\PSoC6\pdl\utilities\retarget_io/retarget.c **** *
   8:Generated_Source\PSoC6\pdl\utilities\retarget_io/retarget.c **** ********************************************************************************
   9:Generated_Source\PSoC6\pdl\utilities\retarget_io/retarget.c **** * \copyright
  10:Generated_Source\PSoC6\pdl\utilities\retarget_io/retarget.c **** * Copyright 2016-2018, Cypress Semiconductor Corporation. All rights reserved.
  11:Generated_Source\PSoC6\pdl\utilities\retarget_io/retarget.c **** * You may use this file only in accordance with the license, terms, conditions,
  12:Generated_Source\PSoC6\pdl\utilities\retarget_io/retarget.c **** * disclaimers, and limitations in the end user license agreement accompanying
  13:Generated_Source\PSoC6\pdl\utilities\retarget_io/retarget.c **** * the software package with which this file was provided.
  14:Generated_Source\PSoC6\pdl\utilities\retarget_io/retarget.c **** *******************************************************************************/
  15:Generated_Source\PSoC6\pdl\utilities\retarget_io/retarget.c **** 
  16:Generated_Source\PSoC6\pdl\utilities\retarget_io/retarget.c **** #include <stdio.h>
  17:Generated_Source\PSoC6\pdl\utilities\retarget_io/retarget.c **** #include "stdio_user.h"
  18:Generated_Source\PSoC6\pdl\utilities\retarget_io/retarget.c **** 
  19:Generated_Source\PSoC6\pdl\utilities\retarget_io/retarget.c **** #if defined(__cplusplus)
  20:Generated_Source\PSoC6\pdl\utilities\retarget_io/retarget.c **** extern "C" {
  21:Generated_Source\PSoC6\pdl\utilities\retarget_io/retarget.c **** #endif
  22:Generated_Source\PSoC6\pdl\utilities\retarget_io/retarget.c **** 
  23:Generated_Source\PSoC6\pdl\utilities\retarget_io/retarget.c **** #ifdef IO_STDOUT_ENABLE
  24:Generated_Source\PSoC6\pdl\utilities\retarget_io/retarget.c **** 
  25:Generated_Source\PSoC6\pdl\utilities\retarget_io/retarget.c **** #if defined(__ARMCC_VERSION) /* ARM-MDK */
ARM GAS  C:\Users\Austina\AppData\Local\Temp\cc0YUwNf.s 			page 2


  26:Generated_Source\PSoC6\pdl\utilities\retarget_io/retarget.c ****     /***************************************************************************
  27:Generated_Source\PSoC6\pdl\utilities\retarget_io/retarget.c ****     * Function Name: fputc
  28:Generated_Source\PSoC6\pdl\utilities\retarget_io/retarget.c ****     ***************************************************************************/
  29:Generated_Source\PSoC6\pdl\utilities\retarget_io/retarget.c ****     __attribute__((weak)) int fputc(int ch, FILE *f)
  30:Generated_Source\PSoC6\pdl\utilities\retarget_io/retarget.c ****     {
  31:Generated_Source\PSoC6\pdl\utilities\retarget_io/retarget.c ****         (void)f;
  32:Generated_Source\PSoC6\pdl\utilities\retarget_io/retarget.c ****     #if (STDOUT_CR_LF != 0)
  33:Generated_Source\PSoC6\pdl\utilities\retarget_io/retarget.c ****         if ((char)ch == '\n')
  34:Generated_Source\PSoC6\pdl\utilities\retarget_io/retarget.c ****         {
  35:Generated_Source\PSoC6\pdl\utilities\retarget_io/retarget.c ****             STDIO_PutChar('\r');
  36:Generated_Source\PSoC6\pdl\utilities\retarget_io/retarget.c ****         }
  37:Generated_Source\PSoC6\pdl\utilities\retarget_io/retarget.c ****     #endif /* STDOUT_CR_LF != 0 */
  38:Generated_Source\PSoC6\pdl\utilities\retarget_io/retarget.c ****         STDIO_PutChar(ch);
  39:Generated_Source\PSoC6\pdl\utilities\retarget_io/retarget.c ****         return (ch);
  40:Generated_Source\PSoC6\pdl\utilities\retarget_io/retarget.c ****     }
  41:Generated_Source\PSoC6\pdl\utilities\retarget_io/retarget.c **** #elif defined (__ICCARM__) /* IAR */
  42:Generated_Source\PSoC6\pdl\utilities\retarget_io/retarget.c ****     #include <yfuns.h>
  43:Generated_Source\PSoC6\pdl\utilities\retarget_io/retarget.c **** 
  44:Generated_Source\PSoC6\pdl\utilities\retarget_io/retarget.c ****     /***************************************************************************
  45:Generated_Source\PSoC6\pdl\utilities\retarget_io/retarget.c ****     * Function Name: __write
  46:Generated_Source\PSoC6\pdl\utilities\retarget_io/retarget.c ****     ***************************************************************************/
  47:Generated_Source\PSoC6\pdl\utilities\retarget_io/retarget.c ****     __weak size_t __write(int handle, const unsigned char * buffer, size_t size)
  48:Generated_Source\PSoC6\pdl\utilities\retarget_io/retarget.c ****     {
  49:Generated_Source\PSoC6\pdl\utilities\retarget_io/retarget.c ****         size_t nChars = 0;
  50:Generated_Source\PSoC6\pdl\utilities\retarget_io/retarget.c ****         /* This template only writes to "standard out", for all other file
  51:Generated_Source\PSoC6\pdl\utilities\retarget_io/retarget.c ****         * handles it returns failure. */
  52:Generated_Source\PSoC6\pdl\utilities\retarget_io/retarget.c ****         if (handle != _LLIO_STDOUT)
  53:Generated_Source\PSoC6\pdl\utilities\retarget_io/retarget.c ****         {
  54:Generated_Source\PSoC6\pdl\utilities\retarget_io/retarget.c ****             return (_LLIO_ERROR);
  55:Generated_Source\PSoC6\pdl\utilities\retarget_io/retarget.c ****         }
  56:Generated_Source\PSoC6\pdl\utilities\retarget_io/retarget.c ****         if (buffer != NULL)
  57:Generated_Source\PSoC6\pdl\utilities\retarget_io/retarget.c ****         {
  58:Generated_Source\PSoC6\pdl\utilities\retarget_io/retarget.c ****             for (/* Empty */; nChars < size; ++nChars)
  59:Generated_Source\PSoC6\pdl\utilities\retarget_io/retarget.c ****             {
  60:Generated_Source\PSoC6\pdl\utilities\retarget_io/retarget.c ****             #if (STDOUT_CR_LF != 0)
  61:Generated_Source\PSoC6\pdl\utilities\retarget_io/retarget.c ****                 if(*buffer == '\n')
  62:Generated_Source\PSoC6\pdl\utilities\retarget_io/retarget.c ****                 {
  63:Generated_Source\PSoC6\pdl\utilities\retarget_io/retarget.c ****                     STDIO_PutChar('\r');
  64:Generated_Source\PSoC6\pdl\utilities\retarget_io/retarget.c ****                 }
  65:Generated_Source\PSoC6\pdl\utilities\retarget_io/retarget.c ****             #endif /* STDOUT_CR_LF != 0 */
  66:Generated_Source\PSoC6\pdl\utilities\retarget_io/retarget.c ****                 STDIO_PutChar(*buffer);
  67:Generated_Source\PSoC6\pdl\utilities\retarget_io/retarget.c ****                 ++buffer;
  68:Generated_Source\PSoC6\pdl\utilities\retarget_io/retarget.c ****             }
  69:Generated_Source\PSoC6\pdl\utilities\retarget_io/retarget.c ****         }
  70:Generated_Source\PSoC6\pdl\utilities\retarget_io/retarget.c ****         return (nChars);
  71:Generated_Source\PSoC6\pdl\utilities\retarget_io/retarget.c ****     }
  72:Generated_Source\PSoC6\pdl\utilities\retarget_io/retarget.c **** #else /* (__GNUC__)  GCC */    
  73:Generated_Source\PSoC6\pdl\utilities\retarget_io/retarget.c ****     /* Add an explicit reference to the floating point printf library to allow
  74:Generated_Source\PSoC6\pdl\utilities\retarget_io/retarget.c ****     the usage of floating point conversion specifier. */
  75:Generated_Source\PSoC6\pdl\utilities\retarget_io/retarget.c ****     __asm (".global _printf_float");
  76:Generated_Source\PSoC6\pdl\utilities\retarget_io/retarget.c ****     /***************************************************************************
  77:Generated_Source\PSoC6\pdl\utilities\retarget_io/retarget.c ****     * Function Name: _write
  78:Generated_Source\PSoC6\pdl\utilities\retarget_io/retarget.c ****     ***************************************************************************/
  79:Generated_Source\PSoC6\pdl\utilities\retarget_io/retarget.c ****     __attribute__((weak)) int _write (int fd, const char *ptr, int len)
  80:Generated_Source\PSoC6\pdl\utilities\retarget_io/retarget.c ****     {
  33              		.loc 1 80 0
  34              		.cfi_startproc
ARM GAS  C:\Users\Austina\AppData\Local\Temp\cc0YUwNf.s 			page 3


  35              		@ args = 0, pretend = 0, frame = 0
  36              		@ frame_needed = 0, uses_anonymous_args = 0
  37              	.LVL0:
  38 0000 70B5     		push	{r4, r5, r6, lr}
  39              		.cfi_def_cfa_offset 16
  40              		.cfi_offset 4, -16
  41              		.cfi_offset 5, -12
  42              		.cfi_offset 6, -8
  43              		.cfi_offset 14, -4
  44 0002 0D00     		movs	r5, r1
  45 0004 1600     		movs	r6, r2
  46              	.LVL1:
  81:Generated_Source\PSoC6\pdl\utilities\retarget_io/retarget.c ****         int nChars = 0;
  82:Generated_Source\PSoC6\pdl\utilities\retarget_io/retarget.c ****         (void)fd;
  83:Generated_Source\PSoC6\pdl\utilities\retarget_io/retarget.c ****         if (ptr != NULL)
  47              		.loc 1 83 0
  48 0006 0029     		cmp	r1, #0
  49 0008 07D1     		bne	.L5
  81:Generated_Source\PSoC6\pdl\utilities\retarget_io/retarget.c ****         int nChars = 0;
  50              		.loc 1 81 0
  51 000a 0024     		movs	r4, #0
  52 000c 08E0     		b	.L3
  53              	.LVL2:
  54              	.L4:
  84:Generated_Source\PSoC6\pdl\utilities\retarget_io/retarget.c ****         {
  85:Generated_Source\PSoC6\pdl\utilities\retarget_io/retarget.c ****             for (/* Empty */; nChars < len; ++nChars)
  86:Generated_Source\PSoC6\pdl\utilities\retarget_io/retarget.c ****             {
  87:Generated_Source\PSoC6\pdl\utilities\retarget_io/retarget.c ****             #if (STDOUT_CR_LF != 0)
  88:Generated_Source\PSoC6\pdl\utilities\retarget_io/retarget.c ****                 if(*ptr == '\n')
  89:Generated_Source\PSoC6\pdl\utilities\retarget_io/retarget.c ****                 {
  90:Generated_Source\PSoC6\pdl\utilities\retarget_io/retarget.c ****                     STDIO_PutChar('\r');
  91:Generated_Source\PSoC6\pdl\utilities\retarget_io/retarget.c ****                 }
  92:Generated_Source\PSoC6\pdl\utilities\retarget_io/retarget.c ****             #endif /* STDOUT_CR_LF != 0 */
  93:Generated_Source\PSoC6\pdl\utilities\retarget_io/retarget.c ****                 STDIO_PutChar((uint32_t)*ptr);
  55              		.loc 1 93 0 discriminator 2
  56 000e 2878     		ldrb	r0, [r5]
  57 0010 FFF7FEFF 		bl	STDIO_PutChar
  58              	.LVL3:
  94:Generated_Source\PSoC6\pdl\utilities\retarget_io/retarget.c ****                 ++ptr;
  59              		.loc 1 94 0 discriminator 2
  60 0014 0135     		adds	r5, r5, #1
  61              	.LVL4:
  85:Generated_Source\PSoC6\pdl\utilities\retarget_io/retarget.c ****             {
  62              		.loc 1 85 0 discriminator 2
  63 0016 0134     		adds	r4, r4, #1
  64              	.LVL5:
  65 0018 00E0     		b	.L2
  66              	.LVL6:
  67              	.L5:
  68 001a 0024     		movs	r4, #0
  69              	.LVL7:
  70              	.L2:
  85:Generated_Source\PSoC6\pdl\utilities\retarget_io/retarget.c ****             {
  71              		.loc 1 85 0 is_stmt 0 discriminator 1
  72 001c B442     		cmp	r4, r6
  73 001e F6DB     		blt	.L4
  74              	.LVL8:
ARM GAS  C:\Users\Austina\AppData\Local\Temp\cc0YUwNf.s 			page 4


  75              	.L3:
  95:Generated_Source\PSoC6\pdl\utilities\retarget_io/retarget.c ****             }
  96:Generated_Source\PSoC6\pdl\utilities\retarget_io/retarget.c ****         }
  97:Generated_Source\PSoC6\pdl\utilities\retarget_io/retarget.c ****         return (nChars);
  98:Generated_Source\PSoC6\pdl\utilities\retarget_io/retarget.c ****     }
  76              		.loc 1 98 0 is_stmt 1
  77 0020 2000     		movs	r0, r4
  78              		@ sp needed
  79              	.LVL9:
  80              	.LVL10:
  81              	.LVL11:
  82 0022 70BD     		pop	{r4, r5, r6, pc}
  83              		.cfi_endproc
  84              	.LFE622:
  85              		.size	_write, .-_write
  86              		.section	.text._read,"ax",%progbits
  87              		.align	2
  88              		.weak	_read
  89              		.code	16
  90              		.thumb_func
  91              		.type	_read, %function
  92              	_read:
  93              	.LFB623:
  99:Generated_Source\PSoC6\pdl\utilities\retarget_io/retarget.c **** #endif
 100:Generated_Source\PSoC6\pdl\utilities\retarget_io/retarget.c **** 
 101:Generated_Source\PSoC6\pdl\utilities\retarget_io/retarget.c **** #endif /* IO_STDOUT_ENABLE */
 102:Generated_Source\PSoC6\pdl\utilities\retarget_io/retarget.c **** 
 103:Generated_Source\PSoC6\pdl\utilities\retarget_io/retarget.c **** #if defined(IO_STDIN_ENABLE)
 104:Generated_Source\PSoC6\pdl\utilities\retarget_io/retarget.c **** 
 105:Generated_Source\PSoC6\pdl\utilities\retarget_io/retarget.c **** #if defined(__ARMCC_VERSION) /* ARM-MDK */
 106:Generated_Source\PSoC6\pdl\utilities\retarget_io/retarget.c ****     /***************************************************************************
 107:Generated_Source\PSoC6\pdl\utilities\retarget_io/retarget.c ****     * Function Name: fgetc
 108:Generated_Source\PSoC6\pdl\utilities\retarget_io/retarget.c ****     ***************************************************************************/
 109:Generated_Source\PSoC6\pdl\utilities\retarget_io/retarget.c ****     __attribute__((weak)) int fgetc(FILE *f) 
 110:Generated_Source\PSoC6\pdl\utilities\retarget_io/retarget.c ****     {
 111:Generated_Source\PSoC6\pdl\utilities\retarget_io/retarget.c ****         (void)f;
 112:Generated_Source\PSoC6\pdl\utilities\retarget_io/retarget.c ****         return (STDIO_GetChar());
 113:Generated_Source\PSoC6\pdl\utilities\retarget_io/retarget.c ****     }
 114:Generated_Source\PSoC6\pdl\utilities\retarget_io/retarget.c **** #elif defined (__ICCARM__) /* IAR */
 115:Generated_Source\PSoC6\pdl\utilities\retarget_io/retarget.c ****     __weak size_t __read(int handle, unsigned char * buffer, size_t size)
 116:Generated_Source\PSoC6\pdl\utilities\retarget_io/retarget.c ****     {
 117:Generated_Source\PSoC6\pdl\utilities\retarget_io/retarget.c ****         /* This template only reads from "standard in", for all other file
 118:Generated_Source\PSoC6\pdl\utilities\retarget_io/retarget.c ****         handles it returns failure. */
 119:Generated_Source\PSoC6\pdl\utilities\retarget_io/retarget.c ****         if ((handle != _LLIO_STDIN) || (buffer == NULL))
 120:Generated_Source\PSoC6\pdl\utilities\retarget_io/retarget.c ****         {
 121:Generated_Source\PSoC6\pdl\utilities\retarget_io/retarget.c ****             return (_LLIO_ERROR);
 122:Generated_Source\PSoC6\pdl\utilities\retarget_io/retarget.c ****         }
 123:Generated_Source\PSoC6\pdl\utilities\retarget_io/retarget.c ****         else
 124:Generated_Source\PSoC6\pdl\utilities\retarget_io/retarget.c ****         {
 125:Generated_Source\PSoC6\pdl\utilities\retarget_io/retarget.c ****             *buffer = STDIO_GetChar();
 126:Generated_Source\PSoC6\pdl\utilities\retarget_io/retarget.c ****             return (1);
 127:Generated_Source\PSoC6\pdl\utilities\retarget_io/retarget.c ****         }
 128:Generated_Source\PSoC6\pdl\utilities\retarget_io/retarget.c ****     }
 129:Generated_Source\PSoC6\pdl\utilities\retarget_io/retarget.c **** #else /* (__GNUC__)  GCC */
 130:Generated_Source\PSoC6\pdl\utilities\retarget_io/retarget.c ****     /* Add an explicit reference to the floating point scanf library to allow
 131:Generated_Source\PSoC6\pdl\utilities\retarget_io/retarget.c ****     the usage of floating point conversion specifier. */
 132:Generated_Source\PSoC6\pdl\utilities\retarget_io/retarget.c ****     __asm (".global _scanf_float");
ARM GAS  C:\Users\Austina\AppData\Local\Temp\cc0YUwNf.s 			page 5


 133:Generated_Source\PSoC6\pdl\utilities\retarget_io/retarget.c ****     __attribute__((weak)) int _read (int fd, char *ptr, int len)
 134:Generated_Source\PSoC6\pdl\utilities\retarget_io/retarget.c ****     {
  94              		.loc 1 134 0
  95              		.cfi_startproc
  96              		@ args = 0, pretend = 0, frame = 0
  97              		@ frame_needed = 0, uses_anonymous_args = 0
  98              	.LVL12:
  99 0000 70B5     		push	{r4, r5, r6, lr}
 100              		.cfi_def_cfa_offset 16
 101              		.cfi_offset 4, -16
 102              		.cfi_offset 5, -12
 103              		.cfi_offset 6, -8
 104              		.cfi_offset 14, -4
 105 0002 0D00     		movs	r5, r1
 106 0004 1600     		movs	r6, r2
 107              	.LVL13:
 135:Generated_Source\PSoC6\pdl\utilities\retarget_io/retarget.c ****         int nChars = 0;
 136:Generated_Source\PSoC6\pdl\utilities\retarget_io/retarget.c ****         (void)fd;
 137:Generated_Source\PSoC6\pdl\utilities\retarget_io/retarget.c ****         if (ptr != NULL)
 108              		.loc 1 137 0
 109 0006 0029     		cmp	r1, #0
 110 0008 0AD1     		bne	.L10
 135:Generated_Source\PSoC6\pdl\utilities\retarget_io/retarget.c ****         int nChars = 0;
 111              		.loc 1 135 0
 112 000a 0024     		movs	r4, #0
 113 000c 0BE0     		b	.L8
 114              	.LVL14:
 115              	.L9:
 138:Generated_Source\PSoC6\pdl\utilities\retarget_io/retarget.c ****         {
 139:Generated_Source\PSoC6\pdl\utilities\retarget_io/retarget.c ****             for(/* Empty */;nChars < len;++ptr)
 140:Generated_Source\PSoC6\pdl\utilities\retarget_io/retarget.c ****             {
 141:Generated_Source\PSoC6\pdl\utilities\retarget_io/retarget.c ****                 *ptr = (char)STDIO_GetChar();
 116              		.loc 1 141 0
 117 000e FFF7FEFF 		bl	STDIO_GetChar
 118              	.LVL15:
 119 0012 C0B2     		uxtb	r0, r0
 120 0014 2870     		strb	r0, [r5]
 142:Generated_Source\PSoC6\pdl\utilities\retarget_io/retarget.c ****                 ++nChars;
 121              		.loc 1 142 0
 122 0016 0134     		adds	r4, r4, #1
 123              	.LVL16:
 143:Generated_Source\PSoC6\pdl\utilities\retarget_io/retarget.c ****                 if(*ptr == '\n')
 124              		.loc 1 143 0
 125 0018 0A28     		cmp	r0, #10
 126 001a 04D0     		beq	.L8
 139:Generated_Source\PSoC6\pdl\utilities\retarget_io/retarget.c ****             {
 127              		.loc 1 139 0
 128 001c 0135     		adds	r5, r5, #1
 129              	.LVL17:
 130 001e 00E0     		b	.L7
 131              	.LVL18:
 132              	.L10:
 133 0020 0024     		movs	r4, #0
 134              	.LVL19:
 135              	.L7:
 139:Generated_Source\PSoC6\pdl\utilities\retarget_io/retarget.c ****             {
 136              		.loc 1 139 0 is_stmt 0 discriminator 1
ARM GAS  C:\Users\Austina\AppData\Local\Temp\cc0YUwNf.s 			page 6


 137 0022 B442     		cmp	r4, r6
 138 0024 F3DB     		blt	.L9
 139              	.LVL20:
 140              	.L8:
 144:Generated_Source\PSoC6\pdl\utilities\retarget_io/retarget.c ****                 {
 145:Generated_Source\PSoC6\pdl\utilities\retarget_io/retarget.c ****                     break;
 146:Generated_Source\PSoC6\pdl\utilities\retarget_io/retarget.c ****                 }
 147:Generated_Source\PSoC6\pdl\utilities\retarget_io/retarget.c ****             }
 148:Generated_Source\PSoC6\pdl\utilities\retarget_io/retarget.c ****         }
 149:Generated_Source\PSoC6\pdl\utilities\retarget_io/retarget.c ****         return (nChars);
 150:Generated_Source\PSoC6\pdl\utilities\retarget_io/retarget.c ****     }
 141              		.loc 1 150 0 is_stmt 1
 142 0026 2000     		movs	r0, r4
 143              		@ sp needed
 144              	.LVL21:
 145              	.LVL22:
 146              	.LVL23:
 147 0028 70BD     		pop	{r4, r5, r6, pc}
 148              		.cfi_endproc
 149              	.LFE623:
 150              		.size	_read, .-_read
 151 002a C046     		.text
 152              	.Letext0:
 153              		.file 2 "c:\\program files (x86)\\cypress\\psoc creator\\4.2\\psoc creator\\import\\gnu\\arm\\5.4.
 154              		.file 3 "c:\\program files (x86)\\cypress\\psoc creator\\4.2\\psoc creator\\import\\gnu\\arm\\5.4.
 155              		.file 4 "Generated_Source\\PSoC6\\pdl\\drivers/peripheral/tcpwm/cy_tcpwm_pwm.h"
 156              		.file 5 "Generated_Source\\PSoC6\\pdl\\drivers/peripheral/scb/cy_scb_i2c.h"
 157              		.file 6 "Generated_Source\\PSoC6\\pdl\\drivers/peripheral/scb/cy_scb_ezi2c.h"
 158              		.file 7 "Generated_Source\\PSoC6\\pdl\\drivers/peripheral/scb/cy_scb_uart.h"
 159              		.file 8 "Generated_Source\\PSoC6/UART.h"
 160              		.file 9 "Generated_Source\\PSoC6/PWM_1.h"
 161              		.file 10 "Generated_Source\\PSoC6/PWM_RED.h"
 162              		.file 11 "Generated_Source\\PSoC6/EZI2C.h"
 163              		.file 12 "Generated_Source\\PSoC6/LEDBlink.h"
 164              		.file 13 "Generated_Source\\PSoC6/PWM_2.h"
 165              		.file 14 "Generated_Source\\PSoC6/Dimmer.h"
 166              		.file 15 "Generated_Source\\PSoC6/I2C_ARD.h"
 167              		.file 16 "./stdio_user.h"
 168              		.section	.debug_info,"",%progbits
 169              	.Ldebug_info0:
 170 0000 25070000 		.4byte	0x725
 171 0004 0400     		.2byte	0x4
 172 0006 00000000 		.4byte	.Ldebug_abbrev0
 173 000a 04       		.byte	0x4
 174 000b 01       		.uleb128 0x1
 175 000c DD050000 		.4byte	.LASF131
 176 0010 0C       		.byte	0xc
 177 0011 13080000 		.4byte	.LASF132
 178 0015 6F000000 		.4byte	.LASF133
 179 0019 00000000 		.4byte	.Ldebug_ranges0+0
 180 001d 00000000 		.4byte	0
 181 0021 00000000 		.4byte	.Ldebug_line0
 182 0025 02       		.uleb128 0x2
 183 0026 01       		.byte	0x1
 184 0027 06       		.byte	0x6
 185 0028 A0010000 		.4byte	.LASF0
 186 002c 03       		.uleb128 0x3
ARM GAS  C:\Users\Austina\AppData\Local\Temp\cc0YUwNf.s 			page 7


 187 002d C7000000 		.4byte	.LASF5
 188 0031 02       		.byte	0x2
 189 0032 1D       		.byte	0x1d
 190 0033 37000000 		.4byte	0x37
 191 0037 02       		.uleb128 0x2
 192 0038 01       		.byte	0x1
 193 0039 08       		.byte	0x8
 194 003a 00050000 		.4byte	.LASF1
 195 003e 02       		.uleb128 0x2
 196 003f 02       		.byte	0x2
 197 0040 05       		.byte	0x5
 198 0041 0E050000 		.4byte	.LASF2
 199 0045 02       		.uleb128 0x2
 200 0046 02       		.byte	0x2
 201 0047 07       		.byte	0x7
 202 0048 69030000 		.4byte	.LASF3
 203 004c 02       		.uleb128 0x2
 204 004d 04       		.byte	0x4
 205 004e 05       		.byte	0x5
 206 004f 4D020000 		.4byte	.LASF4
 207 0053 03       		.uleb128 0x3
 208 0054 C6020000 		.4byte	.LASF6
 209 0058 02       		.byte	0x2
 210 0059 41       		.byte	0x41
 211 005a 5E000000 		.4byte	0x5e
 212 005e 02       		.uleb128 0x2
 213 005f 04       		.byte	0x4
 214 0060 07       		.byte	0x7
 215 0061 10030000 		.4byte	.LASF7
 216 0065 02       		.uleb128 0x2
 217 0066 08       		.byte	0x8
 218 0067 05       		.byte	0x5
 219 0068 92010000 		.4byte	.LASF8
 220 006c 02       		.uleb128 0x2
 221 006d 08       		.byte	0x8
 222 006e 07       		.byte	0x7
 223 006f EB000000 		.4byte	.LASF9
 224 0073 04       		.uleb128 0x4
 225 0074 04       		.byte	0x4
 226 0075 05       		.byte	0x5
 227 0076 696E7400 		.ascii	"int\000"
 228 007a 02       		.uleb128 0x2
 229 007b 04       		.byte	0x4
 230 007c 07       		.byte	0x7
 231 007d EA020000 		.4byte	.LASF10
 232 0081 02       		.uleb128 0x2
 233 0082 08       		.byte	0x8
 234 0083 04       		.byte	0x4
 235 0084 78060000 		.4byte	.LASF11
 236 0088 05       		.uleb128 0x5
 237 0089 04       		.byte	0x4
 238 008a 02       		.uleb128 0x2
 239 008b 04       		.byte	0x4
 240 008c 07       		.byte	0x7
 241 008d 1F040000 		.4byte	.LASF12
 242 0091 06       		.uleb128 0x6
 243 0092 04       		.byte	0x4
ARM GAS  C:\Users\Austina\AppData\Local\Temp\cc0YUwNf.s 			page 8


 244 0093 97000000 		.4byte	0x97
 245 0097 02       		.uleb128 0x2
 246 0098 01       		.byte	0x1
 247 0099 08       		.byte	0x8
 248 009a 8F060000 		.4byte	.LASF13
 249 009e 06       		.uleb128 0x6
 250 009f 04       		.byte	0x4
 251 00a0 A4000000 		.4byte	0xa4
 252 00a4 07       		.uleb128 0x7
 253 00a5 97000000 		.4byte	0x97
 254 00a9 03       		.uleb128 0x3
 255 00aa A1070000 		.4byte	.LASF14
 256 00ae 03       		.byte	0x3
 257 00af 18       		.byte	0x18
 258 00b0 2C000000 		.4byte	0x2c
 259 00b4 03       		.uleb128 0x3
 260 00b5 BF050000 		.4byte	.LASF15
 261 00b9 03       		.byte	0x3
 262 00ba 30       		.byte	0x30
 263 00bb 53000000 		.4byte	0x53
 264 00bf 08       		.uleb128 0x8
 265 00c0 B4000000 		.4byte	0xb4
 266 00c4 02       		.uleb128 0x2
 267 00c5 04       		.byte	0x4
 268 00c6 04       		.byte	0x4
 269 00c7 B6040000 		.4byte	.LASF16
 270 00cb 02       		.uleb128 0x2
 271 00cc 08       		.byte	0x8
 272 00cd 04       		.byte	0x4
 273 00ce 89020000 		.4byte	.LASF17
 274 00d2 02       		.uleb128 0x2
 275 00d3 01       		.byte	0x1
 276 00d4 02       		.byte	0x2
 277 00d5 FA040000 		.4byte	.LASF18
 278 00d9 09       		.uleb128 0x9
 279 00da A7050000 		.4byte	.LASF50
 280 00de 64       		.byte	0x64
 281 00df 04       		.byte	0x4
 282 00e0 2B       		.byte	0x2b
 283 00e1 12020000 		.4byte	0x212
 284 00e5 0A       		.uleb128 0xa
 285 00e6 AE040000 		.4byte	.LASF19
 286 00ea 04       		.byte	0x4
 287 00eb 2D       		.byte	0x2d
 288 00ec B4000000 		.4byte	0xb4
 289 00f0 00       		.byte	0
 290 00f1 0A       		.uleb128 0xa
 291 00f2 02010000 		.4byte	.LASF20
 292 00f6 04       		.byte	0x4
 293 00f7 2F       		.byte	0x2f
 294 00f8 B4000000 		.4byte	0xb4
 295 00fc 04       		.byte	0x4
 296 00fd 0A       		.uleb128 0xa
 297 00fe 18050000 		.4byte	.LASF21
 298 0102 04       		.byte	0x4
 299 0103 30       		.byte	0x30
 300 0104 B4000000 		.4byte	0xb4
ARM GAS  C:\Users\Austina\AppData\Local\Temp\cc0YUwNf.s 			page 9


 301 0108 08       		.byte	0x8
 302 0109 0A       		.uleb128 0xa
 303 010a D9030000 		.4byte	.LASF22
 304 010e 04       		.byte	0x4
 305 010f 31       		.byte	0x31
 306 0110 B4000000 		.4byte	0xb4
 307 0114 0C       		.byte	0xc
 308 0115 0A       		.uleb128 0xa
 309 0116 00000000 		.4byte	.LASF23
 310 011a 04       		.byte	0x4
 311 011b 32       		.byte	0x32
 312 011c B4000000 		.4byte	0xb4
 313 0120 10       		.byte	0x10
 314 0121 0A       		.uleb128 0xa
 315 0122 2D070000 		.4byte	.LASF24
 316 0126 04       		.byte	0x4
 317 0127 33       		.byte	0x33
 318 0128 B4000000 		.4byte	0xb4
 319 012c 14       		.byte	0x14
 320 012d 0A       		.uleb128 0xa
 321 012e 35070000 		.4byte	.LASF25
 322 0132 04       		.byte	0x4
 323 0133 34       		.byte	0x34
 324 0134 B4000000 		.4byte	0xb4
 325 0138 18       		.byte	0x18
 326 0139 0A       		.uleb128 0xa
 327 013a 50050000 		.4byte	.LASF26
 328 013e 04       		.byte	0x4
 329 013f 35       		.byte	0x35
 330 0140 D2000000 		.4byte	0xd2
 331 0144 1C       		.byte	0x1c
 332 0145 0A       		.uleb128 0xa
 333 0146 6F060000 		.4byte	.LASF27
 334 014a 04       		.byte	0x4
 335 014b 36       		.byte	0x36
 336 014c B4000000 		.4byte	0xb4
 337 0150 20       		.byte	0x20
 338 0151 0A       		.uleb128 0xa
 339 0152 3D070000 		.4byte	.LASF28
 340 0156 04       		.byte	0x4
 341 0157 37       		.byte	0x37
 342 0158 B4000000 		.4byte	0xb4
 343 015c 24       		.byte	0x24
 344 015d 0A       		.uleb128 0xa
 345 015e 22030000 		.4byte	.LASF29
 346 0162 04       		.byte	0x4
 347 0163 38       		.byte	0x38
 348 0164 D2000000 		.4byte	0xd2
 349 0168 28       		.byte	0x28
 350 0169 0A       		.uleb128 0xa
 351 016a 65040000 		.4byte	.LASF30
 352 016e 04       		.byte	0x4
 353 016f 3A       		.byte	0x3a
 354 0170 B4000000 		.4byte	0xb4
 355 0174 2C       		.byte	0x2c
 356 0175 0A       		.uleb128 0xa
 357 0176 CC030000 		.4byte	.LASF31
ARM GAS  C:\Users\Austina\AppData\Local\Temp\cc0YUwNf.s 			page 10


 358 017a 04       		.byte	0x4
 359 017b 3B       		.byte	0x3b
 360 017c B4000000 		.4byte	0xb4
 361 0180 30       		.byte	0x30
 362 0181 0A       		.uleb128 0xa
 363 0182 93070000 		.4byte	.LASF32
 364 0186 04       		.byte	0x4
 365 0187 3C       		.byte	0x3c
 366 0188 B4000000 		.4byte	0xb4
 367 018c 34       		.byte	0x34
 368 018d 0A       		.uleb128 0xa
 369 018e CB040000 		.4byte	.LASF33
 370 0192 04       		.byte	0x4
 371 0193 3D       		.byte	0x3d
 372 0194 B4000000 		.4byte	0xb4
 373 0198 38       		.byte	0x38
 374 0199 0A       		.uleb128 0xa
 375 019a 5B030000 		.4byte	.LASF34
 376 019e 04       		.byte	0x4
 377 019f 3E       		.byte	0x3e
 378 01a0 B4000000 		.4byte	0xb4
 379 01a4 3C       		.byte	0x3c
 380 01a5 0A       		.uleb128 0xa
 381 01a6 7D050000 		.4byte	.LASF35
 382 01aa 04       		.byte	0x4
 383 01ab 40       		.byte	0x40
 384 01ac B4000000 		.4byte	0xb4
 385 01b0 40       		.byte	0x40
 386 01b1 0A       		.uleb128 0xa
 387 01b2 DE070000 		.4byte	.LASF36
 388 01b6 04       		.byte	0x4
 389 01b7 41       		.byte	0x41
 390 01b8 B4000000 		.4byte	0xb4
 391 01bc 44       		.byte	0x44
 392 01bd 0A       		.uleb128 0xa
 393 01be CC060000 		.4byte	.LASF37
 394 01c2 04       		.byte	0x4
 395 01c3 43       		.byte	0x43
 396 01c4 B4000000 		.4byte	0xb4
 397 01c8 48       		.byte	0x48
 398 01c9 0A       		.uleb128 0xa
 399 01ca 1E070000 		.4byte	.LASF38
 400 01ce 04       		.byte	0x4
 401 01cf 44       		.byte	0x44
 402 01d0 B4000000 		.4byte	0xb4
 403 01d4 4C       		.byte	0x4c
 404 01d5 0A       		.uleb128 0xa
 405 01d6 7E020000 		.4byte	.LASF39
 406 01da 04       		.byte	0x4
 407 01db 46       		.byte	0x46
 408 01dc B4000000 		.4byte	0xb4
 409 01e0 50       		.byte	0x50
 410 01e1 0A       		.uleb128 0xa
 411 01e2 94030000 		.4byte	.LASF40
 412 01e6 04       		.byte	0x4
 413 01e7 47       		.byte	0x47
 414 01e8 B4000000 		.4byte	0xb4
ARM GAS  C:\Users\Austina\AppData\Local\Temp\cc0YUwNf.s 			page 11


 415 01ec 54       		.byte	0x54
 416 01ed 0A       		.uleb128 0xa
 417 01ee 65000000 		.4byte	.LASF41
 418 01f2 04       		.byte	0x4
 419 01f3 49       		.byte	0x49
 420 01f4 B4000000 		.4byte	0xb4
 421 01f8 58       		.byte	0x58
 422 01f9 0A       		.uleb128 0xa
 423 01fa F6030000 		.4byte	.LASF42
 424 01fe 04       		.byte	0x4
 425 01ff 4A       		.byte	0x4a
 426 0200 B4000000 		.4byte	0xb4
 427 0204 5C       		.byte	0x5c
 428 0205 0A       		.uleb128 0xa
 429 0206 84060000 		.4byte	.LASF43
 430 020a 04       		.byte	0x4
 431 020b 4C       		.byte	0x4c
 432 020c B4000000 		.4byte	0xb4
 433 0210 60       		.byte	0x60
 434 0211 00       		.byte	0
 435 0212 03       		.uleb128 0x3
 436 0213 2B000000 		.4byte	.LASF44
 437 0217 04       		.byte	0x4
 438 0218 4D       		.byte	0x4d
 439 0219 D9000000 		.4byte	0xd9
 440 021d 0B       		.uleb128 0xb
 441 021e 01       		.byte	0x1
 442 021f 37000000 		.4byte	0x37
 443 0223 05       		.byte	0x5
 444 0224 DE01     		.2byte	0x1de
 445 0226 37020000 		.4byte	0x237
 446 022a 0C       		.uleb128 0xc
 447 022b AF060000 		.4byte	.LASF45
 448 022f 00       		.byte	0
 449 0230 0C       		.uleb128 0xc
 450 0231 62020000 		.4byte	.LASF46
 451 0235 01       		.byte	0x1
 452 0236 00       		.byte	0
 453 0237 0D       		.uleb128 0xd
 454 0238 7B070000 		.4byte	.LASF47
 455 023c 05       		.byte	0x5
 456 023d E101     		.2byte	0x1e1
 457 023f 1D020000 		.4byte	0x21d
 458 0243 0D       		.uleb128 0xd
 459 0244 2F020000 		.4byte	.LASF48
 460 0248 05       		.byte	0x5
 461 0249 F301     		.2byte	0x1f3
 462 024b 4F020000 		.4byte	0x24f
 463 024f 06       		.uleb128 0x6
 464 0250 04       		.byte	0x4
 465 0251 55020000 		.4byte	0x255
 466 0255 0E       		.uleb128 0xe
 467 0256 60020000 		.4byte	0x260
 468 025a 0F       		.uleb128 0xf
 469 025b B4000000 		.4byte	0xb4
 470 025f 00       		.byte	0
 471 0260 0D       		.uleb128 0xd
ARM GAS  C:\Users\Austina\AppData\Local\Temp\cc0YUwNf.s 			page 12


 472 0261 61050000 		.4byte	.LASF49
 473 0265 05       		.byte	0x5
 474 0266 FE01     		.2byte	0x1fe
 475 0268 6C020000 		.4byte	0x26c
 476 026c 06       		.uleb128 0x6
 477 026d 04       		.byte	0x4
 478 026e 72020000 		.4byte	0x272
 479 0272 10       		.uleb128 0x10
 480 0273 37020000 		.4byte	0x237
 481 0277 81020000 		.4byte	0x281
 482 027b 0F       		.uleb128 0xf
 483 027c B4000000 		.4byte	0xb4
 484 0280 00       		.byte	0
 485 0281 11       		.uleb128 0x11
 486 0282 7B010000 		.4byte	.LASF51
 487 0286 4C       		.byte	0x4c
 488 0287 05       		.byte	0x5
 489 0288 6502     		.2byte	0x265
 490 028a A0030000 		.4byte	0x3a0
 491 028e 12       		.uleb128 0x12
 492 028f 14070000 		.4byte	.LASF52
 493 0293 05       		.byte	0x5
 494 0294 6802     		.2byte	0x268
 495 0296 D2000000 		.4byte	0xd2
 496 029a 00       		.byte	0
 497 029b 12       		.uleb128 0x12
 498 029c 51030000 		.4byte	.LASF53
 499 02a0 05       		.byte	0x5
 500 02a1 6902     		.2byte	0x269
 501 02a3 D2000000 		.4byte	0xd2
 502 02a7 01       		.byte	0x1
 503 02a8 12       		.uleb128 0x12
 504 02a9 29020000 		.4byte	.LASF54
 505 02ad 05       		.byte	0x5
 506 02ae 6B02     		.2byte	0x26b
 507 02b0 BF000000 		.4byte	0xbf
 508 02b4 04       		.byte	0x4
 509 02b5 12       		.uleb128 0x12
 510 02b6 2B010000 		.4byte	.LASF55
 511 02ba 05       		.byte	0x5
 512 02bb 6D02     		.2byte	0x26d
 513 02bd BF000000 		.4byte	0xbf
 514 02c1 08       		.byte	0x8
 515 02c2 12       		.uleb128 0x12
 516 02c3 44050000 		.4byte	.LASF56
 517 02c7 05       		.byte	0x5
 518 02c8 6E02     		.2byte	0x26e
 519 02ca D2000000 		.4byte	0xd2
 520 02ce 0C       		.byte	0xc
 521 02cf 12       		.uleb128 0x12
 522 02d0 56020000 		.4byte	.LASF57
 523 02d4 05       		.byte	0x5
 524 02d5 6F02     		.2byte	0x26f
 525 02d7 D2000000 		.4byte	0xd2
 526 02db 0D       		.byte	0xd
 527 02dc 12       		.uleb128 0x12
 528 02dd B6070000 		.4byte	.LASF58
ARM GAS  C:\Users\Austina\AppData\Local\Temp\cc0YUwNf.s 			page 13


 529 02e1 05       		.byte	0x5
 530 02e2 7102     		.2byte	0x271
 531 02e4 A0030000 		.4byte	0x3a0
 532 02e8 10       		.byte	0x10
 533 02e9 12       		.uleb128 0x12
 534 02ea 25050000 		.4byte	.LASF59
 535 02ee 05       		.byte	0x5
 536 02ef 7202     		.2byte	0x272
 537 02f1 B4000000 		.4byte	0xb4
 538 02f5 14       		.byte	0x14
 539 02f6 12       		.uleb128 0x12
 540 02f7 28040000 		.4byte	.LASF60
 541 02fb 05       		.byte	0x5
 542 02fc 7302     		.2byte	0x273
 543 02fe BF000000 		.4byte	0xbf
 544 0302 18       		.byte	0x18
 545 0303 12       		.uleb128 0x12
 546 0304 87050000 		.4byte	.LASF61
 547 0308 05       		.byte	0x5
 548 0309 7402     		.2byte	0x274
 549 030b BF000000 		.4byte	0xbf
 550 030f 1C       		.byte	0x1c
 551 0310 12       		.uleb128 0x12
 552 0311 D1000000 		.4byte	.LASF62
 553 0315 05       		.byte	0x5
 554 0316 7602     		.2byte	0x276
 555 0318 BF000000 		.4byte	0xbf
 556 031c 20       		.byte	0x20
 557 031d 12       		.uleb128 0x12
 558 031e 4F080000 		.4byte	.LASF63
 559 0322 05       		.byte	0x5
 560 0323 7702     		.2byte	0x277
 561 0325 A6030000 		.4byte	0x3a6
 562 0329 24       		.byte	0x24
 563 032a 12       		.uleb128 0x12
 564 032b 54070000 		.4byte	.LASF64
 565 032f 05       		.byte	0x5
 566 0330 7902     		.2byte	0x279
 567 0332 A0030000 		.4byte	0x3a0
 568 0336 28       		.byte	0x28
 569 0337 12       		.uleb128 0x12
 570 0338 62070000 		.4byte	.LASF65
 571 033c 05       		.byte	0x5
 572 033d 7A02     		.2byte	0x27a
 573 033f B4000000 		.4byte	0xb4
 574 0343 2C       		.byte	0x2c
 575 0344 12       		.uleb128 0x12
 576 0345 F7020000 		.4byte	.LASF66
 577 0349 05       		.byte	0x5
 578 034a 7B02     		.2byte	0x27b
 579 034c BF000000 		.4byte	0xbf
 580 0350 30       		.byte	0x30
 581 0351 12       		.uleb128 0x12
 582 0352 96050000 		.4byte	.LASF67
 583 0356 05       		.byte	0x5
 584 0357 7C02     		.2byte	0x27c
 585 0359 BF000000 		.4byte	0xbf
ARM GAS  C:\Users\Austina\AppData\Local\Temp\cc0YUwNf.s 			page 14


 586 035d 34       		.byte	0x34
 587 035e 12       		.uleb128 0x12
 588 035f 05040000 		.4byte	.LASF68
 589 0363 05       		.byte	0x5
 590 0364 7E02     		.2byte	0x27e
 591 0366 A0030000 		.4byte	0x3a0
 592 036a 38       		.byte	0x38
 593 036b 12       		.uleb128 0x12
 594 036c E5010000 		.4byte	.LASF69
 595 0370 05       		.byte	0x5
 596 0371 7F02     		.2byte	0x27f
 597 0373 B4000000 		.4byte	0xb4
 598 0377 3C       		.byte	0x3c
 599 0378 12       		.uleb128 0x12
 600 0379 6A010000 		.4byte	.LASF70
 601 037d 05       		.byte	0x5
 602 037e 8002     		.2byte	0x280
 603 0380 BF000000 		.4byte	0xbf
 604 0384 40       		.byte	0x40
 605 0385 12       		.uleb128 0x12
 606 0386 A2030000 		.4byte	.LASF71
 607 038a 05       		.byte	0x5
 608 038b 8602     		.2byte	0x286
 609 038d 43020000 		.4byte	0x243
 610 0391 44       		.byte	0x44
 611 0392 12       		.uleb128 0x12
 612 0393 BF020000 		.4byte	.LASF72
 613 0397 05       		.byte	0x5
 614 0398 8D02     		.2byte	0x28d
 615 039a 60020000 		.4byte	0x260
 616 039e 48       		.byte	0x48
 617 039f 00       		.byte	0
 618 03a0 06       		.uleb128 0x6
 619 03a1 04       		.byte	0x4
 620 03a2 A9000000 		.4byte	0xa9
 621 03a6 08       		.uleb128 0x8
 622 03a7 D2000000 		.4byte	0xd2
 623 03ab 0D       		.uleb128 0xd
 624 03ac 09020000 		.4byte	.LASF73
 625 03b0 05       		.byte	0x5
 626 03b1 9002     		.2byte	0x290
 627 03b3 81020000 		.4byte	0x281
 628 03b7 0B       		.uleb128 0xb
 629 03b8 01       		.byte	0x1
 630 03b9 37000000 		.4byte	0x37
 631 03bd 06       		.byte	0x6
 632 03be 2A01     		.2byte	0x12a
 633 03c0 D1030000 		.4byte	0x3d1
 634 03c4 0C       		.uleb128 0xc
 635 03c5 47010000 		.4byte	.LASF74
 636 03c9 00       		.byte	0
 637 03ca 0C       		.uleb128 0xc
 638 03cb F7060000 		.4byte	.LASF75
 639 03cf 01       		.byte	0x1
 640 03d0 00       		.byte	0
 641 03d1 0D       		.uleb128 0xd
 642 03d2 45000000 		.4byte	.LASF76
ARM GAS  C:\Users\Austina\AppData\Local\Temp\cc0YUwNf.s 			page 15


 643 03d6 06       		.byte	0x6
 644 03d7 2D01     		.2byte	0x12d
 645 03d9 B7030000 		.4byte	0x3b7
 646 03dd 0B       		.uleb128 0xb
 647 03de 01       		.byte	0x1
 648 03df 37000000 		.4byte	0x37
 649 03e3 06       		.byte	0x6
 650 03e4 3201     		.2byte	0x132
 651 03e6 15040000 		.4byte	0x415
 652 03ea 0C       		.uleb128 0xc
 653 03eb 44040000 		.4byte	.LASF77
 654 03ef 00       		.byte	0
 655 03f0 0C       		.uleb128 0xc
 656 03f1 7C030000 		.4byte	.LASF78
 657 03f5 01       		.byte	0x1
 658 03f6 0C       		.uleb128 0xc
 659 03f7 9E020000 		.4byte	.LASF79
 660 03fb 02       		.byte	0x2
 661 03fc 0C       		.uleb128 0xc
 662 03fd AB030000 		.4byte	.LASF80
 663 0401 03       		.byte	0x3
 664 0402 0C       		.uleb128 0xc
 665 0403 76040000 		.4byte	.LASF81
 666 0407 04       		.byte	0x4
 667 0408 0C       		.uleb128 0xc
 668 0409 92040000 		.4byte	.LASF82
 669 040d 05       		.byte	0x5
 670 040e 0C       		.uleb128 0xc
 671 040f 94060000 		.4byte	.LASF83
 672 0413 06       		.byte	0x6
 673 0414 00       		.byte	0
 674 0415 0D       		.uleb128 0xd
 675 0416 D4040000 		.4byte	.LASF84
 676 041a 06       		.byte	0x6
 677 041b 3A01     		.2byte	0x13a
 678 041d DD030000 		.4byte	0x3dd
 679 0421 11       		.uleb128 0x11
 680 0422 08000000 		.4byte	.LASF85
 681 0426 3C       		.byte	0x3c
 682 0427 06       		.byte	0x6
 683 0428 6601     		.2byte	0x166
 684 042a 0C050000 		.4byte	0x50c
 685 042e 12       		.uleb128 0x12
 686 042f 29020000 		.4byte	.LASF54
 687 0433 06       		.byte	0x6
 688 0434 6901     		.2byte	0x169
 689 0436 0C050000 		.4byte	0x50c
 690 043a 00       		.byte	0
 691 043b 12       		.uleb128 0x12
 692 043c 74070000 		.4byte	.LASF86
 693 0440 06       		.byte	0x6
 694 0441 6A01     		.2byte	0x16a
 695 0443 BF000000 		.4byte	0xbf
 696 0447 04       		.byte	0x4
 697 0448 12       		.uleb128 0x12
 698 0449 F7010000 		.4byte	.LASF87
 699 044d 06       		.byte	0x6
ARM GAS  C:\Users\Austina\AppData\Local\Temp\cc0YUwNf.s 			page 16


 700 044e 6C01     		.2byte	0x16c
 701 0450 A9000000 		.4byte	0xa9
 702 0454 08       		.byte	0x8
 703 0455 12       		.uleb128 0x12
 704 0456 00020000 		.4byte	.LASF88
 705 045a 06       		.byte	0x6
 706 045b 6D01     		.2byte	0x16d
 707 045d A9000000 		.4byte	0xa9
 708 0461 09       		.byte	0x9
 709 0462 12       		.uleb128 0x12
 710 0463 38040000 		.4byte	.LASF89
 711 0467 06       		.byte	0x6
 712 0468 6E01     		.2byte	0x16e
 713 046a D1030000 		.4byte	0x3d1
 714 046e 0A       		.byte	0xa
 715 046f 13       		.uleb128 0x13
 716 0470 69647800 		.ascii	"idx\000"
 717 0474 06       		.byte	0x6
 718 0475 7001     		.2byte	0x170
 719 0477 B4000000 		.4byte	0xb4
 720 047b 0C       		.byte	0xc
 721 047c 12       		.uleb128 0x12
 722 047d 5F080000 		.4byte	.LASF90
 723 0481 06       		.byte	0x6
 724 0482 7101     		.2byte	0x171
 725 0484 B4000000 		.4byte	0xb4
 726 0488 10       		.byte	0x10
 727 0489 12       		.uleb128 0x12
 728 048a 69080000 		.4byte	.LASF91
 729 048e 06       		.byte	0x6
 730 048f 7201     		.2byte	0x172
 731 0491 B4000000 		.4byte	0xb4
 732 0495 14       		.byte	0x14
 733 0496 12       		.uleb128 0x12
 734 0497 C8050000 		.4byte	.LASF92
 735 049b 06       		.byte	0x6
 736 049c 7401     		.2byte	0x174
 737 049e D2000000 		.4byte	0xd2
 738 04a2 18       		.byte	0x18
 739 04a3 12       		.uleb128 0x12
 740 04a4 22020000 		.4byte	.LASF93
 741 04a8 06       		.byte	0x6
 742 04a9 7501     		.2byte	0x175
 743 04ab A0030000 		.4byte	0x3a0
 744 04af 1C       		.byte	0x1c
 745 04b0 12       		.uleb128 0x12
 746 04b1 08030000 		.4byte	.LASF94
 747 04b5 06       		.byte	0x6
 748 04b6 7601     		.2byte	0x176
 749 04b8 B4000000 		.4byte	0xb4
 750 04bc 20       		.byte	0x20
 751 04bd 12       		.uleb128 0x12
 752 04be C2000000 		.4byte	.LASF95
 753 04c2 06       		.byte	0x6
 754 04c3 7801     		.2byte	0x178
 755 04c5 A0030000 		.4byte	0x3a0
 756 04c9 24       		.byte	0x24
ARM GAS  C:\Users\Austina\AppData\Local\Temp\cc0YUwNf.s 			page 17


 757 04ca 12       		.uleb128 0x12
 758 04cb 38010000 		.4byte	.LASF96
 759 04cf 06       		.byte	0x6
 760 04d0 7901     		.2byte	0x179
 761 04d2 B4000000 		.4byte	0xb4
 762 04d6 28       		.byte	0x28
 763 04d7 12       		.uleb128 0x12
 764 04d8 FC070000 		.4byte	.LASF97
 765 04dc 06       		.byte	0x6
 766 04dd 7A01     		.2byte	0x17a
 767 04df B4000000 		.4byte	0xb4
 768 04e3 2C       		.byte	0x2c
 769 04e4 12       		.uleb128 0x12
 770 04e5 13040000 		.4byte	.LASF98
 771 04e9 06       		.byte	0x6
 772 04ea 7C01     		.2byte	0x17c
 773 04ec A0030000 		.4byte	0x3a0
 774 04f0 30       		.byte	0x30
 775 04f1 12       		.uleb128 0x12
 776 04f2 D4050000 		.4byte	.LASF99
 777 04f6 06       		.byte	0x6
 778 04f7 7D01     		.2byte	0x17d
 779 04f9 B4000000 		.4byte	0xb4
 780 04fd 34       		.byte	0x34
 781 04fe 12       		.uleb128 0x12
 782 04ff EC040000 		.4byte	.LASF100
 783 0503 06       		.byte	0x6
 784 0504 7E01     		.2byte	0x17e
 785 0506 B4000000 		.4byte	0xb4
 786 050a 38       		.byte	0x38
 787 050b 00       		.byte	0
 788 050c 08       		.uleb128 0x8
 789 050d 15040000 		.4byte	0x415
 790 0511 0D       		.uleb128 0xd
 791 0512 C3070000 		.4byte	.LASF101
 792 0516 06       		.byte	0x6
 793 0517 8001     		.2byte	0x180
 794 0519 21040000 		.4byte	0x421
 795 051d 0D       		.uleb128 0xd
 796 051e D8060000 		.4byte	.LASF102
 797 0522 07       		.byte	0x7
 798 0523 AB01     		.2byte	0x1ab
 799 0525 4F020000 		.4byte	0x24f
 800 0529 11       		.uleb128 0x11
 801 052a 73080000 		.4byte	.LASF103
 802 052e 38       		.byte	0x38
 803 052f 07       		.byte	0x7
 804 0530 4702     		.2byte	0x247
 805 0532 ED050000 		.4byte	0x5ed
 806 0536 12       		.uleb128 0x12
 807 0537 0A080000 		.4byte	.LASF104
 808 053b 07       		.byte	0x7
 809 053c 4A02     		.2byte	0x24a
 810 053e BF000000 		.4byte	0xbf
 811 0542 00       		.byte	0
 812 0543 12       		.uleb128 0x12
 813 0544 5C040000 		.4byte	.LASF105
ARM GAS  C:\Users\Austina\AppData\Local\Temp\cc0YUwNf.s 			page 18


 814 0548 07       		.byte	0x7
 815 0549 4B02     		.2byte	0x24b
 816 054b BF000000 		.4byte	0xbf
 817 054f 04       		.byte	0x4
 818 0550 12       		.uleb128 0x12
 819 0551 21010000 		.4byte	.LASF106
 820 0555 07       		.byte	0x7
 821 0556 4D02     		.2byte	0x24d
 822 0558 88000000 		.4byte	0x88
 823 055c 08       		.byte	0x8
 824 055d 12       		.uleb128 0x12
 825 055e BE060000 		.4byte	.LASF107
 826 0562 07       		.byte	0x7
 827 0563 4E02     		.2byte	0x24e
 828 0565 B4000000 		.4byte	0xb4
 829 0569 0C       		.byte	0xc
 830 056a 12       		.uleb128 0x12
 831 056b E8030000 		.4byte	.LASF108
 832 056f 07       		.byte	0x7
 833 0570 4F02     		.2byte	0x24f
 834 0572 BF000000 		.4byte	0xbf
 835 0576 10       		.byte	0x10
 836 0577 12       		.uleb128 0x12
 837 0578 EE070000 		.4byte	.LASF109
 838 057c 07       		.byte	0x7
 839 057d 5002     		.2byte	0x250
 840 057f BF000000 		.4byte	0xbf
 841 0583 14       		.byte	0x14
 842 0584 12       		.uleb128 0x12
 843 0585 4E070000 		.4byte	.LASF110
 844 0589 07       		.byte	0x7
 845 058a 5202     		.2byte	0x252
 846 058c 88000000 		.4byte	0x88
 847 0590 18       		.byte	0x18
 848 0591 12       		.uleb128 0x12
 849 0592 21000000 		.4byte	.LASF111
 850 0596 07       		.byte	0x7
 851 0597 5302     		.2byte	0x253
 852 0599 B4000000 		.4byte	0xb4
 853 059d 1C       		.byte	0x1c
 854 059e 12       		.uleb128 0x12
 855 059f D1020000 		.4byte	.LASF112
 856 05a3 07       		.byte	0x7
 857 05a4 5402     		.2byte	0x254
 858 05a6 BF000000 		.4byte	0xbf
 859 05aa 20       		.byte	0x20
 860 05ab 12       		.uleb128 0x12
 861 05ac 41010000 		.4byte	.LASF113
 862 05b0 07       		.byte	0x7
 863 05b1 5602     		.2byte	0x256
 864 05b3 88000000 		.4byte	0x88
 865 05b7 24       		.byte	0x24
 866 05b8 12       		.uleb128 0x12
 867 05b9 E0020000 		.4byte	.LASF114
 868 05bd 07       		.byte	0x7
 869 05be 5702     		.2byte	0x257
 870 05c0 B4000000 		.4byte	0xb4
ARM GAS  C:\Users\Austina\AppData\Local\Temp\cc0YUwNf.s 			page 19


 871 05c4 28       		.byte	0x28
 872 05c5 12       		.uleb128 0x12
 873 05c6 C6010000 		.4byte	.LASF115
 874 05ca 07       		.byte	0x7
 875 05cb 5802     		.2byte	0x258
 876 05cd BF000000 		.4byte	0xbf
 877 05d1 2C       		.byte	0x2c
 878 05d2 12       		.uleb128 0x12
 879 05d3 A2030000 		.4byte	.LASF71
 880 05d7 07       		.byte	0x7
 881 05d8 5D02     		.2byte	0x25d
 882 05da 1D050000 		.4byte	0x51d
 883 05de 30       		.byte	0x30
 884 05df 12       		.uleb128 0x12
 885 05e0 46070000 		.4byte	.LASF116
 886 05e4 07       		.byte	0x7
 887 05e5 6002     		.2byte	0x260
 888 05e7 B4000000 		.4byte	0xb4
 889 05eb 34       		.byte	0x34
 890 05ec 00       		.byte	0
 891 05ed 0D       		.uleb128 0xd
 892 05ee AC010000 		.4byte	.LASF117
 893 05f2 07       		.byte	0x7
 894 05f3 6302     		.2byte	0x263
 895 05f5 29050000 		.4byte	0x529
 896 05f9 14       		.uleb128 0x14
 897 05fa 18040000 		.4byte	.LASF118
 898 05fe 01       		.byte	0x1
 899 05ff 4F       		.byte	0x4f
 900 0600 73000000 		.4byte	0x73
 901 0604 00000000 		.4byte	.LFB622
 902 0608 24000000 		.4byte	.LFE622-.LFB622
 903 060c 01       		.uleb128 0x1
 904 060d 9C       		.byte	0x9c
 905 060e 57060000 		.4byte	0x657
 906 0612 15       		.uleb128 0x15
 907 0613 666400   		.ascii	"fd\000"
 908 0616 01       		.byte	0x1
 909 0617 4F       		.byte	0x4f
 910 0618 73000000 		.4byte	0x73
 911 061c 00000000 		.4byte	.LLST0
 912 0620 15       		.uleb128 0x15
 913 0621 70747200 		.ascii	"ptr\000"
 914 0625 01       		.byte	0x1
 915 0626 4F       		.byte	0x4f
 916 0627 9E000000 		.4byte	0x9e
 917 062b 3A000000 		.4byte	.LLST1
 918 062f 15       		.uleb128 0x15
 919 0630 6C656E00 		.ascii	"len\000"
 920 0634 01       		.byte	0x1
 921 0635 4F       		.byte	0x4f
 922 0636 73000000 		.4byte	0x73
 923 063a 6E000000 		.4byte	.LLST2
 924 063e 16       		.uleb128 0x16
 925 063f 63010000 		.4byte	.LASF120
 926 0643 01       		.byte	0x1
 927 0644 51       		.byte	0x51
ARM GAS  C:\Users\Austina\AppData\Local\Temp\cc0YUwNf.s 			page 20


 928 0645 73000000 		.4byte	0x73
 929 0649 B0000000 		.4byte	.LLST3
 930 064d 17       		.uleb128 0x17
 931 064e 14000000 		.4byte	.LVL3
 932 0652 12070000 		.4byte	0x712
 933 0656 00       		.byte	0
 934 0657 14       		.uleb128 0x14
 935 0658 DA020000 		.4byte	.LASF119
 936 065c 01       		.byte	0x1
 937 065d 85       		.byte	0x85
 938 065e 73000000 		.4byte	0x73
 939 0662 00000000 		.4byte	.LFB623
 940 0666 2A000000 		.4byte	.LFE623-.LFB623
 941 066a 01       		.uleb128 0x1
 942 066b 9C       		.byte	0x9c
 943 066c B5060000 		.4byte	0x6b5
 944 0670 15       		.uleb128 0x15
 945 0671 666400   		.ascii	"fd\000"
 946 0674 01       		.byte	0x1
 947 0675 85       		.byte	0x85
 948 0676 73000000 		.4byte	0x73
 949 067a F1000000 		.4byte	.LLST4
 950 067e 15       		.uleb128 0x15
 951 067f 70747200 		.ascii	"ptr\000"
 952 0683 01       		.byte	0x1
 953 0684 85       		.byte	0x85
 954 0685 91000000 		.4byte	0x91
 955 0689 2B010000 		.4byte	.LLST5
 956 068d 15       		.uleb128 0x15
 957 068e 6C656E00 		.ascii	"len\000"
 958 0692 01       		.byte	0x1
 959 0693 85       		.byte	0x85
 960 0694 73000000 		.4byte	0x73
 961 0698 5F010000 		.4byte	.LLST6
 962 069c 16       		.uleb128 0x16
 963 069d 63010000 		.4byte	.LASF120
 964 06a1 01       		.byte	0x1
 965 06a2 87       		.byte	0x87
 966 06a3 73000000 		.4byte	0x73
 967 06a7 A1010000 		.4byte	.LLST7
 968 06ab 17       		.uleb128 0x17
 969 06ac 12000000 		.4byte	.LVL15
 970 06b0 1D070000 		.4byte	0x71d
 971 06b4 00       		.byte	0
 972 06b5 18       		.uleb128 0x18
 973 06b6 44030000 		.4byte	.LASF121
 974 06ba 08       		.byte	0x8
 975 06bb 87       		.byte	0x87
 976 06bc ED050000 		.4byte	0x5ed
 977 06c0 18       		.uleb128 0x18
 978 06c1 71020000 		.4byte	.LASF122
 979 06c5 09       		.byte	0x9
 980 06c6 1F       		.byte	0x1f
 981 06c7 CB060000 		.4byte	0x6cb
 982 06cb 07       		.uleb128 0x7
 983 06cc 12020000 		.4byte	0x212
 984 06d0 18       		.uleb128 0x18
ARM GAS  C:\Users\Austina\AppData\Local\Temp\cc0YUwNf.s 			page 21


 985 06d1 BC040000 		.4byte	.LASF123
 986 06d5 0A       		.byte	0xa
 987 06d6 1F       		.byte	0x1f
 988 06d7 CB060000 		.4byte	0x6cb
 989 06db 18       		.uleb128 0x18
 990 06dc DD000000 		.4byte	.LASF124
 991 06e0 0B       		.byte	0xb
 992 06e1 4B       		.byte	0x4b
 993 06e2 11050000 		.4byte	0x511
 994 06e6 18       		.uleb128 0x18
 995 06e7 11010000 		.4byte	.LASF125
 996 06eb 0C       		.byte	0xc
 997 06ec 1F       		.byte	0x1f
 998 06ed CB060000 		.4byte	0x6cb
 999 06f1 18       		.uleb128 0x18
 1000 06f2 A9070000 		.4byte	.LASF126
 1001 06f6 0D       		.byte	0xd
 1002 06f7 1F       		.byte	0x1f
 1003 06f8 CB060000 		.4byte	0x6cb
 1004 06fc 18       		.uleb128 0x18
 1005 06fd 36050000 		.4byte	.LASF127
 1006 0701 0E       		.byte	0xe
 1007 0702 1F       		.byte	0x1f
 1008 0703 CB060000 		.4byte	0x6cb
 1009 0707 18       		.uleb128 0x18
 1010 0708 34030000 		.4byte	.LASF128
 1011 070c 0F       		.byte	0xf
 1012 070d 7F       		.byte	0x7f
 1013 070e AB030000 		.4byte	0x3ab
 1014 0712 19       		.uleb128 0x19
 1015 0713 90020000 		.4byte	.LASF129
 1016 0717 90020000 		.4byte	.LASF129
 1017 071b 10       		.byte	0x10
 1018 071c AD       		.byte	0xad
 1019 071d 19       		.uleb128 0x19
 1020 071e D7010000 		.4byte	.LASF130
 1021 0722 D7010000 		.4byte	.LASF130
 1022 0726 10       		.byte	0x10
 1023 0727 B1       		.byte	0xb1
 1024 0728 00       		.byte	0
 1025              		.section	.debug_abbrev,"",%progbits
 1026              	.Ldebug_abbrev0:
 1027 0000 01       		.uleb128 0x1
 1028 0001 11       		.uleb128 0x11
 1029 0002 01       		.byte	0x1
 1030 0003 25       		.uleb128 0x25
 1031 0004 0E       		.uleb128 0xe
 1032 0005 13       		.uleb128 0x13
 1033 0006 0B       		.uleb128 0xb
 1034 0007 03       		.uleb128 0x3
 1035 0008 0E       		.uleb128 0xe
 1036 0009 1B       		.uleb128 0x1b
 1037 000a 0E       		.uleb128 0xe
 1038 000b 55       		.uleb128 0x55
 1039 000c 17       		.uleb128 0x17
 1040 000d 11       		.uleb128 0x11
 1041 000e 01       		.uleb128 0x1
ARM GAS  C:\Users\Austina\AppData\Local\Temp\cc0YUwNf.s 			page 22


 1042 000f 10       		.uleb128 0x10
 1043 0010 17       		.uleb128 0x17
 1044 0011 00       		.byte	0
 1045 0012 00       		.byte	0
 1046 0013 02       		.uleb128 0x2
 1047 0014 24       		.uleb128 0x24
 1048 0015 00       		.byte	0
 1049 0016 0B       		.uleb128 0xb
 1050 0017 0B       		.uleb128 0xb
 1051 0018 3E       		.uleb128 0x3e
 1052 0019 0B       		.uleb128 0xb
 1053 001a 03       		.uleb128 0x3
 1054 001b 0E       		.uleb128 0xe
 1055 001c 00       		.byte	0
 1056 001d 00       		.byte	0
 1057 001e 03       		.uleb128 0x3
 1058 001f 16       		.uleb128 0x16
 1059 0020 00       		.byte	0
 1060 0021 03       		.uleb128 0x3
 1061 0022 0E       		.uleb128 0xe
 1062 0023 3A       		.uleb128 0x3a
 1063 0024 0B       		.uleb128 0xb
 1064 0025 3B       		.uleb128 0x3b
 1065 0026 0B       		.uleb128 0xb
 1066 0027 49       		.uleb128 0x49
 1067 0028 13       		.uleb128 0x13
 1068 0029 00       		.byte	0
 1069 002a 00       		.byte	0
 1070 002b 04       		.uleb128 0x4
 1071 002c 24       		.uleb128 0x24
 1072 002d 00       		.byte	0
 1073 002e 0B       		.uleb128 0xb
 1074 002f 0B       		.uleb128 0xb
 1075 0030 3E       		.uleb128 0x3e
 1076 0031 0B       		.uleb128 0xb
 1077 0032 03       		.uleb128 0x3
 1078 0033 08       		.uleb128 0x8
 1079 0034 00       		.byte	0
 1080 0035 00       		.byte	0
 1081 0036 05       		.uleb128 0x5
 1082 0037 0F       		.uleb128 0xf
 1083 0038 00       		.byte	0
 1084 0039 0B       		.uleb128 0xb
 1085 003a 0B       		.uleb128 0xb
 1086 003b 00       		.byte	0
 1087 003c 00       		.byte	0
 1088 003d 06       		.uleb128 0x6
 1089 003e 0F       		.uleb128 0xf
 1090 003f 00       		.byte	0
 1091 0040 0B       		.uleb128 0xb
 1092 0041 0B       		.uleb128 0xb
 1093 0042 49       		.uleb128 0x49
 1094 0043 13       		.uleb128 0x13
 1095 0044 00       		.byte	0
 1096 0045 00       		.byte	0
 1097 0046 07       		.uleb128 0x7
 1098 0047 26       		.uleb128 0x26
ARM GAS  C:\Users\Austina\AppData\Local\Temp\cc0YUwNf.s 			page 23


 1099 0048 00       		.byte	0
 1100 0049 49       		.uleb128 0x49
 1101 004a 13       		.uleb128 0x13
 1102 004b 00       		.byte	0
 1103 004c 00       		.byte	0
 1104 004d 08       		.uleb128 0x8
 1105 004e 35       		.uleb128 0x35
 1106 004f 00       		.byte	0
 1107 0050 49       		.uleb128 0x49
 1108 0051 13       		.uleb128 0x13
 1109 0052 00       		.byte	0
 1110 0053 00       		.byte	0
 1111 0054 09       		.uleb128 0x9
 1112 0055 13       		.uleb128 0x13
 1113 0056 01       		.byte	0x1
 1114 0057 03       		.uleb128 0x3
 1115 0058 0E       		.uleb128 0xe
 1116 0059 0B       		.uleb128 0xb
 1117 005a 0B       		.uleb128 0xb
 1118 005b 3A       		.uleb128 0x3a
 1119 005c 0B       		.uleb128 0xb
 1120 005d 3B       		.uleb128 0x3b
 1121 005e 0B       		.uleb128 0xb
 1122 005f 01       		.uleb128 0x1
 1123 0060 13       		.uleb128 0x13
 1124 0061 00       		.byte	0
 1125 0062 00       		.byte	0
 1126 0063 0A       		.uleb128 0xa
 1127 0064 0D       		.uleb128 0xd
 1128 0065 00       		.byte	0
 1129 0066 03       		.uleb128 0x3
 1130 0067 0E       		.uleb128 0xe
 1131 0068 3A       		.uleb128 0x3a
 1132 0069 0B       		.uleb128 0xb
 1133 006a 3B       		.uleb128 0x3b
 1134 006b 0B       		.uleb128 0xb
 1135 006c 49       		.uleb128 0x49
 1136 006d 13       		.uleb128 0x13
 1137 006e 38       		.uleb128 0x38
 1138 006f 0B       		.uleb128 0xb
 1139 0070 00       		.byte	0
 1140 0071 00       		.byte	0
 1141 0072 0B       		.uleb128 0xb
 1142 0073 04       		.uleb128 0x4
 1143 0074 01       		.byte	0x1
 1144 0075 0B       		.uleb128 0xb
 1145 0076 0B       		.uleb128 0xb
 1146 0077 49       		.uleb128 0x49
 1147 0078 13       		.uleb128 0x13
 1148 0079 3A       		.uleb128 0x3a
 1149 007a 0B       		.uleb128 0xb
 1150 007b 3B       		.uleb128 0x3b
 1151 007c 05       		.uleb128 0x5
 1152 007d 01       		.uleb128 0x1
 1153 007e 13       		.uleb128 0x13
 1154 007f 00       		.byte	0
 1155 0080 00       		.byte	0
ARM GAS  C:\Users\Austina\AppData\Local\Temp\cc0YUwNf.s 			page 24


 1156 0081 0C       		.uleb128 0xc
 1157 0082 28       		.uleb128 0x28
 1158 0083 00       		.byte	0
 1159 0084 03       		.uleb128 0x3
 1160 0085 0E       		.uleb128 0xe
 1161 0086 1C       		.uleb128 0x1c
 1162 0087 0B       		.uleb128 0xb
 1163 0088 00       		.byte	0
 1164 0089 00       		.byte	0
 1165 008a 0D       		.uleb128 0xd
 1166 008b 16       		.uleb128 0x16
 1167 008c 00       		.byte	0
 1168 008d 03       		.uleb128 0x3
 1169 008e 0E       		.uleb128 0xe
 1170 008f 3A       		.uleb128 0x3a
 1171 0090 0B       		.uleb128 0xb
 1172 0091 3B       		.uleb128 0x3b
 1173 0092 05       		.uleb128 0x5
 1174 0093 49       		.uleb128 0x49
 1175 0094 13       		.uleb128 0x13
 1176 0095 00       		.byte	0
 1177 0096 00       		.byte	0
 1178 0097 0E       		.uleb128 0xe
 1179 0098 15       		.uleb128 0x15
 1180 0099 01       		.byte	0x1
 1181 009a 27       		.uleb128 0x27
 1182 009b 19       		.uleb128 0x19
 1183 009c 01       		.uleb128 0x1
 1184 009d 13       		.uleb128 0x13
 1185 009e 00       		.byte	0
 1186 009f 00       		.byte	0
 1187 00a0 0F       		.uleb128 0xf
 1188 00a1 05       		.uleb128 0x5
 1189 00a2 00       		.byte	0
 1190 00a3 49       		.uleb128 0x49
 1191 00a4 13       		.uleb128 0x13
 1192 00a5 00       		.byte	0
 1193 00a6 00       		.byte	0
 1194 00a7 10       		.uleb128 0x10
 1195 00a8 15       		.uleb128 0x15
 1196 00a9 01       		.byte	0x1
 1197 00aa 27       		.uleb128 0x27
 1198 00ab 19       		.uleb128 0x19
 1199 00ac 49       		.uleb128 0x49
 1200 00ad 13       		.uleb128 0x13
 1201 00ae 01       		.uleb128 0x1
 1202 00af 13       		.uleb128 0x13
 1203 00b0 00       		.byte	0
 1204 00b1 00       		.byte	0
 1205 00b2 11       		.uleb128 0x11
 1206 00b3 13       		.uleb128 0x13
 1207 00b4 01       		.byte	0x1
 1208 00b5 03       		.uleb128 0x3
 1209 00b6 0E       		.uleb128 0xe
 1210 00b7 0B       		.uleb128 0xb
 1211 00b8 0B       		.uleb128 0xb
 1212 00b9 3A       		.uleb128 0x3a
ARM GAS  C:\Users\Austina\AppData\Local\Temp\cc0YUwNf.s 			page 25


 1213 00ba 0B       		.uleb128 0xb
 1214 00bb 3B       		.uleb128 0x3b
 1215 00bc 05       		.uleb128 0x5
 1216 00bd 01       		.uleb128 0x1
 1217 00be 13       		.uleb128 0x13
 1218 00bf 00       		.byte	0
 1219 00c0 00       		.byte	0
 1220 00c1 12       		.uleb128 0x12
 1221 00c2 0D       		.uleb128 0xd
 1222 00c3 00       		.byte	0
 1223 00c4 03       		.uleb128 0x3
 1224 00c5 0E       		.uleb128 0xe
 1225 00c6 3A       		.uleb128 0x3a
 1226 00c7 0B       		.uleb128 0xb
 1227 00c8 3B       		.uleb128 0x3b
 1228 00c9 05       		.uleb128 0x5
 1229 00ca 49       		.uleb128 0x49
 1230 00cb 13       		.uleb128 0x13
 1231 00cc 38       		.uleb128 0x38
 1232 00cd 0B       		.uleb128 0xb
 1233 00ce 00       		.byte	0
 1234 00cf 00       		.byte	0
 1235 00d0 13       		.uleb128 0x13
 1236 00d1 0D       		.uleb128 0xd
 1237 00d2 00       		.byte	0
 1238 00d3 03       		.uleb128 0x3
 1239 00d4 08       		.uleb128 0x8
 1240 00d5 3A       		.uleb128 0x3a
 1241 00d6 0B       		.uleb128 0xb
 1242 00d7 3B       		.uleb128 0x3b
 1243 00d8 05       		.uleb128 0x5
 1244 00d9 49       		.uleb128 0x49
 1245 00da 13       		.uleb128 0x13
 1246 00db 38       		.uleb128 0x38
 1247 00dc 0B       		.uleb128 0xb
 1248 00dd 00       		.byte	0
 1249 00de 00       		.byte	0
 1250 00df 14       		.uleb128 0x14
 1251 00e0 2E       		.uleb128 0x2e
 1252 00e1 01       		.byte	0x1
 1253 00e2 3F       		.uleb128 0x3f
 1254 00e3 19       		.uleb128 0x19
 1255 00e4 03       		.uleb128 0x3
 1256 00e5 0E       		.uleb128 0xe
 1257 00e6 3A       		.uleb128 0x3a
 1258 00e7 0B       		.uleb128 0xb
 1259 00e8 3B       		.uleb128 0x3b
 1260 00e9 0B       		.uleb128 0xb
 1261 00ea 27       		.uleb128 0x27
 1262 00eb 19       		.uleb128 0x19
 1263 00ec 49       		.uleb128 0x49
 1264 00ed 13       		.uleb128 0x13
 1265 00ee 11       		.uleb128 0x11
 1266 00ef 01       		.uleb128 0x1
 1267 00f0 12       		.uleb128 0x12
 1268 00f1 06       		.uleb128 0x6
 1269 00f2 40       		.uleb128 0x40
ARM GAS  C:\Users\Austina\AppData\Local\Temp\cc0YUwNf.s 			page 26


 1270 00f3 18       		.uleb128 0x18
 1271 00f4 9742     		.uleb128 0x2117
 1272 00f6 19       		.uleb128 0x19
 1273 00f7 01       		.uleb128 0x1
 1274 00f8 13       		.uleb128 0x13
 1275 00f9 00       		.byte	0
 1276 00fa 00       		.byte	0
 1277 00fb 15       		.uleb128 0x15
 1278 00fc 05       		.uleb128 0x5
 1279 00fd 00       		.byte	0
 1280 00fe 03       		.uleb128 0x3
 1281 00ff 08       		.uleb128 0x8
 1282 0100 3A       		.uleb128 0x3a
 1283 0101 0B       		.uleb128 0xb
 1284 0102 3B       		.uleb128 0x3b
 1285 0103 0B       		.uleb128 0xb
 1286 0104 49       		.uleb128 0x49
 1287 0105 13       		.uleb128 0x13
 1288 0106 02       		.uleb128 0x2
 1289 0107 17       		.uleb128 0x17
 1290 0108 00       		.byte	0
 1291 0109 00       		.byte	0
 1292 010a 16       		.uleb128 0x16
 1293 010b 34       		.uleb128 0x34
 1294 010c 00       		.byte	0
 1295 010d 03       		.uleb128 0x3
 1296 010e 0E       		.uleb128 0xe
 1297 010f 3A       		.uleb128 0x3a
 1298 0110 0B       		.uleb128 0xb
 1299 0111 3B       		.uleb128 0x3b
 1300 0112 0B       		.uleb128 0xb
 1301 0113 49       		.uleb128 0x49
 1302 0114 13       		.uleb128 0x13
 1303 0115 02       		.uleb128 0x2
 1304 0116 17       		.uleb128 0x17
 1305 0117 00       		.byte	0
 1306 0118 00       		.byte	0
 1307 0119 17       		.uleb128 0x17
 1308 011a 898201   		.uleb128 0x4109
 1309 011d 00       		.byte	0
 1310 011e 11       		.uleb128 0x11
 1311 011f 01       		.uleb128 0x1
 1312 0120 31       		.uleb128 0x31
 1313 0121 13       		.uleb128 0x13
 1314 0122 00       		.byte	0
 1315 0123 00       		.byte	0
 1316 0124 18       		.uleb128 0x18
 1317 0125 34       		.uleb128 0x34
 1318 0126 00       		.byte	0
 1319 0127 03       		.uleb128 0x3
 1320 0128 0E       		.uleb128 0xe
 1321 0129 3A       		.uleb128 0x3a
 1322 012a 0B       		.uleb128 0xb
 1323 012b 3B       		.uleb128 0x3b
 1324 012c 0B       		.uleb128 0xb
 1325 012d 49       		.uleb128 0x49
 1326 012e 13       		.uleb128 0x13
ARM GAS  C:\Users\Austina\AppData\Local\Temp\cc0YUwNf.s 			page 27


 1327 012f 3F       		.uleb128 0x3f
 1328 0130 19       		.uleb128 0x19
 1329 0131 3C       		.uleb128 0x3c
 1330 0132 19       		.uleb128 0x19
 1331 0133 00       		.byte	0
 1332 0134 00       		.byte	0
 1333 0135 19       		.uleb128 0x19
 1334 0136 2E       		.uleb128 0x2e
 1335 0137 00       		.byte	0
 1336 0138 3F       		.uleb128 0x3f
 1337 0139 19       		.uleb128 0x19
 1338 013a 3C       		.uleb128 0x3c
 1339 013b 19       		.uleb128 0x19
 1340 013c 6E       		.uleb128 0x6e
 1341 013d 0E       		.uleb128 0xe
 1342 013e 03       		.uleb128 0x3
 1343 013f 0E       		.uleb128 0xe
 1344 0140 3A       		.uleb128 0x3a
 1345 0141 0B       		.uleb128 0xb
 1346 0142 3B       		.uleb128 0x3b
 1347 0143 0B       		.uleb128 0xb
 1348 0144 00       		.byte	0
 1349 0145 00       		.byte	0
 1350 0146 00       		.byte	0
 1351              		.section	.debug_loc,"",%progbits
 1352              	.Ldebug_loc0:
 1353              	.LLST0:
 1354 0000 00000000 		.4byte	.LVL0
 1355 0004 0E000000 		.4byte	.LVL2
 1356 0008 0100     		.2byte	0x1
 1357 000a 50       		.byte	0x50
 1358 000b 0E000000 		.4byte	.LVL2
 1359 000f 1A000000 		.4byte	.LVL6
 1360 0013 0400     		.2byte	0x4
 1361 0015 F3       		.byte	0xf3
 1362 0016 01       		.uleb128 0x1
 1363 0017 50       		.byte	0x50
 1364 0018 9F       		.byte	0x9f
 1365 0019 1A000000 		.4byte	.LVL6
 1366 001d 1C000000 		.4byte	.LVL7
 1367 0021 0100     		.2byte	0x1
 1368 0023 50       		.byte	0x50
 1369 0024 1C000000 		.4byte	.LVL7
 1370 0028 24000000 		.4byte	.LFE622
 1371 002c 0400     		.2byte	0x4
 1372 002e F3       		.byte	0xf3
 1373 002f 01       		.uleb128 0x1
 1374 0030 50       		.byte	0x50
 1375 0031 9F       		.byte	0x9f
 1376 0032 00000000 		.4byte	0
 1377 0036 00000000 		.4byte	0
 1378              	.LLST1:
 1379 003a 00000000 		.4byte	.LVL0
 1380 003e 0E000000 		.4byte	.LVL2
 1381 0042 0100     		.2byte	0x1
 1382 0044 51       		.byte	0x51
 1383 0045 0E000000 		.4byte	.LVL2
ARM GAS  C:\Users\Austina\AppData\Local\Temp\cc0YUwNf.s 			page 28


 1384 0049 1A000000 		.4byte	.LVL6
 1385 004d 0100     		.2byte	0x1
 1386 004f 55       		.byte	0x55
 1387 0050 1A000000 		.4byte	.LVL6
 1388 0054 1C000000 		.4byte	.LVL7
 1389 0058 0100     		.2byte	0x1
 1390 005a 51       		.byte	0x51
 1391 005b 1C000000 		.4byte	.LVL7
 1392 005f 22000000 		.4byte	.LVL10
 1393 0063 0100     		.2byte	0x1
 1394 0065 55       		.byte	0x55
 1395 0066 00000000 		.4byte	0
 1396 006a 00000000 		.4byte	0
 1397              	.LLST2:
 1398 006e 00000000 		.4byte	.LVL0
 1399 0072 0E000000 		.4byte	.LVL2
 1400 0076 0100     		.2byte	0x1
 1401 0078 52       		.byte	0x52
 1402 0079 0E000000 		.4byte	.LVL2
 1403 007d 1A000000 		.4byte	.LVL6
 1404 0081 0100     		.2byte	0x1
 1405 0083 56       		.byte	0x56
 1406 0084 1A000000 		.4byte	.LVL6
 1407 0088 1C000000 		.4byte	.LVL7
 1408 008c 0100     		.2byte	0x1
 1409 008e 52       		.byte	0x52
 1410 008f 1C000000 		.4byte	.LVL7
 1411 0093 22000000 		.4byte	.LVL11
 1412 0097 0100     		.2byte	0x1
 1413 0099 56       		.byte	0x56
 1414 009a 22000000 		.4byte	.LVL11
 1415 009e 24000000 		.4byte	.LFE622
 1416 00a2 0400     		.2byte	0x4
 1417 00a4 F3       		.byte	0xf3
 1418 00a5 01       		.uleb128 0x1
 1419 00a6 52       		.byte	0x52
 1420 00a7 9F       		.byte	0x9f
 1421 00a8 00000000 		.4byte	0
 1422 00ac 00000000 		.4byte	0
 1423              	.LLST3:
 1424 00b0 06000000 		.4byte	.LVL1
 1425 00b4 0E000000 		.4byte	.LVL2
 1426 00b8 0200     		.2byte	0x2
 1427 00ba 30       		.byte	0x30
 1428 00bb 9F       		.byte	0x9f
 1429 00bc 0E000000 		.4byte	.LVL2
 1430 00c0 1A000000 		.4byte	.LVL6
 1431 00c4 0100     		.2byte	0x1
 1432 00c6 54       		.byte	0x54
 1433 00c7 1A000000 		.4byte	.LVL6
 1434 00cb 1C000000 		.4byte	.LVL7
 1435 00cf 0200     		.2byte	0x2
 1436 00d1 30       		.byte	0x30
 1437 00d2 9F       		.byte	0x9f
 1438 00d3 1C000000 		.4byte	.LVL7
 1439 00d7 22000000 		.4byte	.LVL9
 1440 00db 0100     		.2byte	0x1
ARM GAS  C:\Users\Austina\AppData\Local\Temp\cc0YUwNf.s 			page 29


 1441 00dd 54       		.byte	0x54
 1442 00de 22000000 		.4byte	.LVL9
 1443 00e2 24000000 		.4byte	.LFE622
 1444 00e6 0100     		.2byte	0x1
 1445 00e8 50       		.byte	0x50
 1446 00e9 00000000 		.4byte	0
 1447 00ed 00000000 		.4byte	0
 1448              	.LLST4:
 1449 00f1 00000000 		.4byte	.LVL12
 1450 00f5 0E000000 		.4byte	.LVL14
 1451 00f9 0100     		.2byte	0x1
 1452 00fb 50       		.byte	0x50
 1453 00fc 0E000000 		.4byte	.LVL14
 1454 0100 20000000 		.4byte	.LVL18
 1455 0104 0400     		.2byte	0x4
 1456 0106 F3       		.byte	0xf3
 1457 0107 01       		.uleb128 0x1
 1458 0108 50       		.byte	0x50
 1459 0109 9F       		.byte	0x9f
 1460 010a 20000000 		.4byte	.LVL18
 1461 010e 22000000 		.4byte	.LVL19
 1462 0112 0100     		.2byte	0x1
 1463 0114 50       		.byte	0x50
 1464 0115 22000000 		.4byte	.LVL19
 1465 0119 2A000000 		.4byte	.LFE623
 1466 011d 0400     		.2byte	0x4
 1467 011f F3       		.byte	0xf3
 1468 0120 01       		.uleb128 0x1
 1469 0121 50       		.byte	0x50
 1470 0122 9F       		.byte	0x9f
 1471 0123 00000000 		.4byte	0
 1472 0127 00000000 		.4byte	0
 1473              	.LLST5:
 1474 012b 00000000 		.4byte	.LVL12
 1475 012f 0E000000 		.4byte	.LVL14
 1476 0133 0100     		.2byte	0x1
 1477 0135 51       		.byte	0x51
 1478 0136 0E000000 		.4byte	.LVL14
 1479 013a 20000000 		.4byte	.LVL18
 1480 013e 0100     		.2byte	0x1
 1481 0140 55       		.byte	0x55
 1482 0141 20000000 		.4byte	.LVL18
 1483 0145 22000000 		.4byte	.LVL19
 1484 0149 0100     		.2byte	0x1
 1485 014b 51       		.byte	0x51
 1486 014c 22000000 		.4byte	.LVL19
 1487 0150 28000000 		.4byte	.LVL22
 1488 0154 0100     		.2byte	0x1
 1489 0156 55       		.byte	0x55
 1490 0157 00000000 		.4byte	0
 1491 015b 00000000 		.4byte	0
 1492              	.LLST6:
 1493 015f 00000000 		.4byte	.LVL12
 1494 0163 0E000000 		.4byte	.LVL14
 1495 0167 0100     		.2byte	0x1
 1496 0169 52       		.byte	0x52
 1497 016a 0E000000 		.4byte	.LVL14
ARM GAS  C:\Users\Austina\AppData\Local\Temp\cc0YUwNf.s 			page 30


 1498 016e 20000000 		.4byte	.LVL18
 1499 0172 0100     		.2byte	0x1
 1500 0174 56       		.byte	0x56
 1501 0175 20000000 		.4byte	.LVL18
 1502 0179 22000000 		.4byte	.LVL19
 1503 017d 0100     		.2byte	0x1
 1504 017f 52       		.byte	0x52
 1505 0180 22000000 		.4byte	.LVL19
 1506 0184 28000000 		.4byte	.LVL23
 1507 0188 0100     		.2byte	0x1
 1508 018a 56       		.byte	0x56
 1509 018b 28000000 		.4byte	.LVL23
 1510 018f 2A000000 		.4byte	.LFE623
 1511 0193 0400     		.2byte	0x4
 1512 0195 F3       		.byte	0xf3
 1513 0196 01       		.uleb128 0x1
 1514 0197 52       		.byte	0x52
 1515 0198 9F       		.byte	0x9f
 1516 0199 00000000 		.4byte	0
 1517 019d 00000000 		.4byte	0
 1518              	.LLST7:
 1519 01a1 06000000 		.4byte	.LVL13
 1520 01a5 0E000000 		.4byte	.LVL14
 1521 01a9 0200     		.2byte	0x2
 1522 01ab 30       		.byte	0x30
 1523 01ac 9F       		.byte	0x9f
 1524 01ad 0E000000 		.4byte	.LVL14
 1525 01b1 20000000 		.4byte	.LVL18
 1526 01b5 0100     		.2byte	0x1
 1527 01b7 54       		.byte	0x54
 1528 01b8 20000000 		.4byte	.LVL18
 1529 01bc 22000000 		.4byte	.LVL19
 1530 01c0 0200     		.2byte	0x2
 1531 01c2 30       		.byte	0x30
 1532 01c3 9F       		.byte	0x9f
 1533 01c4 22000000 		.4byte	.LVL19
 1534 01c8 28000000 		.4byte	.LVL21
 1535 01cc 0100     		.2byte	0x1
 1536 01ce 54       		.byte	0x54
 1537 01cf 28000000 		.4byte	.LVL21
 1538 01d3 2A000000 		.4byte	.LFE623
 1539 01d7 0100     		.2byte	0x1
 1540 01d9 50       		.byte	0x50
 1541 01da 00000000 		.4byte	0
 1542 01de 00000000 		.4byte	0
 1543              		.section	.debug_aranges,"",%progbits
 1544 0000 24000000 		.4byte	0x24
 1545 0004 0200     		.2byte	0x2
 1546 0006 00000000 		.4byte	.Ldebug_info0
 1547 000a 04       		.byte	0x4
 1548 000b 00       		.byte	0
 1549 000c 0000     		.2byte	0
 1550 000e 0000     		.2byte	0
 1551 0010 00000000 		.4byte	.LFB622
 1552 0014 24000000 		.4byte	.LFE622-.LFB622
 1553 0018 00000000 		.4byte	.LFB623
 1554 001c 2A000000 		.4byte	.LFE623-.LFB623
ARM GAS  C:\Users\Austina\AppData\Local\Temp\cc0YUwNf.s 			page 31


 1555 0020 00000000 		.4byte	0
 1556 0024 00000000 		.4byte	0
 1557              		.section	.debug_ranges,"",%progbits
 1558              	.Ldebug_ranges0:
 1559 0000 00000000 		.4byte	.LFB622
 1560 0004 24000000 		.4byte	.LFE622
 1561 0008 00000000 		.4byte	.LFB623
 1562 000c 2A000000 		.4byte	.LFE623
 1563 0010 00000000 		.4byte	0
 1564 0014 00000000 		.4byte	0
 1565              		.section	.debug_line,"",%progbits
 1566              	.Ldebug_line0:
 1567 0000 D7020000 		.section	.debug_str,"MS",%progbits,1
 1567      02008202 
 1567      00000201 
 1567      FB0E0D00 
 1567      01010101 
 1568              	.LASF23:
 1569 0000 72756E4D 		.ascii	"runMode\000"
 1569      6F646500 
 1570              	.LASF85:
 1571 0008 63795F73 		.ascii	"cy_stc_scb_ezi2c_context\000"
 1571      74635F73 
 1571      63625F65 
 1571      7A693263 
 1571      5F636F6E 
 1572              	.LASF111:
 1573 0021 72784275 		.ascii	"rxBufSize\000"
 1573      6653697A 
 1573      6500
 1574              	.LASF44:
 1575 002b 63795F73 		.ascii	"cy_stc_tcpwm_pwm_config_t\000"
 1575      74635F74 
 1575      6370776D 
 1575      5F70776D 
 1575      5F636F6E 
 1576              	.LASF76:
 1577 0045 63795F65 		.ascii	"cy_en_scb_ezi2c_sub_addr_size_t\000"
 1577      6E5F7363 
 1577      625F657A 
 1577      6932635F 
 1577      7375625F 
 1578              	.LASF41:
 1579 0065 6B696C6C 		.ascii	"killInput\000"
 1579      496E7075 
 1579      7400
 1580              	.LASF133:
 1581 006f 433A5C41 		.ascii	"C:\\Alen\\GitHub_Denzerek\\BLEControlledArm\\BLE_AR"
 1581      6C656E5C 
 1581      47697448 
 1581      75625F44 
 1581      656E7A65 
 1582 009e 4D5F576F 		.ascii	"M_Workspace\\MainArmController.cydsn\000"
 1582      726B7370 
 1582      6163655C 
 1582      4D61696E 
 1582      41726D43 
ARM GAS  C:\Users\Austina\AppData\Local\Temp\cc0YUwNf.s 			page 32


 1583              	.LASF95:
 1584 00c2 62756631 		.ascii	"buf1\000"
 1584      00
 1585              	.LASF5:
 1586 00c7 5F5F7569 		.ascii	"__uint8_t\000"
 1586      6E74385F 
 1586      7400
 1587              	.LASF62:
 1588 00d1 736C6176 		.ascii	"slaveStatus\000"
 1588      65537461 
 1588      74757300 
 1589              	.LASF124:
 1590 00dd 455A4932 		.ascii	"EZI2C_context\000"
 1590      435F636F 
 1590      6E746578 
 1590      7400
 1591              	.LASF9:
 1592 00eb 6C6F6E67 		.ascii	"long long unsigned int\000"
 1592      206C6F6E 
 1592      6720756E 
 1592      7369676E 
 1592      65642069 
 1593              	.LASF20:
 1594 0102 636C6F63 		.ascii	"clockPrescaler\000"
 1594      6B507265 
 1594      7363616C 
 1594      657200
 1595              	.LASF125:
 1596 0111 4C454442 		.ascii	"LEDBlink_config\000"
 1596      6C696E6B 
 1596      5F636F6E 
 1596      66696700 
 1597              	.LASF106:
 1598 0121 72785269 		.ascii	"rxRingBuf\000"
 1598      6E674275 
 1598      6600
 1599              	.LASF55:
 1600 012b 6D617374 		.ascii	"masterStatus\000"
 1600      65725374 
 1600      61747573 
 1600      00
 1601              	.LASF96:
 1602 0138 62756631 		.ascii	"buf1Size\000"
 1602      53697A65 
 1602      00
 1603              	.LASF113:
 1604 0141 74784275 		.ascii	"txBuf\000"
 1604      6600
 1605              	.LASF74:
 1606 0147 43595F53 		.ascii	"CY_SCB_EZI2C_SUB_ADDR8_BITS\000"
 1606      43425F45 
 1606      5A493243 
 1606      5F535542 
 1606      5F414444 
 1607              	.LASF120:
 1608 0163 6E436861 		.ascii	"nChars\000"
 1608      727300
ARM GAS  C:\Users\Austina\AppData\Local\Temp\cc0YUwNf.s 			page 33


 1609              	.LASF70:
 1610 016a 736C6176 		.ascii	"slaveRxBufferIdx\000"
 1610      65527842 
 1610      75666665 
 1610      72496478 
 1610      00
 1611              	.LASF51:
 1612 017b 63795F73 		.ascii	"cy_stc_scb_i2c_context\000"
 1612      74635F73 
 1612      63625F69 
 1612      32635F63 
 1612      6F6E7465 
 1613              	.LASF8:
 1614 0192 6C6F6E67 		.ascii	"long long int\000"
 1614      206C6F6E 
 1614      6720696E 
 1614      7400
 1615              	.LASF0:
 1616 01a0 7369676E 		.ascii	"signed char\000"
 1616      65642063 
 1616      68617200 
 1617              	.LASF117:
 1618 01ac 63795F73 		.ascii	"cy_stc_scb_uart_context_t\000"
 1618      74635F73 
 1618      63625F75 
 1618      6172745F 
 1618      636F6E74 
 1619              	.LASF115:
 1620 01c6 74784C65 		.ascii	"txLeftToTransmit\000"
 1620      6674546F 
 1620      5472616E 
 1620      736D6974 
 1620      00
 1621              	.LASF130:
 1622 01d7 53544449 		.ascii	"STDIO_GetChar\000"
 1622      4F5F4765 
 1622      74436861 
 1622      7200
 1623              	.LASF69:
 1624 01e5 736C6176 		.ascii	"slaveRxBufferSize\000"
 1624      65527842 
 1624      75666665 
 1624      7253697A 
 1624      6500
 1625              	.LASF87:
 1626 01f7 61646472 		.ascii	"address1\000"
 1626      65737331 
 1626      00
 1627              	.LASF88:
 1628 0200 61646472 		.ascii	"address2\000"
 1628      65737332 
 1628      00
 1629              	.LASF73:
 1630 0209 63795F73 		.ascii	"cy_stc_scb_i2c_context_t\000"
 1630      74635F73 
 1630      63625F69 
 1630      32635F63 
ARM GAS  C:\Users\Austina\AppData\Local\Temp\cc0YUwNf.s 			page 34


 1630      6F6E7465 
 1631              	.LASF93:
 1632 0222 63757242 		.ascii	"curBuf\000"
 1632      756600
 1633              	.LASF54:
 1634 0229 73746174 		.ascii	"state\000"
 1634      6500
 1635              	.LASF48:
 1636 022f 63795F63 		.ascii	"cy_cb_scb_i2c_handle_events_t\000"
 1636      625F7363 
 1636      625F6932 
 1636      635F6861 
 1636      6E646C65 
 1637              	.LASF4:
 1638 024d 6C6F6E67 		.ascii	"long int\000"
 1638      20696E74 
 1638      00
 1639              	.LASF57:
 1640 0256 6D617374 		.ascii	"masterRdDir\000"
 1640      65725264 
 1640      44697200 
 1641              	.LASF46:
 1642 0262 43595F53 		.ascii	"CY_SCB_I2C_NAK\000"
 1642      43425F49 
 1642      32435F4E 
 1642      414B00
 1643              	.LASF122:
 1644 0271 50574D5F 		.ascii	"PWM_1_config\000"
 1644      315F636F 
 1644      6E666967 
 1644      00
 1645              	.LASF39:
 1646 027e 73746172 		.ascii	"startInput\000"
 1646      74496E70 
 1646      757400
 1647              	.LASF17:
 1648 0289 646F7562 		.ascii	"double\000"
 1648      6C6500
 1649              	.LASF129:
 1650 0290 53544449 		.ascii	"STDIO_PutChar\000"
 1650      4F5F5075 
 1650      74436861 
 1650      7200
 1651              	.LASF79:
 1652 029e 43595F53 		.ascii	"CY_SCB_EZI2C_STATE_RX_OFFSET_MSB\000"
 1652      43425F45 
 1652      5A493243 
 1652      5F535441 
 1652      54455F52 
 1653              	.LASF72:
 1654 02bf 63624164 		.ascii	"cbAddr\000"
 1654      647200
 1655              	.LASF6:
 1656 02c6 5F5F7569 		.ascii	"__uint32_t\000"
 1656      6E743332 
 1656      5F7400
 1657              	.LASF112:
ARM GAS  C:\Users\Austina\AppData\Local\Temp\cc0YUwNf.s 			page 35


 1658 02d1 72784275 		.ascii	"rxBufIdx\000"
 1658      66496478 
 1658      00
 1659              	.LASF119:
 1660 02da 5F726561 		.ascii	"_read\000"
 1660      6400
 1661              	.LASF114:
 1662 02e0 74784275 		.ascii	"txBufSize\000"
 1662      6653697A 
 1662      6500
 1663              	.LASF10:
 1664 02ea 756E7369 		.ascii	"unsigned int\000"
 1664      676E6564 
 1664      20696E74 
 1664      00
 1665              	.LASF66:
 1666 02f7 736C6176 		.ascii	"slaveTxBufferIdx\000"
 1666      65547842 
 1666      75666665 
 1666      72496478 
 1666      00
 1667              	.LASF94:
 1668 0308 62756653 		.ascii	"bufSize\000"
 1668      697A6500 
 1669              	.LASF7:
 1670 0310 6C6F6E67 		.ascii	"long unsigned int\000"
 1670      20756E73 
 1670      69676E65 
 1670      6420696E 
 1670      7400
 1671              	.LASF29:
 1672 0322 656E6162 		.ascii	"enableCompareSwap\000"
 1672      6C65436F 
 1672      6D706172 
 1672      65537761 
 1672      7000
 1673              	.LASF128:
 1674 0334 4932435F 		.ascii	"I2C_ARD_context\000"
 1674      4152445F 
 1674      636F6E74 
 1674      65787400 
 1675              	.LASF121:
 1676 0344 55415254 		.ascii	"UART_context\000"
 1676      5F636F6E 
 1676      74657874 
 1676      00
 1677              	.LASF53:
 1678 0351 75736554 		.ascii	"useTxFifo\000"
 1678      78466966 
 1678      6F00
 1679              	.LASF34:
 1680 035b 73776170 		.ascii	"swapInputMode\000"
 1680      496E7075 
 1680      744D6F64 
 1680      6500
 1681              	.LASF3:
 1682 0369 73686F72 		.ascii	"short unsigned int\000"
ARM GAS  C:\Users\Austina\AppData\Local\Temp\cc0YUwNf.s 			page 36


 1682      7420756E 
 1682      7369676E 
 1682      65642069 
 1682      6E7400
 1683              	.LASF78:
 1684 037c 43595F53 		.ascii	"CY_SCB_EZI2C_STATE_ADDR\000"
 1684      43425F45 
 1684      5A493243 
 1684      5F535441 
 1684      54455F41 
 1685              	.LASF40:
 1686 0394 6B696C6C 		.ascii	"killInputMode\000"
 1686      496E7075 
 1686      744D6F64 
 1686      6500
 1687              	.LASF71:
 1688 03a2 63624576 		.ascii	"cbEvents\000"
 1688      656E7473 
 1688      00
 1689              	.LASF80:
 1690 03ab 43595F53 		.ascii	"CY_SCB_EZI2C_STATE_RX_OFFSET_LSB\000"
 1690      43425F45 
 1690      5A493243 
 1690      5F535441 
 1690      54455F52 
 1691              	.LASF31:
 1692 03cc 696E7665 		.ascii	"invertPWMOut\000"
 1692      72745057 
 1692      4D4F7574 
 1692      00
 1693              	.LASF22:
 1694 03d9 64656164 		.ascii	"deadTimeClocks\000"
 1694      54696D65 
 1694      436C6F63 
 1694      6B7300
 1695              	.LASF108:
 1696 03e8 72785269 		.ascii	"rxRingBufHead\000"
 1696      6E674275 
 1696      66486561 
 1696      6400
 1697              	.LASF42:
 1698 03f6 636F756E 		.ascii	"countInputMode\000"
 1698      74496E70 
 1698      75744D6F 
 1698      646500
 1699              	.LASF68:
 1700 0405 736C6176 		.ascii	"slaveRxBuffer\000"
 1700      65527842 
 1700      75666665 
 1700      7200
 1701              	.LASF98:
 1702 0413 62756632 		.ascii	"buf2\000"
 1702      00
 1703              	.LASF118:
 1704 0418 5F777269 		.ascii	"_write\000"
 1704      746500
 1705              	.LASF12:
ARM GAS  C:\Users\Austina\AppData\Local\Temp\cc0YUwNf.s 			page 37


 1706 041f 73697A65 		.ascii	"sizetype\000"
 1706      74797065 
 1706      00
 1707              	.LASF60:
 1708 0428 6D617374 		.ascii	"masterBufferIdx\000"
 1708      65724275 
 1708      66666572 
 1708      49647800 
 1709              	.LASF89:
 1710 0438 73756241 		.ascii	"subAddrSize\000"
 1710      64647253 
 1710      697A6500 
 1711              	.LASF77:
 1712 0444 43595F53 		.ascii	"CY_SCB_EZI2C_STATE_IDLE\000"
 1712      43425F45 
 1712      5A493243 
 1712      5F535441 
 1712      54455F49 
 1713              	.LASF105:
 1714 045c 72785374 		.ascii	"rxStatus\000"
 1714      61747573 
 1714      00
 1715              	.LASF30:
 1716 0465 696E7465 		.ascii	"interruptSources\000"
 1716      72727570 
 1716      74536F75 
 1716      72636573 
 1716      00
 1717              	.LASF81:
 1718 0476 43595F53 		.ascii	"CY_SCB_EZI2C_STATE_RX_DATA0\000"
 1718      43425F45 
 1718      5A493243 
 1718      5F535441 
 1718      54455F52 
 1719              	.LASF82:
 1720 0492 43595F53 		.ascii	"CY_SCB_EZI2C_STATE_RX_DATA1\000"
 1720      43425F45 
 1720      5A493243 
 1720      5F535441 
 1720      54455F52 
 1721              	.LASF19:
 1722 04ae 70776D4D 		.ascii	"pwmMode\000"
 1722      6F646500 
 1723              	.LASF16:
 1724 04b6 666C6F61 		.ascii	"float\000"
 1724      7400
 1725              	.LASF123:
 1726 04bc 50574D5F 		.ascii	"PWM_RED_config\000"
 1726      5245445F 
 1726      636F6E66 
 1726      696700
 1727              	.LASF33:
 1728 04cb 6B696C6C 		.ascii	"killMode\000"
 1728      4D6F6465 
 1728      00
 1729              	.LASF84:
 1730 04d4 63795F65 		.ascii	"cy_en_scb_ezi2c_state_t\000"
ARM GAS  C:\Users\Austina\AppData\Local\Temp\cc0YUwNf.s 			page 38


 1730      6E5F7363 
 1730      625F657A 
 1730      6932635F 
 1730      73746174 
 1731              	.LASF100:
 1732 04ec 62756632 		.ascii	"buf2rwBondary\000"
 1732      7277426F 
 1732      6E646172 
 1732      7900
 1733              	.LASF18:
 1734 04fa 5F426F6F 		.ascii	"_Bool\000"
 1734      6C00
 1735              	.LASF1:
 1736 0500 756E7369 		.ascii	"unsigned char\000"
 1736      676E6564 
 1736      20636861 
 1736      7200
 1737              	.LASF2:
 1738 050e 73686F72 		.ascii	"short int\000"
 1738      7420696E 
 1738      7400
 1739              	.LASF21:
 1740 0518 70776D41 		.ascii	"pwmAlignment\000"
 1740      6C69676E 
 1740      6D656E74 
 1740      00
 1741              	.LASF59:
 1742 0525 6D617374 		.ascii	"masterBufferSize\000"
 1742      65724275 
 1742      66666572 
 1742      53697A65 
 1742      00
 1743              	.LASF127:
 1744 0536 44696D6D 		.ascii	"Dimmer_config\000"
 1744      65725F63 
 1744      6F6E6669 
 1744      6700
 1745              	.LASF56:
 1746 0544 6D617374 		.ascii	"masterPause\000"
 1746      65725061 
 1746      75736500 
 1747              	.LASF26:
 1748 0550 656E6162 		.ascii	"enablePeriodSwap\000"
 1748      6C655065 
 1748      72696F64 
 1748      53776170 
 1748      00
 1749              	.LASF49:
 1750 0561 63795F63 		.ascii	"cy_cb_scb_i2c_handle_addr_t\000"
 1750      625F7363 
 1750      625F6932 
 1750      635F6861 
 1750      6E646C65 
 1751              	.LASF35:
 1752 057d 73776170 		.ascii	"swapInput\000"
 1752      496E7075 
 1752      7400
ARM GAS  C:\Users\Austina\AppData\Local\Temp\cc0YUwNf.s 			page 39


 1753              	.LASF61:
 1754 0587 6D617374 		.ascii	"masterNumBytes\000"
 1754      65724E75 
 1754      6D427974 
 1754      657300
 1755              	.LASF67:
 1756 0596 736C6176 		.ascii	"slaveTxBufferCnt\000"
 1756      65547842 
 1756      75666665 
 1756      72436E74 
 1756      00
 1757              	.LASF50:
 1758 05a7 63795F73 		.ascii	"cy_stc_tcpwm_pwm_config\000"
 1758      74635F74 
 1758      6370776D 
 1758      5F70776D 
 1758      5F636F6E 
 1759              	.LASF15:
 1760 05bf 75696E74 		.ascii	"uint32_t\000"
 1760      33325F74 
 1760      00
 1761              	.LASF92:
 1762 05c8 61646472 		.ascii	"addr1Active\000"
 1762      31416374 
 1762      69766500 
 1763              	.LASF99:
 1764 05d4 62756632 		.ascii	"buf2Size\000"
 1764      53697A65 
 1764      00
 1765              	.LASF131:
 1766 05dd 474E5520 		.ascii	"GNU C11 5.4.1 20160609 (release) [ARM/embedded-5-br"
 1766      43313120 
 1766      352E342E 
 1766      31203230 
 1766      31363036 
 1767 0610 616E6368 		.ascii	"anch revision 237715] -mcpu=cortex-m0plus -mthumb -"
 1767      20726576 
 1767      6973696F 
 1767      6E203233 
 1767      37373135 
 1768 0643 67202D4F 		.ascii	"g -Og -ffunction-sections -ffat-lto-objects\000"
 1768      67202D66 
 1768      66756E63 
 1768      74696F6E 
 1768      2D736563 
 1769              	.LASF27:
 1770 066f 636F6D70 		.ascii	"compare0\000"
 1770      61726530 
 1770      00
 1771              	.LASF11:
 1772 0678 6C6F6E67 		.ascii	"long double\000"
 1772      20646F75 
 1772      626C6500 
 1773              	.LASF43:
 1774 0684 636F756E 		.ascii	"countInput\000"
 1774      74496E70 
 1774      757400
ARM GAS  C:\Users\Austina\AppData\Local\Temp\cc0YUwNf.s 			page 40


 1775              	.LASF13:
 1776 068f 63686172 		.ascii	"char\000"
 1776      00
 1777              	.LASF83:
 1778 0694 43595F53 		.ascii	"CY_SCB_EZI2C_STATE_TX_DATA\000"
 1778      43425F45 
 1778      5A493243 
 1778      5F535441 
 1778      54455F54 
 1779              	.LASF45:
 1780 06af 43595F53 		.ascii	"CY_SCB_I2C_ACK\000"
 1780      43425F49 
 1780      32435F41 
 1780      434B00
 1781              	.LASF107:
 1782 06be 72785269 		.ascii	"rxRingBufSize\000"
 1782      6E674275 
 1782      6653697A 
 1782      6500
 1783              	.LASF37:
 1784 06cc 72656C6F 		.ascii	"reloadInput\000"
 1784      6164496E 
 1784      70757400 
 1785              	.LASF102:
 1786 06d8 63795F63 		.ascii	"cy_cb_scb_uart_handle_events_t\000"
 1786      625F7363 
 1786      625F7561 
 1786      72745F68 
 1786      616E646C 
 1787              	.LASF75:
 1788 06f7 43595F53 		.ascii	"CY_SCB_EZI2C_SUB_ADDR16_BITS\000"
 1788      43425F45 
 1788      5A493243 
 1788      5F535542 
 1788      5F414444 
 1789              	.LASF52:
 1790 0714 75736552 		.ascii	"useRxFifo\000"
 1790      78466966 
 1790      6F00
 1791              	.LASF38:
 1792 071e 73746172 		.ascii	"startInputMode\000"
 1792      74496E70 
 1792      75744D6F 
 1792      646500
 1793              	.LASF24:
 1794 072d 70657269 		.ascii	"period0\000"
 1794      6F643000 
 1795              	.LASF25:
 1796 0735 70657269 		.ascii	"period1\000"
 1796      6F643100 
 1797              	.LASF28:
 1798 073d 636F6D70 		.ascii	"compare1\000"
 1798      61726531 
 1798      00
 1799              	.LASF116:
 1800 0746 696E6974 		.ascii	"initKey\000"
 1800      4B657900 
ARM GAS  C:\Users\Austina\AppData\Local\Temp\cc0YUwNf.s 			page 41


 1801              	.LASF110:
 1802 074e 72784275 		.ascii	"rxBuf\000"
 1802      6600
 1803              	.LASF64:
 1804 0754 736C6176 		.ascii	"slaveTxBuffer\000"
 1804      65547842 
 1804      75666665 
 1804      7200
 1805              	.LASF65:
 1806 0762 736C6176 		.ascii	"slaveTxBufferSize\000"
 1806      65547842 
 1806      75666665 
 1806      7253697A 
 1806      6500
 1807              	.LASF86:
 1808 0774 73746174 		.ascii	"status\000"
 1808      757300
 1809              	.LASF47:
 1810 077b 63795F65 		.ascii	"cy_en_scb_i2c_command_t\000"
 1810      6E5F7363 
 1810      625F6932 
 1810      635F636F 
 1810      6D6D616E 
 1811              	.LASF32:
 1812 0793 696E7665 		.ascii	"invertPWMOutN\000"
 1812      72745057 
 1812      4D4F7574 
 1812      4E00
 1813              	.LASF14:
 1814 07a1 75696E74 		.ascii	"uint8_t\000"
 1814      385F7400 
 1815              	.LASF126:
 1816 07a9 50574D5F 		.ascii	"PWM_2_config\000"
 1816      325F636F 
 1816      6E666967 
 1816      00
 1817              	.LASF58:
 1818 07b6 6D617374 		.ascii	"masterBuffer\000"
 1818      65724275 
 1818      66666572 
 1818      00
 1819              	.LASF101:
 1820 07c3 63795F73 		.ascii	"cy_stc_scb_ezi2c_context_t\000"
 1820      74635F73 
 1820      63625F65 
 1820      7A693263 
 1820      5F636F6E 
 1821              	.LASF36:
 1822 07de 72656C6F 		.ascii	"reloadInputMode\000"
 1822      6164496E 
 1822      7075744D 
 1822      6F646500 
 1823              	.LASF109:
 1824 07ee 72785269 		.ascii	"rxRingBufTail\000"
 1824      6E674275 
 1824      66546169 
 1824      6C00
ARM GAS  C:\Users\Austina\AppData\Local\Temp\cc0YUwNf.s 			page 42


 1825              	.LASF97:
 1826 07fc 62756631 		.ascii	"buf1rwBondary\000"
 1826      7277426F 
 1826      6E646172 
 1826      7900
 1827              	.LASF104:
 1828 080a 74785374 		.ascii	"txStatus\000"
 1828      61747573 
 1828      00
 1829              	.LASF132:
 1830 0813 47656E65 		.ascii	"Generated_Source\\PSoC6\\pdl\\utilities\\retarget_i"
 1830      72617465 
 1830      645F536F 
 1830      75726365 
 1830      5C50536F 
 1831 0842 6F5C7265 		.ascii	"o\\retarget.c\000"
 1831      74617267 
 1831      65742E63 
 1831      00
 1832              	.LASF63:
 1833 084f 736C6176 		.ascii	"slaveRdBufEmpty\000"
 1833      65526442 
 1833      7566456D 
 1833      70747900 
 1834              	.LASF90:
 1835 085f 62617365 		.ascii	"baseAddr1\000"
 1835      41646472 
 1835      3100
 1836              	.LASF91:
 1837 0869 62617365 		.ascii	"baseAddr2\000"
 1837      41646472 
 1837      3200
 1838              	.LASF103:
 1839 0873 63795F73 		.ascii	"cy_stc_scb_uart_context\000"
 1839      74635F73 
 1839      63625F75 
 1839      6172745F 
 1839      636F6E74 
 1840              		.ident	"GCC: (GNU Tools for ARM Embedded Processors) 5.4.1 20160609 (release) [ARM/embedded-5-bran
