ARM GAS  C:\Users\Austina\AppData\Local\Temp\ccEaDvOU.s 			page 1


   1              		.syntax unified
   2              		.cpu cortex-m4
   3              		.eabi_attribute 27, 1
   4              		.fpu fpv4-sp-d16
   5              		.eabi_attribute 20, 1
   6              		.eabi_attribute 21, 1
   7              		.eabi_attribute 23, 3
   8              		.eabi_attribute 24, 1
   9              		.eabi_attribute 25, 1
  10              		.eabi_attribute 26, 1
  11              		.eabi_attribute 30, 1
  12              		.eabi_attribute 34, 1
  13              		.eabi_attribute 18, 4
  14              		.thumb
  15              		.syntax unified
  16              		.file	"BLE_custom_config.c"
  17              		.text
  18              	.Ltext0:
  19              		.cfi_sections	.debug_frame
  20              		.global	cy_ble_customConfig
  21              		.global	cy_ble_customCServ
  22              		.section	.rodata
  23              		.align	2
  24              		.type	cy_ble_customUuid16, %object
  25              		.size	cy_ble_customUuid16, 2
  26              	cy_ble_customUuid16:
  27 0000 0129     		.short	10497
  28 0002 0000     		.space	2
  29              		.type	cy_ble_customUuid128, %object
  30              		.size	cy_ble_customUuid128, 32
  31              	cy_ble_customUuid128:
  32 0004 41       		.byte	65
  33 0005 2F       		.byte	47
  34 0006 F8       		.byte	-8
  35 0007 D4       		.byte	-44
  36 0008 17       		.byte	23
  37 0009 CD       		.byte	-51
  38 000a 2B       		.byte	43
  39 000b A3       		.byte	-93
  40 000c DA       		.byte	-38
  41 000d 44       		.byte	68
  42 000e DB       		.byte	-37
  43 000f BC       		.byte	-68
  44 0010 23       		.byte	35
  45 0011 57       		.byte	87
  46 0012 3D       		.byte	61
  47 0013 84       		.byte	-124
  48 0014 10       		.byte	16
  49 0015 BB       		.byte	-69
  50 0016 3D       		.byte	61
  51 0017 88       		.byte	-120
  52 0018 82       		.byte	-126
  53 0019 8B       		.byte	-117
  54 001a 28       		.byte	40
  55 001b 80       		.byte	-128
  56 001c ED       		.byte	-19
  57 001d 48       		.byte	72
ARM GAS  C:\Users\Austina\AppData\Local\Temp\ccEaDvOU.s 			page 2


  58 001e 61       		.byte	97
  59 001f F6       		.byte	-10
  60 0020 D8       		.byte	-40
  61 0021 BD       		.byte	-67
  62 0022 B9       		.byte	-71
  63 0023 A6       		.byte	-90
  64              		.data
  65              		.align	2
  66              		.type	cy_ble_customConfig, %object
  67              		.size	cy_ble_customConfig, 4
  68              	cy_ble_customConfig:
  69 0000 00000000 		.word	cy_ble_customCServ
  70              		.type	cy_ble_customCServ, %object
  71              		.size	cy_ble_customCServ, 16
  72              	cy_ble_customCServ:
  73 0004 0000     		.short	0
  74 0006 0000     		.space	2
  75 0008 04000000 		.word	cy_ble_customUuid128
  76 000c 02       		.byte	2
  77 000d 01       		.byte	1
  78 000e 0000     		.space	2
  79 0010 14000000 		.word	cy_ble_customCChar
  80              		.type	cy_ble_customCChar, %object
  81              		.size	cy_ble_customCChar, 16
  82              	cy_ble_customCChar:
  83 0014 0000     		.short	0
  84 0016 0000     		.short	0
  85 0018 14000000 		.word	cy_ble_customUuid128+16
  86 001c 02       		.byte	2
  87 001d 00       		.byte	0
  88 001e 01       		.byte	1
  89 001f 00       		.space	1
  90 0020 24000000 		.word	cy_ble_customCDesc
  91              		.type	cy_ble_customCDesc, %object
  92              		.size	cy_ble_customCDesc, 12
  93              	cy_ble_customCDesc:
  94 0024 0000     		.short	0
  95 0026 0000     		.space	2
  96 0028 00000000 		.word	cy_ble_customUuid16
  97 002c 01       		.byte	1
  98 002d 000000   		.space	3
  99              		.text
 100              	.Letext0:
 101              		.file 1 "c:\\program files (x86)\\cypress\\psoc creator\\4.4\\psoc creator\\import\\gnu\\arm\\5.4.
 102              		.file 2 "c:\\program files (x86)\\cypress\\psoc creator\\4.4\\psoc creator\\import\\gnu\\arm\\5.4.
 103              		.file 3 "Generated_Source\\PSoC6\\pdl\\drivers/peripheral/device/cy_device.h"
 104              		.file 4 "Generated_Source\\PSoC6\\pdl\\middleware/ble/cy_ble_stack_host_main.h"
 105              		.file 5 "Generated_Source\\PSoC6\\pdl\\middleware/ble/cy_ble_stack_gatt.h"
 106              		.file 6 "Generated_Source\\PSoC6\\pdl\\middleware/ble/cy_ble_gap.h"
 107              		.file 7 "Generated_Source\\PSoC6\\pdl\\middleware/ble/cy_ble_custom.h"
 108              		.file 8 "Generated_Source\\PSoC6\\BLE_custom_config.c"
 109              		.file 9 "Generated_Source\\PSoC6\\pdl\\cmsis/include/core_cm4.h"
 110              		.section	.debug_info,"",%progbits
 111              	.Ldebug_info0:
 112 0000 91080000 		.4byte	0x891
 113 0004 0400     		.2byte	0x4
 114 0006 00000000 		.4byte	.Ldebug_abbrev0
ARM GAS  C:\Users\Austina\AppData\Local\Temp\ccEaDvOU.s 			page 3


 115 000a 04       		.byte	0x4
 116 000b 01       		.uleb128 0x1
 117 000c CD060000 		.4byte	.LASF161
 118 0010 0C       		.byte	0xc
 119 0011 83040000 		.4byte	.LASF162
 120 0015 E7010000 		.4byte	.LASF163
 121 0019 00000000 		.4byte	.Ldebug_line0
 122 001d 02       		.uleb128 0x2
 123 001e 04       		.byte	0x4
 124 001f 05       		.byte	0x5
 125 0020 696E7400 		.ascii	"int\000"
 126 0024 03       		.uleb128 0x3
 127 0025 04       		.byte	0x4
 128 0026 07       		.byte	0x7
 129 0027 D4030000 		.4byte	.LASF0
 130 002b 03       		.uleb128 0x3
 131 002c 08       		.byte	0x8
 132 002d 05       		.byte	0x5
 133 002e 85010000 		.4byte	.LASF1
 134 0032 03       		.uleb128 0x3
 135 0033 08       		.byte	0x8
 136 0034 04       		.byte	0x4
 137 0035 4B090000 		.4byte	.LASF2
 138 0039 03       		.uleb128 0x3
 139 003a 01       		.byte	0x1
 140 003b 06       		.byte	0x6
 141 003c 93010000 		.4byte	.LASF3
 142 0040 04       		.uleb128 0x4
 143 0041 86000000 		.4byte	.LASF5
 144 0045 01       		.byte	0x1
 145 0046 1D       		.byte	0x1d
 146 0047 4B000000 		.4byte	0x4b
 147 004b 03       		.uleb128 0x3
 148 004c 01       		.byte	0x1
 149 004d 08       		.byte	0x8
 150 004e 4C080000 		.4byte	.LASF4
 151 0052 04       		.uleb128 0x4
 152 0053 63030000 		.4byte	.LASF6
 153 0057 01       		.byte	0x1
 154 0058 29       		.byte	0x29
 155 0059 5D000000 		.4byte	0x5d
 156 005d 03       		.uleb128 0x3
 157 005e 02       		.byte	0x2
 158 005f 05       		.byte	0x5
 159 0060 6E080000 		.4byte	.LASF7
 160 0064 04       		.uleb128 0x4
 161 0065 7B090000 		.4byte	.LASF8
 162 0069 01       		.byte	0x1
 163 006a 2B       		.byte	0x2b
 164 006b 6F000000 		.4byte	0x6f
 165 006f 03       		.uleb128 0x3
 166 0070 02       		.byte	0x2
 167 0071 07       		.byte	0x7
 168 0072 090A0000 		.4byte	.LASF9
 169 0076 04       		.uleb128 0x4
 170 0077 B2090000 		.4byte	.LASF10
 171 007b 01       		.byte	0x1
ARM GAS  C:\Users\Austina\AppData\Local\Temp\ccEaDvOU.s 			page 4


 172 007c 3F       		.byte	0x3f
 173 007d 81000000 		.4byte	0x81
 174 0081 03       		.uleb128 0x3
 175 0082 04       		.byte	0x4
 176 0083 05       		.byte	0x5
 177 0084 38020000 		.4byte	.LASF11
 178 0088 04       		.uleb128 0x4
 179 0089 0D030000 		.4byte	.LASF12
 180 008d 01       		.byte	0x1
 181 008e 41       		.byte	0x41
 182 008f 93000000 		.4byte	0x93
 183 0093 03       		.uleb128 0x3
 184 0094 04       		.byte	0x4
 185 0095 07       		.byte	0x7
 186 0096 43040000 		.4byte	.LASF13
 187 009a 03       		.uleb128 0x3
 188 009b 08       		.byte	0x8
 189 009c 07       		.byte	0x7
 190 009d 02010000 		.4byte	.LASF14
 191 00a1 03       		.uleb128 0x3
 192 00a2 04       		.byte	0x4
 193 00a3 07       		.byte	0x7
 194 00a4 0B060000 		.4byte	.LASF15
 195 00a8 03       		.uleb128 0x3
 196 00a9 01       		.byte	0x1
 197 00aa 08       		.byte	0x8
 198 00ab 57090000 		.4byte	.LASF16
 199 00af 04       		.uleb128 0x4
 200 00b0 C70A0000 		.4byte	.LASF17
 201 00b4 02       		.byte	0x2
 202 00b5 18       		.byte	0x18
 203 00b6 40000000 		.4byte	0x40
 204 00ba 04       		.uleb128 0x4
 205 00bb 7D010000 		.4byte	.LASF18
 206 00bf 02       		.byte	0x2
 207 00c0 20       		.byte	0x20
 208 00c1 52000000 		.4byte	0x52
 209 00c5 04       		.uleb128 0x4
 210 00c6 28040000 		.4byte	.LASF19
 211 00ca 02       		.byte	0x2
 212 00cb 24       		.byte	0x24
 213 00cc 64000000 		.4byte	0x64
 214 00d0 04       		.uleb128 0x4
 215 00d1 44080000 		.4byte	.LASF20
 216 00d5 02       		.byte	0x2
 217 00d6 2C       		.byte	0x2c
 218 00d7 76000000 		.4byte	0x76
 219 00db 04       		.uleb128 0x4
 220 00dc 17090000 		.4byte	.LASF21
 221 00e0 02       		.byte	0x2
 222 00e1 30       		.byte	0x30
 223 00e2 88000000 		.4byte	0x88
 224 00e6 05       		.uleb128 0x5
 225 00e7 B8       		.byte	0xb8
 226 00e8 03       		.byte	0x3
 227 00e9 34       		.byte	0x34
 228 00ea F7040000 		.4byte	0x4f7
ARM GAS  C:\Users\Austina\AppData\Local\Temp\ccEaDvOU.s 			page 5


 229 00ee 06       		.uleb128 0x6
 230 00ef CF000000 		.4byte	.LASF22
 231 00f3 03       		.byte	0x3
 232 00f4 37       		.byte	0x37
 233 00f5 DB000000 		.4byte	0xdb
 234 00f9 00       		.byte	0
 235 00fa 06       		.uleb128 0x6
 236 00fb 02030000 		.4byte	.LASF23
 237 00ff 03       		.byte	0x3
 238 0100 38       		.byte	0x38
 239 0101 DB000000 		.4byte	0xdb
 240 0105 04       		.byte	0x4
 241 0106 06       		.uleb128 0x6
 242 0107 66020000 		.4byte	.LASF24
 243 010b 03       		.byte	0x3
 244 010c 39       		.byte	0x39
 245 010d DB000000 		.4byte	0xdb
 246 0111 08       		.byte	0x8
 247 0112 06       		.uleb128 0x6
 248 0113 0C080000 		.4byte	.LASF25
 249 0117 03       		.byte	0x3
 250 0118 3A       		.byte	0x3a
 251 0119 DB000000 		.4byte	0xdb
 252 011d 0C       		.byte	0xc
 253 011e 06       		.uleb128 0x6
 254 011f B4010000 		.4byte	.LASF26
 255 0123 03       		.byte	0x3
 256 0124 3B       		.byte	0x3b
 257 0125 DB000000 		.4byte	0xdb
 258 0129 10       		.byte	0x10
 259 012a 06       		.uleb128 0x6
 260 012b DD010000 		.4byte	.LASF27
 261 012f 03       		.byte	0x3
 262 0130 3C       		.byte	0x3c
 263 0131 DB000000 		.4byte	0xdb
 264 0135 14       		.byte	0x14
 265 0136 06       		.uleb128 0x6
 266 0137 7A040000 		.4byte	.LASF28
 267 013b 03       		.byte	0x3
 268 013c 3D       		.byte	0x3d
 269 013d DB000000 		.4byte	0xdb
 270 0141 18       		.byte	0x18
 271 0142 06       		.uleb128 0x6
 272 0143 6F000000 		.4byte	.LASF29
 273 0147 03       		.byte	0x3
 274 0148 3E       		.byte	0x3e
 275 0149 DB000000 		.4byte	0xdb
 276 014d 1C       		.byte	0x1c
 277 014e 06       		.uleb128 0x6
 278 014f 310B0000 		.4byte	.LASF30
 279 0153 03       		.byte	0x3
 280 0154 3F       		.byte	0x3f
 281 0155 DB000000 		.4byte	0xdb
 282 0159 20       		.byte	0x20
 283 015a 06       		.uleb128 0x6
 284 015b B5060000 		.4byte	.LASF31
 285 015f 03       		.byte	0x3
ARM GAS  C:\Users\Austina\AppData\Local\Temp\ccEaDvOU.s 			page 6


 286 0160 40       		.byte	0x40
 287 0161 DB000000 		.4byte	0xdb
 288 0165 24       		.byte	0x24
 289 0166 06       		.uleb128 0x6
 290 0167 8C050000 		.4byte	.LASF32
 291 016b 03       		.byte	0x3
 292 016c 43       		.byte	0x43
 293 016d AF000000 		.4byte	0xaf
 294 0171 28       		.byte	0x28
 295 0172 06       		.uleb128 0x6
 296 0173 55000000 		.4byte	.LASF33
 297 0177 03       		.byte	0x3
 298 0178 44       		.byte	0x44
 299 0179 AF000000 		.4byte	0xaf
 300 017d 29       		.byte	0x29
 301 017e 06       		.uleb128 0x6
 302 017f 270B0000 		.4byte	.LASF34
 303 0183 03       		.byte	0x3
 304 0184 45       		.byte	0x45
 305 0185 AF000000 		.4byte	0xaf
 306 0189 2A       		.byte	0x2a
 307 018a 06       		.uleb128 0x6
 308 018b A7060000 		.4byte	.LASF35
 309 018f 03       		.byte	0x3
 310 0190 46       		.byte	0x46
 311 0191 AF000000 		.4byte	0xaf
 312 0195 2B       		.byte	0x2b
 313 0196 06       		.uleb128 0x6
 314 0197 F3040000 		.4byte	.LASF36
 315 019b 03       		.byte	0x3
 316 019c 47       		.byte	0x47
 317 019d AF000000 		.4byte	0xaf
 318 01a1 2C       		.byte	0x2c
 319 01a2 06       		.uleb128 0x6
 320 01a3 BC090000 		.4byte	.LASF37
 321 01a7 03       		.byte	0x3
 322 01a8 48       		.byte	0x48
 323 01a9 AF000000 		.4byte	0xaf
 324 01ad 2D       		.byte	0x2d
 325 01ae 06       		.uleb128 0x6
 326 01af BD010000 		.4byte	.LASF38
 327 01b3 03       		.byte	0x3
 328 01b4 49       		.byte	0x49
 329 01b5 AF000000 		.4byte	0xaf
 330 01b9 2E       		.byte	0x2e
 331 01ba 06       		.uleb128 0x6
 332 01bb B6050000 		.4byte	.LASF39
 333 01bf 03       		.byte	0x3
 334 01c0 4A       		.byte	0x4a
 335 01c1 AF000000 		.4byte	0xaf
 336 01c5 2F       		.byte	0x2f
 337 01c6 06       		.uleb128 0x6
 338 01c7 61090000 		.4byte	.LASF40
 339 01cb 03       		.byte	0x3
 340 01cc 4B       		.byte	0x4b
 341 01cd AF000000 		.4byte	0xaf
 342 01d1 30       		.byte	0x30
ARM GAS  C:\Users\Austina\AppData\Local\Temp\ccEaDvOU.s 			page 7


 343 01d2 06       		.uleb128 0x6
 344 01d3 6F040000 		.4byte	.LASF41
 345 01d7 03       		.byte	0x3
 346 01d8 4E       		.byte	0x4e
 347 01d9 AF000000 		.4byte	0xaf
 348 01dd 31       		.byte	0x31
 349 01de 06       		.uleb128 0x6
 350 01df 78000000 		.4byte	.LASF42
 351 01e3 03       		.byte	0x3
 352 01e4 4F       		.byte	0x4f
 353 01e5 AF000000 		.4byte	0xaf
 354 01e9 32       		.byte	0x32
 355 01ea 06       		.uleb128 0x6
 356 01eb C8030000 		.4byte	.LASF43
 357 01ef 03       		.byte	0x3
 358 01f0 50       		.byte	0x50
 359 01f1 AF000000 		.4byte	0xaf
 360 01f5 33       		.byte	0x33
 361 01f6 06       		.uleb128 0x6
 362 01f7 2A060000 		.4byte	.LASF44
 363 01fb 03       		.byte	0x3
 364 01fc 51       		.byte	0x51
 365 01fd AF000000 		.4byte	0xaf
 366 0201 34       		.byte	0x34
 367 0202 06       		.uleb128 0x6
 368 0203 330A0000 		.4byte	.LASF45
 369 0207 03       		.byte	0x3
 370 0208 52       		.byte	0x52
 371 0209 BA000000 		.4byte	0xba
 372 020d 36       		.byte	0x36
 373 020e 06       		.uleb128 0x6
 374 020f 80020000 		.4byte	.LASF46
 375 0213 03       		.byte	0x3
 376 0214 53       		.byte	0x53
 377 0215 BA000000 		.4byte	0xba
 378 0219 38       		.byte	0x38
 379 021a 06       		.uleb128 0x6
 380 021b 970A0000 		.4byte	.LASF47
 381 021f 03       		.byte	0x3
 382 0220 54       		.byte	0x54
 383 0221 BA000000 		.4byte	0xba
 384 0225 3A       		.byte	0x3a
 385 0226 06       		.uleb128 0x6
 386 0227 180B0000 		.4byte	.LASF48
 387 022b 03       		.byte	0x3
 388 022c 55       		.byte	0x55
 389 022d AF000000 		.4byte	0xaf
 390 0231 3C       		.byte	0x3c
 391 0232 06       		.uleb128 0x6
 392 0233 A7020000 		.4byte	.LASF49
 393 0237 03       		.byte	0x3
 394 0238 56       		.byte	0x56
 395 0239 AF000000 		.4byte	0xaf
 396 023d 3D       		.byte	0x3d
 397 023e 06       		.uleb128 0x6
 398 023f EE080000 		.4byte	.LASF50
 399 0243 03       		.byte	0x3
ARM GAS  C:\Users\Austina\AppData\Local\Temp\ccEaDvOU.s 			page 8


 400 0244 57       		.byte	0x57
 401 0245 AF000000 		.4byte	0xaf
 402 0249 3E       		.byte	0x3e
 403 024a 06       		.uleb128 0x6
 404 024b 63000000 		.4byte	.LASF51
 405 024f 03       		.byte	0x3
 406 0250 58       		.byte	0x58
 407 0251 AF000000 		.4byte	0xaf
 408 0255 3F       		.byte	0x3f
 409 0256 06       		.uleb128 0x6
 410 0257 C0060000 		.4byte	.LASF52
 411 025b 03       		.byte	0x3
 412 025c 59       		.byte	0x59
 413 025d AF000000 		.4byte	0xaf
 414 0261 40       		.byte	0x40
 415 0262 06       		.uleb128 0x6
 416 0263 32030000 		.4byte	.LASF53
 417 0267 03       		.byte	0x3
 418 0268 5A       		.byte	0x5a
 419 0269 AF000000 		.4byte	0xaf
 420 026d 41       		.byte	0x41
 421 026e 06       		.uleb128 0x6
 422 026f 24050000 		.4byte	.LASF54
 423 0273 03       		.byte	0x3
 424 0274 5B       		.byte	0x5b
 425 0275 AF000000 		.4byte	0xaf
 426 0279 42       		.byte	0x42
 427 027a 06       		.uleb128 0x6
 428 027b 85060000 		.4byte	.LASF55
 429 027f 03       		.byte	0x3
 430 0280 5C       		.byte	0x5c
 431 0281 AF000000 		.4byte	0xaf
 432 0285 43       		.byte	0x43
 433 0286 06       		.uleb128 0x6
 434 0287 6F020000 		.4byte	.LASF56
 435 028b 03       		.byte	0x3
 436 028c 5D       		.byte	0x5d
 437 028d AF000000 		.4byte	0xaf
 438 0291 44       		.byte	0x44
 439 0292 06       		.uleb128 0x6
 440 0293 00000000 		.4byte	.LASF57
 441 0297 03       		.byte	0x3
 442 0298 5E       		.byte	0x5e
 443 0299 DB000000 		.4byte	0xdb
 444 029d 48       		.byte	0x48
 445 029e 06       		.uleb128 0x6
 446 029f 58020000 		.4byte	.LASF58
 447 02a3 03       		.byte	0x3
 448 02a4 5F       		.byte	0x5f
 449 02a5 DB000000 		.4byte	0xdb
 450 02a9 4C       		.byte	0x4c
 451 02aa 06       		.uleb128 0x6
 452 02ab AA0B0000 		.4byte	.LASF59
 453 02af 03       		.byte	0x3
 454 02b0 60       		.byte	0x60
 455 02b1 AF000000 		.4byte	0xaf
 456 02b5 50       		.byte	0x50
ARM GAS  C:\Users\Austina\AppData\Local\Temp\ccEaDvOU.s 			page 9


 457 02b6 06       		.uleb128 0x6
 458 02b7 57010000 		.4byte	.LASF60
 459 02bb 03       		.byte	0x3
 460 02bc 61       		.byte	0x61
 461 02bd AF000000 		.4byte	0xaf
 462 02c1 51       		.byte	0x51
 463 02c2 06       		.uleb128 0x6
 464 02c3 80070000 		.4byte	.LASF61
 465 02c7 03       		.byte	0x3
 466 02c8 62       		.byte	0x62
 467 02c9 AF000000 		.4byte	0xaf
 468 02cd 52       		.byte	0x52
 469 02ce 06       		.uleb128 0x6
 470 02cf C9090000 		.4byte	.LASF62
 471 02d3 03       		.byte	0x3
 472 02d4 63       		.byte	0x63
 473 02d5 AF000000 		.4byte	0xaf
 474 02d9 53       		.byte	0x53
 475 02da 06       		.uleb128 0x6
 476 02db FC080000 		.4byte	.LASF63
 477 02df 03       		.byte	0x3
 478 02e0 64       		.byte	0x64
 479 02e1 AF000000 		.4byte	0xaf
 480 02e5 54       		.byte	0x54
 481 02e6 06       		.uleb128 0x6
 482 02e7 69010000 		.4byte	.LASF64
 483 02eb 03       		.byte	0x3
 484 02ec 65       		.byte	0x65
 485 02ed AF000000 		.4byte	0xaf
 486 02f1 55       		.byte	0x55
 487 02f2 06       		.uleb128 0x6
 488 02f3 F5090000 		.4byte	.LASF65
 489 02f7 03       		.byte	0x3
 490 02f8 66       		.byte	0x66
 491 02f9 AF000000 		.4byte	0xaf
 492 02fd 56       		.byte	0x56
 493 02fe 06       		.uleb128 0x6
 494 02ff 9C080000 		.4byte	.LASF66
 495 0303 03       		.byte	0x3
 496 0304 67       		.byte	0x67
 497 0305 AF000000 		.4byte	0xaf
 498 0309 57       		.byte	0x57
 499 030a 06       		.uleb128 0x6
 500 030b 1A000000 		.4byte	.LASF67
 501 030f 03       		.byte	0x3
 502 0310 68       		.byte	0x68
 503 0311 AF000000 		.4byte	0xaf
 504 0315 58       		.byte	0x58
 505 0316 06       		.uleb128 0x6
 506 0317 5A080000 		.4byte	.LASF68
 507 031b 03       		.byte	0x3
 508 031c 69       		.byte	0x69
 509 031d AF000000 		.4byte	0xaf
 510 0321 59       		.byte	0x59
 511 0322 06       		.uleb128 0x6
 512 0323 14060000 		.4byte	.LASF69
 513 0327 03       		.byte	0x3
ARM GAS  C:\Users\Austina\AppData\Local\Temp\ccEaDvOU.s 			page 10


 514 0328 6E       		.byte	0x6e
 515 0329 C5000000 		.4byte	0xc5
 516 032d 5A       		.byte	0x5a
 517 032e 06       		.uleb128 0x6
 518 032f 1C0A0000 		.4byte	.LASF70
 519 0333 03       		.byte	0x3
 520 0334 6F       		.byte	0x6f
 521 0335 C5000000 		.4byte	0xc5
 522 0339 5C       		.byte	0x5c
 523 033a 06       		.uleb128 0x6
 524 033b D9000000 		.4byte	.LASF71
 525 033f 03       		.byte	0x3
 526 0340 70       		.byte	0x70
 527 0341 AF000000 		.4byte	0xaf
 528 0345 5E       		.byte	0x5e
 529 0346 06       		.uleb128 0x6
 530 0347 F6070000 		.4byte	.LASF72
 531 034b 03       		.byte	0x3
 532 034c 71       		.byte	0x71
 533 034d AF000000 		.4byte	0xaf
 534 0351 5F       		.byte	0x5f
 535 0352 06       		.uleb128 0x6
 536 0353 74060000 		.4byte	.LASF73
 537 0357 03       		.byte	0x3
 538 0358 72       		.byte	0x72
 539 0359 AF000000 		.4byte	0xaf
 540 035d 60       		.byte	0x60
 541 035e 06       		.uleb128 0x6
 542 035f BA070000 		.4byte	.LASF74
 543 0363 03       		.byte	0x3
 544 0364 73       		.byte	0x73
 545 0365 DB000000 		.4byte	0xdb
 546 0369 64       		.byte	0x64
 547 036a 06       		.uleb128 0x6
 548 036b 78080000 		.4byte	.LASF75
 549 036f 03       		.byte	0x3
 550 0370 76       		.byte	0x76
 551 0371 C5000000 		.4byte	0xc5
 552 0375 68       		.byte	0x68
 553 0376 06       		.uleb128 0x6
 554 0377 31040000 		.4byte	.LASF76
 555 037b 03       		.byte	0x3
 556 037c 77       		.byte	0x77
 557 037d C5000000 		.4byte	0xc5
 558 0381 6A       		.byte	0x6a
 559 0382 06       		.uleb128 0x6
 560 0383 B8040000 		.4byte	.LASF77
 561 0387 03       		.byte	0x3
 562 0388 78       		.byte	0x78
 563 0389 C5000000 		.4byte	0xc5
 564 038d 6C       		.byte	0x6c
 565 038e 06       		.uleb128 0x6
 566 038f E6040000 		.4byte	.LASF78
 567 0393 03       		.byte	0x3
 568 0394 79       		.byte	0x79
 569 0395 C5000000 		.4byte	0xc5
 570 0399 6E       		.byte	0x6e
ARM GAS  C:\Users\Austina\AppData\Local\Temp\ccEaDvOU.s 			page 11


 571 039a 06       		.uleb128 0x6
 572 039b 88080000 		.4byte	.LASF79
 573 039f 03       		.byte	0x3
 574 03a0 7B       		.byte	0x7b
 575 03a1 AF000000 		.4byte	0xaf
 576 03a5 70       		.byte	0x70
 577 03a6 06       		.uleb128 0x6
 578 03a7 9F010000 		.4byte	.LASF80
 579 03ab 03       		.byte	0x3
 580 03ac 7C       		.byte	0x7c
 581 03ad AF000000 		.4byte	0xaf
 582 03b1 71       		.byte	0x71
 583 03b2 06       		.uleb128 0x6
 584 03b3 390B0000 		.4byte	.LASF81
 585 03b7 03       		.byte	0x3
 586 03b8 7D       		.byte	0x7d
 587 03b9 AF000000 		.4byte	0xaf
 588 03bd 72       		.byte	0x72
 589 03be 06       		.uleb128 0x6
 590 03bf 3B060000 		.4byte	.LASF82
 591 03c3 03       		.byte	0x3
 592 03c4 7E       		.byte	0x7e
 593 03c5 AF000000 		.4byte	0xaf
 594 03c9 73       		.byte	0x73
 595 03ca 06       		.uleb128 0x6
 596 03cb B2020000 		.4byte	.LASF83
 597 03cf 03       		.byte	0x3
 598 03d0 80       		.byte	0x80
 599 03d1 C5000000 		.4byte	0xc5
 600 03d5 74       		.byte	0x74
 601 03d6 06       		.uleb128 0x6
 602 03d7 9F090000 		.4byte	.LASF84
 603 03db 03       		.byte	0x3
 604 03dc 81       		.byte	0x81
 605 03dd C5000000 		.4byte	0xc5
 606 03e1 76       		.byte	0x76
 607 03e2 06       		.uleb128 0x6
 608 03e3 400A0000 		.4byte	.LASF85
 609 03e7 03       		.byte	0x3
 610 03e8 82       		.byte	0x82
 611 03e9 C5000000 		.4byte	0xc5
 612 03ed 78       		.byte	0x78
 613 03ee 06       		.uleb128 0x6
 614 03ef 90000000 		.4byte	.LASF86
 615 03f3 03       		.byte	0x3
 616 03f4 83       		.byte	0x83
 617 03f5 C5000000 		.4byte	0xc5
 618 03f9 7A       		.byte	0x7a
 619 03fa 06       		.uleb128 0x6
 620 03fb E40A0000 		.4byte	.LASF87
 621 03ff 03       		.byte	0x3
 622 0400 86       		.byte	0x86
 623 0401 AF000000 		.4byte	0xaf
 624 0405 7C       		.byte	0x7c
 625 0406 06       		.uleb128 0x6
 626 0407 550A0000 		.4byte	.LASF88
 627 040b 03       		.byte	0x3
ARM GAS  C:\Users\Austina\AppData\Local\Temp\ccEaDvOU.s 			page 12


 628 040c 87       		.byte	0x87
 629 040d AF000000 		.4byte	0xaf
 630 0411 7D       		.byte	0x7d
 631 0412 06       		.uleb128 0x6
 632 0413 2E000000 		.4byte	.LASF89
 633 0417 03       		.byte	0x3
 634 0418 88       		.byte	0x88
 635 0419 AF000000 		.4byte	0xaf
 636 041d 7E       		.byte	0x7e
 637 041e 06       		.uleb128 0x6
 638 041f EE020000 		.4byte	.LASF90
 639 0423 03       		.byte	0x3
 640 0424 89       		.byte	0x89
 641 0425 AF000000 		.4byte	0xaf
 642 0429 7F       		.byte	0x7f
 643 042a 06       		.uleb128 0x6
 644 042b B4030000 		.4byte	.LASF91
 645 042f 03       		.byte	0x3
 646 0430 8A       		.byte	0x8a
 647 0431 AF000000 		.4byte	0xaf
 648 0435 80       		.byte	0x80
 649 0436 06       		.uleb128 0x6
 650 0437 6F050000 		.4byte	.LASF92
 651 043b 03       		.byte	0x3
 652 043c 8D       		.byte	0x8d
 653 043d DB000000 		.4byte	0xdb
 654 0441 84       		.byte	0x84
 655 0442 06       		.uleb128 0x6
 656 0443 41020000 		.4byte	.LASF93
 657 0447 03       		.byte	0x3
 658 0448 8E       		.byte	0x8e
 659 0449 DB000000 		.4byte	0xdb
 660 044d 88       		.byte	0x88
 661 044e 06       		.uleb128 0x6
 662 044f CF0A0000 		.4byte	.LASF94
 663 0453 03       		.byte	0x3
 664 0454 8F       		.byte	0x8f
 665 0455 DB000000 		.4byte	0xdb
 666 0459 8C       		.byte	0x8c
 667 045a 06       		.uleb128 0x6
 668 045b D5050000 		.4byte	.LASF95
 669 045f 03       		.byte	0x3
 670 0460 90       		.byte	0x90
 671 0461 DB000000 		.4byte	0xdb
 672 0465 90       		.byte	0x90
 673 0466 06       		.uleb128 0x6
 674 0467 0F050000 		.4byte	.LASF96
 675 046b 03       		.byte	0x3
 676 046c 91       		.byte	0x91
 677 046d DB000000 		.4byte	0xdb
 678 0471 94       		.byte	0x94
 679 0472 06       		.uleb128 0x6
 680 0473 59050000 		.4byte	.LASF97
 681 0477 03       		.byte	0x3
 682 0478 92       		.byte	0x92
 683 0479 DB000000 		.4byte	0xdb
 684 047d 98       		.byte	0x98
ARM GAS  C:\Users\Austina\AppData\Local\Temp\ccEaDvOU.s 			page 13


 685 047e 06       		.uleb128 0x6
 686 047f F90A0000 		.4byte	.LASF98
 687 0483 03       		.byte	0x3
 688 0484 93       		.byte	0x93
 689 0485 DB000000 		.4byte	0xdb
 690 0489 9C       		.byte	0x9c
 691 048a 06       		.uleb128 0x6
 692 048b 23010000 		.4byte	.LASF99
 693 048f 03       		.byte	0x3
 694 0490 94       		.byte	0x94
 695 0491 DB000000 		.4byte	0xdb
 696 0495 A0       		.byte	0xa0
 697 0496 06       		.uleb128 0x6
 698 0497 C8010000 		.4byte	.LASF100
 699 049b 03       		.byte	0x3
 700 049c 95       		.byte	0x95
 701 049d C5000000 		.4byte	0xc5
 702 04a1 A4       		.byte	0xa4
 703 04a2 06       		.uleb128 0x6
 704 04a3 30050000 		.4byte	.LASF101
 705 04a7 03       		.byte	0x3
 706 04a8 96       		.byte	0x96
 707 04a9 C5000000 		.4byte	0xc5
 708 04ad A6       		.byte	0xa6
 709 04ae 06       		.uleb128 0x6
 710 04af EA070000 		.4byte	.LASF102
 711 04b3 03       		.byte	0x3
 712 04b4 97       		.byte	0x97
 713 04b5 C5000000 		.4byte	0xc5
 714 04b9 A8       		.byte	0xa8
 715 04ba 06       		.uleb128 0x6
 716 04bb 6D090000 		.4byte	.LASF103
 717 04bf 03       		.byte	0x3
 718 04c0 98       		.byte	0x98
 719 04c1 C5000000 		.4byte	0xc5
 720 04c5 AA       		.byte	0xaa
 721 04c6 06       		.uleb128 0x6
 722 04c7 C7040000 		.4byte	.LASF104
 723 04cb 03       		.byte	0x3
 724 04cc 99       		.byte	0x99
 725 04cd C5000000 		.4byte	0xc5
 726 04d1 AC       		.byte	0xac
 727 04d2 06       		.uleb128 0x6
 728 04d3 52060000 		.4byte	.LASF105
 729 04d7 03       		.byte	0x3
 730 04d8 9A       		.byte	0x9a
 731 04d9 C5000000 		.4byte	0xc5
 732 04dd AE       		.byte	0xae
 733 04de 06       		.uleb128 0x6
 734 04df 250A0000 		.4byte	.LASF106
 735 04e3 03       		.byte	0x3
 736 04e4 9D       		.byte	0x9d
 737 04e5 C5000000 		.4byte	0xc5
 738 04e9 B0       		.byte	0xb0
 739 04ea 06       		.uleb128 0x6
 740 04eb 41000000 		.4byte	.LASF107
 741 04ef 03       		.byte	0x3
ARM GAS  C:\Users\Austina\AppData\Local\Temp\ccEaDvOU.s 			page 14


 742 04f0 9E       		.byte	0x9e
 743 04f1 DB000000 		.4byte	0xdb
 744 04f5 B4       		.byte	0xb4
 745 04f6 00       		.byte	0
 746 04f7 04       		.uleb128 0x4
 747 04f8 FF040000 		.4byte	.LASF108
 748 04fc 03       		.byte	0x3
 749 04fd 9F       		.byte	0x9f
 750 04fe E6000000 		.4byte	0xe6
 751 0502 03       		.uleb128 0x3
 752 0503 04       		.byte	0x4
 753 0504 04       		.byte	0x4
 754 0505 B4070000 		.4byte	.LASF109
 755 0509 03       		.uleb128 0x3
 756 050a 08       		.byte	0x8
 757 050b 04       		.byte	0x4
 758 050c 8B020000 		.4byte	.LASF110
 759 0510 07       		.uleb128 0x7
 760 0511 02       		.byte	0x2
 761 0512 04       		.byte	0x4
 762 0513 6401     		.2byte	0x164
 763 0515 34050000 		.4byte	0x534
 764 0519 08       		.uleb128 0x8
 765 051a 0F0B0000 		.4byte	.LASF111
 766 051e 04       		.byte	0x4
 767 051f 6E01     		.2byte	0x16e
 768 0521 AF000000 		.4byte	0xaf
 769 0525 00       		.byte	0
 770 0526 08       		.uleb128 0x8
 771 0527 86050000 		.4byte	.LASF112
 772 052b 04       		.byte	0x4
 773 052c 7201     		.2byte	0x172
 774 052e AF000000 		.4byte	0xaf
 775 0532 01       		.byte	0x1
 776 0533 00       		.byte	0
 777 0534 09       		.uleb128 0x9
 778 0535 A5000000 		.4byte	.LASF113
 779 0539 04       		.byte	0x4
 780 053a 7401     		.2byte	0x174
 781 053c 10050000 		.4byte	0x510
 782 0540 0A       		.uleb128 0xa
 783 0541 AF000000 		.4byte	0xaf
 784 0545 50050000 		.4byte	0x550
 785 0549 0B       		.uleb128 0xb
 786 054a A1000000 		.4byte	0xa1
 787 054e 0F       		.byte	0xf
 788 054f 00       		.byte	0
 789 0550 09       		.uleb128 0x9
 790 0551 B0080000 		.4byte	.LASF114
 791 0555 05       		.byte	0x5
 792 0556 6901     		.2byte	0x169
 793 0558 C5000000 		.4byte	0xc5
 794 055c 07       		.uleb128 0x7
 795 055d 10       		.byte	0x10
 796 055e 05       		.byte	0x5
 797 055f 6C01     		.2byte	0x16c
 798 0561 73050000 		.4byte	0x573
ARM GAS  C:\Users\Austina\AppData\Local\Temp\ccEaDvOU.s 			page 15


 799 0565 08       		.uleb128 0x8
 800 0566 84030000 		.4byte	.LASF115
 801 056a 05       		.byte	0x5
 802 056b 6F01     		.2byte	0x16f
 803 056d 40050000 		.4byte	0x540
 804 0571 00       		.byte	0
 805 0572 00       		.byte	0
 806 0573 09       		.uleb128 0x9
 807 0574 4F0B0000 		.4byte	.LASF116
 808 0578 05       		.byte	0x5
 809 0579 7001     		.2byte	0x170
 810 057b 5C050000 		.4byte	0x55c
 811 057f 09       		.uleb128 0x9
 812 0580 99050000 		.4byte	.LASF117
 813 0584 05       		.byte	0x5
 814 0585 7F01     		.2byte	0x17f
 815 0587 C5000000 		.4byte	0xc5
 816 058b 0C       		.uleb128 0xc
 817 058c 01       		.byte	0x1
 818 058d 4B000000 		.4byte	0x4b
 819 0591 06       		.byte	0x6
 820 0592 75       		.byte	0x75
 821 0593 B0050000 		.4byte	0x5b0
 822 0597 0D       		.uleb128 0xd
 823 0598 18030000 		.4byte	.LASF118
 824 059c 00       		.byte	0
 825 059d 0D       		.uleb128 0xd
 826 059e 42030000 		.4byte	.LASF119
 827 05a2 01       		.byte	0x1
 828 05a3 0D       		.uleb128 0xd
 829 05a4 AC0A0000 		.4byte	.LASF120
 830 05a8 02       		.byte	0x2
 831 05a9 0D       		.uleb128 0xd
 832 05aa EA050000 		.4byte	.LASF121
 833 05ae 03       		.byte	0x3
 834 05af 00       		.byte	0
 835 05b0 04       		.uleb128 0x4
 836 05b1 6D030000 		.4byte	.LASF122
 837 05b5 06       		.byte	0x6
 838 05b6 7A       		.byte	0x7a
 839 05b7 8B050000 		.4byte	0x58b
 840 05bb 0C       		.uleb128 0xc
 841 05bc 01       		.byte	0x1
 842 05bd 4B000000 		.4byte	0x4b
 843 05c1 06       		.byte	0x6
 844 05c2 87       		.byte	0x87
 845 05c3 F8050000 		.4byte	0x5f8
 846 05c7 0D       		.uleb128 0xd
 847 05c8 660A0000 		.4byte	.LASF123
 848 05cc 00       		.byte	0
 849 05cd 0D       		.uleb128 0xd
 850 05ce 790B0000 		.4byte	.LASF124
 851 05d2 01       		.byte	0x1
 852 05d3 0D       		.uleb128 0xd
 853 05d4 E1030000 		.4byte	.LASF125
 854 05d8 02       		.byte	0x2
 855 05d9 0D       		.uleb128 0xd
ARM GAS  C:\Users\Austina\AppData\Local\Temp\ccEaDvOU.s 			page 16


 856 05da 8A030000 		.4byte	.LASF126
 857 05de 03       		.byte	0x3
 858 05df 0D       		.uleb128 0xd
 859 05e0 C4020000 		.4byte	.LASF127
 860 05e4 04       		.byte	0x4
 861 05e5 0D       		.uleb128 0xd
 862 05e6 14080000 		.4byte	.LASF128
 863 05ea 05       		.byte	0x5
 864 05eb 0D       		.uleb128 0xd
 865 05ec FD030000 		.4byte	.LASF129
 866 05f0 06       		.byte	0x6
 867 05f1 0D       		.uleb128 0xd
 868 05f2 90070000 		.4byte	.LASF130
 869 05f6 07       		.byte	0x7
 870 05f7 00       		.byte	0
 871 05f8 04       		.uleb128 0x4
 872 05f9 90060000 		.4byte	.LASF131
 873 05fd 06       		.byte	0x6
 874 05fe 90       		.byte	0x90
 875 05ff BB050000 		.4byte	0x5bb
 876 0603 03       		.uleb128 0x3
 877 0604 01       		.byte	0x1
 878 0605 02       		.byte	0x2
 879 0606 3E080000 		.4byte	.LASF132
 880 060a 05       		.uleb128 0x5
 881 060b 0C       		.byte	0xc
 882 060c 07       		.byte	0x7
 883 060d 55       		.byte	0x55
 884 060e 37060000 		.4byte	0x637
 885 0612 06       		.uleb128 0x6
 886 0613 64040000 		.4byte	.LASF133
 887 0617 07       		.byte	0x7
 888 0618 58       		.byte	0x58
 889 0619 37060000 		.4byte	0x637
 890 061d 00       		.byte	0
 891 061e 06       		.uleb128 0x6
 892 061f 5C090000 		.4byte	.LASF134
 893 0623 07       		.byte	0x7
 894 0624 5B       		.byte	0x5b
 895 0625 47060000 		.4byte	0x647
 896 0629 04       		.byte	0x4
 897 062a 06       		.uleb128 0x6
 898 062b 1F060000 		.4byte	.LASF135
 899 062f 07       		.byte	0x7
 900 0630 5E       		.byte	0x5e
 901 0631 AF000000 		.4byte	0xaf
 902 0635 08       		.byte	0x8
 903 0636 00       		.byte	0
 904 0637 0A       		.uleb128 0xa
 905 0638 7F050000 		.4byte	0x57f
 906 063c 47060000 		.4byte	0x647
 907 0640 0B       		.uleb128 0xb
 908 0641 A1000000 		.4byte	0xa1
 909 0645 00       		.byte	0
 910 0646 00       		.byte	0
 911 0647 0E       		.uleb128 0xe
 912 0648 04       		.byte	0x4
ARM GAS  C:\Users\Austina\AppData\Local\Temp\ccEaDvOU.s 			page 17


 913 0649 4D060000 		.4byte	0x64d
 914 064d 0F       		.uleb128 0xf
 915 064e 04       		.uleb128 0x4
 916 064f E8000000 		.4byte	.LASF136
 917 0653 07       		.byte	0x7
 918 0654 5F       		.byte	0x5f
 919 0655 0A060000 		.4byte	0x60a
 920 0659 05       		.uleb128 0x5
 921 065a 10       		.byte	0x10
 922 065b 07       		.byte	0x7
 923 065c 62       		.byte	0x62
 924 065d B6060000 		.4byte	0x6b6
 925 0661 06       		.uleb128 0x6
 926 0662 640B0000 		.4byte	.LASF137
 927 0666 07       		.byte	0x7
 928 0667 65       		.byte	0x65
 929 0668 37060000 		.4byte	0x637
 930 066c 00       		.byte	0
 931 066d 06       		.uleb128 0x6
 932 066e 20090000 		.4byte	.LASF138
 933 0672 07       		.byte	0x7
 934 0673 68       		.byte	0x68
 935 0674 37060000 		.4byte	0x637
 936 0678 02       		.byte	0x2
 937 0679 06       		.uleb128 0x6
 938 067a 5C090000 		.4byte	.LASF134
 939 067e 07       		.byte	0x7
 940 067f 6B       		.byte	0x6b
 941 0680 47060000 		.4byte	0x647
 942 0684 04       		.byte	0x4
 943 0685 06       		.uleb128 0x6
 944 0686 1F060000 		.4byte	.LASF135
 945 068a 07       		.byte	0x7
 946 068b 6E       		.byte	0x6e
 947 068c AF000000 		.4byte	0xaf
 948 0690 08       		.byte	0x8
 949 0691 06       		.uleb128 0x6
 950 0692 0C090000 		.4byte	.LASF139
 951 0696 07       		.byte	0x7
 952 0697 71       		.byte	0x71
 953 0698 B6060000 		.4byte	0x6b6
 954 069c 09       		.byte	0x9
 955 069d 06       		.uleb128 0x6
 956 069e AE040000 		.4byte	.LASF140
 957 06a2 07       		.byte	0x7
 958 06a3 74       		.byte	0x74
 959 06a4 AF000000 		.4byte	0xaf
 960 06a8 0A       		.byte	0xa
 961 06a9 06       		.uleb128 0x6
 962 06aa BB0B0000 		.4byte	.LASF141
 963 06ae 07       		.byte	0x7
 964 06af 77       		.byte	0x77
 965 06b0 C6060000 		.4byte	0x6c6
 966 06b4 0C       		.byte	0xc
 967 06b5 00       		.byte	0
 968 06b6 0A       		.uleb128 0xa
 969 06b7 AF000000 		.4byte	0xaf
ARM GAS  C:\Users\Austina\AppData\Local\Temp\ccEaDvOU.s 			page 18


 970 06bb C6060000 		.4byte	0x6c6
 971 06bf 0B       		.uleb128 0xb
 972 06c0 A1000000 		.4byte	0xa1
 973 06c4 00       		.byte	0
 974 06c5 00       		.byte	0
 975 06c6 0E       		.uleb128 0xe
 976 06c7 04       		.byte	0x4
 977 06c8 4E060000 		.4byte	0x64e
 978 06cc 04       		.uleb128 0x4
 979 06cd DB090000 		.4byte	.LASF142
 980 06d1 07       		.byte	0x7
 981 06d2 78       		.byte	0x78
 982 06d3 59060000 		.4byte	0x659
 983 06d7 05       		.uleb128 0x5
 984 06d8 10       		.byte	0x10
 985 06d9 07       		.byte	0x7
 986 06da 7B       		.byte	0x7b
 987 06db 1C070000 		.4byte	0x71c
 988 06df 06       		.uleb128 0x6
 989 06e0 BE000000 		.4byte	.LASF143
 990 06e4 07       		.byte	0x7
 991 06e5 7E       		.byte	0x7e
 992 06e6 37060000 		.4byte	0x637
 993 06ea 00       		.byte	0
 994 06eb 06       		.uleb128 0x6
 995 06ec 5C090000 		.4byte	.LASF134
 996 06f0 07       		.byte	0x7
 997 06f1 81       		.byte	0x81
 998 06f2 47060000 		.4byte	0x647
 999 06f6 04       		.byte	0x4
 1000 06f7 06       		.uleb128 0x6
 1001 06f8 1F060000 		.4byte	.LASF135
 1002 06fc 07       		.byte	0x7
 1003 06fd 84       		.byte	0x84
 1004 06fe AF000000 		.4byte	0xaf
 1005 0702 08       		.byte	0x8
 1006 0703 06       		.uleb128 0x6
 1007 0704 19010000 		.4byte	.LASF144
 1008 0708 07       		.byte	0x7
 1009 0709 87       		.byte	0x87
 1010 070a AF000000 		.4byte	0xaf
 1011 070e 09       		.byte	0x9
 1012 070f 06       		.uleb128 0x6
 1013 0710 55040000 		.4byte	.LASF145
 1014 0714 07       		.byte	0x7
 1015 0715 8A       		.byte	0x8a
 1016 0716 1C070000 		.4byte	0x71c
 1017 071a 0C       		.byte	0xc
 1018 071b 00       		.byte	0
 1019 071c 0E       		.uleb128 0xe
 1020 071d 04       		.byte	0x4
 1021 071e CC060000 		.4byte	0x6cc
 1022 0722 04       		.uleb128 0x4
 1023 0723 CB070000 		.4byte	.LASF146
 1024 0727 07       		.byte	0x7
 1025 0728 8B       		.byte	0x8b
 1026 0729 D7060000 		.4byte	0x6d7
ARM GAS  C:\Users\Austina\AppData\Local\Temp\ccEaDvOU.s 			page 19


 1027 072d 05       		.uleb128 0x5
 1028 072e 04       		.byte	0x4
 1029 072f 07       		.byte	0x7
 1030 0730 90       		.byte	0x90
 1031 0731 42070000 		.4byte	0x742
 1032 0735 06       		.uleb128 0x6
 1033 0736 12000000 		.4byte	.LASF147
 1034 073a 07       		.byte	0x7
 1035 073b 99       		.byte	0x99
 1036 073c 42070000 		.4byte	0x742
 1037 0740 00       		.byte	0
 1038 0741 00       		.byte	0
 1039 0742 0E       		.uleb128 0xe
 1040 0743 04       		.byte	0x4
 1041 0744 22070000 		.4byte	0x722
 1042 0748 04       		.uleb128 0x4
 1043 0749 D3080000 		.4byte	.LASF148
 1044 074d 07       		.byte	0x7
 1045 074e 9B       		.byte	0x9b
 1046 074f 2D070000 		.4byte	0x72d
 1047 0753 0A       		.uleb128 0xa
 1048 0754 63070000 		.4byte	0x763
 1049 0758 63070000 		.4byte	0x763
 1050 075c 0B       		.uleb128 0xb
 1051 075d A1000000 		.4byte	0xa1
 1052 0761 01       		.byte	0x1
 1053 0762 00       		.byte	0
 1054 0763 10       		.uleb128 0x10
 1055 0764 73050000 		.4byte	0x573
 1056 0768 11       		.uleb128 0x11
 1057 0769 92020000 		.4byte	.LASF149
 1058 076d 08       		.byte	0x8
 1059 076e 20       		.byte	0x20
 1060 076f 79070000 		.4byte	0x779
 1061 0773 05       		.uleb128 0x5
 1062 0774 03       		.byte	0x3
 1063 0775 04000000 		.4byte	cy_ble_customUuid128
 1064 0779 10       		.uleb128 0x10
 1065 077a 53070000 		.4byte	0x753
 1066 077e 0A       		.uleb128 0xa
 1067 077f 8E070000 		.4byte	0x78e
 1068 0783 8E070000 		.4byte	0x78e
 1069 0787 0B       		.uleb128 0xb
 1070 0788 A1000000 		.4byte	0xa1
 1071 078c 00       		.byte	0
 1072 078d 00       		.byte	0
 1073 078e 10       		.uleb128 0x10
 1074 078f 50050000 		.4byte	0x550
 1075 0793 11       		.uleb128 0x11
 1076 0794 45050000 		.4byte	.LASF150
 1077 0798 08       		.byte	0x8
 1078 0799 27       		.byte	0x27
 1079 079a A4070000 		.4byte	0x7a4
 1080 079e 05       		.uleb128 0x5
 1081 079f 03       		.byte	0x3
 1082 07a0 00000000 		.4byte	cy_ble_customUuid16
 1083 07a4 10       		.uleb128 0x10
ARM GAS  C:\Users\Austina\AppData\Local\Temp\ccEaDvOU.s 			page 20


 1084 07a5 7E070000 		.4byte	0x77e
 1085 07a9 0A       		.uleb128 0xa
 1086 07aa 4E060000 		.4byte	0x64e
 1087 07ae B9070000 		.4byte	0x7b9
 1088 07b2 0B       		.uleb128 0xb
 1089 07b3 A1000000 		.4byte	0xa1
 1090 07b7 00       		.byte	0
 1091 07b8 00       		.byte	0
 1092 07b9 11       		.uleb128 0x11
 1093 07ba C2050000 		.4byte	.LASF151
 1094 07be 08       		.byte	0x8
 1095 07bf 2C       		.byte	0x2c
 1096 07c0 A9070000 		.4byte	0x7a9
 1097 07c4 05       		.uleb128 0x5
 1098 07c5 03       		.byte	0x3
 1099 07c6 24000000 		.4byte	cy_ble_customCDesc
 1100 07ca 0A       		.uleb128 0xa
 1101 07cb CC060000 		.4byte	0x6cc
 1102 07cf DA070000 		.4byte	0x7da
 1103 07d3 0B       		.uleb128 0xb
 1104 07d4 A1000000 		.4byte	0xa1
 1105 07d8 00       		.byte	0
 1106 07d9 00       		.byte	0
 1107 07da 11       		.uleb128 0x11
 1108 07db C0080000 		.4byte	.LASF152
 1109 07df 08       		.byte	0x8
 1110 07e0 36       		.byte	0x36
 1111 07e1 CA070000 		.4byte	0x7ca
 1112 07e5 05       		.uleb128 0x5
 1113 07e6 03       		.byte	0x3
 1114 07e7 14000000 		.4byte	cy_ble_customCChar
 1115 07eb 12       		.uleb128 0x12
 1116 07ec E0070000 		.4byte	.LASF153
 1117 07f0 03       		.byte	0x3
 1118 07f1 A7       		.byte	0xa7
 1119 07f2 F6070000 		.4byte	0x7f6
 1120 07f6 0E       		.uleb128 0xe
 1121 07f7 04       		.byte	0x4
 1122 07f8 FC070000 		.4byte	0x7fc
 1123 07fc 10       		.uleb128 0x10
 1124 07fd F7040000 		.4byte	0x4f7
 1125 0801 13       		.uleb128 0x13
 1126 0802 39010000 		.4byte	.LASF154
 1127 0806 09       		.byte	0x9
 1128 0807 F907     		.2byte	0x7f9
 1129 0809 0D080000 		.4byte	0x80d
 1130 080d 14       		.uleb128 0x14
 1131 080e D0000000 		.4byte	0xd0
 1132 0812 13       		.uleb128 0x13
 1133 0813 46010000 		.4byte	.LASF155
 1134 0817 06       		.byte	0x6
 1135 0818 2702     		.2byte	0x227
 1136 081a B0050000 		.4byte	0x5b0
 1137 081e 0A       		.uleb128 0xa
 1138 081f 34050000 		.4byte	0x534
 1139 0823 2E080000 		.4byte	0x82e
 1140 0827 0B       		.uleb128 0xb
ARM GAS  C:\Users\Austina\AppData\Local\Temp\ccEaDvOU.s 			page 21


 1141 0828 A1000000 		.4byte	0xa1
 1142 082c 00       		.byte	0
 1143 082d 00       		.byte	0
 1144 082e 13       		.uleb128 0x13
 1145 082f 850A0000 		.4byte	.LASF156
 1146 0833 06       		.byte	0x6
 1147 0834 2C02     		.2byte	0x22c
 1148 0836 1E080000 		.4byte	0x81e
 1149 083a 0A       		.uleb128 0xa
 1150 083b F8050000 		.4byte	0x5f8
 1151 083f 4A080000 		.4byte	0x84a
 1152 0843 0B       		.uleb128 0xb
 1153 0844 A1000000 		.4byte	0xa1
 1154 0848 00       		.byte	0
 1155 0849 00       		.byte	0
 1156 084a 13       		.uleb128 0x13
 1157 084b D5040000 		.4byte	.LASF157
 1158 084f 06       		.byte	0x6
 1159 0850 2D02     		.2byte	0x22d
 1160 0852 3A080000 		.4byte	0x83a
 1161 0856 13       		.uleb128 0x13
 1162 0857 86090000 		.4byte	.LASF158
 1163 085b 06       		.byte	0x6
 1164 085c 5202     		.2byte	0x252
 1165 085e AF000000 		.4byte	0xaf
 1166 0862 0A       		.uleb128 0xa
 1167 0863 22070000 		.4byte	0x722
 1168 0867 72080000 		.4byte	0x872
 1169 086b 0B       		.uleb128 0xb
 1170 086c A1000000 		.4byte	0xa1
 1171 0870 00       		.byte	0
 1172 0871 00       		.byte	0
 1173 0872 15       		.uleb128 0x15
 1174 0873 38090000 		.4byte	.LASF159
 1175 0877 08       		.byte	0x8
 1176 0878 44       		.byte	0x44
 1177 0879 62080000 		.4byte	0x862
 1178 087d 05       		.uleb128 0x5
 1179 087e 03       		.byte	0x3
 1180 087f 00000000 		.4byte	cy_ble_customCServ
 1181 0883 15       		.uleb128 0x15
 1182 0884 60060000 		.4byte	.LASF160
 1183 0888 08       		.byte	0x8
 1184 0889 59       		.byte	0x59
 1185 088a 48070000 		.4byte	0x748
 1186 088e 05       		.uleb128 0x5
 1187 088f 03       		.byte	0x3
 1188 0890 00000000 		.4byte	cy_ble_customConfig
 1189 0894 00       		.byte	0
 1190              		.section	.debug_abbrev,"",%progbits
 1191              	.Ldebug_abbrev0:
 1192 0000 01       		.uleb128 0x1
 1193 0001 11       		.uleb128 0x11
 1194 0002 01       		.byte	0x1
 1195 0003 25       		.uleb128 0x25
 1196 0004 0E       		.uleb128 0xe
 1197 0005 13       		.uleb128 0x13
ARM GAS  C:\Users\Austina\AppData\Local\Temp\ccEaDvOU.s 			page 22


 1198 0006 0B       		.uleb128 0xb
 1199 0007 03       		.uleb128 0x3
 1200 0008 0E       		.uleb128 0xe
 1201 0009 1B       		.uleb128 0x1b
 1202 000a 0E       		.uleb128 0xe
 1203 000b 10       		.uleb128 0x10
 1204 000c 17       		.uleb128 0x17
 1205 000d 00       		.byte	0
 1206 000e 00       		.byte	0
 1207 000f 02       		.uleb128 0x2
 1208 0010 24       		.uleb128 0x24
 1209 0011 00       		.byte	0
 1210 0012 0B       		.uleb128 0xb
 1211 0013 0B       		.uleb128 0xb
 1212 0014 3E       		.uleb128 0x3e
 1213 0015 0B       		.uleb128 0xb
 1214 0016 03       		.uleb128 0x3
 1215 0017 08       		.uleb128 0x8
 1216 0018 00       		.byte	0
 1217 0019 00       		.byte	0
 1218 001a 03       		.uleb128 0x3
 1219 001b 24       		.uleb128 0x24
 1220 001c 00       		.byte	0
 1221 001d 0B       		.uleb128 0xb
 1222 001e 0B       		.uleb128 0xb
 1223 001f 3E       		.uleb128 0x3e
 1224 0020 0B       		.uleb128 0xb
 1225 0021 03       		.uleb128 0x3
 1226 0022 0E       		.uleb128 0xe
 1227 0023 00       		.byte	0
 1228 0024 00       		.byte	0
 1229 0025 04       		.uleb128 0x4
 1230 0026 16       		.uleb128 0x16
 1231 0027 00       		.byte	0
 1232 0028 03       		.uleb128 0x3
 1233 0029 0E       		.uleb128 0xe
 1234 002a 3A       		.uleb128 0x3a
 1235 002b 0B       		.uleb128 0xb
 1236 002c 3B       		.uleb128 0x3b
 1237 002d 0B       		.uleb128 0xb
 1238 002e 49       		.uleb128 0x49
 1239 002f 13       		.uleb128 0x13
 1240 0030 00       		.byte	0
 1241 0031 00       		.byte	0
 1242 0032 05       		.uleb128 0x5
 1243 0033 13       		.uleb128 0x13
 1244 0034 01       		.byte	0x1
 1245 0035 0B       		.uleb128 0xb
 1246 0036 0B       		.uleb128 0xb
 1247 0037 3A       		.uleb128 0x3a
 1248 0038 0B       		.uleb128 0xb
 1249 0039 3B       		.uleb128 0x3b
 1250 003a 0B       		.uleb128 0xb
 1251 003b 01       		.uleb128 0x1
 1252 003c 13       		.uleb128 0x13
 1253 003d 00       		.byte	0
 1254 003e 00       		.byte	0
ARM GAS  C:\Users\Austina\AppData\Local\Temp\ccEaDvOU.s 			page 23


 1255 003f 06       		.uleb128 0x6
 1256 0040 0D       		.uleb128 0xd
 1257 0041 00       		.byte	0
 1258 0042 03       		.uleb128 0x3
 1259 0043 0E       		.uleb128 0xe
 1260 0044 3A       		.uleb128 0x3a
 1261 0045 0B       		.uleb128 0xb
 1262 0046 3B       		.uleb128 0x3b
 1263 0047 0B       		.uleb128 0xb
 1264 0048 49       		.uleb128 0x49
 1265 0049 13       		.uleb128 0x13
 1266 004a 38       		.uleb128 0x38
 1267 004b 0B       		.uleb128 0xb
 1268 004c 00       		.byte	0
 1269 004d 00       		.byte	0
 1270 004e 07       		.uleb128 0x7
 1271 004f 13       		.uleb128 0x13
 1272 0050 01       		.byte	0x1
 1273 0051 0B       		.uleb128 0xb
 1274 0052 0B       		.uleb128 0xb
 1275 0053 3A       		.uleb128 0x3a
 1276 0054 0B       		.uleb128 0xb
 1277 0055 3B       		.uleb128 0x3b
 1278 0056 05       		.uleb128 0x5
 1279 0057 01       		.uleb128 0x1
 1280 0058 13       		.uleb128 0x13
 1281 0059 00       		.byte	0
 1282 005a 00       		.byte	0
 1283 005b 08       		.uleb128 0x8
 1284 005c 0D       		.uleb128 0xd
 1285 005d 00       		.byte	0
 1286 005e 03       		.uleb128 0x3
 1287 005f 0E       		.uleb128 0xe
 1288 0060 3A       		.uleb128 0x3a
 1289 0061 0B       		.uleb128 0xb
 1290 0062 3B       		.uleb128 0x3b
 1291 0063 05       		.uleb128 0x5
 1292 0064 49       		.uleb128 0x49
 1293 0065 13       		.uleb128 0x13
 1294 0066 38       		.uleb128 0x38
 1295 0067 0B       		.uleb128 0xb
 1296 0068 00       		.byte	0
 1297 0069 00       		.byte	0
 1298 006a 09       		.uleb128 0x9
 1299 006b 16       		.uleb128 0x16
 1300 006c 00       		.byte	0
 1301 006d 03       		.uleb128 0x3
 1302 006e 0E       		.uleb128 0xe
 1303 006f 3A       		.uleb128 0x3a
 1304 0070 0B       		.uleb128 0xb
 1305 0071 3B       		.uleb128 0x3b
 1306 0072 05       		.uleb128 0x5
 1307 0073 49       		.uleb128 0x49
 1308 0074 13       		.uleb128 0x13
 1309 0075 00       		.byte	0
 1310 0076 00       		.byte	0
 1311 0077 0A       		.uleb128 0xa
ARM GAS  C:\Users\Austina\AppData\Local\Temp\ccEaDvOU.s 			page 24


 1312 0078 01       		.uleb128 0x1
 1313 0079 01       		.byte	0x1
 1314 007a 49       		.uleb128 0x49
 1315 007b 13       		.uleb128 0x13
 1316 007c 01       		.uleb128 0x1
 1317 007d 13       		.uleb128 0x13
 1318 007e 00       		.byte	0
 1319 007f 00       		.byte	0
 1320 0080 0B       		.uleb128 0xb
 1321 0081 21       		.uleb128 0x21
 1322 0082 00       		.byte	0
 1323 0083 49       		.uleb128 0x49
 1324 0084 13       		.uleb128 0x13
 1325 0085 2F       		.uleb128 0x2f
 1326 0086 0B       		.uleb128 0xb
 1327 0087 00       		.byte	0
 1328 0088 00       		.byte	0
 1329 0089 0C       		.uleb128 0xc
 1330 008a 04       		.uleb128 0x4
 1331 008b 01       		.byte	0x1
 1332 008c 0B       		.uleb128 0xb
 1333 008d 0B       		.uleb128 0xb
 1334 008e 49       		.uleb128 0x49
 1335 008f 13       		.uleb128 0x13
 1336 0090 3A       		.uleb128 0x3a
 1337 0091 0B       		.uleb128 0xb
 1338 0092 3B       		.uleb128 0x3b
 1339 0093 0B       		.uleb128 0xb
 1340 0094 01       		.uleb128 0x1
 1341 0095 13       		.uleb128 0x13
 1342 0096 00       		.byte	0
 1343 0097 00       		.byte	0
 1344 0098 0D       		.uleb128 0xd
 1345 0099 28       		.uleb128 0x28
 1346 009a 00       		.byte	0
 1347 009b 03       		.uleb128 0x3
 1348 009c 0E       		.uleb128 0xe
 1349 009d 1C       		.uleb128 0x1c
 1350 009e 0B       		.uleb128 0xb
 1351 009f 00       		.byte	0
 1352 00a0 00       		.byte	0
 1353 00a1 0E       		.uleb128 0xe
 1354 00a2 0F       		.uleb128 0xf
 1355 00a3 00       		.byte	0
 1356 00a4 0B       		.uleb128 0xb
 1357 00a5 0B       		.uleb128 0xb
 1358 00a6 49       		.uleb128 0x49
 1359 00a7 13       		.uleb128 0x13
 1360 00a8 00       		.byte	0
 1361 00a9 00       		.byte	0
 1362 00aa 0F       		.uleb128 0xf
 1363 00ab 26       		.uleb128 0x26
 1364 00ac 00       		.byte	0
 1365 00ad 00       		.byte	0
 1366 00ae 00       		.byte	0
 1367 00af 10       		.uleb128 0x10
 1368 00b0 26       		.uleb128 0x26
ARM GAS  C:\Users\Austina\AppData\Local\Temp\ccEaDvOU.s 			page 25


 1369 00b1 00       		.byte	0
 1370 00b2 49       		.uleb128 0x49
 1371 00b3 13       		.uleb128 0x13
 1372 00b4 00       		.byte	0
 1373 00b5 00       		.byte	0
 1374 00b6 11       		.uleb128 0x11
 1375 00b7 34       		.uleb128 0x34
 1376 00b8 00       		.byte	0
 1377 00b9 03       		.uleb128 0x3
 1378 00ba 0E       		.uleb128 0xe
 1379 00bb 3A       		.uleb128 0x3a
 1380 00bc 0B       		.uleb128 0xb
 1381 00bd 3B       		.uleb128 0x3b
 1382 00be 0B       		.uleb128 0xb
 1383 00bf 49       		.uleb128 0x49
 1384 00c0 13       		.uleb128 0x13
 1385 00c1 02       		.uleb128 0x2
 1386 00c2 18       		.uleb128 0x18
 1387 00c3 00       		.byte	0
 1388 00c4 00       		.byte	0
 1389 00c5 12       		.uleb128 0x12
 1390 00c6 34       		.uleb128 0x34
 1391 00c7 00       		.byte	0
 1392 00c8 03       		.uleb128 0x3
 1393 00c9 0E       		.uleb128 0xe
 1394 00ca 3A       		.uleb128 0x3a
 1395 00cb 0B       		.uleb128 0xb
 1396 00cc 3B       		.uleb128 0x3b
 1397 00cd 0B       		.uleb128 0xb
 1398 00ce 49       		.uleb128 0x49
 1399 00cf 13       		.uleb128 0x13
 1400 00d0 3F       		.uleb128 0x3f
 1401 00d1 19       		.uleb128 0x19
 1402 00d2 3C       		.uleb128 0x3c
 1403 00d3 19       		.uleb128 0x19
 1404 00d4 00       		.byte	0
 1405 00d5 00       		.byte	0
 1406 00d6 13       		.uleb128 0x13
 1407 00d7 34       		.uleb128 0x34
 1408 00d8 00       		.byte	0
 1409 00d9 03       		.uleb128 0x3
 1410 00da 0E       		.uleb128 0xe
 1411 00db 3A       		.uleb128 0x3a
 1412 00dc 0B       		.uleb128 0xb
 1413 00dd 3B       		.uleb128 0x3b
 1414 00de 05       		.uleb128 0x5
 1415 00df 49       		.uleb128 0x49
 1416 00e0 13       		.uleb128 0x13
 1417 00e1 3F       		.uleb128 0x3f
 1418 00e2 19       		.uleb128 0x19
 1419 00e3 3C       		.uleb128 0x3c
 1420 00e4 19       		.uleb128 0x19
 1421 00e5 00       		.byte	0
 1422 00e6 00       		.byte	0
 1423 00e7 14       		.uleb128 0x14
 1424 00e8 35       		.uleb128 0x35
 1425 00e9 00       		.byte	0
ARM GAS  C:\Users\Austina\AppData\Local\Temp\ccEaDvOU.s 			page 26


 1426 00ea 49       		.uleb128 0x49
 1427 00eb 13       		.uleb128 0x13
 1428 00ec 00       		.byte	0
 1429 00ed 00       		.byte	0
 1430 00ee 15       		.uleb128 0x15
 1431 00ef 34       		.uleb128 0x34
 1432 00f0 00       		.byte	0
 1433 00f1 03       		.uleb128 0x3
 1434 00f2 0E       		.uleb128 0xe
 1435 00f3 3A       		.uleb128 0x3a
 1436 00f4 0B       		.uleb128 0xb
 1437 00f5 3B       		.uleb128 0x3b
 1438 00f6 0B       		.uleb128 0xb
 1439 00f7 49       		.uleb128 0x49
 1440 00f8 13       		.uleb128 0x13
 1441 00f9 3F       		.uleb128 0x3f
 1442 00fa 19       		.uleb128 0x19
 1443 00fb 02       		.uleb128 0x2
 1444 00fc 18       		.uleb128 0x18
 1445 00fd 00       		.byte	0
 1446 00fe 00       		.byte	0
 1447 00ff 00       		.byte	0
 1448              		.section	.debug_aranges,"",%progbits
 1449 0000 14000000 		.4byte	0x14
 1450 0004 0200     		.2byte	0x2
 1451 0006 00000000 		.4byte	.Ldebug_info0
 1452 000a 04       		.byte	0x4
 1453 000b 00       		.byte	0
 1454 000c 0000     		.2byte	0
 1455 000e 0000     		.2byte	0
 1456 0010 00000000 		.4byte	0
 1457 0014 00000000 		.4byte	0
 1458              		.section	.debug_line,"",%progbits
 1459              	.Ldebug_line0:
 1460 0000 3F020000 		.section	.debug_str,"MS",%progbits,1
 1460      02003902 
 1460      00000201 
 1460      FB0E0D00 
 1460      01010101 
 1461              	.LASF57:
 1462 0000 70726F74 		.ascii	"protBusMasterMask\000"
 1462      4275734D 
 1462      61737465 
 1462      724D6173 
 1462      6B00
 1463              	.LASF147:
 1464 0012 63757374 		.ascii	"customc\000"
 1464      6F6D6300 
 1465              	.LASF67:
 1466 001a 666C6173 		.ascii	"flashCtlMainWs3Freq\000"
 1466      6843746C 
 1466      4D61696E 
 1466      57733346 
 1466      72657100 
 1467              	.LASF89:
 1468 002e 6770696F 		.ascii	"gpioPrtCfgInOffset\000"
 1468      50727443 
ARM GAS  C:\Users\Austina\AppData\Local\Temp\ccEaDvOU.s 			page 27


 1468      6667496E 
 1468      4F666673 
 1468      657400
 1469              	.LASF107:
 1470 0041 6970634C 		.ascii	"ipcLockStatusOffset\000"
 1470      6F636B53 
 1470      74617475 
 1470      734F6666 
 1470      73657400 
 1471              	.LASF33:
 1472 0055 63727970 		.ascii	"cryptoVersion\000"
 1472      746F5665 
 1472      7273696F 
 1472      6E00
 1473              	.LASF51:
 1474 0063 70657269 		.ascii	"periClockNr\000"
 1474      436C6F63 
 1474      6B4E7200 
 1475              	.LASF29:
 1476 006f 70617373 		.ascii	"passBase\000"
 1476      42617365 
 1476      00
 1477              	.LASF42:
 1478 0078 63707573 		.ascii	"cpussIpcIrqNr\000"
 1478      73497063 
 1478      4972714E 
 1478      7200
 1479              	.LASF5:
 1480 0086 5F5F7569 		.ascii	"__uint8_t\000"
 1480      6E74385F 
 1480      7400
 1481              	.LASF86:
 1482 0090 70657269 		.ascii	"periDiv24_5CtlOffset\000"
 1482      44697632 
 1482      345F3543 
 1482      746C4F66 
 1482      66736574 
 1483              	.LASF113:
 1484 00a5 63795F73 		.ascii	"cy_stc_ble_conn_handle_t\000"
 1484      74635F62 
 1484      6C655F63 
 1484      6F6E6E5F 
 1484      68616E64 
 1485              	.LASF143:
 1486 00be 63757374 		.ascii	"customServHandle\000"
 1486      6F6D5365 
 1486      72764861 
 1486      6E646C65 
 1486      00
 1487              	.LASF22:
 1488 00cf 63707573 		.ascii	"cpussBase\000"
 1488      73426173 
 1488      6500
 1489              	.LASF71:
 1490 00d9 64774368 		.ascii	"dwChCtlPrioPos\000"
 1490      43746C50 
 1490      72696F50 
ARM GAS  C:\Users\Austina\AppData\Local\Temp\ccEaDvOU.s 			page 28


 1490      6F7300
 1491              	.LASF136:
 1492 00e8 63795F73 		.ascii	"cy_stc_ble_customc_desc_t\000"
 1492      74635F62 
 1492      6C655F63 
 1492      7573746F 
 1492      6D635F64 
 1493              	.LASF14:
 1494 0102 6C6F6E67 		.ascii	"long long unsigned int\000"
 1494      206C6F6E 
 1494      6720756E 
 1494      7369676E 
 1494      65642069 
 1495              	.LASF144:
 1496 0119 63686172 		.ascii	"charCount\000"
 1496      436F756E 
 1496      7400
 1497              	.LASF99:
 1498 0123 63707573 		.ascii	"cpussSysTickCtlOffset\000"
 1498      73537973 
 1498      5469636B 
 1498      43746C4F 
 1498      66667365 
 1499              	.LASF154:
 1500 0139 49544D5F 		.ascii	"ITM_RxBuffer\000"
 1500      52784275 
 1500      66666572 
 1500      00
 1501              	.LASF155:
 1502 0146 63795F62 		.ascii	"cy_ble_scanState\000"
 1502      6C655F73 
 1502      63616E53 
 1502      74617465 
 1502      00
 1503              	.LASF60:
 1504 0157 666C6173 		.ascii	"flashPipeRequired\000"
 1504      68506970 
 1504      65526571 
 1504      75697265 
 1504      6400
 1505              	.LASF64:
 1506 0169 666C6173 		.ascii	"flashCtlMainWs0Freq\000"
 1506      6843746C 
 1506      4D61696E 
 1506      57733046 
 1506      72657100 
 1507              	.LASF18:
 1508 017d 696E7431 		.ascii	"int16_t\000"
 1508      365F7400 
 1509              	.LASF1:
 1510 0185 6C6F6E67 		.ascii	"long long int\000"
 1510      206C6F6E 
 1510      6720696E 
 1510      7400
 1511              	.LASF3:
 1512 0193 7369676E 		.ascii	"signed char\000"
 1512      65642063 
ARM GAS  C:\Users\Austina\AppData\Local\Temp\ccEaDvOU.s 			page 29


 1512      68617200 
 1513              	.LASF80:
 1514 019f 70657269 		.ascii	"periDivCmdTypeSelPos\000"
 1514      44697643 
 1514      6D645479 
 1514      70655365 
 1514      6C506F73 
 1515              	.LASF26:
 1516 01b4 70726F74 		.ascii	"protBase\000"
 1516      42617365 
 1516      00
 1517              	.LASF38:
 1518 01bd 69706356 		.ascii	"ipcVersion\000"
 1518      65727369 
 1518      6F6E00
 1519              	.LASF100:
 1520 01c8 63707573 		.ascii	"cpussCm0NmiCtlOffset\000"
 1520      73436D30 
 1520      4E6D6943 
 1520      746C4F66 
 1520      66736574 
 1521              	.LASF27:
 1522 01dd 6873696F 		.ascii	"hsiomBase\000"
 1522      6D426173 
 1522      6500
 1523              	.LASF163:
 1524 01e7 433A5C41 		.ascii	"C:\\Alen\\GitHub_Denzerek\\BLEControlledArm\\BLE_AR"
 1524      6C656E5C 
 1524      47697448 
 1524      75625F44 
 1524      656E7A65 
 1525 0216 4D5F576F 		.ascii	"M_Workspace\\BLECentralBasic.cydsn\000"
 1525      726B7370 
 1525      6163655C 
 1525      424C4543 
 1525      656E7472 
 1526              	.LASF11:
 1527 0238 6C6F6E67 		.ascii	"long int\000"
 1527      20696E74 
 1527      00
 1528              	.LASF93:
 1529 0241 63707573 		.ascii	"cpussCm4ClockCtlOffset\000"
 1529      73436D34 
 1529      436C6F63 
 1529      6B43746C 
 1529      4F666673 
 1530              	.LASF58:
 1531 0258 63727970 		.ascii	"cryptoMemSize\000"
 1531      746F4D65 
 1531      6D53697A 
 1531      6500
 1532              	.LASF24:
 1533 0266 70657269 		.ascii	"periBase\000"
 1533      42617365 
 1533      00
 1534              	.LASF56:
 1535 026f 73797350 		.ascii	"sysPmSimoPresent\000"
ARM GAS  C:\Users\Austina\AppData\Local\Temp\ccEaDvOU.s 			page 30


 1535      6D53696D 
 1535      6F507265 
 1535      73656E74 
 1535      00
 1536              	.LASF46:
 1537 0280 63707573 		.ascii	"cpussFmIrq\000"
 1537      73466D49 
 1537      727100
 1538              	.LASF110:
 1539 028b 646F7562 		.ascii	"double\000"
 1539      6C6500
 1540              	.LASF149:
 1541 0292 63795F62 		.ascii	"cy_ble_customUuid128\000"
 1541      6C655F63 
 1541      7573746F 
 1541      6D557569 
 1541      64313238 
 1542              	.LASF49:
 1543 02a7 73727373 		.ascii	"srssNumPll\000"
 1543      4E756D50 
 1543      6C6C00
 1544              	.LASF83:
 1545 02b2 70657269 		.ascii	"periDiv8CtlOffset\000"
 1545      44697638 
 1545      43746C4F 
 1545      66667365 
 1545      7400
 1546              	.LASF127:
 1547 02c4 43595F42 		.ascii	"CY_BLE_CONN_STATE_CLIENT_INCL_DISCOVERING\000"
 1547      4C455F43 
 1547      4F4E4E5F 
 1547      53544154 
 1547      455F434C 
 1548              	.LASF90:
 1549 02ee 6770696F 		.ascii	"gpioPrtCfgOutOffset\000"
 1549      50727443 
 1549      66674F75 
 1549      744F6666 
 1549      73657400 
 1550              	.LASF23:
 1551 0302 666C6173 		.ascii	"flashcBase\000"
 1551      68634261 
 1551      736500
 1552              	.LASF12:
 1553 030d 5F5F7569 		.ascii	"__uint32_t\000"
 1553      6E743332 
 1553      5F7400
 1554              	.LASF118:
 1555 0318 43595F42 		.ascii	"CY_BLE_SCAN_STATE_STOPPED\000"
 1555      4C455F53 
 1555      43414E5F 
 1555      53544154 
 1555      455F5354 
 1556              	.LASF53:
 1557 0332 70617373 		.ascii	"passSarChannels\000"
 1557      53617243 
 1557      68616E6E 
ARM GAS  C:\Users\Austina\AppData\Local\Temp\ccEaDvOU.s 			page 31


 1557      656C7300 
 1558              	.LASF119:
 1559 0342 43595F42 		.ascii	"CY_BLE_SCAN_STATE_SCAN_INITIATED\000"
 1559      4C455F53 
 1559      43414E5F 
 1559      53544154 
 1559      455F5343 
 1560              	.LASF6:
 1561 0363 5F5F696E 		.ascii	"__int16_t\000"
 1561      7431365F 
 1561      7400
 1562              	.LASF122:
 1563 036d 63795F65 		.ascii	"cy_en_ble_scan_state_t\000"
 1563      6E5F626C 
 1563      655F7363 
 1563      616E5F73 
 1563      74617465 
 1564              	.LASF115:
 1565 0384 76616C75 		.ascii	"value\000"
 1565      6500
 1566              	.LASF126:
 1567 038a 43595F42 		.ascii	"CY_BLE_CONN_STATE_CLIENT_SRVC_DISCOVERING\000"
 1567      4C455F43 
 1567      4F4E4E5F 
 1567      53544154 
 1567      455F434C 
 1568              	.LASF91:
 1569 03b4 6770696F 		.ascii	"gpioPrtCfgSioOffset\000"
 1569      50727443 
 1569      66675369 
 1569      6F4F6666 
 1569      73657400 
 1570              	.LASF43:
 1571 03c8 63707573 		.ascii	"cpussDwChNr\000"
 1571      73447743 
 1571      684E7200 
 1572              	.LASF0:
 1573 03d4 756E7369 		.ascii	"unsigned int\000"
 1573      676E6564 
 1573      20696E74 
 1573      00
 1574              	.LASF125:
 1575 03e1 43595F42 		.ascii	"CY_BLE_CONN_STATE_CONNECTED\000"
 1575      4C455F43 
 1575      4F4E4E5F 
 1575      53544154 
 1575      455F434F 
 1576              	.LASF129:
 1577 03fd 43595F42 		.ascii	"CY_BLE_CONN_STATE_CLIENT_DESCR_DISCOVERING\000"
 1577      4C455F43 
 1577      4F4E4E5F 
 1577      53544154 
 1577      455F434C 
 1578              	.LASF19:
 1579 0428 75696E74 		.ascii	"uint16_t\000"
 1579      31365F74 
 1579      00
ARM GAS  C:\Users\Austina\AppData\Local\Temp\ccEaDvOU.s 			page 32


 1580              	.LASF76:
 1581 0431 70657269 		.ascii	"periTrCmdGrSelMsk\000"
 1581      5472436D 
 1581      64477253 
 1581      656C4D73 
 1581      6B00
 1582              	.LASF13:
 1583 0443 6C6F6E67 		.ascii	"long unsigned int\000"
 1583      20756E73 
 1583      69676E65 
 1583      6420696E 
 1583      7400
 1584              	.LASF145:
 1585 0455 63757374 		.ascii	"customServChar\000"
 1585      6F6D5365 
 1585      72764368 
 1585      617200
 1586              	.LASF133:
 1587 0464 64657363 		.ascii	"descHandle\000"
 1587      48616E64 
 1587      6C6500
 1588              	.LASF41:
 1589 046f 63707573 		.ascii	"cpussIpcNr\000"
 1589      73497063 
 1589      4E7200
 1590              	.LASF28:
 1591 047a 6770696F 		.ascii	"gpioBase\000"
 1591      42617365 
 1591      00
 1592              	.LASF162:
 1593 0483 47656E65 		.ascii	"Generated_Source\\PSoC6\\BLE_custom_config.c\000"
 1593      72617465 
 1593      645F536F 
 1593      75726365 
 1593      5C50536F 
 1594              	.LASF140:
 1595 04ae 64657363 		.ascii	"descCount\000"
 1595      436F756E 
 1595      7400
 1596              	.LASF77:
 1597 04b8 70657269 		.ascii	"periTrGrOffset\000"
 1597      54724772 
 1597      4F666673 
 1597      657400
 1598              	.LASF104:
 1599 04c7 63707573 		.ascii	"cpussRam1Ctl0\000"
 1599      7352616D 
 1599      3143746C 
 1599      3000
 1600              	.LASF157:
 1601 04d5 63795F62 		.ascii	"cy_ble_connState\000"
 1601      6C655F63 
 1601      6F6E6E53 
 1601      74617465 
 1601      00
 1602              	.LASF78:
 1603 04e6 70657269 		.ascii	"periTrGrSize\000"
ARM GAS  C:\Users\Austina\AppData\Local\Temp\ccEaDvOU.s 			page 33


 1603      54724772 
 1603      53697A65 
 1603      00
 1604              	.LASF36:
 1605 04f3 6770696F 		.ascii	"gpioVersion\000"
 1605      56657273 
 1605      696F6E00 
 1606              	.LASF108:
 1607 04ff 63795F73 		.ascii	"cy_stc_device_t\000"
 1607      74635F64 
 1607      65766963 
 1607      655F7400 
 1608              	.LASF96:
 1609 050f 63707573 		.ascii	"cpussCm4PwrCtlOffset\000"
 1609      73436D34 
 1609      50777243 
 1609      746C4F66 
 1609      66736574 
 1610              	.LASF54:
 1611 0524 65704D6F 		.ascii	"epMonitorNr\000"
 1611      6E69746F 
 1611      724E7200 
 1612              	.LASF101:
 1613 0530 63707573 		.ascii	"cpussCm4NmiCtlOffset\000"
 1613      73436D34 
 1613      4E6D6943 
 1613      746C4F66 
 1613      66736574 
 1614              	.LASF150:
 1615 0545 63795F62 		.ascii	"cy_ble_customUuid16\000"
 1615      6C655F63 
 1615      7573746F 
 1615      6D557569 
 1615      64313600 
 1616              	.LASF97:
 1617 0559 63707573 		.ascii	"cpussTrimRamCtlOffset\000"
 1617      73547269 
 1617      6D52616D 
 1617      43746C4F 
 1617      66667365 
 1618              	.LASF92:
 1619 056f 63707573 		.ascii	"cpussCm0ClockCtlOffset\000"
 1619      73436D30 
 1619      436C6F63 
 1619      6B43746C 
 1619      4F666673 
 1620              	.LASF112:
 1621 0586 61747449 		.ascii	"attId\000"
 1621      6400
 1622              	.LASF32:
 1623 058c 63707573 		.ascii	"cpussVersion\000"
 1623      73566572 
 1623      73696F6E 
 1623      00
 1624              	.LASF117:
 1625 0599 63795F62 		.ascii	"cy_ble_gatt_db_attr_handle_t\000"
 1625      6C655F67 
ARM GAS  C:\Users\Austina\AppData\Local\Temp\ccEaDvOU.s 			page 34


 1625      6174745F 
 1625      64625F61 
 1625      7474725F 
 1626              	.LASF39:
 1627 05b6 70657269 		.ascii	"periVersion\000"
 1627      56657273 
 1627      696F6E00 
 1628              	.LASF151:
 1629 05c2 63795F62 		.ascii	"cy_ble_customCDesc\000"
 1629      6C655F63 
 1629      7573746F 
 1629      6D434465 
 1629      736300
 1630              	.LASF95:
 1631 05d5 63707573 		.ascii	"cpussCm0StatusOffset\000"
 1631      73436D30 
 1631      53746174 
 1631      75734F66 
 1631      66736574 
 1632              	.LASF121:
 1633 05ea 43595F42 		.ascii	"CY_BLE_SCAN_STATE_STOP_INITIATED\000"
 1633      4C455F53 
 1633      43414E5F 
 1633      53544154 
 1633      455F5354 
 1634              	.LASF15:
 1635 060b 73697A65 		.ascii	"sizetype\000"
 1635      74797065 
 1635      00
 1636              	.LASF69:
 1637 0614 64774368 		.ascii	"dwChOffset\000"
 1637      4F666673 
 1637      657400
 1638              	.LASF135:
 1639 061f 75756964 		.ascii	"uuidFormat\000"
 1639      466F726D 
 1639      617400
 1640              	.LASF44:
 1641 062a 63707573 		.ascii	"cpussFlashPaSize\000"
 1641      73466C61 
 1641      73685061 
 1641      53697A65 
 1641      00
 1642              	.LASF82:
 1643 063b 70657269 		.ascii	"periDivCmdPaTypeSelPos\000"
 1643      44697643 
 1643      6D645061 
 1643      54797065 
 1643      53656C50 
 1644              	.LASF105:
 1645 0652 63707573 		.ascii	"cpussRam2Ctl0\000"
 1645      7352616D 
 1645      3243746C 
 1645      3000
 1646              	.LASF160:
 1647 0660 63795F62 		.ascii	"cy_ble_customConfig\000"
 1647      6C655F63 
ARM GAS  C:\Users\Austina\AppData\Local\Temp\ccEaDvOU.s 			page 35


 1647      7573746F 
 1647      6D436F6E 
 1647      66696700 
 1648              	.LASF73:
 1649 0674 64775374 		.ascii	"dwStatusChIdxPos\000"
 1649      61747573 
 1649      43684964 
 1649      78506F73 
 1649      00
 1650              	.LASF55:
 1651 0685 75646250 		.ascii	"udbPresent\000"
 1651      72657365 
 1651      6E7400
 1652              	.LASF131:
 1653 0690 63795F65 		.ascii	"cy_en_ble_conn_state_t\000"
 1653      6E5F626C 
 1653      655F636F 
 1653      6E6E5F73 
 1653      74617465 
 1654              	.LASF35:
 1655 06a7 666C6173 		.ascii	"flashcVersion\000"
 1655      68635665 
 1655      7273696F 
 1655      6E00
 1656              	.LASF31:
 1657 06b5 63727970 		.ascii	"cryptoBase\000"
 1657      746F4261 
 1657      736500
 1658              	.LASF52:
 1659 06c0 736D6966 		.ascii	"smifDeviceNr\000"
 1659      44657669 
 1659      63654E72 
 1659      00
 1660              	.LASF161:
 1661 06cd 474E5520 		.ascii	"GNU C11 5.4.1 20160609 (release) [ARM/embedded-5-br"
 1661      43313120 
 1661      352E342E 
 1661      31203230 
 1661      31363036 
 1662 0700 616E6368 		.ascii	"anch revision 237715] -mcpu=cortex-m4 -mfloat-abi=s"
 1662      20726576 
 1662      6973696F 
 1662      6E203233 
 1662      37373135 
 1663 0733 6F667466 		.ascii	"oftfp -mfpu=fpv4-sp-d16 -mthumb -g -Og -ffunction-s"
 1663      70202D6D 
 1663      6670753D 
 1663      66707634 
 1663      2D73702D 
 1664 0766 65637469 		.ascii	"ections -ffat-lto-objects\000"
 1664      6F6E7320 
 1664      2D666661 
 1664      742D6C74 
 1664      6F2D6F62 
 1665              	.LASF61:
 1666 0780 666C6173 		.ascii	"flashWriteDelay\000"
 1666      68577269 
ARM GAS  C:\Users\Austina\AppData\Local\Temp\ccEaDvOU.s 			page 36


 1666      74654465 
 1666      6C617900 
 1667              	.LASF130:
 1668 0790 43595F42 		.ascii	"CY_BLE_CONN_STATE_CLIENT_DISCOVERED\000"
 1668      4C455F43 
 1668      4F4E4E5F 
 1668      53544154 
 1668      455F434C 
 1669              	.LASF109:
 1670 07b4 666C6F61 		.ascii	"float\000"
 1670      7400
 1671              	.LASF74:
 1672 07ba 64775374 		.ascii	"dwStatusChIdxMsk\000"
 1672      61747573 
 1672      43684964 
 1672      784D736B 
 1672      00
 1673              	.LASF146:
 1674 07cb 63795F73 		.ascii	"cy_stc_ble_customc_t\000"
 1674      74635F62 
 1674      6C655F63 
 1674      7573746F 
 1674      6D635F74 
 1675              	.LASF153:
 1676 07e0 63795F64 		.ascii	"cy_device\000"
 1676      65766963 
 1676      6500
 1677              	.LASF102:
 1678 07ea 63707573 		.ascii	"cpussRomCtl\000"
 1678      73526F6D 
 1678      43746C00 
 1679              	.LASF72:
 1680 07f6 64774368 		.ascii	"dwChCtlPreemptablePos\000"
 1680      43746C50 
 1680      7265656D 
 1680      70746162 
 1680      6C65506F 
 1681              	.LASF25:
 1682 080c 75646242 		.ascii	"udbBase\000"
 1682      61736500 
 1683              	.LASF128:
 1684 0814 43595F42 		.ascii	"CY_BLE_CONN_STATE_CLIENT_CHAR_DISCOVERING\000"
 1684      4C455F43 
 1684      4F4E4E5F 
 1684      53544154 
 1684      455F434C 
 1685              	.LASF132:
 1686 083e 5F426F6F 		.ascii	"_Bool\000"
 1686      6C00
 1687              	.LASF20:
 1688 0844 696E7433 		.ascii	"int32_t\000"
 1688      325F7400 
 1689              	.LASF4:
 1690 084c 756E7369 		.ascii	"unsigned char\000"
 1690      676E6564 
 1690      20636861 
 1690      7200
ARM GAS  C:\Users\Austina\AppData\Local\Temp\ccEaDvOU.s 			page 37


 1691              	.LASF68:
 1692 085a 666C6173 		.ascii	"flashCtlMainWs4Freq\000"
 1692      6843746C 
 1692      4D61696E 
 1692      57733446 
 1692      72657100 
 1693              	.LASF7:
 1694 086e 73686F72 		.ascii	"short int\000"
 1694      7420696E 
 1694      7400
 1695              	.LASF75:
 1696 0878 70657269 		.ascii	"periTrCmdOffset\000"
 1696      5472436D 
 1696      644F6666 
 1696      73657400 
 1697              	.LASF79:
 1698 0888 70657269 		.ascii	"periDivCmdDivSelMsk\000"
 1698      44697643 
 1698      6D644469 
 1698      7653656C 
 1698      4D736B00 
 1699              	.LASF66:
 1700 089c 666C6173 		.ascii	"flashCtlMainWs2Freq\000"
 1700      6843746C 
 1700      4D61696E 
 1700      57733246 
 1700      72657100 
 1701              	.LASF114:
 1702 08b0 63795F62 		.ascii	"cy_ble_uuid16_t\000"
 1702      6C655F75 
 1702      75696431 
 1702      365F7400 
 1703              	.LASF152:
 1704 08c0 63795F62 		.ascii	"cy_ble_customCChar\000"
 1704      6C655F63 
 1704      7573746F 
 1704      6D434368 
 1704      617200
 1705              	.LASF148:
 1706 08d3 63795F73 		.ascii	"cy_stc_ble_custom_config_t\000"
 1706      74635F62 
 1706      6C655F63 
 1706      7573746F 
 1706      6D5F636F 
 1707              	.LASF50:
 1708 08ee 73727373 		.ascii	"srssNumHfroot\000"
 1708      4E756D48 
 1708      66726F6F 
 1708      7400
 1709              	.LASF63:
 1710 08fc 666C6173 		.ascii	"flashEraseDelay\000"
 1710      68457261 
 1710      73654465 
 1710      6C617900 
 1711              	.LASF139:
 1712 090c 70726F70 		.ascii	"properties\000"
 1712      65727469 
ARM GAS  C:\Users\Austina\AppData\Local\Temp\ccEaDvOU.s 			page 38


 1712      657300
 1713              	.LASF21:
 1714 0917 75696E74 		.ascii	"uint32_t\000"
 1714      33325F74 
 1714      00
 1715              	.LASF138:
 1716 0920 63757374 		.ascii	"customServCharEndHandle\000"
 1716      6F6D5365 
 1716      72764368 
 1716      6172456E 
 1716      6448616E 
 1717              	.LASF159:
 1718 0938 63795F62 		.ascii	"cy_ble_customCServ\000"
 1718      6C655F63 
 1718      7573746F 
 1718      6D435365 
 1718      727600
 1719              	.LASF2:
 1720 094b 6C6F6E67 		.ascii	"long double\000"
 1720      20646F75 
 1720      626C6500 
 1721              	.LASF16:
 1722 0957 63686172 		.ascii	"char\000"
 1722      00
 1723              	.LASF134:
 1724 095c 75756964 		.ascii	"uuid\000"
 1724      00
 1725              	.LASF40:
 1726 0961 70726F74 		.ascii	"protVersion\000"
 1726      56657273 
 1726      696F6E00 
 1727              	.LASF103:
 1728 096d 63707573 		.ascii	"cpussRam0Ctl0\000"
 1728      7352616D 
 1728      3043746C 
 1728      3000
 1729              	.LASF8:
 1730 097b 5F5F7569 		.ascii	"__uint16_t\000"
 1730      6E743136 
 1730      5F7400
 1731              	.LASF158:
 1732 0986 63795F62 		.ascii	"cy_ble_pendingFlashWrite\000"
 1732      6C655F70 
 1732      656E6469 
 1732      6E67466C 
 1732      61736857 
 1733              	.LASF84:
 1734 099f 70657269 		.ascii	"periDiv16CtlOffset\000"
 1734      44697631 
 1734      3643746C 
 1734      4F666673 
 1734      657400
 1735              	.LASF10:
 1736 09b2 5F5F696E 		.ascii	"__int32_t\000"
 1736      7433325F 
 1736      7400
 1737              	.LASF37:
ARM GAS  C:\Users\Austina\AppData\Local\Temp\ccEaDvOU.s 			page 39


 1738 09bc 6873696F 		.ascii	"hsiomVersion\000"
 1738      6D566572 
 1738      73696F6E 
 1738      00
 1739              	.LASF62:
 1740 09c9 666C6173 		.ascii	"flashProgramDelay\000"
 1740      6850726F 
 1740      6772616D 
 1740      44656C61 
 1740      7900
 1741              	.LASF142:
 1742 09db 63795F73 		.ascii	"cy_stc_ble_customc_char_t\000"
 1742      74635F62 
 1742      6C655F63 
 1742      7573746F 
 1742      6D635F63 
 1743              	.LASF65:
 1744 09f5 666C6173 		.ascii	"flashCtlMainWs1Freq\000"
 1744      6843746C 
 1744      4D61696E 
 1744      57733146 
 1744      72657100 
 1745              	.LASF9:
 1746 0a09 73686F72 		.ascii	"short unsigned int\000"
 1746      7420756E 
 1746      7369676E 
 1746      65642069 
 1746      6E7400
 1747              	.LASF70:
 1748 0a1c 64774368 		.ascii	"dwChSize\000"
 1748      53697A65 
 1748      00
 1749              	.LASF106:
 1750 0a25 69706353 		.ascii	"ipcStructSize\000"
 1750      74727563 
 1750      7453697A 
 1750      6500
 1751              	.LASF45:
 1752 0a33 63707573 		.ascii	"cpussIpc0Irq\000"
 1752      73497063 
 1752      30497271 
 1752      00
 1753              	.LASF85:
 1754 0a40 70657269 		.ascii	"periDiv16_5CtlOffset\000"
 1754      44697631 
 1754      365F3543 
 1754      746C4F66 
 1754      66736574 
 1755              	.LASF88:
 1756 0a55 6770696F 		.ascii	"gpioPrtCfgOffset\000"
 1756      50727443 
 1756      66674F66 
 1756      66736574 
 1756      00
 1757              	.LASF123:
 1758 0a66 43595F42 		.ascii	"CY_BLE_CONN_STATE_DISCONNECTED\000"
 1758      4C455F43 
ARM GAS  C:\Users\Austina\AppData\Local\Temp\ccEaDvOU.s 			page 40


 1758      4F4E4E5F 
 1758      53544154 
 1758      455F4449 
 1759              	.LASF156:
 1760 0a85 63795F62 		.ascii	"cy_ble_connHandle\000"
 1760      6C655F63 
 1760      6F6E6E48 
 1760      616E646C 
 1760      6500
 1761              	.LASF47:
 1762 0a97 63707573 		.ascii	"cpussNotConnectedIrq\000"
 1762      734E6F74 
 1762      436F6E6E 
 1762      65637465 
 1762      64497271 
 1763              	.LASF120:
 1764 0aac 43595F42 		.ascii	"CY_BLE_SCAN_STATE_SCANNING\000"
 1764      4C455F53 
 1764      43414E5F 
 1764      53544154 
 1764      455F5343 
 1765              	.LASF17:
 1766 0ac7 75696E74 		.ascii	"uint8_t\000"
 1766      385F7400 
 1767              	.LASF94:
 1768 0acf 63707573 		.ascii	"cpussCm4StatusOffset\000"
 1768      73436D34 
 1768      53746174 
 1768      75734F66 
 1768      66736574 
 1769              	.LASF87:
 1770 0ae4 6770696F 		.ascii	"gpioPrtIntrCfgOffset\000"
 1770      50727449 
 1770      6E747243 
 1770      66674F66 
 1770      66736574 
 1771              	.LASF98:
 1772 0af9 63707573 		.ascii	"cpussTrimRomCtlOffset\000"
 1772      73547269 
 1772      6D526F6D 
 1772      43746C4F 
 1772      66667365 
 1773              	.LASF111:
 1774 0b0f 62644861 		.ascii	"bdHandle\000"
 1774      6E646C65 
 1774      00
 1775              	.LASF48:
 1776 0b18 73727373 		.ascii	"srssNumClkpath\000"
 1776      4E756D43 
 1776      6C6B7061 
 1776      746800
 1777              	.LASF34:
 1778 0b27 64775665 		.ascii	"dwVersion\000"
 1778      7273696F 
 1778      6E00
 1779              	.LASF30:
 1780 0b31 69706342 		.ascii	"ipcBase\000"
ARM GAS  C:\Users\Austina\AppData\Local\Temp\ccEaDvOU.s 			page 41


 1780      61736500 
 1781              	.LASF81:
 1782 0b39 70657269 		.ascii	"periDivCmdPaDivSelPos\000"
 1782      44697643 
 1782      6D645061 
 1782      44697653 
 1782      656C506F 
 1783              	.LASF116:
 1784 0b4f 63795F73 		.ascii	"cy_stc_ble_uuid128_t\000"
 1784      74635F62 
 1784      6C655F75 
 1784      75696431 
 1784      32385F74 
 1785              	.LASF137:
 1786 0b64 63757374 		.ascii	"customServCharHandle\000"
 1786      6F6D5365 
 1786      72764368 
 1786      61724861 
 1786      6E646C65 
 1787              	.LASF124:
 1788 0b79 43595F42 		.ascii	"CY_BLE_CONN_STATE_CLIENT_DISCONNECTED_DISCOVERED\000"
 1788      4C455F43 
 1788      4F4E4E5F 
 1788      53544154 
 1788      455F434C 
 1789              	.LASF59:
 1790 0baa 666C6173 		.ascii	"flashRwwRequired\000"
 1790      68527777 
 1790      52657175 
 1790      69726564 
 1790      00
 1791              	.LASF141:
 1792 0bbb 63757374 		.ascii	"customServCharDesc\000"
 1792      6F6D5365 
 1792      72764368 
 1792      61724465 
 1792      736300
 1793              		.ident	"GCC: (GNU Tools for ARM Embedded Processors) 5.4.1 20160609 (release) [ARM/embedded-5-bran
